Mplus VERSION 8.3
MUTHEN & MUTHEN
03/05/2020  12:11 PM

INPUT INSTRUCTIONS

    DATA:
         FILE IS  \\CNAS.RU.NL\U642157\Documents\6 TRAILS\datasets\full.csv;

    VARIABLE:
         NAMES ARE sex age C1 C2 C3 C4 C5 C6 C7 C8 C9 C10
         parknow pardisc parcont parsol rel_rej rel_warm
         parsmk parcpd paralc paraddep parcan
         prssmcpd prsalc prscan
         eversmk dailysmk cpd ftnd alc alcmonth audit can cupit1 cupit2 ;
         MISSING * ;
         USEVARIABLES sex age C1 C2 C3 C4 C5 C6 C7 C8 C9 C10
         parsmk paraddep parcan
         prsalc
         alc ;

      ANALYSIS: estimator=MLR  ;
          TYPE = RANDOM;
          ALGORITHM = INTEGRATION;

      MODEL:
         !Latent factors parenting
         F2sub BY parsmk paraddep parcan ;

         !Latent factor interactions
         intsub | F2sub XWITH prsalc ;

         !Main effects
         alc ON F2sub prsalc ;
         alc ON sex age C1 C2 C3 C4 C5 C6 C7 C8 C9 C10 ;

         !Interaction
         alc ON intsub ;

         !rGE
         F2sub ON prsalc ;

         F2sub ON sex age ;

       OUTPUT:
         SAMPSTAT CINTERVAL STDYX ;




*** WARNING
  Data set contains cases with missing on x-variables.
  These cases were not included in the analysis.
  Number of cases with missing on x-variables:  44
*** WARNING
  Data set contains cases with missing on all variables except
  x-variables.  These cases were not included in the analysis.
  Number of cases with missing on all variables except x-variables:  8
   2 WARNING(S) FOUND IN THE INPUT INSTRUCTIONS




SUMMARY OF ANALYSIS

Number of groups                                                 1
Number of observations                                        1641

Number of dependent variables                                    4
Number of independent variables                                 13
Number of continuous latent variables                            2

Observed dependent variables

  Continuous
   PARSMK      PARADDEP    PARCAN      ALC

Observed independent variables
   SEX         AGE         C1          C2          C3          C4
   C5          C6          C7          C8          C9          C10
   PRSALC

Continuous latent variables
   F2SUB       INTSUB


Estimator                                                      MLR
Information matrix                                        OBSERVED
Optimization Specifications for the Quasi-Newton Algorithm for
Continuous Outcomes
  Maximum number of iterations                                 100
  Convergence criterion                                  0.100D-05
Optimization Specifications for the EM Algorithm
  Maximum number of iterations                                 500
  Convergence criteria
    Loglikelihood change                                 0.100D-02
    Relative loglikelihood change                        0.100D-05
    Derivative                                           0.100D-02
Optimization Specifications for the M step of the EM Algorithm for
Categorical Latent variables
  Number of M step iterations                                    1
  M step convergence criterion                           0.100D-02
  Basis for M step termination                           ITERATION
Optimization Specifications for the M step of the EM Algorithm for
Censored, Binary or Ordered Categorical (Ordinal), Unordered
Categorical (Nominal) and Count Outcomes
  Number of M step iterations                                    1
  M step convergence criterion                           0.100D-02
  Basis for M step termination                           ITERATION
  Maximum value for logit thresholds                            15
  Minimum value for logit thresholds                           -15
  Minimum expected cell size for chi-square              0.100D-01
Maximum number of iterations for H1                           2000
Convergence criterion for H1                             0.100D-03
Optimization algorithm                                         EMA
Integration Specifications
  Type                                                    STANDARD
  Number of integration points                                  15
  Dimensions of numerical integration                            1
  Adaptive quadrature                                           ON
Cholesky                                                       OFF

Input data file(s)
  \\CNAS.RU.NL\U642157\Documents\6 TRAILS\datasets\full.csv
Input data format  FREE


SUMMARY OF DATA

     Number of missing data patterns            15


COVARIANCE COVERAGE OF DATA

Minimum covariance coverage value   0.100


     PROPORTION OF DATA PRESENT FOR Y


           Covariance Coverage
              PARSMK        PARADDEP      PARCAN        ALC           SEX
              ________      ________      ________      ________      ________
 PARSMK         0.903
 PARADDEP       0.870         0.960
 PARCAN         0.778         0.801         0.823
 ALC            0.622         0.660         0.582         0.684
 SEX            0.903         0.960         0.823         0.684         1.000
 AGE            0.903         0.960         0.823         0.684         1.000
 C1             0.903         0.960         0.823         0.684         1.000
 C2             0.903         0.960         0.823         0.684         1.000
 C3             0.903         0.960         0.823         0.684         1.000
 C4             0.903         0.960         0.823         0.684         1.000
 C5             0.903         0.960         0.823         0.684         1.000
 C6             0.903         0.960         0.823         0.684         1.000
 C7             0.903         0.960         0.823         0.684         1.000
 C8             0.903         0.960         0.823         0.684         1.000
 C9             0.903         0.960         0.823         0.684         1.000
 C10            0.903         0.960         0.823         0.684         1.000
 PRSALC         0.903         0.960         0.823         0.684         1.000


           Covariance Coverage
              AGE           C1            C2            C3            C4
              ________      ________      ________      ________      ________
 AGE            1.000
 C1             1.000         1.000
 C2             1.000         1.000         1.000
 C3             1.000         1.000         1.000         1.000
 C4             1.000         1.000         1.000         1.000         1.000
 C5             1.000         1.000         1.000         1.000         1.000
 C6             1.000         1.000         1.000         1.000         1.000
 C7             1.000         1.000         1.000         1.000         1.000
 C8             1.000         1.000         1.000         1.000         1.000
 C9             1.000         1.000         1.000         1.000         1.000
 C10            1.000         1.000         1.000         1.000         1.000
 PRSALC         1.000         1.000         1.000         1.000         1.000


           Covariance Coverage
              C5            C6            C7            C8            C9
              ________      ________      ________      ________      ________
 C5             1.000
 C6             1.000         1.000
 C7             1.000         1.000         1.000
 C8             1.000         1.000         1.000         1.000
 C9             1.000         1.000         1.000         1.000         1.000
 C10            1.000         1.000         1.000         1.000         1.000
 PRSALC         1.000         1.000         1.000         1.000         1.000


           Covariance Coverage
              C10           PRSALC
              ________      ________
 C10            1.000
 PRSALC         1.000         1.000


SAMPLE STATISTICS


     ESTIMATED SAMPLE STATISTICS


           Means
              PARSMK        PARADDEP      PARCAN        ALC           SEX
              ________      ________      ________      ________      ________
                0.497         0.071         0.049         0.056         0.522


           Means
              AGE           C1            C2            C3            C4
              ________      ________      ________      ________      ________
               -0.002        -0.005         0.022         0.015        -0.059


           Means
              C5            C6            C7            C8            C9
              ________      ________      ________      ________      ________
               -0.017         0.005        -0.022        -0.003         0.020


           Means
              C10           PRSALC
              ________      ________
                0.028         0.004


           Covariances
              PARSMK        PARADDEP      PARCAN        ALC           SEX
              ________      ________      ________      ________      ________
 PARSMK         0.251
 PARADDEP       0.025         0.065
 PARCAN         0.019         0.012         0.042
 ALC            0.022        -0.006         0.006         1.029
 SEX            0.000         0.000        -0.002         0.170         0.250
 AGE            0.022         0.011         0.007         0.041         0.036
 C1             0.017         0.012         0.004         0.004        -0.015
 C2             0.012        -0.001         0.001         0.022        -0.003
 C3            -0.008         0.014        -0.002        -0.028        -0.021
 C4             0.005         0.004         0.001         0.019         0.001
 C5            -0.023        -0.002         0.001         0.007        -0.007
 C6             0.001        -0.002         0.006        -0.015         0.004
 C7            -0.001         0.007         0.010         0.027         0.006
 C8            -0.002         0.004        -0.006        -0.017         0.001
 C9            -0.010         0.005        -0.001        -0.006         0.011
 C10            0.003         0.003         0.000        -0.014         0.001
 PRSALC         0.012         0.007         0.006         0.060         0.009


           Covariances
              AGE           C1            C2            C3            C4
              ________      ________      ________      ________      ________
 AGE            0.993
 C1             0.052         0.924
 C2             0.021         0.229         0.476
 C3             0.033         0.076        -0.172         0.920
 C4            -0.016         0.039        -0.001        -0.015         0.500
 C5             0.007        -0.003        -0.008        -0.027        -0.031
 C6             0.013         0.001         0.056        -0.033        -0.011
 C7            -0.015        -0.012        -0.023        -0.058         0.038
 C8             0.024         0.006         0.036        -0.048        -0.043
 C9            -0.026        -0.012        -0.014        -0.037         0.011
 C10           -0.019         0.027        -0.013        -0.010         0.026
 PRSALC         0.040         0.064         0.017         0.004         0.000


           Covariances
              C5            C6            C7            C8            C9
              ________      ________      ________      ________      ________
 C5             0.492
 C6            -0.084         0.550
 C7             0.022         0.016         0.573
 C8             0.031        -0.015        -0.025         0.548
 C9            -0.024         0.004         0.034        -0.015         0.567
 C10            0.009        -0.023         0.006         0.031         0.030
 PRSALC        -0.004        -0.011        -0.008        -0.049        -0.008


           Covariances
              C10           PRSALC
              ________      ________
 C10            0.551
 PRSALC         0.011         1.005


           Correlations
              PARSMK        PARADDEP      PARCAN        ALC           SEX
              ________      ________      ________      ________      ________
 PARSMK         1.000
 PARADDEP       0.192         1.000
 PARCAN         0.188         0.225         1.000
 ALC            0.043        -0.025         0.029         1.000
 SEX            0.001        -0.001        -0.016         0.335         1.000
 AGE            0.044         0.042         0.033         0.041         0.072
 C1             0.036         0.050         0.020         0.004        -0.030
 C2             0.034        -0.004         0.007         0.032        -0.008
 C3            -0.017         0.056        -0.011        -0.029        -0.043
 C4             0.013         0.020         0.004         0.027         0.002
 C5            -0.066        -0.011         0.008         0.010        -0.021
 C6             0.004        -0.012         0.037        -0.021         0.010
 C7            -0.002         0.038         0.064         0.036         0.016
 C8            -0.007         0.021        -0.041        -0.023         0.002
 C9            -0.026         0.025        -0.006        -0.008         0.030
 C10            0.008         0.016         0.003        -0.019         0.002
 PRSALC         0.023         0.029         0.031         0.059         0.017


           Correlations
              AGE           C1            C2            C3            C4
              ________      ________      ________      ________      ________
 AGE            1.000
 C1             0.054         1.000
 C2             0.031         0.346         1.000
 C3             0.035         0.082        -0.260         1.000
 C4            -0.023         0.058        -0.002        -0.023         1.000
 C5             0.010        -0.004        -0.016        -0.040        -0.063
 C6             0.017         0.001         0.109        -0.047        -0.021
 C7            -0.019        -0.017        -0.044        -0.080         0.072
 C8             0.032         0.009         0.071        -0.067        -0.083
 C9            -0.034        -0.017        -0.027        -0.051         0.021
 C10           -0.025         0.038        -0.026        -0.014         0.049
 PRSALC         0.040         0.066         0.025         0.004        -0.001


           Correlations
              C5            C6            C7            C8            C9
              ________      ________      ________      ________      ________
 C5             1.000
 C6            -0.161         1.000
 C7             0.042         0.029         1.000
 C8             0.060        -0.026        -0.044         1.000
 C9            -0.046         0.007         0.060        -0.027         1.000
 C10            0.018        -0.042         0.010         0.056         0.053
 PRSALC        -0.006        -0.015        -0.010        -0.065        -0.011


           Correlations
              C10           PRSALC
              ________      ________
 C10            1.000
 PRSALC         0.015         1.000


     MAXIMUM LOG-LIKELIHOOD VALUE FOR THE UNRESTRICTED (H1) MODEL IS -26907.435


UNIVARIATE SAMPLE STATISTICS


     UNIVARIATE HIGHER-ORDER MOMENT DESCRIPTIVE STATISTICS

         Variable/         Mean/     Skewness/   Minimum/ % with                Percentiles
        Sample Size      Variance    Kurtosis    Maximum  Min/Max      20%/60%    40%/80%    Median

     PARSMK                0.495       0.022       0.000   50.54%       0.000      0.000      0.000
            1482.000       0.250      -2.000       1.000   49.46%       1.000      1.000
     PARADDEP              0.070       3.377       0.000   93.02%       0.000      0.000      0.000
            1576.000       0.065       9.402       1.000    6.98%       0.000      0.000
     PARCAN                0.044       4.466       0.000   95.63%       0.000      0.000      0.000
            1351.000       0.042      17.944       1.000    4.37%       0.000      0.000
     ALC                   0.038       1.565      -1.129    4.28%      -0.772     -0.416     -0.237
            1122.000       1.026       2.885       4.843    0.09%      -0.059      0.743
     SEX                   0.522      -0.087       0.000   47.84%       0.000      0.000      1.000
            1641.000       0.250      -1.992       1.000   52.16%       1.000      1.000
     AGE                  -0.002       0.397      -2.386    0.98%      -0.963     -0.963      0.461
            1641.000       0.993      -0.575       3.308    0.12%       0.461      0.461
     C1                   -0.005       4.633      -1.078    0.06%      -0.466     -0.275     -0.191
            1641.000       0.924      26.230       7.970    0.06%      -0.107      0.166
     C2                    0.022       2.867      -2.219    0.06%      -0.474     -0.148     -0.026
            1641.000       0.476      23.030       6.647    0.06%       0.129      0.471
     C3                    0.015       1.623      -5.903    0.06%      -0.553     -0.205     -0.054
            1641.000       0.920      14.171       7.023    0.06%       0.106      0.446
     C4                   -0.059       0.952      -2.124    0.06%      -0.642     -0.229     -0.061
            1641.000       0.500      10.514       8.131    0.06%       0.110      0.503
     C5                   -0.017       0.057      -2.454    0.06%      -0.591     -0.212     -0.027
            1641.000       0.492       0.117       2.382    0.06%       0.151      0.565
     C6                    0.005      -0.118      -4.142    0.06%      -0.601     -0.180      0.002
            1641.000       0.550       0.849       2.916    0.06%       0.189      0.603
     C7                   -0.022      -0.203      -3.734    0.06%      -0.652     -0.210      0.018
            1641.000       0.573       0.448       2.063    0.06%       0.183      0.612
     C8                   -0.003      -0.174      -4.189    0.06%      -0.653     -0.171      0.002
            1641.000       0.548       0.515       2.570    0.06%       0.197      0.603
     C9                    0.020      -0.095      -2.592    0.06%      -0.617     -0.159      0.044
            1641.000       0.567       0.144       2.719    0.06%       0.205      0.651
     C10                   0.028       0.032      -3.362    0.06%      -0.607     -0.139      0.032
            1641.000       0.551       0.536       3.648    0.06%       0.212      0.646
     PRSALC                0.004       0.089      -3.278    0.06%      -0.799     -0.282     -0.039
            1641.000       1.005       0.062       3.228    0.06%       0.246      0.845


THE MODEL ESTIMATION TERMINATED NORMALLY



MODEL FIT INFORMATION

Number of Free Parameters                       29

Loglikelihood

          H0 Value                       -2396.956
          H0 Scaling Correction Factor      1.5259
            for MLR

Information Criteria

          Akaike (AIC)                    4851.912
          Bayesian (BIC)                  5008.600
          Sample-Size Adjusted BIC        4916.472
            (n* = (n + 2) / 24)



MODEL RESULTS

                                                    Two-Tailed
                    Estimate       S.E.  Est./S.E.    P-Value

 F2SUB    BY
    PARSMK             1.000      0.000    999.000    999.000
    PARADDEP           0.607      0.159      3.817      0.000
    PARCAN             0.484      0.134      3.617      0.000

 F2SUB      ON
    PRSALC             0.011      0.007      1.515      0.130
    SEX               -0.008      0.016     -0.514      0.607
    AGE                0.018      0.009      1.990      0.047

 ALC        ON
    F2SUB              0.177      0.233      0.757      0.449
    INTSUB            -0.199      0.209     -0.950      0.342

 ALC        ON
    PRSALC             0.045      0.028      1.605      0.108
    SEX                0.677      0.057     11.787      0.000
    AGE                0.013      0.030      0.417      0.676
    C1                -0.003      0.049     -0.057      0.955
    C2                 0.057      0.051      1.105      0.269
    C3                -0.005      0.034     -0.144      0.886
    C4                 0.032      0.043      0.760      0.447
    C5                 0.021      0.042      0.493      0.622
    C6                -0.038      0.039     -0.965      0.334
    C7                 0.041      0.040      1.031      0.302
    C8                -0.026      0.038     -0.682      0.496
    C9                -0.028      0.039     -0.703      0.482
    C10               -0.029      0.039     -0.726      0.468

 Intercepts
    PARSMK             0.502      0.015     32.448      0.000
    PARADDEP           0.073      0.008      8.756      0.000
    PARCAN             0.051      0.008      6.584      0.000
    ALC               -0.291      0.032     -9.221      0.000

 Residual Variances
    PARSMK             0.211      0.010     20.192      0.000
    PARADDEP           0.050      0.005      9.386      0.000
    PARCAN             0.033      0.004      8.125      0.000
    ALC                0.902      0.059     15.217      0.000
    F2SUB              0.039      0.010      3.817      0.000


STANDARDIZED MODEL RESULTS


STDYX Standardization

                                                    Two-Tailed
                    Estimate       S.E.  Est./S.E.    P-Value

 F2SUB    BY
    PARSMK             0.398      0.052      7.604      0.000
    PARADDEP           0.475      0.070      6.740      0.000
    PARCAN             0.469      0.072      6.478      0.000

 F2SUB      ON
    PRSALC             0.056      0.036      1.554      0.120
    SEX               -0.020      0.039     -0.515      0.607
    AGE                0.089      0.042      2.147      0.032

 ALC        ON
    F2SUB              0.035      0.047      0.739      0.460
    INTSUB            -0.039      0.041     -0.958      0.338

 ALC        ON
    PRSALC             0.044      0.028      1.607      0.108
    SEX                0.333      0.025     13.459      0.000
    AGE                0.012      0.030      0.417      0.677
    C1                -0.003      0.046     -0.057      0.955
    C2                 0.039      0.035      1.106      0.269
    C3                -0.005      0.032     -0.144      0.886
    C4                 0.023      0.030      0.761      0.447
    C5                 0.014      0.029      0.494      0.621
    C6                -0.028      0.028     -0.968      0.333
    C7                 0.031      0.030      1.031      0.303
    C8                -0.019      0.027     -0.683      0.494
    C9                -0.020      0.029     -0.703      0.482
    C10               -0.021      0.029     -0.728      0.466

 Intercepts
    PARSMK             1.002      0.031     32.664      0.000
    PARADDEP           0.287      0.024     11.918      0.000
    PARCAN             0.247      0.026      9.493      0.000
    ALC               -0.287      0.034     -8.523      0.000

 Residual Variances
    PARSMK             0.841      0.042     20.169      0.000
    PARADDEP           0.775      0.067     11.597      0.000
    PARCAN             0.780      0.068     11.462      0.000
    ALC                0.878      0.017     51.003      0.000
    F2SUB              0.988      0.009    113.444      0.000


R-SQUARE

    Observed                                        Two-Tailed
    Variable        Estimate       S.E.  Est./S.E.    P-Value

    PARSMK             0.159      0.042      3.802      0.000
    PARADDEP           0.225      0.067      3.370      0.001
    PARCAN             0.220      0.068      3.239      0.001
    ALC                0.122      0.017      7.072      0.000

     Latent                                         Two-Tailed
    Variable        Estimate       S.E.  Est./S.E.    P-Value

    F2SUB              0.012      0.009      1.333      0.182


QUALITY OF NUMERICAL RESULTS

     Condition Number for the Information Matrix              0.185E-06
       (ratio of smallest to largest eigenvalue)


CONFIDENCE INTERVALS OF MODEL RESULTS

                  Lower .5%  Lower 2.5%    Lower 5%    Estimate    Upper 5%  Upper 2.5%   Upper .5%

 F2SUB    BY
    PARSMK           1.000       1.000       1.000       1.000       1.000       1.000       1.000
    PARADDEP         0.197       0.295       0.345       0.607       0.869       0.919       1.017
    PARCAN           0.139       0.222       0.264       0.484       0.704       0.746       0.829

 F2SUB    ON
    PRSALC          -0.008      -0.003      -0.001       0.011       0.023       0.026       0.030
    SEX             -0.048      -0.039      -0.034      -0.008       0.018       0.023       0.032
    AGE             -0.005       0.000       0.003       0.018       0.033       0.035       0.041

 ALC      ON
    F2SUB           -0.425      -0.281      -0.207       0.177       0.561       0.634       0.778
    INTSUB          -0.738      -0.609      -0.543      -0.199       0.145       0.211       0.340

 ALC      ON
    PRSALC          -0.027      -0.010      -0.001       0.045       0.091       0.099       0.116
    SEX              0.529       0.564       0.582       0.677       0.771       0.789       0.824
    AGE             -0.065      -0.046      -0.037       0.013       0.062       0.071       0.090
    C1              -0.129      -0.099      -0.083      -0.003       0.078       0.093       0.123
    C2              -0.076      -0.044      -0.028       0.057       0.141       0.158       0.189
    C3              -0.092      -0.071      -0.060      -0.005       0.051       0.061       0.082
    C4              -0.078      -0.051      -0.038       0.032       0.103       0.116       0.143
    C5              -0.087      -0.061      -0.048       0.021       0.089       0.102       0.128
    C6              -0.138      -0.114      -0.102      -0.038       0.027       0.039       0.063
    C7              -0.061      -0.037      -0.024       0.041       0.106       0.119       0.144
    C8              -0.122      -0.099      -0.087      -0.026       0.036       0.048       0.071
    C9              -0.129      -0.104      -0.092      -0.028       0.037       0.049       0.073
    C10             -0.130      -0.106      -0.094      -0.029       0.036       0.049       0.073

 Intercepts
    PARSMK           0.462       0.471       0.476       0.502       0.527       0.532       0.541
    PARADDEP         0.052       0.057       0.059       0.073       0.087       0.090       0.095
    PARCAN           0.031       0.036       0.038       0.051       0.063       0.066       0.071
    ALC             -0.372      -0.352      -0.343      -0.291      -0.239      -0.229      -0.210

 Residual Variances
    PARSMK           0.184       0.190       0.194       0.211       0.228       0.231       0.238
    PARADDEP         0.037       0.040       0.042       0.050       0.059       0.061       0.064
    PARCAN           0.022       0.025       0.026       0.033       0.040       0.041       0.043
    ALC              0.750       0.786       0.805       0.902       1.000       1.019       1.055
    F2SUB            0.013       0.019       0.022       0.039       0.056       0.059       0.066


CONFIDENCE INTERVALS OF STANDARDIZED MODEL RESULTS


STDYX Standardization

                  Lower .5%  Lower 2.5%    Lower 5%    Estimate    Upper 5%  Upper 2.5%   Upper .5%

 F2SUB    BY
    PARSMK           0.263       0.296       0.312       0.398       0.484       0.501       0.533
    PARADDEP         0.293       0.337       0.359       0.475       0.590       0.613       0.656
    PARCAN           0.283       0.327       0.350       0.469       0.589       0.611       0.656

 F2SUB    ON
    PRSALC          -0.037      -0.015      -0.003       0.056       0.115       0.127       0.149
    SEX             -0.121      -0.097      -0.085      -0.020       0.044       0.057       0.081
    AGE             -0.018       0.008       0.021       0.089       0.158       0.171       0.196

 ALC      ON
    F2SUB           -0.086      -0.057      -0.043       0.035       0.112       0.127       0.156
    INTSUB          -0.145      -0.119      -0.107      -0.039       0.028       0.041       0.066

 ALC      ON
    PRSALC          -0.027      -0.010      -0.001       0.044       0.090       0.098       0.115
    SEX              0.270       0.285       0.293       0.333       0.374       0.382       0.397
    AGE             -0.064      -0.046      -0.036       0.012       0.061       0.070       0.088
    C1              -0.122      -0.093      -0.079      -0.003       0.074       0.088       0.117
    C2              -0.051      -0.030      -0.019       0.039       0.096       0.107       0.129
    C3              -0.087      -0.067      -0.057      -0.005       0.048       0.058       0.078
    C4              -0.054      -0.036      -0.026       0.023       0.072       0.081       0.099
    C5              -0.060      -0.042      -0.033       0.014       0.062       0.071       0.088
    C6              -0.101      -0.083      -0.074      -0.028       0.019       0.028       0.046
    C7              -0.046      -0.028      -0.018       0.031       0.080       0.089       0.107
    C8              -0.089      -0.072      -0.064      -0.019       0.026       0.035       0.052
    C9              -0.096      -0.078      -0.068      -0.020       0.027       0.037       0.055
    C10             -0.095      -0.077      -0.068      -0.021       0.026       0.036       0.053

 Intercepts
    PARSMK           0.923       0.942       0.952       1.002       1.052       1.062       1.081
    PARADDEP         0.225       0.240       0.248       0.287       0.327       0.335       0.349
    PARCAN           0.180       0.196       0.204       0.247       0.290       0.298       0.314
    ALC             -0.373      -0.353      -0.342      -0.287      -0.231      -0.221      -0.200

 Residual Variances
    PARSMK           0.734       0.760       0.773       0.841       0.910       0.923       0.949
    PARADDEP         0.603       0.644       0.665       0.775       0.885       0.906       0.947
    PARCAN           0.604       0.646       0.668       0.780       0.892       0.913       0.955
    ALC              0.834       0.844       0.850       0.878       0.907       0.912       0.923
    F2SUB            0.966       0.971       0.974       0.988       1.003       1.005       1.011


     Beginning Time:  12:11:54
        Ending Time:  12:11:59
       Elapsed Time:  00:00:05



MUTHEN & MUTHEN
3463 Stoner Ave.
Los Angeles, CA  90066

Tel: (310) 391-9971
Fax: (310) 391-8971
Web: www.StatModel.com
Support: Support@StatModel.com

Copyright (c) 1998-2019 Muthen & Muthen
