Mplus VERSION 8.3
MUTHEN & MUTHEN
03/05/2020  12:10 PM

INPUT INSTRUCTIONS

    DATA:
         FILE IS  \\CNAS.RU.NL\U642157\Documents\6 TRAILS\datasets\full.csv;

    VARIABLE:
         NAMES ARE sex age C1 C2 C3 C4 C5 C6 C7 C8 C9 C10
         parknow pardisc parcont parsol rel_rej rel_warm
         parsmk parcpd paralc paraddep parcan
         prssmcpd prsalc prscan
         eversmk dailysmk cpd ftnd alc alcmonth audit can cupit1 cupit2 ;
         MISSING * ;
         USEVARIABLES sex age C1 C2 C3 C4 C5 C6 C7 C8 C9 C10
         parknow pardisc parcont parsol
         prsalc
         alc ;

      ANALYSIS: estimator=MLR  ;
          TYPE = RANDOM;
          ALGORITHM = INTEGRATION;

      MODEL:
         !Latent factors parenting
         F1inv BY parknow pardisc parcont parsol ;

         !Latent factor interactions
         intmon | F1inv XWITH prsalc ;

         !Main effects
         alc ON F1inv prsalc ;
         alc ON sex age C1 C2 C3 C4 C5 C6 C7 C8 C9 C10 ;

         !GxE
         alc ON intmon ;

         !rGE
         F1inv ON prsalc ;

         F1inv ON sex age ;
         parknow WITH pardisc ;

       OUTPUT:
         SAMPSTAT CINTERVAL STDYX ;




*** WARNING
  Data set contains cases with missing on x-variables.
  These cases were not included in the analysis.
  Number of cases with missing on x-variables:  44
*** WARNING
  Data set contains cases with missing on all variables except
  x-variables.  These cases were not included in the analysis.
  Number of cases with missing on all variables except x-variables:  6
   2 WARNING(S) FOUND IN THE INPUT INSTRUCTIONS




SUMMARY OF ANALYSIS

Number of groups                                                 1
Number of observations                                        1643

Number of dependent variables                                    5
Number of independent variables                                 13
Number of continuous latent variables                            2

Observed dependent variables

  Continuous
   PARKNOW     PARDISC     PARCONT     PARSOL      ALC

Observed independent variables
   SEX         AGE         C1          C2          C3          C4
   C5          C6          C7          C8          C9          C10
   PRSALC

Continuous latent variables
   F1INV       INTMON


Estimator                                                      MLR
Information matrix                                        OBSERVED
Optimization Specifications for the Quasi-Newton Algorithm for
Continuous Outcomes
  Maximum number of iterations                                 100
  Convergence criterion                                  0.100D-05
Optimization Specifications for the EM Algorithm
  Maximum number of iterations                                 500
  Convergence criteria
    Loglikelihood change                                 0.100D-02
    Relative loglikelihood change                        0.100D-05
    Derivative                                           0.100D-02
Optimization Specifications for the M step of the EM Algorithm for
Categorical Latent variables
  Number of M step iterations                                    1
  M step convergence criterion                           0.100D-02
  Basis for M step termination                           ITERATION
Optimization Specifications for the M step of the EM Algorithm for
Censored, Binary or Ordered Categorical (Ordinal), Unordered
Categorical (Nominal) and Count Outcomes
  Number of M step iterations                                    1
  M step convergence criterion                           0.100D-02
  Basis for M step termination                           ITERATION
  Maximum value for logit thresholds                            15
  Minimum value for logit thresholds                           -15
  Minimum expected cell size for chi-square              0.100D-01
Maximum number of iterations for H1                           2000
Convergence criterion for H1                             0.100D-03
Optimization algorithm                                         EMA
Integration Specifications
  Type                                                    STANDARD
  Number of integration points                                  15
  Dimensions of numerical integration                            1
  Adaptive quadrature                                           ON
Cholesky                                                       OFF

Input data file(s)
  \\CNAS.RU.NL\U642157\Documents\6 TRAILS\datasets\full.csv
Input data format  FREE


SUMMARY OF DATA

     Number of missing data patterns            10


COVARIANCE COVERAGE OF DATA

Minimum covariance coverage value   0.100


     PROPORTION OF DATA PRESENT FOR Y


           Covariance Coverage
              PARKNOW       PARDISC       PARCONT       PARSOL        ALC
              ________      ________      ________      ________      ________
 PARKNOW        0.970
 PARDISC        0.925         0.954
 PARCONT        0.925         0.953         0.954
 PARSOL         0.925         0.954         0.953         0.954
 ALC            0.666         0.662         0.662         0.662         0.683
 SEX            0.970         0.954         0.954         0.954         0.683
 AGE            0.970         0.954         0.954         0.954         0.683
 C1             0.970         0.954         0.954         0.954         0.683
 C2             0.970         0.954         0.954         0.954         0.683
 C3             0.970         0.954         0.954         0.954         0.683
 C4             0.970         0.954         0.954         0.954         0.683
 C5             0.970         0.954         0.954         0.954         0.683
 C6             0.970         0.954         0.954         0.954         0.683
 C7             0.970         0.954         0.954         0.954         0.683
 C8             0.970         0.954         0.954         0.954         0.683
 C9             0.970         0.954         0.954         0.954         0.683
 C10            0.970         0.954         0.954         0.954         0.683
 PRSALC         0.970         0.954         0.954         0.954         0.683


           Covariance Coverage
              SEX           AGE           C1            C2            C3
              ________      ________      ________      ________      ________
 SEX            1.000
 AGE            1.000         1.000
 C1             1.000         1.000         1.000
 C2             1.000         1.000         1.000         1.000
 C3             1.000         1.000         1.000         1.000         1.000
 C4             1.000         1.000         1.000         1.000         1.000
 C5             1.000         1.000         1.000         1.000         1.000
 C6             1.000         1.000         1.000         1.000         1.000
 C7             1.000         1.000         1.000         1.000         1.000
 C8             1.000         1.000         1.000         1.000         1.000
 C9             1.000         1.000         1.000         1.000         1.000
 C10            1.000         1.000         1.000         1.000         1.000
 PRSALC         1.000         1.000         1.000         1.000         1.000


           Covariance Coverage
              C4            C5            C6            C7            C8
              ________      ________      ________      ________      ________
 C4             1.000
 C5             1.000         1.000
 C6             1.000         1.000         1.000
 C7             1.000         1.000         1.000         1.000
 C8             1.000         1.000         1.000         1.000         1.000
 C9             1.000         1.000         1.000         1.000         1.000
 C10            1.000         1.000         1.000         1.000         1.000
 PRSALC         1.000         1.000         1.000         1.000         1.000


           Covariance Coverage
              C9            C10           PRSALC
              ________      ________      ________
 C9             1.000
 C10            1.000         1.000
 PRSALC         1.000         1.000         1.000


SAMPLE STATISTICS


     ESTIMATED SAMPLE STATISTICS


           Means
              PARKNOW       PARDISC       PARCONT       PARSOL        ALC
              ________      ________      ________      ________      ________
               -0.055        -0.009         0.019        -0.005         0.055


           Means
              SEX           AGE           C1            C2            C3
              ________      ________      ________      ________      ________
                0.520        -0.002        -0.008         0.022         0.013


           Means
              C4            C5            C6            C7            C8
              ________      ________      ________      ________      ________
               -0.057        -0.019         0.005        -0.025        -0.003


           Means
              C9            C10           PRSALC
              ________      ________      ________
                0.017         0.029         0.004


           Covariances
              PARKNOW       PARDISC       PARCONT       PARSOL        ALC
              ________      ________      ________      ________      ________
 PARKNOW        0.958
 PARDISC        0.322         0.986
 PARCONT        0.234         0.309         1.005
 PARSOL         0.217         0.448         0.502         0.976
 ALC            0.081         0.142         0.095         0.058         1.028
 SEX           -0.010         0.089         0.132         0.118         0.169
 AGE            0.078         0.058         0.126         0.024         0.043
 C1             0.007         0.024        -0.016        -0.009         0.004
 C2             0.007         0.019         0.015         0.018         0.025
 C3             0.039        -0.007        -0.041        -0.053        -0.028
 C4             0.039         0.027         0.017         0.018         0.019
 C5            -0.007        -0.047        -0.010        -0.016         0.004
 C6             0.026         0.013         0.014         0.019        -0.013
 C7             0.027        -0.008         0.008        -0.012         0.026
 C8            -0.008         0.024         0.014         0.011        -0.015
 C9            -0.009        -0.018         0.017        -0.009        -0.009
 C10            0.012         0.000         0.002         0.007        -0.015
 PRSALC         0.072         0.073         0.013        -0.011         0.060


           Covariances
              SEX           AGE           C1            C2            C3
              ________      ________      ________      ________      ________
 SEX            0.250
 AGE            0.037         0.997
 C1            -0.016         0.048         0.905
 C2            -0.002         0.023         0.230         0.476
 C3            -0.021         0.033         0.071        -0.171         0.918
 C4             0.002        -0.013         0.039        -0.001        -0.014
 C5            -0.007         0.009        -0.009        -0.007        -0.028
 C6             0.005         0.012         0.004         0.056        -0.034
 C7             0.005        -0.015        -0.013        -0.023        -0.058
 C8             0.001         0.022         0.007         0.036        -0.048
 C9             0.011        -0.031        -0.012        -0.014        -0.038
 C10            0.000        -0.020         0.026        -0.014        -0.011
 PRSALC         0.008         0.043         0.058         0.018         0.003


           Covariances
              C4            C5            C6            C7            C8
              ________      ________      ________      ________      ________
 C4             0.502
 C5            -0.031         0.490
 C6            -0.010        -0.082         0.552
 C7             0.038         0.023         0.015         0.573
 C8            -0.044         0.030        -0.012        -0.026         0.551
 C9             0.013        -0.024         0.004         0.035        -0.014
 C10            0.025         0.010        -0.025         0.005         0.031
 PRSALC        -0.001        -0.004        -0.010        -0.008        -0.049


           Covariances
              C9            C10           PRSALC
              ________      ________      ________
 C9             0.567
 C10            0.029         0.550
 PRSALC        -0.006         0.013         1.007


           Correlations
              PARKNOW       PARDISC       PARCONT       PARSOL        ALC
              ________      ________      ________      ________      ________
 PARKNOW        1.000
 PARDISC        0.331         1.000
 PARCONT        0.239         0.310         1.000
 PARSOL         0.224         0.457         0.507         1.000
 ALC            0.081         0.141         0.093         0.058         1.000
 SEX           -0.020         0.179         0.263         0.239         0.333
 AGE            0.080         0.059         0.126         0.024         0.042
 C1             0.008         0.025        -0.017        -0.010         0.004
 C2             0.010         0.028         0.022         0.026         0.035
 C3             0.042        -0.008        -0.043        -0.055        -0.029
 C4             0.056         0.038         0.024         0.025         0.027
 C5            -0.010        -0.068        -0.015        -0.023         0.006
 C6             0.036         0.018         0.019         0.026        -0.018
 C7             0.037        -0.011         0.011        -0.016         0.033
 C8            -0.011         0.032         0.019         0.016        -0.021
 C9            -0.013        -0.024         0.023        -0.012        -0.012
 C10            0.016         0.000         0.003         0.009        -0.020
 PRSALC         0.074         0.073         0.013        -0.011         0.059


           Correlations
              SEX           AGE           C1            C2            C3
              ________      ________      ________      ________      ________
 SEX            1.000
 AGE            0.074         1.000
 C1            -0.034         0.051         1.000
 C2            -0.006         0.034         0.350         1.000
 C3            -0.044         0.034         0.078        -0.259         1.000
 C4             0.005        -0.019         0.059        -0.001        -0.021
 C5            -0.021         0.014        -0.014        -0.014        -0.041
 C6             0.014         0.016         0.006         0.109        -0.048
 C7             0.014        -0.020        -0.018        -0.044        -0.080
 C8             0.001         0.030         0.010         0.071        -0.068
 C9             0.030        -0.041        -0.017        -0.028        -0.053
 C10            0.000        -0.027         0.037        -0.028        -0.016
 PRSALC         0.017         0.043         0.061         0.026         0.003


           Correlations
              C4            C5            C6            C7            C8
              ________      ________      ________      ________      ________
 C4             1.000
 C5            -0.063         1.000
 C6            -0.019        -0.158         1.000
 C7             0.071         0.044         0.027         1.000
 C8            -0.084         0.058        -0.022        -0.046         1.000
 C9             0.024        -0.046         0.007         0.061        -0.024
 C10            0.049         0.020        -0.045         0.009         0.056
 PRSALC        -0.001        -0.006        -0.013        -0.010        -0.066


           Correlations
              C9            C10           PRSALC
              ________      ________      ________
 C9             1.000
 C10            0.052         1.000
 PRSALC        -0.008         0.018         1.000


     MAXIMUM LOG-LIKELIHOOD VALUE FOR THE UNRESTRICTED (H1) MODEL IS -34293.383


UNIVARIATE SAMPLE STATISTICS


     UNIVARIATE HIGHER-ORDER MOMENT DESCRIPTIVE STATISTICS

         Variable/         Mean/     Skewness/   Minimum/ % with                Percentiles
        Sample Size      Variance    Kurtosis    Maximum  Min/Max      20%/60%    40%/80%    Median

     PARKNOW              -0.056       1.540      -0.867   33.19%      -0.867     -0.674     -0.480
            1594.000       0.958       2.266       4.742    0.06%      -0.093      0.680
     PARDISC              -0.014       0.238      -2.035    1.79%      -0.956     -0.282     -0.012
            1568.000       0.984      -0.106       3.359    0.19%       0.257      0.797
     PARCONT               0.013       0.134      -1.901    2.55%      -0.843     -0.313      0.005
            1568.000       1.005      -0.581       2.334    1.28%       0.216      0.852
     PARSOL               -0.008      -0.003      -3.076    0.19%      -0.832     -0.271      0.010
            1568.000       0.974      -0.149       2.535    0.38%       0.291      0.852
     ALC                   0.038       1.565      -1.129    4.28%      -0.772     -0.416     -0.237
            1122.000       1.026       2.885       4.843    0.09%      -0.059      0.743
     SEX                   0.520      -0.082       0.000   47.96%       0.000      0.000      1.000
            1643.000       0.250      -1.993       1.000   52.04%       1.000      1.000
     AGE                  -0.002       0.389      -2.386    1.03%      -0.963     -0.963      0.461
            1643.000       0.997      -0.571       3.308    0.12%       0.461      0.461
     C1                   -0.008       4.668      -1.078    0.06%      -0.465     -0.274     -0.191
            1643.000       0.905      26.830       7.970    0.06%      -0.109      0.166
     C2                    0.022       2.859      -2.219    0.06%      -0.474     -0.148     -0.025
            1643.000       0.476      22.966       6.647    0.06%       0.130      0.472
     C3                    0.013       1.629      -5.903    0.06%      -0.553     -0.207     -0.055
            1643.000       0.918      14.224       7.023    0.06%       0.106      0.443
     C4                   -0.057       0.941      -2.124    0.06%      -0.639     -0.227     -0.058
            1643.000       0.502      10.434       8.131    0.06%       0.115      0.503
     C5                   -0.019       0.059      -2.454    0.06%      -0.591     -0.213     -0.030
            1643.000       0.490       0.120       2.382    0.06%       0.150      0.562
     C6                    0.005      -0.118      -4.142    0.06%      -0.601     -0.183      0.001
            1643.000       0.552       0.839       2.916    0.06%       0.189      0.603
     C7                   -0.025      -0.193      -3.734    0.06%      -0.657     -0.212      0.011
            1643.000       0.573       0.440       2.063    0.06%       0.179      0.611
     C8                   -0.003      -0.185      -4.189    0.06%      -0.653     -0.171      0.009
            1643.000       0.551       0.518       2.570    0.06%       0.199      0.604
     C9                    0.017      -0.090      -2.592    0.06%      -0.618     -0.163      0.040
            1643.000       0.567       0.140       2.719    0.06%       0.202      0.651
     C10                   0.029       0.029      -3.362    0.06%      -0.601     -0.139      0.032
            1643.000       0.550       0.542       3.648    0.06%       0.213      0.645
     PRSALC                0.004       0.090      -3.278    0.06%      -0.799     -0.282     -0.039
            1643.000       1.007       0.059       3.228    0.06%       0.246      0.845


THE MODEL ESTIMATION TERMINATED NORMALLY



MODEL FIT INFORMATION

Number of Free Parameters                       33

Loglikelihood

          H0 Value                       -9825.691
          H0 Scaling Correction Factor      1.0796
            for MLR

Information Criteria

          Akaike (AIC)                   19717.383
          Bayesian (BIC)                 19895.724
          Sample-Size Adjusted BIC       19790.889
            (n* = (n + 2) / 24)



MODEL RESULTS

                                                    Two-Tailed
                    Estimate       S.E.  Est./S.E.    P-Value

 F1INV    BY
    PARKNOW            1.000      0.000    999.000    999.000
    PARDISC            1.915      0.210      9.140      0.000
    PARCONT            2.245      0.246      9.133      0.000
    PARSOL             2.770      0.344      8.046      0.000

 F1INV      ON
    PRSALC             0.003      0.008      0.423      0.673
    SEX                0.180      0.023      7.690      0.000
    AGE                0.018      0.010      1.851      0.064

 ALC        ON
    F1INV              0.029      0.139      0.209      0.834
    INTMON            -0.017      0.120     -0.139      0.889

 ALC        ON
    PRSALC             0.051      0.027      1.874      0.061
    SEX                0.669      0.062     10.856      0.000
    AGE                0.015      0.030      0.515      0.607
    C1                 0.001      0.048      0.015      0.988
    C2                 0.056      0.051      1.097      0.273
    C3                -0.007      0.034     -0.202      0.840
    C4                 0.033      0.043      0.768      0.443
    C5                 0.019      0.042      0.464      0.642
    C6                -0.036      0.039     -0.931      0.352
    C7                 0.041      0.040      1.041      0.298
    C8                -0.026      0.038     -0.701      0.483
    C9                -0.027      0.039     -0.692      0.489
    C10               -0.029      0.039     -0.729      0.466

 PARKNOW  WITH
    PARDISC            0.167      0.026      6.498      0.000

 Intercepts
    PARKNOW           -0.148      0.025     -5.864      0.000
    PARDISC           -0.188      0.032     -5.878      0.000
    PARCONT           -0.193      0.033     -5.778      0.000
    PARSOL            -0.263      0.035     -7.612      0.000
    ALC               -0.293      0.031     -9.317      0.000

 Residual Variances
    PARKNOW            0.877      0.047     18.663      0.000
    PARDISC            0.689      0.032     21.400      0.000
    PARCONT            0.596      0.032     18.356      0.000
    PARSOL             0.355      0.039      9.154      0.000
    ALC                0.905      0.059     15.341      0.000
    F1INV              0.072      0.016      4.429      0.000


STANDARDIZED MODEL RESULTS


STDYX Standardization

                                                    Two-Tailed
                    Estimate       S.E.  Est./S.E.    P-Value

 F1INV    BY
    PARKNOW            0.291      0.031      9.429      0.000
    PARDISC            0.549      0.023     23.515      0.000
    PARCONT            0.637      0.025     25.649      0.000
    PARSOL             0.798      0.026     31.223      0.000

 F1INV      ON
    PRSALC             0.012      0.028      0.425      0.671
    SEX                0.315      0.029     10.887      0.000
    AGE                0.062      0.031      2.000      0.045

 ALC        ON
    F1INV              0.008      0.039      0.209      0.835
    INTMON            -0.005      0.034     -0.139      0.889

 ALC        ON
    PRSALC             0.051      0.027      1.875      0.061
    SEX                0.330      0.027     11.998      0.000
    AGE                0.015      0.030      0.514      0.607
    C1                 0.001      0.045      0.015      0.988
    C2                 0.038      0.035      1.097      0.273
    C3                -0.006      0.032     -0.202      0.840
    C4                 0.023      0.030      0.768      0.442
    C5                 0.013      0.029      0.465      0.642
    C6                -0.027      0.028     -0.933      0.351
    C7                 0.031      0.030      1.040      0.298
    C8                -0.019      0.027     -0.703      0.482
    C9                -0.020      0.029     -0.692      0.489
    C10               -0.021      0.029     -0.732      0.464

 PARKNOW  WITH
    PARDISC            0.215      0.029      7.371      0.000

 Intercepts
    PARKNOW           -0.151      0.028     -5.351      0.000
    PARDISC           -0.189      0.033     -5.823      0.000
    PARCONT           -0.193      0.033     -5.799      0.000
    PARSOL            -0.266      0.034     -7.756      0.000
    ALC               -0.289      0.034     -8.589      0.000

 Residual Variances
    PARKNOW            0.916      0.018     51.084      0.000
    PARDISC            0.699      0.026     27.294      0.000
    PARCONT            0.594      0.032     18.742      0.000
    PARSOL             0.364      0.041      8.917      0.000
    ALC                0.881      0.017     52.440      0.000
    F1INV              0.893      0.019     47.557      0.000


R-SQUARE

    Observed                                        Two-Tailed
    Variable        Estimate       S.E.  Est./S.E.    P-Value

    PARKNOW            0.084      0.018      4.715      0.000
    PARDISC            0.301      0.026     11.757      0.000
    PARCONT            0.406      0.032     12.824      0.000
    PARSOL             0.636      0.041     15.612      0.000
    ALC                0.119      0.017      7.110      0.000

     Latent                                         Two-Tailed
    Variable        Estimate       S.E.  Est./S.E.    P-Value

    F1INV              0.107      0.019      5.676      0.000


QUALITY OF NUMERICAL RESULTS

     Condition Number for the Information Matrix              0.101E-04
       (ratio of smallest to largest eigenvalue)


CONFIDENCE INTERVALS OF MODEL RESULTS

                  Lower .5%  Lower 2.5%    Lower 5%    Estimate    Upper 5%  Upper 2.5%   Upper .5%

 F1INV    BY
    PARKNOW          1.000       1.000       1.000       1.000       1.000       1.000       1.000
    PARDISC          1.375       1.504       1.570       1.915       2.259       2.325       2.454
    PARCONT          1.612       1.763       1.841       2.245       2.649       2.727       2.878
    PARSOL           1.883       2.095       2.204       2.770       3.336       3.444       3.656

 F1INV    ON
    PRSALC          -0.017      -0.012      -0.010       0.003       0.017       0.019       0.024
    SEX              0.119       0.134       0.141       0.180       0.218       0.225       0.240
    AGE             -0.007      -0.001       0.002       0.018       0.033       0.036       0.042

 ALC      ON
    F1INV           -0.330      -0.244      -0.200       0.029       0.259       0.302       0.388
    INTMON          -0.326      -0.252      -0.214      -0.017       0.181       0.218       0.292

 ALC      ON
    PRSALC          -0.019      -0.002       0.006       0.051       0.096       0.104       0.121
    SEX              0.510       0.548       0.568       0.669       0.771       0.790       0.828
    AGE             -0.062      -0.043      -0.034       0.015       0.065       0.074       0.093
    C1              -0.123      -0.093      -0.078       0.001       0.080       0.095       0.124
    C2              -0.076      -0.044      -0.028       0.056       0.141       0.157       0.189
    C3              -0.094      -0.073      -0.062      -0.007       0.049       0.059       0.080
    C4              -0.078      -0.051      -0.038       0.033       0.104       0.117       0.143
    C5              -0.088      -0.062      -0.049       0.019       0.088       0.101       0.126
    C6              -0.136      -0.112      -0.100      -0.036       0.028       0.040       0.064
    C7              -0.061      -0.036      -0.024       0.041       0.106       0.119       0.143
    C8              -0.123      -0.100      -0.088      -0.026       0.036       0.047       0.071
    C9              -0.127      -0.103      -0.091      -0.027       0.037       0.049       0.073
    C10             -0.130      -0.106      -0.094      -0.029       0.036       0.049       0.073

 PARKNOW  WITH
    PARDISC          0.101       0.117       0.125       0.167       0.210       0.218       0.234

 Intercepts
    PARKNOW         -0.213      -0.197      -0.189      -0.148      -0.106      -0.098      -0.083
    PARDISC         -0.270      -0.251      -0.241      -0.188      -0.135      -0.125      -0.106
    PARCONT         -0.279      -0.259      -0.248      -0.193      -0.138      -0.128      -0.107
    PARSOL          -0.352      -0.331      -0.320      -0.263      -0.206      -0.195      -0.174
    ALC             -0.374      -0.355      -0.345      -0.293      -0.241      -0.231      -0.212

 Residual Variances
    PARKNOW          0.756       0.785       0.800       0.877       0.954       0.969       0.998
    PARDISC          0.606       0.626       0.636       0.689       0.742       0.752       0.772
    PARCONT          0.513       0.533       0.543       0.596       0.650       0.660       0.680
    PARSOL           0.255       0.279       0.291       0.355       0.418       0.431       0.454
    ALC              0.753       0.789       0.808       0.905       1.002       1.021       1.057
    F1INV            0.030       0.040       0.045       0.072       0.099       0.104       0.114


CONFIDENCE INTERVALS OF STANDARDIZED MODEL RESULTS


STDYX Standardization

                  Lower .5%  Lower 2.5%    Lower 5%    Estimate    Upper 5%  Upper 2.5%   Upper .5%

 F1INV    BY
    PARKNOW          0.211       0.230       0.240       0.291       0.341       0.351       0.370
    PARDISC          0.489       0.503       0.510       0.549       0.587       0.594       0.609
    PARCONT          0.573       0.589       0.597       0.637       0.678       0.686       0.701
    PARSOL           0.732       0.748       0.756       0.798       0.840       0.848       0.864

 F1INV    ON
    PRSALC          -0.061      -0.044      -0.035       0.012       0.059       0.068       0.085
    SEX              0.241       0.259       0.268       0.315       0.363       0.372       0.390
    AGE             -0.018       0.001       0.011       0.062       0.113       0.123       0.142

 ALC      ON
    F1INV           -0.093      -0.069      -0.056       0.008       0.073       0.085       0.109
    INTMON          -0.092      -0.071      -0.060      -0.005       0.051       0.062       0.082

 ALC      ON
    PRSALC          -0.019      -0.002       0.006       0.051       0.095       0.103       0.120
    SEX              0.259       0.276       0.285       0.330       0.375       0.384       0.401
    AGE             -0.061      -0.043      -0.034       0.015       0.064       0.073       0.092
    C1              -0.115      -0.088      -0.073       0.001       0.075       0.089       0.117
    C2              -0.052      -0.030      -0.019       0.038       0.096       0.107       0.128
    C3              -0.089      -0.069      -0.059      -0.006       0.046       0.056       0.076
    C4              -0.054      -0.036      -0.026       0.023       0.072       0.082       0.100
    C5              -0.060      -0.043      -0.034       0.013       0.060       0.069       0.087
    C6              -0.100      -0.082      -0.073      -0.027       0.020       0.029       0.047
    C7              -0.045      -0.027      -0.018       0.031       0.080       0.089       0.107
    C8              -0.090      -0.073      -0.064      -0.019       0.026       0.035       0.051
    C9              -0.095      -0.077      -0.068      -0.020       0.028       0.037       0.055
    C10             -0.095      -0.077      -0.068      -0.021       0.026       0.035       0.053

 PARKNOW  WITH
    PARDISC          0.140       0.158       0.167       0.215       0.263       0.273       0.291

 Intercepts
    PARKNOW         -0.224      -0.206      -0.197      -0.151      -0.105      -0.096      -0.078
    PARDISC         -0.273      -0.253      -0.243      -0.189      -0.136      -0.126      -0.106
    PARCONT         -0.278      -0.258      -0.247      -0.193      -0.138      -0.128      -0.107
    PARSOL          -0.354      -0.333      -0.323      -0.266      -0.210      -0.199      -0.178
    ALC             -0.376      -0.355      -0.344      -0.289      -0.234      -0.223      -0.202

 Residual Variances
    PARKNOW          0.869       0.880       0.886       0.916       0.945       0.951       0.962
    PARDISC          0.633       0.649       0.657       0.699       0.741       0.749       0.765
    PARCONT          0.512       0.532       0.542       0.594       0.646       0.656       0.675
    PARSOL           0.259       0.284       0.296       0.364       0.431       0.443       0.469
    ALC              0.837       0.848       0.853       0.881       0.908       0.914       0.924
    F1INV            0.845       0.857       0.862       0.893       0.924       0.930       0.942


     Beginning Time:  12:10:48
        Ending Time:  12:10:53
       Elapsed Time:  00:00:05



MUTHEN & MUTHEN
3463 Stoner Ave.
Los Angeles, CA  90066

Tel: (310) 391-9971
Fax: (310) 391-8971
Web: www.StatModel.com
Support: Support@StatModel.com

Copyright (c) 1998-2019 Muthen & Muthen
