Mplus VERSION 8.3
MUTHEN & MUTHEN
03/05/2020   3:36 PM

INPUT INSTRUCTIONS

    DATA:
         FILE IS  \\CNAS.RU.NL\U642157\Documents\6 TRAILS\datasets\full.csv;

    VARIABLE:
         NAMES ARE sex age C1 C2 C3 C4 C5 C6 C7 C8 C9 C10
         parknow pardisc parcont parsol rel_rej rel_warm
         parsmk parcpd paralc paraddep parcan
         prssmcpd prsalc prscan
         eversmk dailysmk cpd ftnd alc alcmonth audit can cupit1 cupit2 ;
         MISSING * ;
         USEVARIABLES sex age C1 C2 C3 C4 C5 C6 C7 C8 C9 C10
         parknow pardisc parcont parsol
         prsalc
         alc ;

      ANALYSIS: estimator=MLR ;

      MODEL:
         !Latent factors parenting
         F1inv BY parknow pardisc parcont parsol ;

         !Main effects
         alc ON F1inv prsalc ;
         alc ON sex age C1 C2 C3 C4 C5 C6 C7 C8 C9 C10 ;

         F1inv ON sex age ;
         parknow WITH pardisc ;

       OUTPUT:
         SAMPSTAT CINTERVAL STDYX modindices(4);




*** WARNING
  Data set contains cases with missing on x-variables.
  These cases were not included in the analysis.
  Number of cases with missing on x-variables:  44
*** WARNING
  Data set contains cases with missing on all variables except
  x-variables.  These cases were not included in the analysis.
  Number of cases with missing on all variables except x-variables:  6
   2 WARNING(S) FOUND IN THE INPUT INSTRUCTIONS




SUMMARY OF ANALYSIS

Number of groups                                                 1
Number of observations                                        1643

Number of dependent variables                                    5
Number of independent variables                                 13
Number of continuous latent variables                            1

Observed dependent variables

  Continuous
   PARKNOW     PARDISC     PARCONT     PARSOL      ALC

Observed independent variables
   SEX         AGE         C1          C2          C3          C4
   C5          C6          C7          C8          C9          C10
   PRSALC

Continuous latent variables
   F1INV


Estimator                                                      MLR
Information matrix                                        OBSERVED
Maximum number of iterations                                  1000
Convergence criterion                                    0.500D-04
Maximum number of steepest descent iterations                   20
Maximum number of iterations for H1                           2000
Convergence criterion for H1                             0.100D-03

Input data file(s)
  \\CNAS.RU.NL\U642157\Documents\6 TRAILS\datasets\full.csv

Input data format  FREE


SUMMARY OF DATA

     Number of missing data patterns            10


COVARIANCE COVERAGE OF DATA

Minimum covariance coverage value   0.100


     PROPORTION OF DATA PRESENT


           Covariance Coverage
              PARKNOW       PARDISC       PARCONT       PARSOL        ALC
              ________      ________      ________      ________      ________
 PARKNOW        0.970
 PARDISC        0.925         0.954
 PARCONT        0.925         0.953         0.954
 PARSOL         0.925         0.954         0.953         0.954
 ALC            0.666         0.662         0.662         0.662         0.683
 SEX            0.970         0.954         0.954         0.954         0.683
 AGE            0.970         0.954         0.954         0.954         0.683
 C1             0.970         0.954         0.954         0.954         0.683
 C2             0.970         0.954         0.954         0.954         0.683
 C3             0.970         0.954         0.954         0.954         0.683
 C4             0.970         0.954         0.954         0.954         0.683
 C5             0.970         0.954         0.954         0.954         0.683
 C6             0.970         0.954         0.954         0.954         0.683
 C7             0.970         0.954         0.954         0.954         0.683
 C8             0.970         0.954         0.954         0.954         0.683
 C9             0.970         0.954         0.954         0.954         0.683
 C10            0.970         0.954         0.954         0.954         0.683
 PRSALC         0.970         0.954         0.954         0.954         0.683


           Covariance Coverage
              SEX           AGE           C1            C2            C3
              ________      ________      ________      ________      ________
 SEX            1.000
 AGE            1.000         1.000
 C1             1.000         1.000         1.000
 C2             1.000         1.000         1.000         1.000
 C3             1.000         1.000         1.000         1.000         1.000
 C4             1.000         1.000         1.000         1.000         1.000
 C5             1.000         1.000         1.000         1.000         1.000
 C6             1.000         1.000         1.000         1.000         1.000
 C7             1.000         1.000         1.000         1.000         1.000
 C8             1.000         1.000         1.000         1.000         1.000
 C9             1.000         1.000         1.000         1.000         1.000
 C10            1.000         1.000         1.000         1.000         1.000
 PRSALC         1.000         1.000         1.000         1.000         1.000


           Covariance Coverage
              C4            C5            C6            C7            C8
              ________      ________      ________      ________      ________
 C4             1.000
 C5             1.000         1.000
 C6             1.000         1.000         1.000
 C7             1.000         1.000         1.000         1.000
 C8             1.000         1.000         1.000         1.000         1.000
 C9             1.000         1.000         1.000         1.000         1.000
 C10            1.000         1.000         1.000         1.000         1.000
 PRSALC         1.000         1.000         1.000         1.000         1.000


           Covariance Coverage
              C9            C10           PRSALC
              ________      ________      ________
 C9             1.000
 C10            1.000         1.000
 PRSALC         1.000         1.000         1.000


SAMPLE STATISTICS


     ESTIMATED SAMPLE STATISTICS


           Means
              PARKNOW       PARDISC       PARCONT       PARSOL        ALC
              ________      ________      ________      ________      ________
               -0.055        -0.009         0.019        -0.005         0.055


           Means
              SEX           AGE           C1            C2            C3
              ________      ________      ________      ________      ________
                0.520        -0.002        -0.008         0.022         0.013


           Means
              C4            C5            C6            C7            C8
              ________      ________      ________      ________      ________
               -0.057        -0.019         0.005        -0.025        -0.003


           Means
              C9            C10           PRSALC
              ________      ________      ________
                0.017         0.029         0.004


           Covariances
              PARKNOW       PARDISC       PARCONT       PARSOL        ALC
              ________      ________      ________      ________      ________
 PARKNOW        0.958
 PARDISC        0.322         0.986
 PARCONT        0.234         0.309         1.005
 PARSOL         0.217         0.448         0.502         0.976
 ALC            0.081         0.142         0.095         0.058         1.028
 SEX           -0.010         0.089         0.132         0.118         0.169
 AGE            0.078         0.058         0.126         0.024         0.043
 C1             0.007         0.024        -0.016        -0.009         0.003
 C2             0.007         0.019         0.015         0.018         0.024
 C3             0.039        -0.007        -0.041        -0.053        -0.028
 C4             0.039         0.027         0.017         0.018         0.019
 C5            -0.007        -0.047        -0.010        -0.016         0.004
 C6             0.026         0.013         0.014         0.019        -0.013
 C7             0.027        -0.008         0.008        -0.012         0.026
 C8            -0.008         0.024         0.014         0.011        -0.016
 C9            -0.009        -0.018         0.017        -0.009        -0.009
 C10            0.012         0.000         0.002         0.007        -0.015
 PRSALC         0.072         0.073         0.013        -0.011         0.060


           Covariances
              SEX           AGE           C1            C2            C3
              ________      ________      ________      ________      ________
 SEX            0.250
 AGE            0.037         0.997
 C1            -0.016         0.048         0.905
 C2            -0.002         0.023         0.230         0.476
 C3            -0.021         0.033         0.071        -0.171         0.918
 C4             0.002        -0.013         0.039        -0.001        -0.014
 C5            -0.007         0.009        -0.009        -0.007        -0.028
 C6             0.005         0.012         0.004         0.056        -0.034
 C7             0.005        -0.015        -0.013        -0.023        -0.058
 C8             0.001         0.022         0.007         0.036        -0.048
 C9             0.011        -0.031        -0.012        -0.014        -0.038
 C10            0.000        -0.020         0.026        -0.014        -0.011
 PRSALC         0.008         0.043         0.058         0.018         0.003


           Covariances
              C4            C5            C6            C7            C8
              ________      ________      ________      ________      ________
 C4             0.502
 C5            -0.031         0.490
 C6            -0.010        -0.082         0.552
 C7             0.038         0.023         0.015         0.573
 C8            -0.044         0.030        -0.012        -0.026         0.551
 C9             0.013        -0.024         0.004         0.035        -0.014
 C10            0.025         0.010        -0.025         0.005         0.031
 PRSALC        -0.001        -0.004        -0.010        -0.008        -0.049


           Covariances
              C9            C10           PRSALC
              ________      ________      ________
 C9             0.567
 C10            0.029         0.550
 PRSALC        -0.006         0.013         1.007


           Correlations
              PARKNOW       PARDISC       PARCONT       PARSOL        ALC
              ________      ________      ________      ________      ________
 PARKNOW        1.000
 PARDISC        0.331         1.000
 PARCONT        0.239         0.310         1.000
 PARSOL         0.224         0.457         0.507         1.000
 ALC            0.081         0.141         0.093         0.058         1.000
 SEX           -0.020         0.179         0.263         0.239         0.333
 AGE            0.080         0.059         0.126         0.024         0.042
 C1             0.008         0.025        -0.017        -0.010         0.003
 C2             0.010         0.028         0.022         0.026         0.035
 C3             0.042        -0.008        -0.043        -0.055        -0.028
 C4             0.056         0.038         0.024         0.025         0.027
 C5            -0.010        -0.068        -0.015        -0.023         0.006
 C6             0.036         0.018         0.019         0.026        -0.018
 C7             0.037        -0.011         0.011        -0.016         0.033
 C8            -0.011         0.032         0.019         0.016        -0.021
 C9            -0.013        -0.024         0.023        -0.012        -0.012
 C10            0.016         0.000         0.003         0.009        -0.020
 PRSALC         0.074         0.073         0.013        -0.011         0.059


           Correlations
              SEX           AGE           C1            C2            C3
              ________      ________      ________      ________      ________
 SEX            1.000
 AGE            0.074         1.000
 C1            -0.034         0.051         1.000
 C2            -0.006         0.034         0.350         1.000
 C3            -0.044         0.034         0.078        -0.259         1.000
 C4             0.005        -0.019         0.059        -0.001        -0.021
 C5            -0.021         0.014        -0.014        -0.014        -0.041
 C6             0.014         0.016         0.006         0.109        -0.048
 C7             0.014        -0.020        -0.018        -0.044        -0.080
 C8             0.001         0.030         0.010         0.071        -0.068
 C9             0.030        -0.041        -0.017        -0.028        -0.053
 C10            0.000        -0.027         0.037        -0.028        -0.016
 PRSALC         0.017         0.043         0.061         0.026         0.003


           Correlations
              C4            C5            C6            C7            C8
              ________      ________      ________      ________      ________
 C4             1.000
 C5            -0.063         1.000
 C6            -0.019        -0.158         1.000
 C7             0.071         0.044         0.027         1.000
 C8            -0.084         0.058        -0.022        -0.046         1.000
 C9             0.024        -0.046         0.007         0.061        -0.024
 C10            0.049         0.020        -0.045         0.009         0.056
 PRSALC        -0.001        -0.006        -0.013        -0.010        -0.066


           Correlations
              C9            C10           PRSALC
              ________      ________      ________
 C9             1.000
 C10            0.052         1.000
 PRSALC        -0.008         0.018         1.000


     MAXIMUM LOG-LIKELIHOOD VALUE FOR THE UNRESTRICTED (H1) MODEL IS -34293.383


UNIVARIATE SAMPLE STATISTICS


     UNIVARIATE HIGHER-ORDER MOMENT DESCRIPTIVE STATISTICS

         Variable/         Mean/     Skewness/   Minimum/ % with                Percentiles
        Sample Size      Variance    Kurtosis    Maximum  Min/Max      20%/60%    40%/80%    Median

     PARKNOW              -0.056       1.540      -0.867   33.19%      -0.867     -0.674     -0.480
            1594.000       0.958       2.266       4.742    0.06%      -0.093      0.680
     PARDISC              -0.014       0.238      -2.035    1.79%      -0.956     -0.282     -0.012
            1568.000       0.984      -0.106       3.359    0.19%       0.257      0.797
     PARCONT               0.013       0.134      -1.901    2.55%      -0.843     -0.313      0.005
            1568.000       1.005      -0.581       2.334    1.28%       0.216      0.852
     PARSOL               -0.008      -0.003      -3.076    0.19%      -0.832     -0.271      0.010
            1568.000       0.974      -0.149       2.535    0.38%       0.291      0.852
     ALC                   0.038       1.565      -1.129    4.28%      -0.772     -0.416     -0.237
            1122.000       1.026       2.885       4.843    0.09%      -0.059      0.743
     SEX                   0.520      -0.082       0.000   47.96%       0.000      0.000      1.000
            1643.000       0.250      -1.993       1.000   52.04%       1.000      1.000
     AGE                  -0.002       0.389      -2.386    1.03%      -0.963     -0.963      0.461
            1643.000       0.997      -0.571       3.308    0.12%       0.461      0.461
     C1                   -0.008       4.668      -1.078    0.06%      -0.465     -0.274     -0.191
            1643.000       0.905      26.830       7.970    0.06%      -0.109      0.166
     C2                    0.022       2.859      -2.219    0.06%      -0.474     -0.148     -0.025
            1643.000       0.476      22.966       6.647    0.06%       0.130      0.472
     C3                    0.013       1.629      -5.903    0.06%      -0.553     -0.207     -0.055
            1643.000       0.918      14.224       7.023    0.06%       0.106      0.443
     C4                   -0.057       0.941      -2.124    0.06%      -0.639     -0.227     -0.058
            1643.000       0.502      10.434       8.131    0.06%       0.115      0.503
     C5                   -0.019       0.059      -2.454    0.06%      -0.591     -0.213     -0.030
            1643.000       0.490       0.120       2.382    0.06%       0.150      0.562
     C6                    0.005      -0.118      -4.142    0.06%      -0.601     -0.183      0.001
            1643.000       0.552       0.839       2.916    0.06%       0.189      0.603
     C7                   -0.025      -0.193      -3.734    0.06%      -0.657     -0.212      0.011
            1643.000       0.573       0.440       2.063    0.06%       0.179      0.611
     C8                   -0.003      -0.185      -4.189    0.06%      -0.653     -0.171      0.009
            1643.000       0.551       0.518       2.570    0.06%       0.199      0.604
     C9                    0.017      -0.090      -2.592    0.06%      -0.618     -0.163      0.040
            1643.000       0.567       0.140       2.719    0.06%       0.202      0.651
     C10                   0.029       0.029      -3.362    0.06%      -0.601     -0.139      0.032
            1643.000       0.550       0.542       3.648    0.06%       0.213      0.645
     PRSALC                0.004       0.090      -3.278    0.06%      -0.799     -0.282     -0.039
            1643.000       1.007       0.059       3.228    0.06%       0.246      0.845


THE MODEL ESTIMATION TERMINATED NORMALLY



MODEL FIT INFORMATION

Number of Free Parameters                       31

Loglikelihood

          H0 Value                       -9825.789
          H0 Scaling Correction Factor      1.0859
            for MLR
          H1 Value                       -9745.681
          H1 Scaling Correction Factor      1.0448
            for MLR

Information Criteria

          Akaike (AIC)                   19713.578
          Bayesian (BIC)                 19881.111
          Sample-Size Adjusted BIC       19782.629
            (n* = (n + 2) / 24)

Chi-Square Test of Model Fit

          Value                            156.883*
          Degrees of Freedom                    54
          P-Value                           0.0000
          Scaling Correction Factor         1.0213
            for MLR

*   The chi-square value for MLM, MLMV, MLR, ULSMV, WLSM and WLSMV cannot be used
    for chi-square difference testing in the regular way.  MLM, MLR and WLSM
    chi-square difference testing is described on the Mplus website.  MLMV, WLSMV,
    and ULSMV difference testing is done using the DIFFTEST option.

RMSEA (Root Mean Square Error Of Approximation)

          Estimate                           0.034
          90 Percent C.I.                    0.028  0.040
          Probability RMSEA <= .05           1.000

CFI/TLI

          CFI                                0.924
          TLI                                0.895

Chi-Square Test of Model Fit for the Baseline Model

          Value                           1434.596
          Degrees of Freedom                    75
          P-Value                           0.0000

SRMR (Standardized Root Mean Square Residual)

          Value                              0.030



MODEL RESULTS

                                                    Two-Tailed
                    Estimate       S.E.  Est./S.E.    P-Value

 F1INV    BY
    PARKNOW            1.000      0.000    999.000    999.000
    PARDISC            1.917      0.210      9.132      0.000
    PARCONT            2.247      0.245      9.164      0.000
    PARSOL             2.782      0.344      8.084      0.000

 F1INV    ON
    SEX                0.180      0.023      7.688      0.000
    AGE                0.018      0.010      1.842      0.065

 ALC      ON
    F1INV              0.027      0.140      0.190      0.849

 ALC      ON
    PRSALC             0.050      0.027      1.814      0.070
    SEX                0.670      0.062     10.863      0.000
    AGE                0.016      0.030      0.520      0.603
    C1                 0.001      0.048      0.021      0.983
    C2                 0.056      0.051      1.097      0.273
    C3                -0.007      0.034     -0.206      0.836
    C4                 0.033      0.043      0.764      0.445
    C5                 0.019      0.042      0.465      0.642
    C6                -0.036      0.039     -0.925      0.355
    C7                 0.041      0.040      1.041      0.298
    C8                -0.027      0.038     -0.708      0.479
    C9                -0.027      0.039     -0.695      0.487
    C10               -0.029      0.039     -0.727      0.467

 PARKNOW  WITH
    PARDISC            0.168      0.026      6.529      0.000

 Intercepts
    PARKNOW           -0.148      0.025     -5.868      0.000
    PARDISC           -0.189      0.032     -5.900      0.000
    PARCONT           -0.194      0.033     -5.799      0.000
    PARSOL            -0.265      0.035     -7.667      0.000
    ALC               -0.293      0.031     -9.320      0.000

 Residual Variances
    PARKNOW            0.878      0.047     18.655      0.000
    PARDISC            0.690      0.032     21.496      0.000
    PARCONT            0.597      0.032     18.400      0.000
    PARSOL             0.352      0.039      9.131      0.000
    ALC                0.905      0.059     15.341      0.000
    F1INV              0.072      0.016      4.437      0.000


STANDARDIZED MODEL RESULTS


STDYX Standardization

                                                    Two-Tailed
                    Estimate       S.E.  Est./S.E.    P-Value

 F1INV    BY
    PARKNOW            0.290      0.031      9.446      0.000
    PARDISC            0.548      0.023     23.697      0.000
    PARCONT            0.637      0.025     25.636      0.000
    PARSOL             0.799      0.025     31.543      0.000

 F1INV    ON
    SEX                0.316      0.028     11.101      0.000
    AGE                0.062      0.031      1.991      0.046

 ALC      ON
    F1INV              0.007      0.039      0.189      0.850

 ALC      ON
    PRSALC             0.049      0.027      1.816      0.069
    SEX                0.330      0.027     12.220      0.000
    AGE                0.015      0.030      0.519      0.604
    C1                 0.001      0.045      0.021      0.983
    C2                 0.038      0.035      1.095      0.274
    C3                -0.007      0.032     -0.206      0.837
    C4                 0.023      0.030      0.765      0.445
    C5                 0.013      0.029      0.466      0.641
    C6                -0.026      0.028     -0.927      0.354
    C7                 0.031      0.030      1.040      0.298
    C8                -0.019      0.027     -0.710      0.478
    C9                -0.020      0.029     -0.695      0.487
    C10               -0.021      0.029     -0.730      0.466

 PARKNOW  WITH
    PARDISC            0.216      0.029      7.407      0.000

 Intercepts
    PARKNOW           -0.151      0.028     -5.354      0.000
    PARDISC           -0.190      0.033     -5.844      0.000
    PARCONT           -0.193      0.033     -5.821      0.000
    PARSOL            -0.268      0.034     -7.814      0.000
    ALC               -0.289      0.034     -8.593      0.000

 Residual Variances
    PARKNOW            0.916      0.018     51.419      0.000
    PARDISC            0.699      0.025     27.573      0.000
    PARCONT            0.595      0.032     18.810      0.000
    PARSOL             0.361      0.041      8.908      0.000
    ALC                0.881      0.016     53.530      0.000
    F1INV              0.893      0.018     48.324      0.000


R-SQUARE

    Observed                                        Two-Tailed
    Variable        Estimate       S.E.  Est./S.E.    P-Value

    PARKNOW            0.084      0.018      4.723      0.000
    PARDISC            0.301      0.025     11.848      0.000
    PARCONT            0.405      0.032     12.818      0.000
    PARSOL             0.639      0.041     15.771      0.000
    ALC                0.119      0.016      7.257      0.000

     Latent                                         Two-Tailed
    Variable        Estimate       S.E.  Est./S.E.    P-Value

    F1INV              0.107      0.018      5.775      0.000


QUALITY OF NUMERICAL RESULTS

     Condition Number for the Information Matrix              0.105E-03
       (ratio of smallest to largest eigenvalue)


CONFIDENCE INTERVALS OF MODEL RESULTS

                  Lower .5%  Lower 2.5%    Lower 5%    Estimate    Upper 5%  Upper 2.5%   Upper .5%

 F1INV    BY
    PARKNOW          1.000       1.000       1.000       1.000       1.000       1.000       1.000
    PARDISC          1.377       1.506       1.572       1.917       2.263       2.329       2.458
    PARCONT          1.616       1.767       1.844       2.247       2.651       2.728       2.879
    PARSOL           1.895       2.107       2.215       2.782       3.348       3.456       3.668

 F1INV    ON
    SEX              0.120       0.134       0.141       0.180       0.218       0.226       0.240
    AGE             -0.007      -0.001       0.002       0.018       0.033       0.036       0.042

 ALC      ON
    F1INV           -0.333      -0.247      -0.203       0.027       0.256       0.300       0.387

 ALC      ON
    PRSALC          -0.021      -0.004       0.005       0.050       0.095       0.103       0.120
    SEX              0.511       0.549       0.568       0.670       0.771       0.791       0.828
    AGE             -0.062      -0.043      -0.034       0.016       0.065       0.075       0.093
    C1              -0.123      -0.093      -0.078       0.001       0.080       0.095       0.125
    C2              -0.076      -0.044      -0.028       0.056       0.141       0.157       0.188
    C3              -0.094      -0.073      -0.062      -0.007       0.048       0.059       0.080
    C4              -0.078      -0.051      -0.038       0.033       0.103       0.117       0.143
    C5              -0.088      -0.062      -0.049       0.019       0.088       0.101       0.126
    C6              -0.136      -0.112      -0.100      -0.036       0.028       0.040       0.064
    C7              -0.061      -0.036      -0.024       0.041       0.106       0.119       0.143
    C8              -0.123      -0.100      -0.088      -0.027       0.035       0.047       0.070
    C9              -0.128      -0.104      -0.092      -0.027       0.037       0.050       0.074
    C10             -0.130      -0.106      -0.094      -0.029       0.036       0.049       0.073

 PARKNOW  WITH
    PARDISC          0.102       0.118       0.126       0.168       0.210       0.218       0.234

 Intercepts
    PARKNOW         -0.213      -0.197      -0.190      -0.148      -0.107      -0.099      -0.083
    PARDISC         -0.271      -0.251      -0.241      -0.189      -0.136      -0.126      -0.106
    PARCONT         -0.280      -0.259      -0.249      -0.194      -0.139      -0.128      -0.108
    PARSOL          -0.353      -0.332      -0.321      -0.265      -0.208      -0.197      -0.176
    ALC             -0.374      -0.355      -0.345      -0.293      -0.241      -0.231      -0.212

 Residual Variances
    PARKNOW          0.756       0.785       0.800       0.878       0.955       0.970       0.999
    PARDISC          0.607       0.627       0.637       0.690       0.742       0.752       0.772
    PARCONT          0.514       0.534       0.544       0.597       0.651       0.661       0.681
    PARSOL           0.253       0.277       0.289       0.352       0.416       0.428       0.452
    ALC              0.753       0.789       0.808       0.905       1.002       1.021       1.057
    F1INV            0.030       0.040       0.045       0.072       0.099       0.104       0.114


CONFIDENCE INTERVALS OF STANDARDIZED MODEL RESULTS


STDYX Standardization

                  Lower .5%  Lower 2.5%    Lower 5%    Estimate    Upper 5%  Upper 2.5%   Upper .5%

 F1INV    BY
    PARKNOW          0.211       0.230       0.240       0.290       0.341       0.350       0.369
    PARDISC          0.489       0.503       0.510       0.548       0.586       0.594       0.608
    PARCONT          0.573       0.588       0.596       0.637       0.677       0.685       0.701
    PARSOL           0.734       0.750       0.758       0.799       0.841       0.849       0.865

 F1INV    ON
    SEX              0.243       0.260       0.269       0.316       0.363       0.372       0.390
    AGE             -0.018       0.001       0.011       0.062       0.113       0.123       0.142

 ALC      ON
    F1INV           -0.094      -0.069      -0.057       0.007       0.072       0.084       0.109

 ALC      ON
    PRSALC          -0.021      -0.004       0.005       0.049       0.094       0.102       0.119
    SEX              0.260       0.277       0.286       0.330       0.374       0.383       0.400
    AGE             -0.061      -0.043      -0.033       0.015       0.064       0.074       0.092
    C1              -0.115      -0.087      -0.073       0.001       0.075       0.089       0.117
    C2              -0.052      -0.030      -0.019       0.038       0.096       0.107       0.128
    C3              -0.089      -0.069      -0.059      -0.007       0.046       0.056       0.075
    C4              -0.054      -0.036      -0.026       0.023       0.072       0.082       0.100
    C5              -0.060      -0.043      -0.034       0.013       0.060       0.070       0.087
    C6              -0.100      -0.082      -0.073      -0.026       0.020       0.029       0.047
    C7              -0.045      -0.027      -0.018       0.031       0.079       0.089       0.107
    C8              -0.090      -0.073      -0.065      -0.019       0.026       0.034       0.051
    C9              -0.095      -0.077      -0.068      -0.020       0.028       0.037       0.055
    C10             -0.095      -0.077      -0.068      -0.021       0.026       0.035       0.053

 PARKNOW  WITH
    PARDISC          0.141       0.159       0.168       0.216       0.264       0.273       0.291

 Intercepts
    PARKNOW         -0.224      -0.207      -0.198      -0.151      -0.105      -0.096      -0.078
    PARDISC         -0.274      -0.254      -0.244      -0.190      -0.137      -0.126      -0.106
    PARCONT         -0.279      -0.258      -0.248      -0.193      -0.139      -0.128      -0.108
    PARSOL          -0.356      -0.335      -0.324      -0.268      -0.211      -0.201      -0.180
    ALC             -0.376      -0.355      -0.344      -0.289      -0.234      -0.223      -0.202

 Residual Variances
    PARKNOW          0.870       0.881       0.887       0.916       0.945       0.951       0.962
    PARDISC          0.634       0.650       0.658       0.699       0.741       0.749       0.765
    PARCONT          0.513       0.533       0.543       0.595       0.647       0.657       0.676
    PARSOL           0.257       0.282       0.294       0.361       0.428       0.440       0.465
    ALC              0.838       0.848       0.854       0.881       0.908       0.913       0.923
    F1INV            0.846       0.857       0.863       0.893       0.924       0.929       0.941


MODEL MODIFICATION INDICES

NOTE:  Modification indices for direct effects of observed dependent variables
regressed on covariates may not be included.  To include these, request
MODINDICES (ALL).

Minimum M.I. value for printing the modification index     4.000

                                   M.I.     E.P.C.  Std E.P.C.  StdYX E.P.C.

WITH Statements

PARCONT  WITH PARKNOW             15.585     0.086      0.086        0.119
PARCONT  WITH PARDISC             30.348    -0.159     -0.159       -0.248
PARSOL   WITH PARDISC             22.438     0.173      0.173        0.352


DIAGRAM INFORMATION

  Use View Diagram under the Diagram menu in the Mplus Editor to view the diagram.
  If running Mplus from the Mplus Diagrammer, the diagram opens automatically.

  Diagram output
    \\cnas.ru.nl\u642157\documents\6 trails\results\alc\alc_f1inv_1maineffects.dgm

     Beginning Time:  15:36:49
        Ending Time:  15:36:51
       Elapsed Time:  00:00:02



MUTHEN & MUTHEN
3463 Stoner Ave.
Los Angeles, CA  90066

Tel: (310) 391-9971
Fax: (310) 391-8971
Web: www.StatModel.com
Support: Support@StatModel.com

Copyright (c) 1998-2019 Muthen & Muthen
