Mplus VERSION 8.3
MUTHEN & MUTHEN
03/05/2020  12:11 PM

INPUT INSTRUCTIONS

    DATA:
         FILE IS  \\CNAS.RU.NL\U642157\Documents\6 TRAILS\datasets\full.csv;

    VARIABLE:
         NAMES ARE sex age C1 C2 C3 C4 C5 C6 C7 C8 C9 C10
         parknow pardisc parcont parsol rel_rej rel_warm
         parsmk parcpd paralc paraddep parcan
         prssmcpd prsalc prscan
         eversmk dailysmk cpd ftnd alc alcmonth audit can cupit1 cupit2 ;
         MISSING * ;
         USEVARIABLES sex age C1 C2 C3 C4 C5 C6 C7 C8 C9 C10
         parsmk paraddep parcan
         prsalc
         alc ;
         CATEGORICAL ARE parsmk paraddep parcan ;

      ANALYSIS: estimator=MLR  ;

      MODEL:
         !Latent factors parenting
         F2sub BY parsmk paraddep parcan ;

         !Main effects
         alc ON F2sub prsalc ;
         alc ON sex age C1 C2 C3 C4 C5 C6 C7 C8 C9 C10  ;

         F2sub ON sex age ;

         !rGE
         F2sub ON prsalc ;

       OUTPUT:
         SAMPSTAT CINTERVAL stdyx ;




*** WARNING
  Data set contains cases with missing on x-variables.
  These cases were not included in the analysis.
  Number of cases with missing on x-variables:  44
*** WARNING
  Data set contains cases with missing on all variables except
  x-variables.  These cases were not included in the analysis.
  Number of cases with missing on all variables except x-variables:  8
   2 WARNING(S) FOUND IN THE INPUT INSTRUCTIONS




SUMMARY OF ANALYSIS

Number of groups                                                 1
Number of observations                                        1641

Number of dependent variables                                    4
Number of independent variables                                 13
Number of continuous latent variables                            1

Observed dependent variables

  Continuous
   ALC

  Binary and ordered categorical (ordinal)
   PARSMK      PARADDEP    PARCAN

Observed independent variables
   SEX         AGE         C1          C2          C3          C4
   C5          C6          C7          C8          C9          C10
   PRSALC

Continuous latent variables
   F2SUB


Estimator                                                      MLR
Information matrix                                        OBSERVED
Optimization Specifications for the Quasi-Newton Algorithm for
Continuous Outcomes
  Maximum number of iterations                                 100
  Convergence criterion                                  0.100D-05
Optimization Specifications for the EM Algorithm
  Maximum number of iterations                                 500
  Convergence criteria
    Loglikelihood change                                 0.100D-02
    Relative loglikelihood change                        0.100D-05
    Derivative                                           0.100D-02
Optimization Specifications for the M step of the EM Algorithm for
Categorical Latent variables
  Number of M step iterations                                    1
  M step convergence criterion                           0.100D-02
  Basis for M step termination                           ITERATION
Optimization Specifications for the M step of the EM Algorithm for
Censored, Binary or Ordered Categorical (Ordinal), Unordered
Categorical (Nominal) and Count Outcomes
  Number of M step iterations                                    1
  M step convergence criterion                           0.100D-02
  Basis for M step termination                           ITERATION
  Maximum value for logit thresholds                            15
  Minimum value for logit thresholds                           -15
  Minimum expected cell size for chi-square              0.100D-01
Maximum number of iterations for H1                           2000
Convergence criterion for H1                             0.100D-03
Optimization algorithm                                         EMA
Integration Specifications
  Type                                                    STANDARD
  Number of integration points                                  15
  Dimensions of numerical integration                            1
  Adaptive quadrature                                           ON
Link                                                         LOGIT
Cholesky                                                       OFF

Input data file(s)
  \\CNAS.RU.NL\U642157\Documents\6 TRAILS\datasets\full.csv
Input data format  FREE


SUMMARY OF DATA

     Number of missing data patterns            15
     Number of y missing data patterns           2
     Number of u missing data patterns           8


COVARIANCE COVERAGE OF DATA

Minimum covariance coverage value   0.100


     PROPORTION OF DATA PRESENT


           Covariance Coverage
              PARSMK        PARADDEP      PARCAN        ALC           SEX
              ________      ________      ________      ________      ________
 PARSMK         0.903
 PARADDEP       0.870         0.960
 PARCAN         0.778         0.801         0.823
 ALC            0.622         0.660         0.582         0.684
 SEX            0.903         0.960         0.823         0.684         1.000
 AGE            0.903         0.960         0.823         0.684         1.000
 C1             0.903         0.960         0.823         0.684         1.000
 C2             0.903         0.960         0.823         0.684         1.000
 C3             0.903         0.960         0.823         0.684         1.000
 C4             0.903         0.960         0.823         0.684         1.000
 C5             0.903         0.960         0.823         0.684         1.000
 C6             0.903         0.960         0.823         0.684         1.000
 C7             0.903         0.960         0.823         0.684         1.000
 C8             0.903         0.960         0.823         0.684         1.000
 C9             0.903         0.960         0.823         0.684         1.000
 C10            0.903         0.960         0.823         0.684         1.000
 PRSALC         0.903         0.960         0.823         0.684         1.000


           Covariance Coverage
              AGE           C1            C2            C3            C4
              ________      ________      ________      ________      ________
 AGE            1.000
 C1             1.000         1.000
 C2             1.000         1.000         1.000
 C3             1.000         1.000         1.000         1.000
 C4             1.000         1.000         1.000         1.000         1.000
 C5             1.000         1.000         1.000         1.000         1.000
 C6             1.000         1.000         1.000         1.000         1.000
 C7             1.000         1.000         1.000         1.000         1.000
 C8             1.000         1.000         1.000         1.000         1.000
 C9             1.000         1.000         1.000         1.000         1.000
 C10            1.000         1.000         1.000         1.000         1.000
 PRSALC         1.000         1.000         1.000         1.000         1.000


           Covariance Coverage
              C5            C6            C7            C8            C9
              ________      ________      ________      ________      ________
 C5             1.000
 C6             1.000         1.000
 C7             1.000         1.000         1.000
 C8             1.000         1.000         1.000         1.000
 C9             1.000         1.000         1.000         1.000         1.000
 C10            1.000         1.000         1.000         1.000         1.000
 PRSALC         1.000         1.000         1.000         1.000         1.000


           Covariance Coverage
              C10           PRSALC
              ________      ________
 C10            1.000
 PRSALC         1.000         1.000


     PROPORTION OF DATA PRESENT FOR U


           Covariance Coverage
              PARSMK        PARADDEP      PARCAN
              ________      ________      ________
 PARSMK         0.903
 PARADDEP       0.870         0.960
 PARCAN         0.778         0.801         0.823


     PROPORTION OF DATA PRESENT FOR Y


           Covariance Coverage
              ALC           SEX           AGE           C1            C2
              ________      ________      ________      ________      ________
 ALC            0.684
 SEX            0.684         1.000
 AGE            0.684         1.000         1.000
 C1             0.684         1.000         1.000         1.000
 C2             0.684         1.000         1.000         1.000         1.000
 C3             0.684         1.000         1.000         1.000         1.000
 C4             0.684         1.000         1.000         1.000         1.000
 C5             0.684         1.000         1.000         1.000         1.000
 C6             0.684         1.000         1.000         1.000         1.000
 C7             0.684         1.000         1.000         1.000         1.000
 C8             0.684         1.000         1.000         1.000         1.000
 C9             0.684         1.000         1.000         1.000         1.000
 C10            0.684         1.000         1.000         1.000         1.000
 PRSALC         0.684         1.000         1.000         1.000         1.000


           Covariance Coverage
              C3            C4            C5            C6            C7
              ________      ________      ________      ________      ________
 C3             1.000
 C4             1.000         1.000
 C5             1.000         1.000         1.000
 C6             1.000         1.000         1.000         1.000
 C7             1.000         1.000         1.000         1.000         1.000
 C8             1.000         1.000         1.000         1.000         1.000
 C9             1.000         1.000         1.000         1.000         1.000
 C10            1.000         1.000         1.000         1.000         1.000
 PRSALC         1.000         1.000         1.000         1.000         1.000


           Covariance Coverage
              C8            C9            C10           PRSALC
              ________      ________      ________      ________
 C8             1.000
 C9             1.000         1.000
 C10            1.000         1.000         1.000
 PRSALC         1.000         1.000         1.000         1.000


UNIVARIATE PROPORTIONS AND COUNTS FOR CATEGORICAL VARIABLES

    PARSMK
      Category 1    0.505          749.000
      Category 2    0.495          733.000
    PARADDEP
      Category 1    0.930         1466.000
      Category 2    0.070          110.000
    PARCAN
      Category 1    0.956         1292.000
      Category 2    0.044           59.000


SAMPLE STATISTICS


     ESTIMATED SAMPLE STATISTICS


           Means
              ALC           SEX           AGE           C1            C2
              ________      ________      ________      ________      ________
                0.055         0.522        -0.002        -0.005         0.022


           Means
              C3            C4            C5            C6            C7
              ________      ________      ________      ________      ________
                0.015        -0.059        -0.017         0.005        -0.022


           Means
              C8            C9            C10           PRSALC
              ________      ________      ________      ________
               -0.003         0.020         0.028         0.004


           Covariances
              ALC           SEX           AGE           C1            C2
              ________      ________      ________      ________      ________
 ALC            1.027
 SEX            0.169         0.250
 AGE            0.043         0.036         0.993
 C1             0.007        -0.015         0.052         0.924
 C2             0.024        -0.003         0.021         0.229         0.476
 C3            -0.029        -0.021         0.033         0.076        -0.172
 C4             0.018         0.001        -0.016         0.039        -0.001
 C5             0.007        -0.007         0.007        -0.003        -0.008
 C6            -0.015         0.004         0.013         0.001         0.056
 C7             0.027         0.006        -0.015        -0.012        -0.023
 C8            -0.015         0.001         0.024         0.006         0.036
 C9            -0.009         0.011        -0.026        -0.012        -0.014
 C10           -0.015         0.001        -0.019         0.027        -0.013
 PRSALC         0.058         0.009         0.040         0.064         0.017


           Covariances
              C3            C4            C5            C6            C7
              ________      ________      ________      ________      ________
 C3             0.920
 C4            -0.015         0.500
 C5            -0.027        -0.031         0.492
 C6            -0.033        -0.011        -0.084         0.550
 C7            -0.058         0.038         0.022         0.016         0.573
 C8            -0.048        -0.043         0.031        -0.015        -0.025
 C9            -0.037         0.011        -0.024         0.004         0.034
 C10           -0.010         0.026         0.009        -0.023         0.006
 PRSALC         0.004         0.000        -0.004        -0.011        -0.008


           Covariances
              C8            C9            C10           PRSALC
              ________      ________      ________      ________
 C8             0.548
 C9            -0.015         0.567
 C10            0.031         0.030         0.551
 PRSALC        -0.049        -0.008         0.011         1.005


           Correlations
              ALC           SEX           AGE           C1            C2
              ________      ________      ________      ________      ________
 ALC            1.000
 SEX            0.333         1.000
 AGE            0.042         0.072         1.000
 C1             0.008        -0.030         0.054         1.000
 C2             0.034        -0.008         0.031         0.346         1.000
 C3            -0.030        -0.043         0.035         0.082        -0.260
 C4             0.025         0.002        -0.023         0.058        -0.002
 C5             0.010        -0.021         0.010        -0.004        -0.016
 C6            -0.020         0.010         0.017         0.001         0.109
 C7             0.035         0.016        -0.019        -0.017        -0.044
 C8            -0.021         0.002         0.032         0.009         0.071
 C9            -0.011         0.030        -0.034        -0.017        -0.027
 C10           -0.020         0.002        -0.025         0.038        -0.026
 PRSALC         0.057         0.017         0.040         0.066         0.025


           Correlations
              C3            C4            C5            C6            C7
              ________      ________      ________      ________      ________
 C3             1.000
 C4            -0.023         1.000
 C5            -0.040        -0.063         1.000
 C6            -0.047        -0.021        -0.161         1.000
 C7            -0.080         0.072         0.042         0.029         1.000
 C8            -0.067        -0.083         0.060        -0.026        -0.044
 C9            -0.051         0.021        -0.046         0.007         0.060
 C10           -0.014         0.049         0.018        -0.042         0.010
 PRSALC         0.004        -0.001        -0.006        -0.015        -0.010


           Correlations
              C8            C9            C10           PRSALC
              ________      ________      ________      ________
 C8             1.000
 C9            -0.027         1.000
 C10            0.056         0.053         1.000
 PRSALC        -0.065        -0.011         0.015         1.000


     MAXIMUM LOG-LIKELIHOOD VALUE FOR THE UNRESTRICTED (H1) MODEL IS -26066.203


UNIVARIATE SAMPLE STATISTICS


     UNIVARIATE HIGHER-ORDER MOMENT DESCRIPTIVE STATISTICS

         Variable/         Mean/     Skewness/   Minimum/ % with                Percentiles
        Sample Size      Variance    Kurtosis    Maximum  Min/Max      20%/60%    40%/80%    Median

     ALC                   0.038       1.565      -1.129    4.28%      -0.772     -0.416     -0.237
            1122.000       1.026       2.885       4.843    0.09%      -0.059      0.743
     SEX                   0.522      -0.087       0.000   47.84%       0.000      0.000      1.000
            1641.000       0.250      -1.992       1.000   52.16%       1.000      1.000
     AGE                  -0.002       0.397      -2.386    0.98%      -0.963     -0.963      0.461
            1641.000       0.993      -0.575       3.308    0.12%       0.461      0.461
     C1                   -0.005       4.633      -1.078    0.06%      -0.466     -0.275     -0.191
            1641.000       0.924      26.230       7.970    0.06%      -0.107      0.166
     C2                    0.022       2.867      -2.219    0.06%      -0.474     -0.148     -0.026
            1641.000       0.476      23.030       6.647    0.06%       0.129      0.471
     C3                    0.015       1.623      -5.903    0.06%      -0.553     -0.205     -0.054
            1641.000       0.920      14.171       7.023    0.06%       0.106      0.446
     C4                   -0.059       0.952      -2.124    0.06%      -0.642     -0.229     -0.061
            1641.000       0.500      10.514       8.131    0.06%       0.110      0.503
     C5                   -0.017       0.057      -2.454    0.06%      -0.591     -0.212     -0.027
            1641.000       0.492       0.117       2.382    0.06%       0.151      0.565
     C6                    0.005      -0.118      -4.142    0.06%      -0.601     -0.180      0.002
            1641.000       0.550       0.849       2.916    0.06%       0.189      0.603
     C7                   -0.022      -0.203      -3.734    0.06%      -0.652     -0.210      0.018
            1641.000       0.573       0.448       2.063    0.06%       0.183      0.612
     C8                   -0.003      -0.174      -4.189    0.06%      -0.653     -0.171      0.002
            1641.000       0.548       0.515       2.570    0.06%       0.197      0.603
     C9                    0.020      -0.095      -2.592    0.06%      -0.617     -0.159      0.044
            1641.000       0.567       0.144       2.719    0.06%       0.205      0.651
     C10                   0.028       0.032      -3.362    0.06%      -0.607     -0.139      0.032
            1641.000       0.551       0.536       3.648    0.06%       0.212      0.646
     PRSALC                0.004       0.089      -3.278    0.06%      -0.799     -0.282     -0.039
            1641.000       1.005       0.062       3.228    0.06%       0.246      0.845


THE MODEL ESTIMATION TERMINATED NORMALLY



MODEL FIT INFORMATION

Number of Free Parameters                       25

Loglikelihood

          H0 Value                       -3144.556
          H0 Scaling Correction Factor      1.0302
            for MLR

Information Criteria

          Akaike (AIC)                    6339.112
          Bayesian (BIC)                  6474.188
          Sample-Size Adjusted BIC        6394.767
            (n* = (n + 2) / 24)



MODEL RESULTS

                                                    Two-Tailed
                    Estimate       S.E.  Est./S.E.    P-Value

 F2SUB    BY
    PARSMK             1.000      0.000    999.000    999.000
    PARADDEP           0.993      0.324      3.065      0.002
    PARCAN             1.289      0.468      2.755      0.006

 F2SUB      ON
    SEX               -0.045      0.137     -0.330      0.742
    AGE                0.153      0.073      2.087      0.037
    PRSALC             0.091      0.066      1.378      0.168

 ALC        ON
    F2SUB              0.032      0.027      1.216      0.224

 ALC        ON
    PRSALC             0.047      0.027      1.725      0.085
    SEX                0.678      0.057     11.789      0.000
    AGE                0.011      0.030      0.371      0.711
    C1                -0.004      0.049     -0.076      0.939
    C2                 0.055      0.051      1.070      0.285
    C3                -0.006      0.034     -0.169      0.865
    C4                 0.032      0.043      0.757      0.449
    C5                 0.022      0.042      0.528      0.598
    C6                -0.036      0.039     -0.922      0.357
    C7                 0.040      0.040      1.006      0.314
    C8                -0.027      0.038     -0.714      0.475
    C9                -0.026      0.039     -0.658      0.510
    C10               -0.029      0.039     -0.747      0.455

 Intercepts
    ALC               -0.292      0.031     -9.312      0.000

 Thresholds
    PARSMK$1          -0.008      0.107     -0.076      0.939
    PARADDEP$1         3.610      0.361      9.998      0.000
    PARCAN$1           4.713      0.683      6.901      0.000

 Residual Variances
    ALC                0.902      0.059     15.207      0.000
    F2SUB              2.970      1.280      2.320      0.020


STANDARDIZED MODEL RESULTS


STDYX Standardization

                                                    Two-Tailed
                    Estimate       S.E.  Est./S.E.    P-Value

 F2SUB    BY
    PARSMK             0.691      0.077      8.914      0.000
    PARADDEP           0.688      0.069      9.951      0.000
    PARCAN             0.776      0.074     10.472      0.000

 F2SUB      ON
    SEX               -0.013      0.039     -0.330      0.741
    AGE                0.088      0.040      2.175      0.030
    PRSALC             0.053      0.039      1.364      0.173

 ALC        ON
    F2SUB              0.055      0.045      1.238      0.216

 ALC        ON
    PRSALC             0.047      0.027      1.727      0.084
    SEX                0.334      0.025     13.469      0.000
    AGE                0.011      0.029      0.371      0.711
    C1                -0.004      0.046     -0.076      0.939
    C2                 0.037      0.035      1.070      0.285
    C3                -0.005      0.032     -0.169      0.866
    C4                 0.023      0.030      0.758      0.448
    C5                 0.015      0.029      0.529      0.597
    C6                -0.026      0.029     -0.924      0.355
    C7                 0.030      0.030      1.006      0.315
    C8                -0.020      0.027     -0.716      0.474
    C9                -0.019      0.029     -0.659      0.510
    C10               -0.022      0.029     -0.749      0.454

 Intercepts
    ALC               -0.288      0.034     -8.594      0.000

 Thresholds
    PARSMK$1          -0.003      0.043     -0.076      0.939
    PARADDEP$1         1.444      0.058     25.092      0.000
    PARCAN$1           1.638      0.071     23.066      0.000

 Residual Variances
    ALC                0.877      0.018     49.654      0.000
    F2SUB              0.989      0.008    116.906      0.000


R-SQUARE

    Observed                                        Two-Tailed
    Variable        Estimate       S.E.  Est./S.E.    P-Value

    PARSMK             0.477      0.107      4.457      0.000
    PARADDEP           0.474      0.095      4.975      0.000
    PARCAN             0.603      0.115      5.236      0.000
    ALC                0.123      0.018      6.940      0.000

     Latent                                         Two-Tailed
    Variable        Estimate       S.E.  Est./S.E.    P-Value

    F2SUB              0.011      0.008      1.280      0.200


QUALITY OF NUMERICAL RESULTS

     Condition Number for the Information Matrix              0.746E-04
       (ratio of smallest to largest eigenvalue)


CONFIDENCE INTERVALS OF MODEL RESULTS

                  Lower .5%  Lower 2.5%    Lower 5%    Estimate    Upper 5%  Upper 2.5%   Upper .5%

 F2SUB    BY
    PARSMK           1.000       1.000       1.000       1.000       1.000       1.000       1.000
    PARADDEP         0.158       0.358       0.460       0.993       1.526       1.628       1.827
    PARCAN           0.084       0.372       0.519       1.289       2.058       2.206       2.494

 F2SUB    ON
    SEX             -0.398      -0.314      -0.271      -0.045       0.180       0.223       0.308
    AGE             -0.036       0.009       0.032       0.153       0.273       0.296       0.341
    PRSALC          -0.079      -0.039      -0.018       0.091       0.200       0.221       0.262

 ALC      ON
    F2SUB           -0.036      -0.020      -0.011       0.032       0.076       0.084       0.101

 ALC      ON
    PRSALC          -0.023      -0.006       0.002       0.047       0.092       0.101       0.117
    SEX              0.530       0.565       0.583       0.678       0.772       0.791       0.826
    AGE             -0.066      -0.047      -0.038       0.011       0.060       0.070       0.088
    C1              -0.130      -0.100      -0.084      -0.004       0.077       0.092       0.122
    C2              -0.077      -0.046      -0.030       0.055       0.140       0.156       0.187
    C3              -0.092      -0.072      -0.061      -0.006       0.050       0.060       0.081
    C4              -0.078      -0.051      -0.038       0.032       0.103       0.116       0.143
    C5              -0.085      -0.060      -0.047       0.022       0.090       0.104       0.129
    C6              -0.137      -0.113      -0.100      -0.036       0.028       0.041       0.065
    C7              -0.062      -0.038      -0.025       0.040       0.105       0.117       0.142
    C8              -0.124      -0.101      -0.089      -0.027       0.035       0.047       0.070
    C9              -0.127      -0.103      -0.090      -0.026       0.039       0.051       0.075
    C10             -0.131      -0.107      -0.094      -0.029       0.035       0.048       0.072

 Intercepts
    ALC             -0.373      -0.353      -0.344      -0.292      -0.240      -0.231      -0.211

 Thresholds
    PARSMK$1        -0.285      -0.219      -0.185      -0.008       0.169       0.202       0.269
    PARADDEP$1       2.680       2.902       3.016       3.610       4.203       4.317       4.539
    PARCAN$1         2.954       3.374       3.589       4.713       5.836       6.051       6.471

 Residual Variances
    ALC              0.749       0.786       0.804       0.902       1.000       1.018       1.055
    F2SUB           -0.328       0.461       0.864       2.970       5.076       5.480       6.268


CONFIDENCE INTERVALS OF STANDARDIZED MODEL RESULTS


STDYX Standardization

                  Lower .5%  Lower 2.5%    Lower 5%    Estimate    Upper 5%  Upper 2.5%   Upper .5%

 F2SUB    BY
    PARSMK           0.491       0.539       0.563       0.691       0.818       0.843       0.890
    PARADDEP         0.510       0.553       0.574       0.688       0.802       0.824       0.866
    PARCAN           0.585       0.631       0.654       0.776       0.898       0.922       0.967

 F2SUB    ON
    SEX             -0.115      -0.090      -0.078      -0.013       0.052       0.064       0.088
    AGE             -0.016       0.009       0.021       0.088       0.154       0.167       0.192
    PRSALC          -0.047      -0.023      -0.011       0.053       0.117       0.129       0.153

 ALC      ON
    F2SUB           -0.060      -0.032      -0.018       0.055       0.129       0.143       0.170

 ALC      ON
    PRSALC          -0.023      -0.006       0.002       0.047       0.091       0.099       0.116
    SEX              0.270       0.285       0.293       0.334       0.375       0.383       0.398
    AGE             -0.065      -0.047      -0.037       0.011       0.059       0.068       0.086
    C1              -0.123      -0.095      -0.080      -0.004       0.073       0.087       0.116
    C2              -0.053      -0.031      -0.020       0.037       0.095       0.106       0.127
    C3              -0.087      -0.068      -0.058      -0.005       0.047       0.057       0.077
    C4              -0.054      -0.036      -0.026       0.023       0.072       0.081       0.099
    C5              -0.059      -0.041      -0.032       0.015       0.062       0.072       0.089
    C6              -0.100      -0.082      -0.073      -0.026       0.021       0.030       0.047
    C7              -0.046      -0.028      -0.019       0.030       0.078       0.088       0.106
    C8              -0.090      -0.073      -0.065      -0.020       0.025       0.034       0.051
    C9              -0.094      -0.076      -0.067      -0.019       0.029       0.038       0.056
    C10             -0.096      -0.078      -0.069      -0.022       0.026       0.035       0.052

 Intercepts
    ALC             -0.374      -0.354      -0.343      -0.288      -0.233      -0.222      -0.202

 Thresholds
    PARSMK$1        -0.114      -0.087      -0.074      -0.003       0.067       0.081       0.107
    PARADDEP$1       1.296       1.331       1.349       1.444       1.539       1.557       1.592
    PARCAN$1         1.455       1.499       1.521       1.638       1.755       1.777       1.821

 Residual Variances
    ALC              0.832       0.843       0.848       0.877       0.906       0.912       0.923
    F2SUB            0.967       0.973       0.975       0.989       1.003       1.006       1.011


     Beginning Time:  12:11:33
        Ending Time:  12:11:52
       Elapsed Time:  00:00:19



MUTHEN & MUTHEN
3463 Stoner Ave.
Los Angeles, CA  90066

Tel: (310) 391-9971
Fax: (310) 391-8971
Web: www.StatModel.com
Support: Support@StatModel.com

Copyright (c) 1998-2019 Muthen & Muthen
