Mplus VERSION 8.3
MUTHEN & MUTHEN
03/05/2020  12:13 PM

INPUT INSTRUCTIONS

    DATA:
         FILE IS  \\CNAS.RU.NL\U642157\Documents\6 TRAILS\datasets\full.csv;

    VARIABLE:
         NAMES ARE sex age C1 C2 C3 C4 C5 C6 C7 C8 C9 C10
         parknow pardisc parcont parsol rel_rej rel_warm
         parsmk parcpd paralc paraddep parcan
         prssmcpd prsalc prscan
         eversmk dailysmk cpd ftnd alc alcmonth audit can cupit1 cupit2 ;
         MISSING * ;
         USEVARIABLES sex age C1 C2 C3 C4 C5 C6 C7 C8 C9 C10
         rel_rej rel_warm
         prscan
         can ;
         CATEGORICAL ARE can ;

      ANALYSIS: estimator=MLR ;
         TYPE=RANDOM ;
         ALGORITHM=INTEGRATION ;

      MODEL:
         !Latent factors parenting
         F3rel BY rel_rej-rel_warm*(1) ;
         F3rel@1 ;

         !Latent factor interaction
         intrel | prscan XWITH F3rel ;

         !Main effects
         can ON F3rel prscan ;
         can ON sex age C1 C2 C3 C4 C5 C6 C7 C8 C9 C10 ;

         !GxE
         can ON intrel ;

         !rGE effect
         F3rel ON prscan ;

         F3rel ON sex age ;

       OUTPUT:
         SAMPSTAT CINTERVAL STDYX ;




*** WARNING
  Data set contains cases with missing on x-variables.
  These cases were not included in the analysis.
  Number of cases with missing on x-variables:  44
*** WARNING
  Data set contains cases with missing on all variables except
  x-variables.  These cases were not included in the analysis.
  Number of cases with missing on all variables except x-variables:  4
   2 WARNING(S) FOUND IN THE INPUT INSTRUCTIONS




SUMMARY OF ANALYSIS

Number of groups                                                 1
Number of observations                                        1645

Number of dependent variables                                    3
Number of independent variables                                 13
Number of continuous latent variables                            2

Observed dependent variables

  Continuous
   REL_REJ     REL_WARM

  Binary and ordered categorical (ordinal)
   CAN

Observed independent variables
   SEX         AGE         C1          C2          C3          C4
   C5          C6          C7          C8          C9          C10
   PRSCAN

Continuous latent variables
   F3REL       INTREL


Estimator                                                      MLR
Information matrix                                        OBSERVED
Optimization Specifications for the Quasi-Newton Algorithm for
Continuous Outcomes
  Maximum number of iterations                                 100
  Convergence criterion                                  0.100D-05
Optimization Specifications for the EM Algorithm
  Maximum number of iterations                                 500
  Convergence criteria
    Loglikelihood change                                 0.100D-02
    Relative loglikelihood change                        0.100D-05
    Derivative                                           0.100D-02
Optimization Specifications for the M step of the EM Algorithm for
Categorical Latent variables
  Number of M step iterations                                    1
  M step convergence criterion                           0.100D-02
  Basis for M step termination                           ITERATION
Optimization Specifications for the M step of the EM Algorithm for
Censored, Binary or Ordered Categorical (Ordinal), Unordered
Categorical (Nominal) and Count Outcomes
  Number of M step iterations                                    1
  M step convergence criterion                           0.100D-02
  Basis for M step termination                           ITERATION
  Maximum value for logit thresholds                            15
  Minimum value for logit thresholds                           -15
  Minimum expected cell size for chi-square              0.100D-01
Maximum number of iterations for H1                           2000
Convergence criterion for H1                             0.100D-03
Optimization algorithm                                         EMA
Integration Specifications
  Type                                                    STANDARD
  Number of integration points                                  15
  Dimensions of numerical integration                            1
  Adaptive quadrature                                           ON
Link                                                         LOGIT
Cholesky                                                       OFF

Input data file(s)
  \\CNAS.RU.NL\U642157\Documents\6 TRAILS\datasets\full.csv
Input data format  FREE


SUMMARY OF DATA

     Number of missing data patterns             4
     Number of y missing data patterns           3
     Number of u missing data patterns           2


COVARIANCE COVERAGE OF DATA

Minimum covariance coverage value   0.100


     PROPORTION OF DATA PRESENT


           Covariance Coverage
              CAN           REL_REJ       REL_WARM      SEX           AGE
              ________      ________      ________      ________      ________
 CAN            0.790
 REL_REJ        0.787         0.996
 REL_WARM       0.787         0.996         0.997
 SEX            0.790         0.996         0.997         1.000
 AGE            0.790         0.996         0.997         1.000         1.000
 C1             0.790         0.996         0.997         1.000         1.000
 C2             0.790         0.996         0.997         1.000         1.000
 C3             0.790         0.996         0.997         1.000         1.000
 C4             0.790         0.996         0.997         1.000         1.000
 C5             0.790         0.996         0.997         1.000         1.000
 C6             0.790         0.996         0.997         1.000         1.000
 C7             0.790         0.996         0.997         1.000         1.000
 C8             0.790         0.996         0.997         1.000         1.000
 C9             0.790         0.996         0.997         1.000         1.000
 C10            0.790         0.996         0.997         1.000         1.000
 PRSCAN         0.790         0.996         0.997         1.000         1.000


           Covariance Coverage
              C1            C2            C3            C4            C5
              ________      ________      ________      ________      ________
 C1             1.000
 C2             1.000         1.000
 C3             1.000         1.000         1.000
 C4             1.000         1.000         1.000         1.000
 C5             1.000         1.000         1.000         1.000         1.000
 C6             1.000         1.000         1.000         1.000         1.000
 C7             1.000         1.000         1.000         1.000         1.000
 C8             1.000         1.000         1.000         1.000         1.000
 C9             1.000         1.000         1.000         1.000         1.000
 C10            1.000         1.000         1.000         1.000         1.000
 PRSCAN         1.000         1.000         1.000         1.000         1.000


           Covariance Coverage
              C6            C7            C8            C9            C10
              ________      ________      ________      ________      ________
 C6             1.000
 C7             1.000         1.000
 C8             1.000         1.000         1.000
 C9             1.000         1.000         1.000         1.000
 C10            1.000         1.000         1.000         1.000         1.000
 PRSCAN         1.000         1.000         1.000         1.000         1.000


           Covariance Coverage
              PRSCAN
              ________
 PRSCAN         1.000


     PROPORTION OF DATA PRESENT FOR U


           Covariance Coverage
              CAN
              ________
 CAN            0.790


     PROPORTION OF DATA PRESENT FOR Y


           Covariance Coverage
              REL_REJ       REL_WARM      SEX           AGE           C1
              ________      ________      ________      ________      ________
 REL_REJ        0.996
 REL_WARM       0.996         0.997
 SEX            0.996         0.997         1.000
 AGE            0.996         0.997         1.000         1.000
 C1             0.996         0.997         1.000         1.000         1.000
 C2             0.996         0.997         1.000         1.000         1.000
 C3             0.996         0.997         1.000         1.000         1.000
 C4             0.996         0.997         1.000         1.000         1.000
 C5             0.996         0.997         1.000         1.000         1.000
 C6             0.996         0.997         1.000         1.000         1.000
 C7             0.996         0.997         1.000         1.000         1.000
 C8             0.996         0.997         1.000         1.000         1.000
 C9             0.996         0.997         1.000         1.000         1.000
 C10            0.996         0.997         1.000         1.000         1.000
 PRSCAN         0.996         0.997         1.000         1.000         1.000


           Covariance Coverage
              C2            C3            C4            C5            C6
              ________      ________      ________      ________      ________
 C2             1.000
 C3             1.000         1.000
 C4             1.000         1.000         1.000
 C5             1.000         1.000         1.000         1.000
 C6             1.000         1.000         1.000         1.000         1.000
 C7             1.000         1.000         1.000         1.000         1.000
 C8             1.000         1.000         1.000         1.000         1.000
 C9             1.000         1.000         1.000         1.000         1.000
 C10            1.000         1.000         1.000         1.000         1.000
 PRSCAN         1.000         1.000         1.000         1.000         1.000


           Covariance Coverage
              C7            C8            C9            C10           PRSCAN
              ________      ________      ________      ________      ________
 C7             1.000
 C8             1.000         1.000
 C9             1.000         1.000         1.000
 C10            1.000         1.000         1.000         1.000
 PRSCAN         1.000         1.000         1.000         1.000         1.000


UNIVARIATE PROPORTIONS AND COUNTS FOR CATEGORICAL VARIABLES

    CAN
      Category 1    0.412          535.000
      Category 2    0.588          764.000


SAMPLE STATISTICS


     ESTIMATED SAMPLE STATISTICS


           Means
              REL_REJ       REL_WARM      SEX           AGE           C1
              ________      ________      ________      ________      ________
                0.020        -0.036         0.521         0.000        -0.008


           Means
              C2            C3            C4            C5            C6
              ________      ________      ________      ________      ________
                0.021         0.015        -0.058        -0.017         0.003


           Means
              C7            C8            C9            C10           PRSCAN
              ________      ________      ________      ________      ________
               -0.024        -0.004         0.018         0.028         0.013


           Covariances
              REL_REJ       REL_WARM      SEX           AGE           C1
              ________      ________      ________      ________      ________
 REL_REJ        0.959
 REL_WARM       0.331         0.952
 SEX            0.076         0.070         0.250
 AGE            0.010        -0.009         0.038         0.998
 C1            -0.024        -0.028        -0.016         0.048         0.915
 C2            -0.028         0.019        -0.003         0.023         0.223
 C3             0.019        -0.017        -0.020         0.035         0.078
 C4             0.009         0.014         0.002        -0.014         0.041
 C5             0.015        -0.012        -0.007         0.008        -0.002
 C6            -0.013        -0.028         0.005         0.013        -0.003
 C7            -0.001        -0.038         0.006        -0.013        -0.011
 C8             0.022         0.040         0.001         0.022         0.007
 C9             0.031         0.028         0.012        -0.030        -0.011
 C10            0.032         0.010         0.000        -0.018         0.026
 PRSCAN        -0.014         0.010        -0.004         0.021         0.148


           Covariances
              C2            C3            C4            C5            C6
              ________      ________      ________      ________      ________
 C2             0.472
 C3            -0.169         0.917
 C4             0.000        -0.016         0.502
 C5            -0.007        -0.027        -0.031         0.492
 C6             0.054        -0.032        -0.010        -0.083         0.550
 C7            -0.022        -0.058         0.036         0.023         0.016
 C8             0.036        -0.048        -0.044         0.031        -0.013
 C9            -0.014        -0.037         0.012        -0.024         0.004
 C10           -0.014        -0.010         0.025         0.010        -0.025
 PRSCAN         0.032         0.030         0.011        -0.017        -0.010


           Covariances
              C7            C8            C9            C10           PRSCAN
              ________      ________      ________      ________      ________
 C7             0.573
 C8            -0.026         0.551
 C9             0.036        -0.014         0.568
 C10            0.006         0.030         0.030         0.550
 PRSCAN         0.002        -0.020        -0.006        -0.006         0.980


           Correlations
              REL_REJ       REL_WARM      SEX           AGE           C1
              ________      ________      ________      ________      ________
 REL_REJ        1.000
 REL_WARM       0.346         1.000
 SEX            0.156         0.144         1.000
 AGE            0.010        -0.009         0.076         1.000
 C1            -0.025        -0.030        -0.033         0.050         1.000
 C2            -0.041         0.028        -0.008         0.033         0.340
 C3             0.020        -0.019        -0.043         0.036         0.085
 C4             0.012         0.020         0.005        -0.019         0.060
 C5             0.022        -0.018        -0.019         0.012        -0.003
 C6            -0.017        -0.039         0.013         0.017        -0.004
 C7            -0.002        -0.051         0.016        -0.018        -0.016
 C8             0.030         0.055         0.001         0.029         0.009
 C9             0.043         0.038         0.032        -0.039        -0.016
 C10            0.044         0.014         0.000        -0.025         0.036
 PRSCAN        -0.014         0.010        -0.008         0.021         0.156


           Correlations
              C2            C3            C4            C5            C6
              ________      ________      ________      ________      ________
 C2             1.000
 C3            -0.257         1.000
 C4             0.000        -0.023         1.000
 C5            -0.014        -0.041        -0.062         1.000
 C6             0.106        -0.045        -0.019        -0.159         1.000
 C7            -0.043        -0.079         0.068         0.043         0.028
 C8             0.070        -0.068        -0.083         0.060        -0.024
 C9            -0.027        -0.051         0.022        -0.045         0.007
 C10           -0.028        -0.014         0.048         0.019        -0.045
 PRSCAN         0.048         0.032         0.015        -0.025        -0.014


           Correlations
              C7            C8            C9            C10           PRSCAN
              ________      ________      ________      ________      ________
 C7             1.000
 C8            -0.046         1.000
 C9             0.062        -0.024         1.000
 C10            0.010         0.054         0.053         1.000
 PRSCAN         0.002        -0.027        -0.008        -0.008         1.000


     MAXIMUM LOG-LIKELIHOOD VALUE FOR THE UNRESTRICTED (H1) MODEL IS -28983.052


UNIVARIATE SAMPLE STATISTICS


     UNIVARIATE HIGHER-ORDER MOMENT DESCRIPTIVE STATISTICS

         Variable/         Mean/     Skewness/   Minimum/ % with                Percentiles
        Sample Size      Variance    Kurtosis    Maximum  Min/Max      20%/60%    40%/80%    Median

     REL_REJ               0.020       1.270      -1.567    0.61%      -0.741     -0.374     -0.191
            1639.000       0.959       2.534       4.765    0.06%       0.085      0.635
     REL_WARM             -0.036       0.726      -1.589    0.85%      -0.929     -0.490     -0.215
            1640.000       0.952       0.158       4.017    0.06%       0.060      0.774
     SEX                   0.521      -0.084       0.000   47.90%       0.000      0.000      1.000
            1645.000       0.250      -1.993       1.000   52.10%       1.000      1.000
     AGE                   0.000       0.388      -2.386    1.03%      -0.963     -0.963      0.461
            1645.000       0.998      -0.574       3.308    0.12%       0.461      0.461
     C1                   -0.008       4.668      -1.078    0.06%      -0.466     -0.274     -0.191
            1645.000       0.915      26.687       7.970    0.06%      -0.109      0.165
     C2                    0.021       2.872      -2.219    0.06%      -0.474     -0.148     -0.026
            1645.000       0.472      23.279       6.647    0.06%       0.129      0.471
     C3                    0.015       1.628      -5.903    0.06%      -0.550     -0.205     -0.054
            1645.000       0.917      14.246       7.023    0.06%       0.112      0.445
     C4                   -0.058       0.942      -2.124    0.06%      -0.641     -0.229     -0.060
            1645.000       0.502      10.408       8.131    0.06%       0.111      0.503
     C5                   -0.017       0.057      -2.454    0.06%      -0.591     -0.212     -0.023
            1645.000       0.492       0.117       2.382    0.06%       0.151      0.565
     C6                    0.003      -0.119      -4.142    0.06%      -0.601     -0.183     -0.004
            1645.000       0.550       0.843       2.916    0.06%       0.185      0.601
     C7                   -0.024      -0.197      -3.734    0.06%      -0.657     -0.211      0.012
            1645.000       0.573       0.440       2.063    0.06%       0.182      0.611
     C8                   -0.004      -0.183      -4.189    0.06%      -0.653     -0.171      0.006
            1645.000       0.551       0.517       2.570    0.06%       0.196      0.604
     C9                    0.018      -0.090      -2.592    0.06%      -0.620     -0.163      0.044
            1645.000       0.568       0.132       2.719    0.06%       0.204      0.651
     C10                   0.028       0.031      -3.362    0.06%      -0.604     -0.139      0.032
            1645.000       0.550       0.537       3.648    0.06%       0.212      0.646
     PRSCAN                0.013       0.012      -2.828    0.06%      -0.801     -0.246      0.003
            1645.000       0.980      -0.023       4.235    0.06%       0.248      0.857


THE MODEL ESTIMATION TERMINATED NORMALLY



MODEL FIT INFORMATION

Number of Free Parameters                       24

Loglikelihood

          H0 Value                       -5292.564
          H0 Scaling Correction Factor      1.1020
            for MLR

Information Criteria

          Akaike (AIC)                   10633.129
          Bayesian (BIC)                 10762.861
          Sample-Size Adjusted BIC       10686.617
            (n* = (n + 2) / 24)



MODEL RESULTS

                                                    Two-Tailed
                    Estimate       S.E.  Est./S.E.    P-Value

 F3REL    BY
    REL_REJ            0.557      0.026     21.682      0.000
    REL_WARM           0.557      0.026     21.682      0.000

 F3REL      ON
    PRSCAN            -0.006      0.038     -0.163      0.870
    SEX                0.523      0.073      7.204      0.000
    AGE               -0.018      0.036     -0.502      0.615

 CAN        ON
    F3REL             -0.058      0.091     -0.633      0.527
    INTREL             0.122      0.100      1.227      0.220

 CAN        ON
    PRSCAN             0.261      0.067      3.874      0.000
    SEX                0.292      0.125      2.338      0.019
    AGE                0.227      0.059      3.860      0.000
    C1                -0.092      0.080     -1.145      0.252
    C2                -0.110      0.100     -1.100      0.271
    C3                 0.026      0.066      0.385      0.700
    C4                 0.091      0.087      1.053      0.292
    C5                -0.054      0.085     -0.630      0.528
    C6                 0.027      0.081      0.337      0.736
    C7                 0.174      0.076      2.283      0.022
    C8                -0.160      0.080     -2.002      0.045
    C9                -0.045      0.078     -0.580      0.562
    C10                0.127      0.081      1.574      0.115

 Intercepts
    REL_REJ           -0.132      0.029     -4.498      0.000
    REL_WARM          -0.188      0.030     -6.264      0.000

 Thresholds
    CAN$1             -0.250      0.081     -3.100      0.002

 Residual Variances
    REL_REJ            0.625      0.040     15.787      0.000
    REL_WARM           0.623      0.037     16.943      0.000
    F3REL              1.000      0.000    999.000    999.000


LOGISTIC REGRESSION ODDS RATIO RESULTS

                                         (Est. - 1) Two-Tailed
                    Estimate       S.E.     / S.E.    P-Value

 CAN        ON
    F3REL              0.944      0.086     -0.651      0.515
    INTREL             1.130      0.113      1.155      0.248

 CAN        ON
    PRSCAN             1.298      0.087      3.410      0.001
    SEX                1.338      0.167      2.028      0.043
    AGE                1.255      0.074      3.453      0.001
    C1                 0.912      0.073     -1.199      0.230
    C2                 0.896      0.089     -1.163      0.245
    C3                 1.026      0.068      0.381      0.704
    C4                 1.096      0.095      1.007      0.314
    C5                 0.948      0.081     -0.648      0.517
    C6                 1.028      0.083      0.332      0.740
    C7                 1.190      0.091      2.096      0.036
    C8                 0.852      0.068     -2.170      0.030
    C9                 0.956      0.075     -0.593      0.553
    C10                1.136      0.092      1.478      0.139


STANDARDIZED MODEL RESULTS


STDYX Standardization

                                                    Two-Tailed
                    Estimate       S.E.  Est./S.E.    P-Value

 F3REL    BY
    REL_REJ            0.589      0.021     28.318      0.000
    REL_WARM           0.589      0.025     23.951      0.000

 F3REL      ON
    PRSCAN            -0.006      0.037     -0.163      0.870
    SEX                0.253      0.033      7.633      0.000
    AGE               -0.018      0.035     -0.503      0.615

 CAN        ON
    F3REL             -0.032      0.050     -0.633      0.527
    INTREL             0.067      0.054      1.233      0.218

 CAN        ON
    PRSCAN             0.137      0.035      3.917      0.000
    SEX                0.078      0.033      2.350      0.019
    AGE                0.121      0.031      3.907      0.000
    C1                -0.047      0.041     -1.147      0.251
    C2                -0.040      0.036     -1.102      0.271
    C3                 0.013      0.034      0.386      0.700
    C4                 0.034      0.033      1.055      0.291
    C5                -0.020      0.032     -0.631      0.528
    C6                 0.011      0.032      0.337      0.736
    C7                 0.070      0.031      2.293      0.022
    C8                -0.063      0.031     -2.008      0.045
    C9                -0.018      0.031     -0.580      0.562
    C10                0.050      0.032      1.578      0.115

 Intercepts
    REL_REJ           -0.135      0.031     -4.302      0.000
    REL_WARM          -0.192      0.032     -6.043      0.000

 Thresholds
    CAN$1             -0.133      0.043     -3.090      0.002

 Residual Variances
    REL_REJ            0.653      0.024     26.683      0.000
    REL_WARM           0.653      0.029     22.508      0.000
    F3REL              0.936      0.017     56.252      0.000


R-SQUARE

    Observed                                        Two-Tailed
    Variable        Estimate       S.E.  Est./S.E.    P-Value

    CAN                0.067      0.017      3.904      0.000
    REL_REJ            0.347      0.024     14.159      0.000
    REL_WARM           0.347      0.029     11.976      0.000

     Latent                                         Two-Tailed
    Variable        Estimate       S.E.  Est./S.E.    P-Value

    F3REL              0.064      0.017      3.821      0.000


QUALITY OF NUMERICAL RESULTS

     Condition Number for the Information Matrix              0.273E-03
       (ratio of smallest to largest eigenvalue)


CONFIDENCE INTERVALS OF MODEL RESULTS

                  Lower .5%  Lower 2.5%    Lower 5%    Estimate    Upper 5%  Upper 2.5%   Upper .5%

 F3REL    BY
    REL_REJ          0.491       0.507       0.515       0.557       0.599       0.608       0.623
    REL_WARM         0.491       0.507       0.515       0.557       0.599       0.608       0.623

 F3REL    ON
    PRSCAN          -0.105      -0.082      -0.070      -0.006       0.057       0.069       0.093
    SEX              0.336       0.381       0.404       0.523       0.642       0.665       0.710
    AGE             -0.111      -0.089      -0.078      -0.018       0.041       0.053       0.075

 CAN      ON
    F3REL           -0.292      -0.236      -0.207      -0.058       0.092       0.121       0.177
    INTREL          -0.134      -0.073      -0.042       0.122       0.286       0.317       0.379

 CAN      ON
    PRSCAN           0.087       0.129       0.150       0.261       0.371       0.392       0.434
    SEX             -0.030       0.047       0.086       0.292       0.497       0.536       0.613
    AGE              0.076       0.112       0.130       0.227       0.324       0.342       0.378
    C1              -0.298      -0.248      -0.223      -0.092       0.040       0.065       0.114
    C2              -0.366      -0.305      -0.274      -0.110       0.054       0.086       0.147
    C3              -0.145      -0.104      -0.083       0.026       0.134       0.155       0.196
    C4              -0.132      -0.079      -0.051       0.091       0.234       0.262       0.315
    C5              -0.274      -0.221      -0.194      -0.054       0.087       0.114       0.166
    C6              -0.181      -0.131      -0.106       0.027       0.160       0.186       0.235
    C7              -0.022       0.025       0.049       0.174       0.299       0.323       0.370
    C8              -0.365      -0.316      -0.291      -0.160      -0.028      -0.003       0.046
    C9              -0.247      -0.199      -0.174      -0.045       0.083       0.108       0.156
    C10             -0.081      -0.031      -0.006       0.127       0.260       0.285       0.335

 Intercepts
    REL_REJ         -0.207      -0.189      -0.180      -0.132      -0.083      -0.074      -0.056
    REL_WARM        -0.265      -0.246      -0.237      -0.188      -0.138      -0.129      -0.111

 Thresholds
    CAN$1           -0.458      -0.408      -0.383      -0.250      -0.117      -0.092      -0.042

 Residual Variances
    REL_REJ          0.523       0.547       0.560       0.625       0.690       0.702       0.727
    REL_WARM         0.528       0.551       0.563       0.623       0.684       0.695       0.718
    F3REL            1.000       1.000       1.000       1.000       1.000       1.000       1.000


CONFIDENCE INTERVALS FOR THE LOGISTIC REGRESSION ODDS RATIO RESULTS

 CAN      ON
    F3REL            0.747       0.790       0.813       0.944       1.096       1.128       1.193
    INTREL           0.874       0.930       0.959       1.130       1.331       1.374       1.461

 CAN      ON
    PRSCAN           1.091       1.137       1.162       1.298       1.449       1.480       1.543
    SEX              0.971       1.048       1.090       1.338       1.643       1.709       1.845
    AGE              1.078       1.118       1.139       1.255       1.382       1.408       1.460
    C1               0.743       0.780       0.800       0.912       1.041       1.067       1.121
    C2               0.693       0.737       0.761       0.896       1.056       1.089       1.158
    C3               0.865       0.901       0.920       1.026       1.144       1.168       1.217
    C4               0.876       0.924       0.950       1.096       1.264       1.299       1.370
    C5               0.760       0.801       0.823       0.948       1.091       1.120       1.181
    C6               0.834       0.877       0.900       1.028       1.174       1.204       1.265
    C7               0.978       1.025       1.050       1.190       1.348       1.381       1.447
    C8               0.694       0.729       0.748       0.852       0.972       0.997       1.047
    C9               0.781       0.820       0.840       0.956       1.087       1.114       1.169
    C10              0.922       0.969       0.994       1.136       1.297       1.330       1.398


CONFIDENCE INTERVALS OF STANDARDIZED MODEL RESULTS


STDYX Standardization

                  Lower .5%  Lower 2.5%    Lower 5%    Estimate    Upper 5%  Upper 2.5%   Upper .5%

 F3REL    BY
    REL_REJ          0.535       0.548       0.555       0.589       0.623       0.630       0.642
    REL_WARM         0.526       0.541       0.549       0.589       0.630       0.638       0.653

 F3REL    ON
    PRSCAN          -0.101      -0.078      -0.067      -0.006       0.055       0.066       0.089
    SEX              0.167       0.188       0.198       0.253       0.307       0.318       0.338
    AGE             -0.108      -0.086      -0.075      -0.018       0.040       0.051       0.073

 CAN      ON
    F3REL           -0.160      -0.130      -0.114      -0.032       0.051       0.066       0.097
    INTREL          -0.073      -0.039      -0.022       0.067       0.155       0.172       0.206

 CAN      ON
    PRSCAN           0.047       0.069       0.080       0.137       0.195       0.206       0.228
    SEX             -0.007       0.013       0.023       0.078       0.132       0.142       0.163
    AGE              0.041       0.060       0.070       0.121       0.172       0.181       0.200
    C1              -0.151      -0.126      -0.114      -0.047       0.020       0.033       0.058
    C2              -0.134      -0.112      -0.100      -0.040       0.020       0.031       0.054
    C3              -0.074      -0.053      -0.043       0.013       0.069       0.079       0.100
    C4              -0.050      -0.030      -0.019       0.034       0.088       0.099       0.119
    C5              -0.102      -0.083      -0.073      -0.020       0.032       0.042       0.062
    C6              -0.071      -0.052      -0.042       0.011       0.063       0.073       0.093
    C7              -0.009       0.010       0.020       0.070       0.120       0.130       0.149
    C8              -0.144      -0.125      -0.115      -0.063      -0.011      -0.002       0.018
    C9              -0.099      -0.080      -0.070      -0.018       0.033       0.043       0.063
    C10             -0.032      -0.012      -0.002       0.050       0.103       0.113       0.132

 Intercepts
    REL_REJ         -0.215      -0.196      -0.186      -0.135      -0.083      -0.073      -0.054
    REL_WARM        -0.274      -0.254      -0.244      -0.192      -0.140      -0.130      -0.110

 Thresholds
    CAN$1           -0.244      -0.218      -0.204      -0.133      -0.062      -0.049      -0.022

 Residual Variances
    REL_REJ          0.590       0.605       0.613       0.653       0.694       0.701       0.716
    REL_WARM         0.578       0.596       0.605       0.653       0.700       0.710       0.727
    F3REL            0.894       0.904       0.909       0.936       0.964       0.969       0.979


     Beginning Time:  12:13:18
        Ending Time:  12:13:21
       Elapsed Time:  00:00:03



MUTHEN & MUTHEN
3463 Stoner Ave.
Los Angeles, CA  90066

Tel: (310) 391-9971
Fax: (310) 391-8971
Web: www.StatModel.com
Support: Support@StatModel.com

Copyright (c) 1998-2019 Muthen & Muthen
