Mplus VERSION 8.3
MUTHEN & MUTHEN
03/05/2020  12:12 PM

INPUT INSTRUCTIONS

    DATA:
         FILE IS  \\CNAS.RU.NL\U642157\Documents\6 TRAILS\datasets\full.csv;

    VARIABLE:
         NAMES ARE sex age C1 C2 C3 C4 C5 C6 C7 C8 C9 C10
         parknow pardisc parcont parsol rel_rej rel_warm
         parsmk parcpd paralc paraddep parcan
         prssmcpd prsalc prscan
         eversmk dailysmk cpd ftnd alc alcmonth audit can cupit1 cupit2 ;
         MISSING * ;
         USEVARIABLES sex age C1 C2 C3 C4 C5 C6 C7 C8 C9 C10
         parknow pardisc parcont parsol
         prscan
         can ;
         CATEGORICAL ARE can ;

      ANALYSIS: estimator=MLR  ;

      MODEL:
         !Latent factors parenting
         F1inv BY parknow pardisc parcont parsol ;

         !Main effects
         can ON F1inv prscan ;
         can ON sex age C1 C2 C3 C4 C5 C6 C7 C8 C9 C10 ;

         F1inv ON sex age ;
         pardisc WITH parknow ;

         !rGE
         F1inv ON prscan ;

       OUTPUT:
         SAMPSTAT CINTERVAL stdyx modindices(4);




*** WARNING in OUTPUT command
  MODINDICES option is not available for ALGORITHM=INTEGRATION.
  Request for MODINDICES is ignored.
*** WARNING
  Data set contains cases with missing on x-variables.
  These cases were not included in the analysis.
  Number of cases with missing on x-variables:  44
*** WARNING
  Data set contains cases with missing on all variables except
  x-variables.  These cases were not included in the analysis.
  Number of cases with missing on all variables except x-variables:  6
   3 WARNING(S) FOUND IN THE INPUT INSTRUCTIONS




SUMMARY OF ANALYSIS

Number of groups                                                 1
Number of observations                                        1643

Number of dependent variables                                    5
Number of independent variables                                 13
Number of continuous latent variables                            1

Observed dependent variables

  Continuous
   PARKNOW     PARDISC     PARCONT     PARSOL

  Binary and ordered categorical (ordinal)
   CAN

Observed independent variables
   SEX         AGE         C1          C2          C3          C4
   C5          C6          C7          C8          C9          C10
   PRSCAN

Continuous latent variables
   F1INV


Estimator                                                      MLR
Information matrix                                        OBSERVED
Optimization Specifications for the Quasi-Newton Algorithm for
Continuous Outcomes
  Maximum number of iterations                                 100
  Convergence criterion                                  0.100D-05
Optimization Specifications for the EM Algorithm
  Maximum number of iterations                                 500
  Convergence criteria
    Loglikelihood change                                 0.100D-02
    Relative loglikelihood change                        0.100D-05
    Derivative                                           0.100D-02
Optimization Specifications for the M step of the EM Algorithm for
Categorical Latent variables
  Number of M step iterations                                    1
  M step convergence criterion                           0.100D-02
  Basis for M step termination                           ITERATION
Optimization Specifications for the M step of the EM Algorithm for
Censored, Binary or Ordered Categorical (Ordinal), Unordered
Categorical (Nominal) and Count Outcomes
  Number of M step iterations                                    1
  M step convergence criterion                           0.100D-02
  Basis for M step termination                           ITERATION
  Maximum value for logit thresholds                            15
  Minimum value for logit thresholds                           -15
  Minimum expected cell size for chi-square              0.100D-01
Maximum number of iterations for H1                           2000
Convergence criterion for H1                             0.100D-03
Optimization algorithm                                         EMA
Integration Specifications
  Type                                                    STANDARD
  Number of integration points                                  15
  Dimensions of numerical integration                            1
  Adaptive quadrature                                           ON
Link                                                         LOGIT
Cholesky                                                       OFF

Input data file(s)
  \\CNAS.RU.NL\U642157\Documents\6 TRAILS\datasets\full.csv
Input data format  FREE


SUMMARY OF DATA

     Number of missing data patterns             9
     Number of y missing data patterns           5
     Number of u missing data patterns           2


COVARIANCE COVERAGE OF DATA

Minimum covariance coverage value   0.100


     PROPORTION OF DATA PRESENT


           Covariance Coverage
              CAN           PARKNOW       PARDISC       PARCONT       PARSOL
              ________      ________      ________      ________      ________
 CAN            0.791
 PARKNOW        0.770         0.970
 PARDISC        0.767         0.925         0.954
 PARCONT        0.767         0.925         0.953         0.954
 PARSOL         0.767         0.925         0.954         0.953         0.954
 SEX            0.791         0.970         0.954         0.954         0.954
 AGE            0.791         0.970         0.954         0.954         0.954
 C1             0.791         0.970         0.954         0.954         0.954
 C2             0.791         0.970         0.954         0.954         0.954
 C3             0.791         0.970         0.954         0.954         0.954
 C4             0.791         0.970         0.954         0.954         0.954
 C5             0.791         0.970         0.954         0.954         0.954
 C6             0.791         0.970         0.954         0.954         0.954
 C7             0.791         0.970         0.954         0.954         0.954
 C8             0.791         0.970         0.954         0.954         0.954
 C9             0.791         0.970         0.954         0.954         0.954
 C10            0.791         0.970         0.954         0.954         0.954
 PRSCAN         0.791         0.970         0.954         0.954         0.954


           Covariance Coverage
              SEX           AGE           C1            C2            C3
              ________      ________      ________      ________      ________
 SEX            1.000
 AGE            1.000         1.000
 C1             1.000         1.000         1.000
 C2             1.000         1.000         1.000         1.000
 C3             1.000         1.000         1.000         1.000         1.000
 C4             1.000         1.000         1.000         1.000         1.000
 C5             1.000         1.000         1.000         1.000         1.000
 C6             1.000         1.000         1.000         1.000         1.000
 C7             1.000         1.000         1.000         1.000         1.000
 C8             1.000         1.000         1.000         1.000         1.000
 C9             1.000         1.000         1.000         1.000         1.000
 C10            1.000         1.000         1.000         1.000         1.000
 PRSCAN         1.000         1.000         1.000         1.000         1.000


           Covariance Coverage
              C4            C5            C6            C7            C8
              ________      ________      ________      ________      ________
 C4             1.000
 C5             1.000         1.000
 C6             1.000         1.000         1.000
 C7             1.000         1.000         1.000         1.000
 C8             1.000         1.000         1.000         1.000         1.000
 C9             1.000         1.000         1.000         1.000         1.000
 C10            1.000         1.000         1.000         1.000         1.000
 PRSCAN         1.000         1.000         1.000         1.000         1.000


           Covariance Coverage
              C9            C10           PRSCAN
              ________      ________      ________
 C9             1.000
 C10            1.000         1.000
 PRSCAN         1.000         1.000         1.000


     PROPORTION OF DATA PRESENT FOR U


           Covariance Coverage
              CAN
              ________
 CAN            0.791


     PROPORTION OF DATA PRESENT FOR Y


           Covariance Coverage
              PARKNOW       PARDISC       PARCONT       PARSOL        SEX
              ________      ________      ________      ________      ________
 PARKNOW        0.970
 PARDISC        0.925         0.954
 PARCONT        0.925         0.953         0.954
 PARSOL         0.925         0.954         0.953         0.954
 SEX            0.970         0.954         0.954         0.954         1.000
 AGE            0.970         0.954         0.954         0.954         1.000
 C1             0.970         0.954         0.954         0.954         1.000
 C2             0.970         0.954         0.954         0.954         1.000
 C3             0.970         0.954         0.954         0.954         1.000
 C4             0.970         0.954         0.954         0.954         1.000
 C5             0.970         0.954         0.954         0.954         1.000
 C6             0.970         0.954         0.954         0.954         1.000
 C7             0.970         0.954         0.954         0.954         1.000
 C8             0.970         0.954         0.954         0.954         1.000
 C9             0.970         0.954         0.954         0.954         1.000
 C10            0.970         0.954         0.954         0.954         1.000
 PRSCAN         0.970         0.954         0.954         0.954         1.000


           Covariance Coverage
              AGE           C1            C2            C3            C4
              ________      ________      ________      ________      ________
 AGE            1.000
 C1             1.000         1.000
 C2             1.000         1.000         1.000
 C3             1.000         1.000         1.000         1.000
 C4             1.000         1.000         1.000         1.000         1.000
 C5             1.000         1.000         1.000         1.000         1.000
 C6             1.000         1.000         1.000         1.000         1.000
 C7             1.000         1.000         1.000         1.000         1.000
 C8             1.000         1.000         1.000         1.000         1.000
 C9             1.000         1.000         1.000         1.000         1.000
 C10            1.000         1.000         1.000         1.000         1.000
 PRSCAN         1.000         1.000         1.000         1.000         1.000


           Covariance Coverage
              C5            C6            C7            C8            C9
              ________      ________      ________      ________      ________
 C5             1.000
 C6             1.000         1.000
 C7             1.000         1.000         1.000
 C8             1.000         1.000         1.000         1.000
 C9             1.000         1.000         1.000         1.000         1.000
 C10            1.000         1.000         1.000         1.000         1.000
 PRSCAN         1.000         1.000         1.000         1.000         1.000


           Covariance Coverage
              C10           PRSCAN
              ________      ________
 C10            1.000
 PRSCAN         1.000         1.000


UNIVARIATE PROPORTIONS AND COUNTS FOR CATEGORICAL VARIABLES

    CAN
      Category 1    0.412          535.000
      Category 2    0.588          764.000


SAMPLE STATISTICS


     ESTIMATED SAMPLE STATISTICS


           Means
              PARKNOW       PARDISC       PARCONT       PARSOL        SEX
              ________      ________      ________      ________      ________
               -0.055        -0.009         0.019        -0.005         0.520


           Means
              AGE           C1            C2            C3            C4
              ________      ________      ________      ________      ________
               -0.002        -0.008         0.022         0.013        -0.057


           Means
              C5            C6            C7            C8            C9
              ________      ________      ________      ________      ________
               -0.019         0.005        -0.025        -0.003         0.017


           Means
              C10           PRSCAN
              ________      ________
                0.029         0.012


           Covariances
              PARKNOW       PARDISC       PARCONT       PARSOL        SEX
              ________      ________      ________      ________      ________
 PARKNOW        0.958
 PARDISC        0.322         0.986
 PARCONT        0.234         0.309         1.006
 PARSOL         0.217         0.448         0.502         0.976
 SEX           -0.009         0.089         0.132         0.118         0.250
 AGE            0.078         0.058         0.126         0.024         0.037
 C1             0.008         0.024        -0.016        -0.009        -0.016
 C2             0.007         0.019         0.015         0.018        -0.002
 C3             0.038        -0.007        -0.041        -0.053        -0.021
 C4             0.039         0.027         0.017         0.018         0.002
 C5            -0.006        -0.047        -0.010        -0.016        -0.007
 C6             0.026         0.013         0.015         0.019         0.005
 C7             0.027        -0.009         0.008        -0.012         0.005
 C8            -0.007         0.023         0.015         0.012         0.001
 C9            -0.009        -0.018         0.017        -0.008         0.011
 C10            0.012         0.000         0.002         0.007         0.000
 PRSCAN         0.047         0.044         0.011         0.006        -0.004


           Covariances
              AGE           C1            C2            C3            C4
              ________      ________      ________      ________      ________
 AGE            0.997
 C1             0.048         0.905
 C2             0.023         0.230         0.476
 C3             0.033         0.071        -0.171         0.918
 C4            -0.013         0.039        -0.001        -0.014         0.502
 C5             0.009        -0.009        -0.007        -0.028        -0.031
 C6             0.012         0.004         0.056        -0.034        -0.010
 C7            -0.015        -0.013        -0.023        -0.058         0.038
 C8             0.022         0.007         0.036        -0.048        -0.044
 C9            -0.031        -0.012        -0.014        -0.038         0.013
 C10           -0.020         0.026        -0.014        -0.011         0.025
 PRSCAN         0.020         0.146         0.034         0.027         0.011


           Covariances
              C5            C6            C7            C8            C9
              ________      ________      ________      ________      ________
 C5             0.490
 C6            -0.082         0.552
 C7             0.023         0.015         0.573
 C8             0.030        -0.012        -0.026         0.551
 C9            -0.024         0.004         0.035        -0.014         0.567
 C10            0.010        -0.025         0.005         0.031         0.029
 PRSCAN        -0.020        -0.008         0.001        -0.019        -0.008


           Covariances
              C10           PRSCAN
              ________      ________
 C10            0.550
 PRSCAN        -0.006         0.979


           Correlations
              PARKNOW       PARDISC       PARCONT       PARSOL        SEX
              ________      ________      ________      ________      ________
 PARKNOW        1.000
 PARDISC        0.331         1.000
 PARCONT        0.239         0.310         1.000
 PARSOL         0.224         0.457         0.507         1.000
 SEX           -0.019         0.179         0.263         0.239         1.000
 AGE            0.079         0.059         0.126         0.024         0.074
 C1             0.008         0.025        -0.017        -0.010        -0.034
 C2             0.010         0.028         0.022         0.026        -0.006
 C3             0.041        -0.008        -0.043        -0.056        -0.044
 C4             0.056         0.038         0.024         0.025         0.005
 C5            -0.009        -0.068        -0.015        -0.023        -0.021
 C6             0.036         0.018         0.019         0.026         0.014
 C7             0.037        -0.011         0.011        -0.016         0.014
 C8            -0.010         0.032         0.020         0.016         0.001
 C9            -0.013        -0.024         0.023        -0.011         0.030
 C10            0.016         0.000         0.003         0.009         0.000
 PRSCAN         0.048         0.044         0.011         0.006        -0.008


           Correlations
              AGE           C1            C2            C3            C4
              ________      ________      ________      ________      ________
 AGE            1.000
 C1             0.051         1.000
 C2             0.034         0.350         1.000
 C3             0.034         0.078        -0.259         1.000
 C4            -0.019         0.059        -0.001        -0.021         1.000
 C5             0.014        -0.014        -0.014        -0.041        -0.063
 C6             0.016         0.006         0.109        -0.048        -0.019
 C7            -0.020        -0.018        -0.044        -0.080         0.071
 C8             0.030         0.010         0.071        -0.068        -0.084
 C9            -0.041        -0.017        -0.028        -0.053         0.024
 C10           -0.027         0.037        -0.028        -0.016         0.049
 PRSCAN         0.021         0.155         0.050         0.029         0.016


           Correlations
              C5            C6            C7            C8            C9
              ________      ________      ________      ________      ________
 C5             1.000
 C6            -0.158         1.000
 C7             0.044         0.027         1.000
 C8             0.058        -0.022        -0.046         1.000
 C9            -0.046         0.007         0.061        -0.024         1.000
 C10            0.020        -0.045         0.009         0.056         0.052
 PRSCAN        -0.028        -0.011         0.001        -0.026        -0.010


           Correlations
              C10           PRSCAN
              ________      ________
 C10            1.000
 PRSCAN        -0.008         1.000


     MAXIMUM LOG-LIKELIHOOD VALUE FOR THE UNRESTRICTED (H1) MODEL IS -32735.983


UNIVARIATE SAMPLE STATISTICS


     UNIVARIATE HIGHER-ORDER MOMENT DESCRIPTIVE STATISTICS

         Variable/         Mean/     Skewness/   Minimum/ % with                Percentiles
        Sample Size      Variance    Kurtosis    Maximum  Min/Max      20%/60%    40%/80%    Median

     PARKNOW              -0.056       1.540      -0.867   33.19%      -0.867     -0.674     -0.480
            1594.000       0.958       2.266       4.742    0.06%      -0.093      0.680
     PARDISC              -0.014       0.238      -2.035    1.79%      -0.956     -0.282     -0.012
            1568.000       0.984      -0.106       3.359    0.19%       0.257      0.797
     PARCONT               0.013       0.134      -1.901    2.55%      -0.843     -0.313      0.005
            1568.000       1.005      -0.581       2.334    1.28%       0.216      0.852
     PARSOL               -0.008      -0.003      -3.076    0.19%      -0.832     -0.271      0.010
            1568.000       0.974      -0.149       2.535    0.38%       0.291      0.852
     SEX                   0.520      -0.082       0.000   47.96%       0.000      0.000      1.000
            1643.000       0.250      -1.993       1.000   52.04%       1.000      1.000
     AGE                  -0.002       0.389      -2.386    1.03%      -0.963     -0.963      0.461
            1643.000       0.997      -0.571       3.308    0.12%       0.461      0.461
     C1                   -0.008       4.668      -1.078    0.06%      -0.465     -0.274     -0.191
            1643.000       0.905      26.830       7.970    0.06%      -0.109      0.166
     C2                    0.022       2.859      -2.219    0.06%      -0.474     -0.148     -0.025
            1643.000       0.476      22.966       6.647    0.06%       0.130      0.472
     C3                    0.013       1.629      -5.903    0.06%      -0.553     -0.207     -0.055
            1643.000       0.918      14.224       7.023    0.06%       0.106      0.443
     C4                   -0.057       0.941      -2.124    0.06%      -0.639     -0.227     -0.058
            1643.000       0.502      10.434       8.131    0.06%       0.115      0.503
     C5                   -0.019       0.059      -2.454    0.06%      -0.591     -0.213     -0.030
            1643.000       0.490       0.120       2.382    0.06%       0.150      0.562
     C6                    0.005      -0.118      -4.142    0.06%      -0.601     -0.183      0.001
            1643.000       0.552       0.839       2.916    0.06%       0.189      0.603
     C7                   -0.025      -0.193      -3.734    0.06%      -0.657     -0.212      0.011
            1643.000       0.573       0.440       2.063    0.06%       0.179      0.611
     C8                   -0.003      -0.185      -4.189    0.06%      -0.653     -0.171      0.009
            1643.000       0.551       0.518       2.570    0.06%       0.199      0.604
     C9                    0.017      -0.090      -2.592    0.06%      -0.618     -0.163      0.040
            1643.000       0.567       0.140       2.719    0.06%       0.202      0.651
     C10                   0.029       0.029      -3.362    0.06%      -0.601     -0.139      0.032
            1643.000       0.550       0.542       3.648    0.06%       0.213      0.645
     PRSCAN                0.012       0.013      -2.828    0.06%      -0.801     -0.246      0.003
            1643.000       0.979      -0.022       4.235    0.06%       0.248      0.857


THE MODEL ESTIMATION TERMINATED NORMALLY



MODEL FIT INFORMATION

Number of Free Parameters                       31

Loglikelihood

          H0 Value                       -9135.973
          H0 Scaling Correction Factor      1.0604
            for MLR

Information Criteria

          Akaike (AIC)                   18333.946
          Bayesian (BIC)                 18501.479
          Sample-Size Adjusted BIC       18402.997
            (n* = (n + 2) / 24)



MODEL RESULTS

                                                    Two-Tailed
                    Estimate       S.E.  Est./S.E.    P-Value

 F1INV    BY
    PARKNOW            1.000      0.000    999.000    999.000
    PARDISC            1.902      0.207      9.183      0.000
    PARCONT            2.219      0.244      9.078      0.000
    PARSOL             2.695      0.339      7.940      0.000

 F1INV      ON
    SEX                0.184      0.024      7.737      0.000
    AGE                0.018      0.010      1.894      0.058
    PRSCAN             0.008      0.008      0.924      0.355

 CAN        ON
    F1INV              0.530      0.273      1.938      0.053

 CAN        ON
    PRSCAN             0.288      0.063      4.597      0.000
    SEX                0.158      0.125      1.269      0.204
    AGE                0.214      0.059      3.631      0.000
    C1                -0.090      0.080     -1.127      0.260
    C2                -0.116      0.100     -1.161      0.246
    C3                 0.034      0.066      0.514      0.607
    C4                 0.086      0.087      0.989      0.323
    C5                -0.047      0.085     -0.548      0.584
    C6                 0.030      0.081      0.370      0.712
    C7                 0.176      0.076      2.320      0.020
    C8                -0.171      0.080     -2.154      0.031
    C9                -0.039      0.078     -0.496      0.620
    C10                0.127      0.081      1.577      0.115

 PARDISC  WITH
    PARKNOW            0.163      0.026      6.250      0.000

 Intercepts
    PARKNOW           -0.150      0.025     -5.960      0.000
    PARDISC           -0.191      0.032     -5.954      0.000
    PARCONT           -0.196      0.033     -5.879      0.000
    PARSOL            -0.262      0.035     -7.583      0.000

 Thresholds
    CAN$1             -0.260      0.081     -3.221      0.001

 Residual Variances
    PARKNOW            0.874      0.047     18.598      0.000
    PARDISC            0.683      0.033     20.908      0.000
    PARCONT            0.592      0.032     18.491      0.000
    PARSOL             0.368      0.038      9.620      0.000
    F1INV              0.075      0.017      4.408      0.000


LOGISTIC REGRESSION ODDS RATIO RESULTS

                                         (Est. - 1) Two-Tailed
                    Estimate       S.E.     / S.E.    P-Value

 CAN        ON
    F1INV              1.699      0.465      1.504      0.133

 CAN        ON
    PRSCAN             1.334      0.084      3.993      0.000
    SEX                1.171      0.146      1.174      0.240
    AGE                1.238      0.073      3.269      0.001
    C1                 0.914      0.073     -1.180      0.238
    C2                 0.890      0.089     -1.231      0.218
    C3                 1.035      0.069      0.506      0.613
    C4                 1.090      0.095      0.947      0.344
    C5                 0.954      0.081     -0.561      0.575
    C6                 1.030      0.083      0.364      0.716
    C7                 1.192      0.090      2.127      0.033
    C8                 0.843      0.067     -2.349      0.019
    C9                 0.962      0.075     -0.506      0.613
    C10                1.136      0.092      1.481      0.139


STANDARDIZED MODEL RESULTS


STDYX Standardization

                                                    Two-Tailed
                    Estimate       S.E.  Est./S.E.    P-Value

 F1INV    BY
    PARKNOW            0.296      0.031      9.388      0.000
    PARDISC            0.554      0.024     23.118      0.000
    PARCONT            0.641      0.024     26.346      0.000
    PARSOL             0.789      0.026     30.916      0.000

 F1INV      ON
    SEX                0.317      0.029     10.994      0.000
    AGE                0.064      0.031      2.052      0.040
    PRSCAN             0.026      0.027      0.945      0.344

 CAN        ON
    F1INV              0.082      0.044      1.862      0.063

 CAN        ON
    PRSCAN             0.152      0.032      4.691      0.000
    SEX                0.042      0.033      1.270      0.204
    AGE                0.114      0.031      3.666      0.000
    C1                -0.046      0.040     -1.129      0.259
    C2                -0.043      0.037     -1.163      0.245
    C3                 0.017      0.034      0.514      0.607
    C4                 0.032      0.033      0.990      0.322
    C5                -0.017      0.032     -0.548      0.584
    C6                 0.012      0.032      0.370      0.712
    C7                 0.071      0.030      2.330      0.020
    C8                -0.068      0.031     -2.163      0.031
    C9                -0.015      0.031     -0.496      0.620
    C10                0.050      0.032      1.581      0.114

 PARDISC  WITH
    PARKNOW            0.211      0.030      7.092      0.000

 Intercepts
    PARKNOW           -0.153      0.028     -5.434      0.000
    PARDISC           -0.192      0.033     -5.899      0.000
    PARCONT           -0.195      0.033     -5.900      0.000
    PARSOL            -0.265      0.034     -7.727      0.000

 Thresholds
    CAN$1             -0.138      0.043     -3.209      0.001

 Residual Variances
    PARKNOW            0.913      0.019     49.020      0.000
    PARDISC            0.693      0.027     26.073      0.000
    PARCONT            0.590      0.031     18.930      0.000
    PARSOL             0.377      0.040      9.351      0.000
    F1INV              0.892      0.019     47.448      0.000


R-SQUARE

    Observed                                        Two-Tailed
    Variable        Estimate       S.E.  Est./S.E.    P-Value

    CAN                0.068      0.017      4.021      0.000
    PARKNOW            0.087      0.019      4.694      0.000
    PARDISC            0.307      0.027     11.559      0.000
    PARCONT            0.410      0.031     13.173      0.000
    PARSOL             0.623      0.040     15.458      0.000

     Latent                                         Two-Tailed
    Variable        Estimate       S.E.  Est./S.E.    P-Value

    F1INV              0.108      0.019      5.771      0.000


QUALITY OF NUMERICAL RESULTS

     Condition Number for the Information Matrix              0.980E-04
       (ratio of smallest to largest eigenvalue)


CONFIDENCE INTERVALS OF MODEL RESULTS

                  Lower .5%  Lower 2.5%    Lower 5%    Estimate    Upper 5%  Upper 2.5%   Upper .5%

 F1INV    BY
    PARKNOW          1.000       1.000       1.000       1.000       1.000       1.000       1.000
    PARDISC          1.368       1.496       1.561       1.902       2.242       2.308       2.435
    PARCONT          1.589       1.740       1.817       2.219       2.621       2.698       2.848
    PARSOL           1.820       2.029       2.136       2.695       3.253       3.360       3.569

 F1INV    ON
    SEX              0.123       0.137       0.145       0.184       0.223       0.230       0.245
    AGE             -0.007      -0.001       0.002       0.018       0.034       0.037       0.043
    PRSCAN          -0.013      -0.008      -0.006       0.008       0.021       0.023       0.028

 CAN      ON
    F1INV           -0.174      -0.006       0.080       0.530       0.980       1.066       1.234

 CAN      ON
    PRSCAN           0.127       0.165       0.185       0.288       0.392       0.411       0.450
    SEX             -0.163      -0.086      -0.047       0.158       0.363       0.402       0.479
    AGE              0.062       0.098       0.117       0.214       0.311       0.329       0.366
    C1              -0.296      -0.247      -0.222      -0.090       0.041       0.067       0.116
    C2              -0.374      -0.312      -0.281      -0.116       0.048       0.080       0.141
    C3              -0.137      -0.096      -0.075       0.034       0.143       0.164       0.205
    C4              -0.138      -0.085      -0.057       0.086       0.230       0.257       0.311
    C5              -0.266      -0.214      -0.187      -0.047       0.094       0.120       0.173
    C6              -0.179      -0.129      -0.103       0.030       0.163       0.189       0.239
    C7              -0.019       0.027       0.051       0.176       0.301       0.325       0.371
    C8              -0.376      -0.327      -0.302      -0.171      -0.040      -0.015       0.034
    C9              -0.239      -0.191      -0.166      -0.039       0.089       0.114       0.162
    C10             -0.081      -0.031      -0.005       0.127       0.260       0.285       0.335

 PARDISC  WITH
    PARKNOW          0.096       0.112       0.120       0.163       0.206       0.214       0.230

 Intercepts
    PARKNOW         -0.215      -0.200      -0.192      -0.150      -0.109      -0.101      -0.085
    PARDISC         -0.274      -0.254      -0.244      -0.191      -0.138      -0.128      -0.108
    PARCONT         -0.281      -0.261      -0.250      -0.196      -0.141      -0.130      -0.110
    PARSOL          -0.351      -0.330      -0.319      -0.262      -0.205      -0.194      -0.173

 Thresholds
    CAN$1           -0.468      -0.418      -0.393      -0.260      -0.127      -0.102      -0.052

 Residual Variances
    PARKNOW          0.753       0.782       0.797       0.874       0.952       0.966       0.995
    PARDISC          0.599       0.619       0.629       0.683       0.737       0.747       0.767
    PARCONT          0.510       0.529       0.539       0.592       0.645       0.655       0.675
    PARSOL           0.269       0.293       0.305       0.368       0.431       0.443       0.466
    F1INV            0.031       0.041       0.047       0.075       0.102       0.108       0.118


CONFIDENCE INTERVALS FOR THE LOGISTIC REGRESSION ODDS RATIO RESULTS

 CAN      ON
    F1INV            0.840       0.994       1.083       1.699       2.664       2.904       3.436

 CAN      ON
    PRSCAN           1.135       1.180       1.203       1.334       1.479       1.509       1.568
    SEX              0.850       0.918       0.954       1.171       1.438       1.495       1.615
    AGE              1.064       1.103       1.124       1.238       1.364       1.390       1.441
    C1               0.744       0.781       0.801       0.914       1.042       1.069       1.123
    C2               0.688       0.732       0.755       0.890       1.050       1.083       1.152
    C3               0.872       0.908       0.928       1.035       1.154       1.179       1.228
    C4               0.871       0.919       0.944       1.090       1.258       1.293       1.364
    C5               0.766       0.807       0.829       0.954       1.098       1.128       1.189
    C6               0.836       0.879       0.902       1.030       1.177       1.208       1.269
    C7               0.981       1.028       1.053       1.192       1.351       1.384       1.450
    C8               0.687       0.721       0.739       0.843       0.960       0.985       1.034
    C9               0.788       0.826       0.847       0.962       1.093       1.121       1.176
    C10              0.923       0.970       0.995       1.136       1.297       1.330       1.398


CONFIDENCE INTERVALS OF STANDARDIZED MODEL RESULTS


STDYX Standardization

                  Lower .5%  Lower 2.5%    Lower 5%    Estimate    Upper 5%  Upper 2.5%   Upper .5%

 F1INV    BY
    PARKNOW          0.214       0.234       0.244       0.296       0.347       0.357       0.377
    PARDISC          0.492       0.507       0.515       0.554       0.594       0.601       0.616
    PARCONT          0.578       0.593       0.601       0.641       0.681       0.688       0.703
    PARSOL           0.724       0.739       0.747       0.789       0.831       0.839       0.855

 F1INV    ON
    SEX              0.243       0.261       0.270       0.317       0.365       0.374       0.392
    AGE             -0.016       0.003       0.013       0.064       0.115       0.124       0.143
    PRSCAN          -0.044      -0.028      -0.019       0.026       0.070       0.079       0.096

 CAN      ON
    F1INV           -0.031      -0.004       0.010       0.082       0.154       0.168       0.195

 CAN      ON
    PRSCAN           0.068       0.088       0.099       0.152       0.205       0.215       0.235
    SEX             -0.043      -0.023      -0.012       0.042       0.097       0.107       0.127
    AGE              0.034       0.053       0.063       0.114       0.165       0.174       0.194
    C1              -0.150      -0.125      -0.112      -0.046       0.021       0.034       0.059
    C2              -0.137      -0.115      -0.103      -0.043       0.018       0.029       0.052
    C3              -0.070      -0.049      -0.038       0.017       0.073       0.084       0.105
    C4              -0.052      -0.032      -0.022       0.032       0.087       0.097       0.117
    C5              -0.099      -0.080      -0.070      -0.017       0.035       0.045       0.064
    C6              -0.071      -0.051      -0.041       0.012       0.065       0.075       0.094
    C7              -0.007       0.011       0.021       0.071       0.121       0.131       0.149
    C8              -0.148      -0.129      -0.119      -0.068      -0.016      -0.006       0.013
    C9              -0.096      -0.077      -0.067      -0.015       0.036       0.046       0.065
    C10             -0.032      -0.012      -0.002       0.050       0.103       0.113       0.132

 PARDISC  WITH
    PARKNOW          0.134       0.153       0.162       0.211       0.260       0.270       0.288

 Intercepts
    PARKNOW         -0.226      -0.209      -0.200      -0.153      -0.107      -0.098      -0.081
    PARDISC         -0.277      -0.256      -0.246      -0.192      -0.139      -0.129      -0.108
    PARCONT         -0.280      -0.260      -0.250      -0.195      -0.141      -0.130      -0.110
    PARSOL          -0.353      -0.332      -0.322      -0.265      -0.209      -0.198      -0.177

 Thresholds
    CAN$1           -0.250      -0.223      -0.209      -0.138      -0.067      -0.054      -0.027

 Residual Variances
    PARKNOW          0.865       0.876       0.882       0.913       0.943       0.949       0.961
    PARDISC          0.624       0.641       0.649       0.693       0.737       0.745       0.761
    PARCONT          0.509       0.529       0.538       0.590       0.641       0.651       0.670
    PARSOL           0.273       0.298       0.311       0.377       0.443       0.456       0.481
    F1INV            0.843       0.855       0.861       0.892       0.922       0.928       0.940


     Beginning Time:  12:12:16
        Ending Time:  12:12:20
       Elapsed Time:  00:00:04



MUTHEN & MUTHEN
3463 Stoner Ave.
Los Angeles, CA  90066

Tel: (310) 391-9971
Fax: (310) 391-8971
Web: www.StatModel.com
Support: Support@StatModel.com

Copyright (c) 1998-2019 Muthen & Muthen
