Mplus VERSION 8.3
MUTHEN & MUTHEN
03/05/2020  12:12 PM

INPUT INSTRUCTIONS

    DATA:
         FILE IS  \\CNAS.RU.NL\U642157\Documents\6 TRAILS\datasets\full.csv;

    VARIABLE:
         NAMES ARE sex age C1 C2 C3 C4 C5 C6 C7 C8 C9 C10
         parknow pardisc parcont parsol rel_rej rel_warm
         parsmk parcpd paralc paraddep parcan
         prssmcpd prsalc prscan
         eversmk dailysmk cpd ftnd alc alcmonth audit can cupit1 cupit2 ;
         MISSING * ;
         USEVARIABLES sex age C1 C2 C3 C4 C5 C6 C7 C8 C9 C10
         parsmk paraddep parcan
         prscan
         can ;
         CATEGORICAL ARE parsmk paraddep parcan can ;

      ANALYSIS: estimator=MLF  ;
          TYPE = RANDOM;
          ALGORITHM = INTEGRATION;

      MODEL:
         !Latent factors parenting
         F2sub BY parsmk paraddep parcan ;

         !Latent factor interaction
         intsub | F2sub XWITH prscan ;

         !Main effects
         can ON F2sub prscan ;
         can ON sex age C1 C2 C3 C4 C5 C6 C7 C8 C9 C10  ;

         F2sub ON sex age ;

         !GxE
         can ON intsub ;

       OUTPUT:
         SAMPSTAT CINTERVAL STDYX ;




*** WARNING
  Data set contains cases with missing on x-variables.
  These cases were not included in the analysis.
  Number of cases with missing on x-variables:  44
*** WARNING
  Data set contains cases with missing on all variables except
  x-variables.  These cases were not included in the analysis.
  Number of cases with missing on all variables except x-variables:  5
   2 WARNING(S) FOUND IN THE INPUT INSTRUCTIONS




SUMMARY OF ANALYSIS

Number of groups                                                 1
Number of observations                                        1644

Number of dependent variables                                    4
Number of independent variables                                 13
Number of continuous latent variables                            2

Observed dependent variables

  Binary and ordered categorical (ordinal)
   PARSMK      PARADDEP    PARCAN      CAN

Observed independent variables
   SEX         AGE         C1          C2          C3          C4
   C5          C6          C7          C8          C9          C10
   PRSCAN

Continuous latent variables
   F2SUB       INTSUB


Estimator                                                      MLF
Information matrix                                        OBSERVED
Optimization Specifications for the Quasi-Newton Algorithm for
Continuous Outcomes
  Maximum number of iterations                                 100
  Convergence criterion                                  0.100D-05
Optimization Specifications for the EM Algorithm
  Maximum number of iterations                                 500
  Convergence criteria
    Loglikelihood change                                 0.100D-02
    Relative loglikelihood change                        0.100D-05
    Derivative                                           0.100D-02
Optimization Specifications for the M step of the EM Algorithm for
Categorical Latent variables
  Number of M step iterations                                    1
  M step convergence criterion                           0.100D-02
  Basis for M step termination                           ITERATION
Optimization Specifications for the M step of the EM Algorithm for
Censored, Binary or Ordered Categorical (Ordinal), Unordered
Categorical (Nominal) and Count Outcomes
  Number of M step iterations                                    1
  M step convergence criterion                           0.100D-02
  Basis for M step termination                           ITERATION
  Maximum value for logit thresholds                            15
  Minimum value for logit thresholds                           -15
  Minimum expected cell size for chi-square              0.100D-01
Maximum number of iterations for H1                           2000
Convergence criterion for H1                             0.100D-03
Optimization algorithm                                         EMA
Integration Specifications
  Type                                                    STANDARD
  Number of integration points                                  15
  Dimensions of numerical integration                            1
  Adaptive quadrature                                           ON
Link                                                         LOGIT
Cholesky                                                        ON

Input data file(s)
  \\CNAS.RU.NL\U642157\Documents\6 TRAILS\datasets\full.csv
Input data format  FREE


SUMMARY OF DATA

     Number of missing data patterns            14
     Number of y missing data patterns           0
     Number of u missing data patterns          14


COVARIANCE COVERAGE OF DATA

Minimum covariance coverage value   0.100


     PROPORTION OF DATA PRESENT FOR U


           Covariance Coverage
              PARSMK        PARADDEP      PARCAN        CAN
              ________      ________      ________      ________
 PARSMK         0.901
 PARADDEP       0.869         0.959
 PARCAN         0.776         0.799         0.822
 CAN            0.716         0.760         0.672         0.790


UNIVARIATE PROPORTIONS AND COUNTS FOR CATEGORICAL VARIABLES

    PARSMK
      Category 1    0.505          749.000
      Category 2    0.495          733.000
    PARADDEP
      Category 1    0.930         1466.000
      Category 2    0.070          110.000
    PARCAN
      Category 1    0.956         1292.000
      Category 2    0.044           59.000
    CAN
      Category 1    0.412          535.000
      Category 2    0.588          764.000


SAMPLE STATISTICS


     SAMPLE STATISTICS


           Means
              SEX           AGE           C1            C2            C3
              ________      ________      ________      ________      ________
                0.521        -0.001        -0.006         0.021         0.015


           Means
              C4            C5            C6            C7            C8
              ________      ________      ________      ________      ________
               -0.059        -0.017         0.004        -0.022        -0.004


           Means
              C9            C10           PRSCAN
              ________      ________      ________
                0.018         0.028         0.013


           Covariances
              SEX           AGE           C1            C2            C3
              ________      ________      ________      ________      ________
 SEX            0.250
 AGE            0.035         0.994
 C1            -0.014         0.051         0.923
 C2            -0.003         0.021         0.229         0.475
 C3            -0.021         0.033         0.075        -0.172         0.919
 C4             0.001        -0.018         0.039        -0.001        -0.015
 C5            -0.007         0.007        -0.003        -0.007        -0.027
 C6             0.004         0.013         0.001         0.056        -0.034
 C7             0.006        -0.015        -0.012        -0.023        -0.058
 C8             0.001         0.024         0.007         0.037        -0.048
 C9             0.012        -0.027        -0.012        -0.014        -0.037
 C10            0.000        -0.018         0.027        -0.013        -0.010
 PRSCAN        -0.005         0.019         0.152         0.033         0.028


           Covariances
              C4            C5            C6            C7            C8
              ________      ________      ________      ________      ________
 C4             0.500
 C5            -0.031         0.492
 C6            -0.011        -0.083         0.551
 C7             0.039         0.022         0.016         0.573
 C8            -0.043         0.031        -0.012        -0.025         0.550
 C9             0.012        -0.024         0.005         0.035        -0.014
 C10            0.025         0.010        -0.024         0.006         0.030
 PRSCAN         0.008        -0.018        -0.009         0.001        -0.019


           Covariances
              C9            C10           PRSCAN
              ________      ________      ________
 C9             0.568
 C10            0.029         0.551
 PRSCAN        -0.006        -0.005         0.981


           Correlations
              SEX           AGE           C1            C2            C3
              ________      ________      ________      ________      ________
 SEX            1.000
 AGE            0.070         1.000
 C1            -0.030         0.053         1.000
 C2            -0.008         0.031         0.346         1.000
 C3            -0.043         0.034         0.082        -0.260         1.000
 C4             0.002        -0.025         0.058        -0.002        -0.022
 C5            -0.020         0.011        -0.004        -0.015        -0.041
 C6             0.012         0.017         0.001         0.109        -0.048
 C7             0.017        -0.020        -0.017        -0.044        -0.079
 C8             0.003         0.032         0.009         0.071        -0.068
 C9             0.032        -0.036        -0.016        -0.026        -0.051
 C10            0.001        -0.024         0.037        -0.026        -0.014
 PRSCAN        -0.010         0.020         0.159         0.049         0.030


           Correlations
              C4            C5            C6            C7            C8
              ________      ________      ________      ________      ________
 C4             1.000
 C5            -0.063         1.000
 C6            -0.022        -0.160         1.000
 C7             0.072         0.042         0.028         1.000
 C8            -0.082         0.060        -0.023        -0.045         1.000
 C9             0.022        -0.045         0.009         0.061        -0.026
 C10            0.048         0.018        -0.043         0.010         0.054
 PRSCAN         0.012        -0.026        -0.012         0.001        -0.026


           Correlations
              C9            C10           PRSCAN
              ________      ________      ________
 C9             1.000
 C10            0.052         1.000
 PRSCAN        -0.008        -0.007         1.000


UNIVARIATE SAMPLE STATISTICS


     UNIVARIATE HIGHER-ORDER MOMENT DESCRIPTIVE STATISTICS

         Variable/         Mean/     Skewness/   Minimum/ % with                Percentiles
        Sample Size      Variance    Kurtosis    Maximum  Min/Max      20%/60%    40%/80%    Median

     SEX                   0.521      -0.083       0.000   47.93%       0.000      0.000      1.000
            1644.000       0.250      -1.993       1.000   52.07%       1.000      1.000
     AGE                  -0.001       0.395      -2.386    0.97%      -0.963     -0.963      0.461
            1644.000       0.994      -0.577       3.308    0.12%       0.461      0.461
     C1                   -0.006       4.637      -1.078    0.06%      -0.466     -0.275     -0.192
            1644.000       0.923      26.282       7.970    0.06%      -0.109      0.165
     C2                    0.021       2.870      -2.219    0.06%      -0.473     -0.148     -0.026
            1644.000       0.475      23.072       6.647    0.06%       0.128      0.471
     C3                    0.015       1.623      -5.903    0.06%      -0.552     -0.205     -0.053
            1644.000       0.919      14.188       7.023    0.06%       0.106      0.446
     C4                   -0.059       0.951      -2.124    0.06%      -0.642     -0.229     -0.061
            1644.000       0.500      10.499       8.131    0.06%       0.109      0.502
     C5                   -0.017       0.058      -2.454    0.06%      -0.590     -0.211     -0.025
            1644.000       0.492       0.121       2.382    0.06%       0.150      0.565
     C6                    0.004      -0.120      -4.142    0.06%      -0.601     -0.180      0.002
            1644.000       0.551       0.837       2.916    0.06%       0.189      0.603
     C7                   -0.022      -0.202      -3.734    0.06%      -0.653     -0.210      0.016
            1644.000       0.573       0.446       2.063    0.06%       0.183      0.611
     C8                   -0.004      -0.184      -4.189    0.06%      -0.653     -0.170      0.004
            1644.000       0.550       0.526       2.570    0.06%       0.196      0.603
     C9                    0.018      -0.092      -2.592    0.06%      -0.620     -0.162      0.043
            1644.000       0.568       0.136       2.719    0.06%       0.203      0.651
     C10                   0.028       0.031      -3.362    0.06%      -0.604     -0.139      0.032
            1644.000       0.551       0.535       3.648    0.06%       0.212      0.646
     PRSCAN                0.013       0.011      -2.828    0.06%      -0.802     -0.246      0.003
            1644.000       0.981      -0.029       4.235    0.06%       0.248      0.857


THE MODEL ESTIMATION TERMINATED NORMALLY



MODEL FIT INFORMATION

Number of Free Parameters                       24

Loglikelihood

          H0 Value                       -2452.294

Information Criteria

          Akaike (AIC)                    4952.588
          Bayesian (BIC)                  5082.305
          Sample-Size Adjusted BIC        5006.061
            (n* = (n + 2) / 24)



MODEL RESULTS

                                                    Two-Tailed
                    Estimate       S.E.  Est./S.E.    P-Value

 F2SUB    BY
    PARSMK             1.000      0.000    999.000    999.000
    PARADDEP           1.256      0.404      3.112      0.002
    PARCAN             1.891      0.822      2.301      0.021

 F2SUB      ON
    SEX               -0.025      0.117     -0.215      0.830
    AGE                0.132      0.060      2.186      0.029

 CAN        ON
    F2SUB              0.278      0.114      2.453      0.014
    INTSUB            -0.001      0.080     -0.019      0.985

 CAN        ON
    PRSCAN             0.286      0.062      4.627      0.000
    SEX                0.283      0.123      2.308      0.021
    AGE                0.195      0.062      3.154      0.002
    C1                -0.096      0.069     -1.398      0.162
    C2                -0.122      0.097     -1.259      0.208
    C3                 0.030      0.073      0.403      0.687
    C4                 0.090      0.089      1.020      0.308
    C5                -0.037      0.090     -0.414      0.679
    C6                 0.029      0.083      0.349      0.727
    C7                 0.174      0.081      2.156      0.031
    C8                -0.166      0.083     -1.995      0.046
    C9                -0.040      0.082     -0.482      0.630
    C10                0.128      0.081      1.571      0.116

 Thresholds
    PARSMK$1           0.003      0.094      0.037      0.970
    PARADDEP$1         3.685      0.415      8.878      0.000
    PARCAN$1           5.308      1.179      4.502      0.000
    CAN$1             -0.274      0.085     -3.228      0.001

 Residual Variances
    F2SUB              1.999      0.834      2.397      0.017


LOGISTIC REGRESSION ODDS RATIO RESULTS

                                         (Est. - 1) Two-Tailed
                    Estimate       S.E.     / S.E.    P-Value

 CAN        ON
    F2SUB              1.321      0.150      2.141      0.032
    INTSUB             0.999      0.080     -0.019      0.985

 CAN        ON
    PRSCAN             1.331      0.082      4.024      0.000
    SEX                1.328      0.163      2.010      0.044
    AGE                1.216      0.075      2.865      0.004
    C1                 0.908      0.063     -1.468      0.142
    C2                 0.886      0.085     -1.339      0.181
    C3                 1.030      0.075      0.398      0.691
    C4                 1.095      0.097      0.975      0.330
    C5                 0.964      0.086     -0.422      0.673
    C6                 1.029      0.086      0.344      0.731
    C7                 1.190      0.096      1.979      0.048
    C8                 0.847      0.071     -2.171      0.030
    C9                 0.961      0.079     -0.492      0.623
    C10                1.137      0.093      1.475      0.140


STANDARDIZED MODEL RESULTS


STDYX Standardization

                                                    Two-Tailed
                    Estimate       S.E.  Est./S.E.    P-Value

 F2SUB    BY
    PARSMK             0.616      0.080      7.752      0.000
    PARADDEP           0.701      0.074      9.514      0.000
    PARCAN             0.829      0.083      9.937      0.000

 F2SUB      ON
    SEX               -0.009      0.041     -0.215      0.830
    AGE                0.093      0.041      2.288      0.022

 CAN        ON
    F2SUB              0.207      0.060      3.453      0.001
    INTSUB            -0.001      0.059     -0.019      0.985

 CAN        ON
    PRSCAN             0.148      0.032      4.693      0.000
    SEX                0.074      0.032      2.322      0.020
    AGE                0.102      0.032      3.171      0.002
    C1                -0.048      0.034     -1.401      0.161
    C2                -0.044      0.035     -1.262      0.207
    C3                 0.015      0.037      0.404      0.687
    C4                 0.033      0.033      1.021      0.307
    C5                -0.014      0.033     -0.414      0.679
    C6                 0.011      0.032      0.349      0.727
    C7                 0.069      0.032      2.164      0.030
    C8                -0.064      0.032     -2.004      0.045
    C9                -0.016      0.032     -0.483      0.629
    C10                0.050      0.032      1.576      0.115

 Thresholds
    PARSMK$1           0.002      0.041      0.037      0.970
    PARADDEP$1         1.449      0.058     24.981      0.000
    PARCAN$1           1.638      0.071     23.194      0.000
    CAN$1             -0.143      0.044     -3.230      0.001

 Residual Variances
    F2SUB              0.991      0.007    132.386      0.000


R-SQUARE

    Observed                                        Two-Tailed
    Variable        Estimate       S.E.  Est./S.E.    P-Value

    PARSMK             0.380      0.098      3.876      0.000
    PARADDEP           0.492      0.103      4.757      0.000
    PARCAN             0.687      0.138      4.969      0.000
    CAN                0.102      0.028      3.612      0.000

     Latent                                         Two-Tailed
    Variable        Estimate       S.E.  Est./S.E.    P-Value

    F2SUB              0.009      0.007      1.144      0.253


QUALITY OF NUMERICAL RESULTS

     Condition Number for the Information Matrix              0.531E-03
       (ratio of smallest to largest eigenvalue)


CONFIDENCE INTERVALS OF MODEL RESULTS

                  Lower .5%  Lower 2.5%    Lower 5%    Estimate    Upper 5%  Upper 2.5%   Upper .5%

 F2SUB    BY
    PARSMK           1.000       1.000       1.000       1.000       1.000       1.000       1.000
    PARADDEP         0.216       0.465       0.592       1.256       1.920       2.047       2.295
    PARCAN          -0.226       0.280       0.539       1.891       3.243       3.502       4.008

 F2SUB    ON
    SEX             -0.327      -0.255      -0.218      -0.025       0.168       0.205       0.277
    AGE             -0.024       0.014       0.033       0.132       0.232       0.251       0.288

 CAN      ON
    F2SUB           -0.014       0.056       0.092       0.278       0.465       0.501       0.571
    INTSUB          -0.207      -0.158      -0.133      -0.001       0.130       0.155       0.204

 CAN      ON
    PRSCAN           0.127       0.165       0.184       0.286       0.388       0.407       0.445
    SEX             -0.033       0.043       0.081       0.283       0.485       0.524       0.600
    AGE              0.036       0.074       0.093       0.195       0.297       0.317       0.355
    C1              -0.274      -0.231      -0.210      -0.096       0.017       0.039       0.081
    C2              -0.370      -0.311      -0.280      -0.122       0.037       0.068       0.127
    C3              -0.159      -0.114      -0.091       0.030       0.150       0.173       0.218
    C4              -0.138      -0.083      -0.055       0.090       0.236       0.264       0.319
    C5              -0.268      -0.213      -0.185      -0.037       0.110       0.139       0.194
    C6              -0.185      -0.134      -0.108       0.029       0.166       0.192       0.243
    C7              -0.034       0.016       0.041       0.174       0.307       0.332       0.382
    C8              -0.381      -0.330      -0.304      -0.166      -0.029      -0.003       0.048
    C9              -0.252      -0.201      -0.175      -0.040       0.096       0.122       0.173
    C10             -0.082      -0.032      -0.006       0.128       0.262       0.288       0.338

 Thresholds
    PARSMK$1        -0.238      -0.180      -0.151       0.003       0.158       0.187       0.245
    PARADDEP$1       2.616       2.871       3.002       3.685       4.368       4.498       4.754
    PARCAN$1         2.271       2.997       3.368       5.308       7.247       7.619       8.345
    CAN$1           -0.493      -0.441      -0.414      -0.274      -0.134      -0.108      -0.055

 Residual Variances
    F2SUB           -0.149       0.364       0.627       1.999       3.372       3.635       4.148


CONFIDENCE INTERVALS FOR THE LOGISTIC REGRESSION ODDS RATIO RESULTS

 CAN      ON
    F2SUB            0.986       1.058       1.096       1.321       1.592       1.650       1.770
    INTSUB           0.813       0.854       0.876       0.999       1.138       1.167       1.226

 CAN      ON
    PRSCAN           1.135       1.179       1.203       1.331       1.474       1.503       1.561
    SEX              0.968       1.044       1.085       1.328       1.625       1.689       1.822
    AGE              1.036       1.077       1.098       1.216       1.346       1.372       1.426
    C1               0.761       0.793       0.811       0.908       1.017       1.039       1.085
    C2               0.691       0.733       0.755       0.886       1.038       1.070       1.136
    C3               0.853       0.892       0.913       1.030       1.162       1.189       1.243
    C4               0.871       0.920       0.946       1.095       1.267       1.302       1.376
    C5               0.765       0.808       0.831       0.964       1.117       1.149       1.214
    C6               0.831       0.875       0.898       1.029       1.180       1.212       1.276
    C7               0.967       1.016       1.042       1.190       1.359       1.394       1.465
    C8               0.683       0.719       0.738       0.847       0.971       0.997       1.050
    C9               0.777       0.818       0.839       0.961       1.101       1.130       1.188
    C10              0.921       0.969       0.994       1.137       1.300       1.333       1.402


CONFIDENCE INTERVALS OF STANDARDIZED MODEL RESULTS


STDYX Standardization

                  Lower .5%  Lower 2.5%    Lower 5%    Estimate    Upper 5%  Upper 2.5%   Upper .5%

 F2SUB    BY
    PARSMK           0.412       0.461       0.486       0.616       0.747       0.772       0.821
    PARADDEP         0.511       0.557       0.580       0.701       0.822       0.846       0.891
    PARCAN           0.614       0.665       0.692       0.829       0.966       0.992       1.044

 F2SUB    ON
    SEX             -0.115      -0.090      -0.077      -0.009       0.059       0.072       0.098
    AGE             -0.012       0.013       0.026       0.093       0.159       0.172       0.197

 CAN      ON
    F2SUB            0.052       0.089       0.108       0.207       0.305       0.324       0.361
    INTSUB          -0.152      -0.116      -0.097      -0.001       0.095       0.114       0.150

 CAN      ON
    PRSCAN           0.067       0.086       0.096       0.148       0.200       0.210       0.229
    SEX             -0.008       0.012       0.022       0.074       0.126       0.136       0.156
    AGE              0.019       0.039       0.049       0.102       0.154       0.165       0.184
    C1              -0.137      -0.116      -0.105      -0.048       0.008       0.019       0.041
    C2              -0.133      -0.112      -0.101      -0.044       0.013       0.024       0.046
    C3              -0.080      -0.057      -0.045       0.015       0.075       0.087       0.109
    C4              -0.051      -0.031      -0.020       0.033       0.087       0.098       0.118
    C5              -0.098      -0.078      -0.068      -0.014       0.040       0.051       0.071
    C6              -0.072      -0.052      -0.042       0.011       0.064       0.075       0.094
    C7              -0.013       0.006       0.016       0.069       0.121       0.131       0.151
    C8              -0.147      -0.128      -0.117      -0.064      -0.012      -0.001       0.018
    C9              -0.099      -0.079      -0.069      -0.016       0.038       0.048       0.068
    C10             -0.032      -0.012      -0.002       0.050       0.101       0.111       0.131

 Thresholds
    PARSMK$1        -0.103      -0.078      -0.065       0.002       0.068       0.081       0.106
    PARADDEP$1       1.299       1.335       1.353       1.449       1.544       1.562       1.598
    PARCAN$1         1.456       1.499       1.522       1.638       1.754       1.776       1.820
    CAN$1           -0.257      -0.230      -0.216      -0.143      -0.070      -0.056      -0.029

 Residual Variances
    F2SUB            0.972       0.977       0.979       0.991       1.004       1.006       1.011


     Beginning Time:  12:12:32
        Ending Time:  12:12:51
       Elapsed Time:  00:00:19



MUTHEN & MUTHEN
3463 Stoner Ave.
Los Angeles, CA  90066

Tel: (310) 391-9971
Fax: (310) 391-8971
Web: www.StatModel.com
Support: Support@StatModel.com

Copyright (c) 1998-2019 Muthen & Muthen
