Mplus VERSION 8.3
MUTHEN & MUTHEN
03/05/2020   3:39 PM

INPUT INSTRUCTIONS

    DATA:
         FILE IS  \\CNAS.RU.NL\U642157\Documents\6 TRAILS\datasets\full.csv;

    VARIABLE:
         NAMES ARE sex age C1 C2 C3 C4 C5 C6 C7 C8 C9 C10
         parknow pardisc parcont parsol rel_rej rel_warm
         parsmk parcpd paralc paraddep parcan
         prssmcpd prsalc prscan
         eversmk dailysmk cpd ftnd alc alcmonth audit can cupit1 cupit2 ;
         MISSING * ;
         USEVARIABLES sex age C1 C2 C3 C4 C5 C6 C7 C8 C9 C10
         rel_rej rel_warm
         prscan
         can ;
         CATEGORICAL ARE can ;

             !In order to get CFI, TLI and RMSEA for this model:
      ANALYSIS: estimator=WLSMV ;

      MODEL:
         !Latent factors parenting
         F3rel BY rel_rej-rel_warm*(1) ;
         F3rel@1 ;

         !Main effects
         can ON F3rel prscan ;
         can ON sex age C1 C2 C3 C4 C5 C6 C7 C8 C9 C10 ;

         F3rel ON sex age ;

       OUTPUT:
         SAMPSTAT CINTERVAL STDYX modindices(4) ;




*** WARNING
  Data set contains cases with missing on x-variables.
  These cases were not included in the analysis.
  Number of cases with missing on x-variables:  44
*** WARNING
  Data set contains cases with missing on all variables except
  x-variables.  These cases were not included in the analysis.
  Number of cases with missing on all variables except x-variables:  4
   2 WARNING(S) FOUND IN THE INPUT INSTRUCTIONS




SUMMARY OF ANALYSIS

Number of groups                                                 1
Number of observations                                        1645

Number of dependent variables                                    3
Number of independent variables                                 13
Number of continuous latent variables                            1

Observed dependent variables

  Continuous
   REL_REJ     REL_WARM

  Binary and ordered categorical (ordinal)
   CAN

Observed independent variables
   SEX         AGE         C1          C2          C3          C4
   C5          C6          C7          C8          C9          C10
   PRSCAN

Continuous latent variables
   F3REL


Estimator                                                    WLSMV
Maximum number of iterations                                  1000
Convergence criterion                                    0.500D-04
Maximum number of steepest descent iterations                   20
Maximum number of iterations for H1                           2000
Convergence criterion for H1                             0.100D-03
Parameterization                                             DELTA
Link                                                        PROBIT

Input data file(s)
  \\CNAS.RU.NL\U642157\Documents\6 TRAILS\datasets\full.csv

Input data format  FREE


SUMMARY OF DATA

     Number of missing data patterns             4


COVARIANCE COVERAGE OF DATA

Minimum covariance coverage value   0.100


     PROPORTION OF DATA PRESENT


           Covariance Coverage
              REL_REJ       REL_WARM      CAN
              ________      ________      ________
 REL_REJ        0.996
 REL_WARM       0.996         0.997
 CAN            0.787         0.787         0.790


UNIVARIATE PROPORTIONS AND COUNTS FOR CATEGORICAL VARIABLES

    CAN
      Category 1    0.412          535.000
      Category 2    0.588          764.000


SAMPLE STATISTICS


     ESTIMATED SAMPLE STATISTICS


           MEANS/INTERCEPTS/THRESHOLDS
              REL_REJ       REL_WARM      CAN$1
              ________      ________      ________
               -0.139        -0.186        -0.156


           SLOPES
              SEX           AGE           C1            C2            C3
              ________      ________      ________      ________      ________
 REL_REJ        0.305         0.001        -0.014        -0.039         0.027
 REL_WARM       0.282        -0.019        -0.046         0.063         0.002
 CAN            0.156         0.138        -0.055        -0.069         0.017


           SLOPES
              C4            C5            C6            C7            C8
              ________      ________      ________      ________      ________
 REL_REJ        0.021         0.033        -0.012        -0.008         0.042
 REL_WARM       0.035        -0.026        -0.059        -0.067         0.070
 CAN            0.055        -0.029         0.017         0.108        -0.103


           SLOPES
              C9            C10           PRSCAN
              ________      ________      ________
 REL_REJ        0.049         0.052        -0.008
 REL_WARM       0.048         0.012         0.017
 CAN           -0.025         0.079         0.177


           CORRELATION MATRIX (WITH VARIANCES ON THE DIAGONAL)
              REL_REJ       REL_WARM      CAN
              ________      ________      ________
 REL_REJ        0.929
 REL_WARM       0.331         0.920
 CAN           -0.032        -0.016


UNIVARIATE SAMPLE STATISTICS


     UNIVARIATE HIGHER-ORDER MOMENT DESCRIPTIVE STATISTICS

         Variable/         Mean/     Skewness/   Minimum/ % with                Percentiles
        Sample Size      Variance    Kurtosis    Maximum  Min/Max      20%/60%    40%/80%    Median

     REL_REJ               0.020       1.270      -1.567    0.61%      -0.741     -0.374     -0.191
            1639.000       0.959       2.534       4.765    0.06%       0.085      0.635
     REL_WARM             -0.036       0.726      -1.589    0.85%      -0.929     -0.490     -0.215
            1640.000       0.952       0.158       4.017    0.06%       0.060      0.774
     SEX                   0.521      -0.084       0.000   47.90%       0.000      0.000      1.000
            1645.000       0.250      -1.993       1.000   52.10%       1.000      1.000
     AGE                   0.000       0.388      -2.386    1.03%      -0.963     -0.963      0.461
            1645.000       0.998      -0.574       3.308    0.12%       0.461      0.461
     C1                   -0.008       4.668      -1.078    0.06%      -0.466     -0.274     -0.191
            1645.000       0.915      26.687       7.970    0.06%      -0.109      0.165
     C2                    0.021       2.872      -2.219    0.06%      -0.474     -0.148     -0.026
            1645.000       0.472      23.279       6.647    0.06%       0.129      0.471
     C3                    0.015       1.628      -5.903    0.06%      -0.550     -0.205     -0.054
            1645.000       0.917      14.246       7.023    0.06%       0.112      0.445
     C4                   -0.058       0.942      -2.124    0.06%      -0.641     -0.229     -0.060
            1645.000       0.502      10.408       8.131    0.06%       0.111      0.503
     C5                   -0.017       0.057      -2.454    0.06%      -0.591     -0.212     -0.023
            1645.000       0.492       0.117       2.382    0.06%       0.151      0.565
     C6                    0.003      -0.119      -4.142    0.06%      -0.601     -0.183     -0.004
            1645.000       0.550       0.843       2.916    0.06%       0.185      0.601
     C7                   -0.024      -0.197      -3.734    0.06%      -0.657     -0.211      0.012
            1645.000       0.573       0.440       2.063    0.06%       0.182      0.611
     C8                   -0.004      -0.183      -4.189    0.06%      -0.653     -0.171      0.006
            1645.000       0.551       0.517       2.570    0.06%       0.196      0.604
     C9                    0.018      -0.090      -2.592    0.06%      -0.620     -0.163      0.044
            1645.000       0.568       0.132       2.719    0.06%       0.204      0.651
     C10                   0.028       0.031      -3.362    0.06%      -0.604     -0.139      0.032
            1645.000       0.550       0.537       3.648    0.06%       0.212      0.646
     PRSCAN                0.013       0.012      -2.828    0.06%      -0.801     -0.246      0.003
            1645.000       0.980      -0.023       4.235    0.06%       0.248      0.857


THE MODEL ESTIMATION TERMINATED NORMALLY



MODEL FIT INFORMATION

Number of Free Parameters                       22

Chi-Square Test of Model Fit

          Value                             34.775*
          Degrees of Freedom                    25
          P-Value                           0.0924

*   The chi-square value for MLM, MLMV, MLR, ULSMV, WLSM and WLSMV cannot be used
    for chi-square difference testing in the regular way.  MLM, MLR and WLSM
    chi-square difference testing is described on the Mplus website.  MLMV, WLSMV,
    and ULSMV difference testing is done using the DIFFTEST option.

RMSEA (Root Mean Square Error Of Approximation)

          Estimate                           0.015
          90 Percent C.I.                    0.000  0.027
          Probability RMSEA <= .05           1.000

CFI/TLI

          CFI                                0.967
          TLI                                0.945

Chi-Square Test of Model Fit for the Baseline Model

          Value                            339.005
          Degrees of Freedom                    42
          P-Value                           0.0000

SRMR (Standardized Root Mean Square Residual)

          Value                              0.020

Optimum Function Value for Weighted Least-Squares Estimator

          Value                     0.10506116D-01



MODEL RESULTS

                                                    Two-Tailed
                    Estimate       S.E.  Est./S.E.    P-Value

 F3REL    BY
    REL_REJ            0.554      0.020     28.252      0.000
    REL_WARM           0.554      0.020     28.252      0.000

 F3REL    ON
    SEX                0.529      0.075      7.069      0.000
    AGE               -0.017      0.035     -0.486      0.627

 CAN      ON
    F3REL             -0.041      0.051     -0.803      0.422

 CAN      ON
    PRSCAN             0.177      0.036      4.989      0.000
    SEX                0.178      0.077      2.314      0.021
    AGE                0.137      0.036      3.830      0.000
    C1                -0.055      0.040     -1.364      0.173
    C2                -0.069      0.057     -1.206      0.228
    C3                 0.017      0.043      0.394      0.694
    C4                 0.055      0.053      1.045      0.296
    C5                -0.029      0.053     -0.546      0.585
    C6                 0.017      0.050      0.342      0.732
    C7                 0.108      0.048      2.249      0.025
    C8                -0.103      0.050     -2.064      0.039
    C9                -0.025      0.049     -0.508      0.611
    C10                0.079      0.048      1.643      0.100

 Intercepts
    REL_REJ           -0.139      0.042     -3.285      0.001
    REL_WARM          -0.186      0.039     -4.724      0.000

 Thresholds
    CAN$1             -0.156      0.050     -3.120      0.002

 Residual Variances
    REL_REJ            0.622      0.025     24.543      0.000
    REL_WARM           0.614      0.030     20.507      0.000
    F3REL              1.000      0.000    999.000    999.000


STANDARDIZED MODEL RESULTS


STDYX Standardization

                                                    Two-Tailed
                    Estimate       S.E.  Est./S.E.    P-Value

 F3REL    BY
    REL_REJ            0.587      0.017     33.737      0.000
    REL_WARM           0.590      0.017     35.658      0.000

 F3REL    ON
    SEX                0.256      0.034      7.503      0.000
    AGE               -0.016      0.034     -0.486      0.627

 CAN      ON
    F3REL             -0.041      0.051     -0.803      0.422

 CAN      ON
    PRSCAN             0.169      0.033      5.109      0.000
    SEX                0.086      0.037      2.326      0.020
    AGE                0.132      0.034      3.888      0.000
    C1                -0.050      0.037     -1.366      0.172
    C2                -0.046      0.038     -1.207      0.227
    C3                 0.016      0.040      0.394      0.694
    C4                 0.038      0.036      1.046      0.296
    C5                -0.020      0.036     -0.546      0.585
    C6                 0.012      0.036      0.342      0.732
    C7                 0.079      0.035      2.261      0.024
    C8                -0.073      0.035     -2.075      0.038
    C9                -0.018      0.036     -0.509      0.611
    C10                0.057      0.034      1.648      0.099

 Intercepts
    REL_REJ           -0.143      0.043     -3.358      0.001
    REL_WARM          -0.191      0.039     -4.907      0.000

 Thresholds
    CAN$1             -0.150      0.048     -3.102      0.002

 Residual Variances
    REL_REJ            0.655      0.020     32.028      0.000
    REL_WARM           0.652      0.020     33.384      0.000
    F3REL              0.935      0.017     53.999      0.000


R-SQUARE

    Observed                                        Two-Tailed   Residual
    Variable        Estimate       S.E.  Est./S.E.    P-Value    Variance

    REL_REJ            0.345      0.020     16.868      0.000
    REL_WARM           0.348      0.020     17.829      0.000
    CAN                0.076      0.018      4.233      0.000      0.998

     Latent                                         Two-Tailed
    Variable        Estimate       S.E.  Est./S.E.    P-Value

    F3REL              0.065      0.017      3.753      0.000


QUALITY OF NUMERICAL RESULTS

     Condition Number for the Information Matrix              0.275E-01
       (ratio of smallest to largest eigenvalue)


CONFIDENCE INTERVALS OF MODEL RESULTS

                  Lower .5%  Lower 2.5%    Lower 5%    Estimate    Upper 5%  Upper 2.5%   Upper .5%

 F3REL    BY
    REL_REJ          0.503       0.515       0.521       0.554       0.586       0.592       0.604
    REL_WARM         0.503       0.515       0.521       0.554       0.586       0.592       0.604

 F3REL    ON
    SEX              0.336       0.382       0.406       0.529       0.652       0.676       0.722
    AGE             -0.106      -0.085      -0.074      -0.017       0.040       0.051       0.073

 CAN      ON
    F3REL           -0.174      -0.142      -0.126      -0.041       0.043       0.060       0.091

 CAN      ON
    PRSCAN           0.086       0.108       0.119       0.177       0.236       0.247       0.269
    SEX             -0.020       0.027       0.052       0.178       0.305       0.329       0.377
    AGE              0.045       0.067       0.078       0.137       0.196       0.207       0.229
    C1              -0.158      -0.133      -0.121      -0.055       0.011       0.024       0.049
    C2              -0.216      -0.181      -0.163      -0.069       0.025       0.043       0.078
    C3              -0.094      -0.068      -0.054       0.017       0.088       0.102       0.128
    C4              -0.081      -0.048      -0.032       0.055       0.142       0.159       0.191
    C5              -0.167      -0.134      -0.117      -0.029       0.059       0.076       0.109
    C6              -0.111      -0.081      -0.065       0.017       0.099       0.115       0.146
    C7              -0.016       0.014       0.029       0.108       0.187       0.203       0.232
    C8              -0.231      -0.200      -0.185      -0.103      -0.021      -0.005       0.026
    C9              -0.152      -0.121      -0.106      -0.025       0.056       0.071       0.102
    C10             -0.045      -0.015       0.000       0.079       0.159       0.174       0.204

 Intercepts
    REL_REJ         -0.249      -0.223      -0.209      -0.139      -0.070      -0.056      -0.030
    REL_WARM        -0.287      -0.263      -0.250      -0.186      -0.121      -0.109      -0.084

 Thresholds
    CAN$1           -0.285      -0.254      -0.238      -0.156      -0.074      -0.058      -0.027

 Residual Variances
    REL_REJ          0.557       0.573       0.581       0.622       0.664       0.672       0.688
    REL_WARM         0.537       0.555       0.565       0.614       0.663       0.672       0.691
    F3REL            1.000       1.000       1.000       1.000       1.000       1.000       1.000


CONFIDENCE INTERVALS OF STANDARDIZED MODEL RESULTS


STDYX Standardization

                  Lower .5%  Lower 2.5%    Lower 5%    Estimate    Upper 5%  Upper 2.5%   Upper .5%

 F3REL    BY
    REL_REJ          0.543       0.553       0.559       0.587       0.616       0.621       0.632
    REL_WARM         0.547       0.558       0.563       0.590       0.617       0.622       0.633

 F3REL    ON
    SEX              0.168       0.189       0.200       0.256       0.312       0.322       0.343
    AGE             -0.103      -0.082      -0.072      -0.016       0.039       0.049       0.070

 CAN      ON
    F3REL           -0.173      -0.142      -0.125      -0.041       0.043       0.059       0.091

 CAN      ON
    PRSCAN           0.084       0.104       0.114       0.169       0.223       0.233       0.254
    SEX             -0.009       0.013       0.025       0.086       0.146       0.158       0.181
    AGE              0.044       0.065       0.076       0.132       0.187       0.198       0.219
    C1              -0.145      -0.122      -0.111      -0.050       0.010       0.022       0.044
    C2              -0.143      -0.120      -0.108      -0.046       0.017       0.028       0.052
    C3              -0.087      -0.062      -0.050       0.016       0.081       0.094       0.118
    C4              -0.055      -0.033      -0.022       0.038       0.097       0.108       0.130
    C5              -0.113      -0.090      -0.079      -0.020       0.040       0.051       0.073
    C6              -0.079      -0.058      -0.046       0.012       0.071       0.082       0.104
    C7              -0.011       0.010       0.021       0.079       0.136       0.147       0.169
    C8              -0.165      -0.143      -0.132      -0.073      -0.015      -0.004       0.018
    C9              -0.110      -0.088      -0.077      -0.018       0.041       0.052       0.074
    C10             -0.032      -0.011       0.000       0.057       0.113       0.124       0.145

 Intercepts
    REL_REJ         -0.253      -0.227      -0.213      -0.143      -0.073      -0.060      -0.033
    REL_WARM        -0.292      -0.268      -0.256      -0.191      -0.127      -0.115      -0.091

 Thresholds
    CAN$1           -0.274      -0.245      -0.229      -0.150      -0.070      -0.055      -0.025

 Residual Variances
    REL_REJ          0.602       0.615       0.621       0.655       0.689       0.695       0.708
    REL_WARM         0.602       0.614       0.620       0.652       0.684       0.690       0.702
    F3REL            0.890       0.901       0.907       0.935       0.964       0.969       0.980


MODEL MODIFICATION INDICES

NOTE:  Modification indices for direct effects of observed dependent variables
regressed on covariates and residual covariances among observed dependent
variables may not be included.  To include these, request MODINDICES (ALL).

Minimum M.I. value for printing the modification index     4.000

                                   M.I.     E.P.C.  Std E.P.C.  StdYX E.P.C.

ON Statements

F3REL    ON C8                     5.084     0.101      0.098        0.072
F3REL    ON C9                     4.275     0.088      0.085        0.064


DIAGRAM INFORMATION

  Use View Diagram under the Diagram menu in the Mplus Editor to view the diagram.
  If running Mplus from the Mplus Diagrammer, the diagram opens automatically.

  Diagram output
    \\cnas.ru.nl\u642157\documents\6 trails\results\can\can_f3rel_1maineffects_wlsmv.dgm

     Beginning Time:  15:39:17
        Ending Time:  15:39:18
       Elapsed Time:  00:00:01



MUTHEN & MUTHEN
3463 Stoner Ave.
Los Angeles, CA  90066

Tel: (310) 391-9971
Fax: (310) 391-8971
Web: www.StatModel.com
Support: Support@StatModel.com

Copyright (c) 1998-2019 Muthen & Muthen
