Mplus VERSION 8.3
MUTHEN & MUTHEN
03/05/2020  12:13 PM

INPUT INSTRUCTIONS

    DATA:
         FILE IS  \\CNAS.RU.NL\U642157\Documents\6 TRAILS\datasets\full.csv;

    VARIABLE:
         NAMES ARE sex age C1 C2 C3 C4 C5 C6 C7 C8 C9 C10
         parknow pardisc parcont parsol rel_rej rel_warm
         parsmk parcpd paralc paraddep parcan
         prssmcpd prsalc prscan
         eversmk dailysmk cpd ftnd alc alcmonth audit can cupit1 cupit2 ;
         MISSING * ;
         USEVARIABLES sex age C1 C2 C3 C4 C5 C6 C7 C8 C9 C10
         rel_rej rel_warm
         prscan
         can ;
         CATEGORICAL ARE can ;

      ANALYSIS: estimator=MLR ;

      MODEL:
         !Latent factors parenting
         F3rel BY rel_rej-rel_warm*(1) ;
         F3rel@1 ;

         !Main effects
         can ON F3rel prscan ;
         can ON sex age C1 C2 C3 C4 C5 C6 C7 C8 C9 C10 ;

         F3rel ON sex age ;

       OUTPUT:
         SAMPSTAT CINTERVAL STDYX ;




*** WARNING
  Data set contains cases with missing on x-variables.
  These cases were not included in the analysis.
  Number of cases with missing on x-variables:  44
*** WARNING
  Data set contains cases with missing on all variables except
  x-variables.  These cases were not included in the analysis.
  Number of cases with missing on all variables except x-variables:  4
   2 WARNING(S) FOUND IN THE INPUT INSTRUCTIONS




SUMMARY OF ANALYSIS

Number of groups                                                 1
Number of observations                                        1645

Number of dependent variables                                    3
Number of independent variables                                 13
Number of continuous latent variables                            1

Observed dependent variables

  Continuous
   REL_REJ     REL_WARM

  Binary and ordered categorical (ordinal)
   CAN

Observed independent variables
   SEX         AGE         C1          C2          C3          C4
   C5          C6          C7          C8          C9          C10
   PRSCAN

Continuous latent variables
   F3REL


Estimator                                                      MLR
Information matrix                                        OBSERVED
Optimization Specifications for the Quasi-Newton Algorithm for
Continuous Outcomes
  Maximum number of iterations                                 100
  Convergence criterion                                  0.100D-05
Optimization Specifications for the EM Algorithm
  Maximum number of iterations                                 500
  Convergence criteria
    Loglikelihood change                                 0.100D-02
    Relative loglikelihood change                        0.100D-05
    Derivative                                           0.100D-02
Optimization Specifications for the M step of the EM Algorithm for
Categorical Latent variables
  Number of M step iterations                                    1
  M step convergence criterion                           0.100D-02
  Basis for M step termination                           ITERATION
Optimization Specifications for the M step of the EM Algorithm for
Censored, Binary or Ordered Categorical (Ordinal), Unordered
Categorical (Nominal) and Count Outcomes
  Number of M step iterations                                    1
  M step convergence criterion                           0.100D-02
  Basis for M step termination                           ITERATION
  Maximum value for logit thresholds                            15
  Minimum value for logit thresholds                           -15
  Minimum expected cell size for chi-square              0.100D-01
Maximum number of iterations for H1                           2000
Convergence criterion for H1                             0.100D-03
Optimization algorithm                                         EMA
Integration Specifications
  Type                                                    STANDARD
  Number of integration points                                  15
  Dimensions of numerical integration                            1
  Adaptive quadrature                                           ON
Link                                                         LOGIT
Cholesky                                                       OFF

Input data file(s)
  \\CNAS.RU.NL\U642157\Documents\6 TRAILS\datasets\full.csv
Input data format  FREE


SUMMARY OF DATA

     Number of missing data patterns             4
     Number of y missing data patterns           3
     Number of u missing data patterns           2


COVARIANCE COVERAGE OF DATA

Minimum covariance coverage value   0.100


     PROPORTION OF DATA PRESENT


           Covariance Coverage
              CAN           REL_REJ       REL_WARM      SEX           AGE
              ________      ________      ________      ________      ________
 CAN            0.790
 REL_REJ        0.787         0.996
 REL_WARM       0.787         0.996         0.997
 SEX            0.790         0.996         0.997         1.000
 AGE            0.790         0.996         0.997         1.000         1.000
 C1             0.790         0.996         0.997         1.000         1.000
 C2             0.790         0.996         0.997         1.000         1.000
 C3             0.790         0.996         0.997         1.000         1.000
 C4             0.790         0.996         0.997         1.000         1.000
 C5             0.790         0.996         0.997         1.000         1.000
 C6             0.790         0.996         0.997         1.000         1.000
 C7             0.790         0.996         0.997         1.000         1.000
 C8             0.790         0.996         0.997         1.000         1.000
 C9             0.790         0.996         0.997         1.000         1.000
 C10            0.790         0.996         0.997         1.000         1.000
 PRSCAN         0.790         0.996         0.997         1.000         1.000


           Covariance Coverage
              C1            C2            C3            C4            C5
              ________      ________      ________      ________      ________
 C1             1.000
 C2             1.000         1.000
 C3             1.000         1.000         1.000
 C4             1.000         1.000         1.000         1.000
 C5             1.000         1.000         1.000         1.000         1.000
 C6             1.000         1.000         1.000         1.000         1.000
 C7             1.000         1.000         1.000         1.000         1.000
 C8             1.000         1.000         1.000         1.000         1.000
 C9             1.000         1.000         1.000         1.000         1.000
 C10            1.000         1.000         1.000         1.000         1.000
 PRSCAN         1.000         1.000         1.000         1.000         1.000


           Covariance Coverage
              C6            C7            C8            C9            C10
              ________      ________      ________      ________      ________
 C6             1.000
 C7             1.000         1.000
 C8             1.000         1.000         1.000
 C9             1.000         1.000         1.000         1.000
 C10            1.000         1.000         1.000         1.000         1.000
 PRSCAN         1.000         1.000         1.000         1.000         1.000


           Covariance Coverage
              PRSCAN
              ________
 PRSCAN         1.000


     PROPORTION OF DATA PRESENT FOR U


           Covariance Coverage
              CAN
              ________
 CAN            0.790


     PROPORTION OF DATA PRESENT FOR Y


           Covariance Coverage
              REL_REJ       REL_WARM      SEX           AGE           C1
              ________      ________      ________      ________      ________
 REL_REJ        0.996
 REL_WARM       0.996         0.997
 SEX            0.996         0.997         1.000
 AGE            0.996         0.997         1.000         1.000
 C1             0.996         0.997         1.000         1.000         1.000
 C2             0.996         0.997         1.000         1.000         1.000
 C3             0.996         0.997         1.000         1.000         1.000
 C4             0.996         0.997         1.000         1.000         1.000
 C5             0.996         0.997         1.000         1.000         1.000
 C6             0.996         0.997         1.000         1.000         1.000
 C7             0.996         0.997         1.000         1.000         1.000
 C8             0.996         0.997         1.000         1.000         1.000
 C9             0.996         0.997         1.000         1.000         1.000
 C10            0.996         0.997         1.000         1.000         1.000
 PRSCAN         0.996         0.997         1.000         1.000         1.000


           Covariance Coverage
              C2            C3            C4            C5            C6
              ________      ________      ________      ________      ________
 C2             1.000
 C3             1.000         1.000
 C4             1.000         1.000         1.000
 C5             1.000         1.000         1.000         1.000
 C6             1.000         1.000         1.000         1.000         1.000
 C7             1.000         1.000         1.000         1.000         1.000
 C8             1.000         1.000         1.000         1.000         1.000
 C9             1.000         1.000         1.000         1.000         1.000
 C10            1.000         1.000         1.000         1.000         1.000
 PRSCAN         1.000         1.000         1.000         1.000         1.000


           Covariance Coverage
              C7            C8            C9            C10           PRSCAN
              ________      ________      ________      ________      ________
 C7             1.000
 C8             1.000         1.000
 C9             1.000         1.000         1.000
 C10            1.000         1.000         1.000         1.000
 PRSCAN         1.000         1.000         1.000         1.000         1.000


UNIVARIATE PROPORTIONS AND COUNTS FOR CATEGORICAL VARIABLES

    CAN
      Category 1    0.412          535.000
      Category 2    0.588          764.000


SAMPLE STATISTICS


     ESTIMATED SAMPLE STATISTICS


           Means
              REL_REJ       REL_WARM      SEX           AGE           C1
              ________      ________      ________      ________      ________
                0.020        -0.036         0.521         0.000        -0.008


           Means
              C2            C3            C4            C5            C6
              ________      ________      ________      ________      ________
                0.021         0.015        -0.058        -0.017         0.003


           Means
              C7            C8            C9            C10           PRSCAN
              ________      ________      ________      ________      ________
               -0.024        -0.004         0.018         0.028         0.013


           Covariances
              REL_REJ       REL_WARM      SEX           AGE           C1
              ________      ________      ________      ________      ________
 REL_REJ        0.959
 REL_WARM       0.331         0.952
 SEX            0.076         0.070         0.250
 AGE            0.010        -0.009         0.038         0.998
 C1            -0.024        -0.028        -0.016         0.048         0.915
 C2            -0.028         0.019        -0.003         0.023         0.223
 C3             0.019        -0.017        -0.020         0.035         0.078
 C4             0.009         0.014         0.002        -0.014         0.041
 C5             0.015        -0.012        -0.007         0.008        -0.002
 C6            -0.013        -0.028         0.005         0.013        -0.003
 C7            -0.001        -0.038         0.006        -0.013        -0.011
 C8             0.022         0.040         0.001         0.022         0.007
 C9             0.031         0.028         0.012        -0.030        -0.011
 C10            0.032         0.010         0.000        -0.018         0.026
 PRSCAN        -0.014         0.010        -0.004         0.021         0.148


           Covariances
              C2            C3            C4            C5            C6
              ________      ________      ________      ________      ________
 C2             0.472
 C3            -0.169         0.917
 C4             0.000        -0.016         0.502
 C5            -0.007        -0.027        -0.031         0.492
 C6             0.054        -0.032        -0.010        -0.083         0.550
 C7            -0.022        -0.058         0.036         0.023         0.016
 C8             0.036        -0.048        -0.044         0.031        -0.013
 C9            -0.014        -0.037         0.012        -0.024         0.004
 C10           -0.014        -0.010         0.025         0.010        -0.025
 PRSCAN         0.032         0.030         0.011        -0.017        -0.010


           Covariances
              C7            C8            C9            C10           PRSCAN
              ________      ________      ________      ________      ________
 C7             0.573
 C8            -0.026         0.551
 C9             0.036        -0.014         0.568
 C10            0.006         0.030         0.030         0.550
 PRSCAN         0.002        -0.020        -0.006        -0.006         0.980


           Correlations
              REL_REJ       REL_WARM      SEX           AGE           C1
              ________      ________      ________      ________      ________
 REL_REJ        1.000
 REL_WARM       0.346         1.000
 SEX            0.156         0.144         1.000
 AGE            0.010        -0.009         0.076         1.000
 C1            -0.025        -0.030        -0.033         0.050         1.000
 C2            -0.041         0.028        -0.008         0.033         0.340
 C3             0.020        -0.019        -0.043         0.036         0.085
 C4             0.012         0.020         0.005        -0.019         0.060
 C5             0.022        -0.018        -0.019         0.012        -0.003
 C6            -0.017        -0.039         0.013         0.017        -0.004
 C7            -0.002        -0.051         0.016        -0.018        -0.016
 C8             0.030         0.055         0.001         0.029         0.009
 C9             0.043         0.038         0.032        -0.039        -0.016
 C10            0.044         0.014         0.000        -0.025         0.036
 PRSCAN        -0.014         0.010        -0.008         0.021         0.156


           Correlations
              C2            C3            C4            C5            C6
              ________      ________      ________      ________      ________
 C2             1.000
 C3            -0.257         1.000
 C4             0.000        -0.023         1.000
 C5            -0.014        -0.041        -0.062         1.000
 C6             0.106        -0.045        -0.019        -0.159         1.000
 C7            -0.043        -0.079         0.068         0.043         0.028
 C8             0.070        -0.068        -0.083         0.060        -0.024
 C9            -0.027        -0.051         0.022        -0.045         0.007
 C10           -0.028        -0.014         0.048         0.019        -0.045
 PRSCAN         0.048         0.032         0.015        -0.025        -0.014


           Correlations
              C7            C8            C9            C10           PRSCAN
              ________      ________      ________      ________      ________
 C7             1.000
 C8            -0.046         1.000
 C9             0.062        -0.024         1.000
 C10            0.010         0.054         0.053         1.000
 PRSCAN         0.002        -0.027        -0.008        -0.008         1.000


     MAXIMUM LOG-LIKELIHOOD VALUE FOR THE UNRESTRICTED (H1) MODEL IS -28983.052


UNIVARIATE SAMPLE STATISTICS


     UNIVARIATE HIGHER-ORDER MOMENT DESCRIPTIVE STATISTICS

         Variable/         Mean/     Skewness/   Minimum/ % with                Percentiles
        Sample Size      Variance    Kurtosis    Maximum  Min/Max      20%/60%    40%/80%    Median

     REL_REJ               0.020       1.270      -1.567    0.61%      -0.741     -0.374     -0.191
            1639.000       0.959       2.534       4.765    0.06%       0.085      0.635
     REL_WARM             -0.036       0.726      -1.589    0.85%      -0.929     -0.490     -0.215
            1640.000       0.952       0.158       4.017    0.06%       0.060      0.774
     SEX                   0.521      -0.084       0.000   47.90%       0.000      0.000      1.000
            1645.000       0.250      -1.993       1.000   52.10%       1.000      1.000
     AGE                   0.000       0.388      -2.386    1.03%      -0.963     -0.963      0.461
            1645.000       0.998      -0.574       3.308    0.12%       0.461      0.461
     C1                   -0.008       4.668      -1.078    0.06%      -0.466     -0.274     -0.191
            1645.000       0.915      26.687       7.970    0.06%      -0.109      0.165
     C2                    0.021       2.872      -2.219    0.06%      -0.474     -0.148     -0.026
            1645.000       0.472      23.279       6.647    0.06%       0.129      0.471
     C3                    0.015       1.628      -5.903    0.06%      -0.550     -0.205     -0.054
            1645.000       0.917      14.246       7.023    0.06%       0.112      0.445
     C4                   -0.058       0.942      -2.124    0.06%      -0.641     -0.229     -0.060
            1645.000       0.502      10.408       8.131    0.06%       0.111      0.503
     C5                   -0.017       0.057      -2.454    0.06%      -0.591     -0.212     -0.023
            1645.000       0.492       0.117       2.382    0.06%       0.151      0.565
     C6                    0.003      -0.119      -4.142    0.06%      -0.601     -0.183     -0.004
            1645.000       0.550       0.843       2.916    0.06%       0.185      0.601
     C7                   -0.024      -0.197      -3.734    0.06%      -0.657     -0.211      0.012
            1645.000       0.573       0.440       2.063    0.06%       0.182      0.611
     C8                   -0.004      -0.183      -4.189    0.06%      -0.653     -0.171      0.006
            1645.000       0.551       0.517       2.570    0.06%       0.196      0.604
     C9                    0.018      -0.090      -2.592    0.06%      -0.620     -0.163      0.044
            1645.000       0.568       0.132       2.719    0.06%       0.204      0.651
     C10                   0.028       0.031      -3.362    0.06%      -0.604     -0.139      0.032
            1645.000       0.550       0.537       3.648    0.06%       0.212      0.646
     PRSCAN                0.013       0.012      -2.828    0.06%      -0.801     -0.246      0.003
            1645.000       0.980      -0.023       4.235    0.06%       0.248      0.857


THE MODEL ESTIMATION TERMINATED NORMALLY



MODEL FIT INFORMATION

Number of Free Parameters                       22

Loglikelihood

          H0 Value                       -5293.542
          H0 Scaling Correction Factor      1.0923
            for MLR

Information Criteria

          Akaike (AIC)                   10631.084
          Bayesian (BIC)                 10750.005
          Sample-Size Adjusted BIC       10680.115
            (n* = (n + 2) / 24)



MODEL RESULTS

                                                    Two-Tailed
                    Estimate       S.E.  Est./S.E.    P-Value

 F3REL    BY
    REL_REJ            0.557      0.026     21.594      0.000
    REL_WARM           0.557      0.026     21.594      0.000

 F3REL      ON
    SEX                0.524      0.073      7.213      0.000
    AGE               -0.019      0.036     -0.524      0.601

 CAN        ON
    F3REL             -0.070      0.088     -0.795      0.427

 CAN        ON
    PRSCAN             0.291      0.063      4.644      0.000
    SEX                0.289      0.125      2.318      0.020
    AGE                0.222      0.059      3.779      0.000
    C1                -0.092      0.080     -1.155      0.248
    C2                -0.114      0.099     -1.149      0.250
    C3                 0.028      0.066      0.432      0.666
    C4                 0.091      0.087      1.048      0.294
    C5                -0.049      0.085     -0.578      0.563
    C6                 0.027      0.081      0.334      0.739
    C7                 0.172      0.076      2.271      0.023
    C8                -0.162      0.080     -2.035      0.042
    C9                -0.038      0.078     -0.484      0.628
    C10                0.131      0.080      1.632      0.103

 Intercepts
    REL_REJ           -0.132      0.029     -4.504      0.000
    REL_WARM          -0.188      0.030     -6.270      0.000

 Thresholds
    CAN$1             -0.251      0.080     -3.116      0.002

 Residual Variances
    REL_REJ            0.626      0.040     15.816      0.000
    REL_WARM           0.622      0.037     16.931      0.000
    F3REL              1.000      0.000    999.000    999.000


LOGISTIC REGRESSION ODDS RATIO RESULTS

                                         (Est. - 1) Two-Tailed
                    Estimate       S.E.     / S.E.    P-Value

 CAN        ON
    F3REL              0.933      0.082     -0.823      0.410

 CAN        ON
    PRSCAN             1.337      0.084      4.030      0.000
    SEX                1.335      0.166      2.013      0.044
    AGE                1.248      0.073      3.389      0.001
    C1                 0.912      0.073     -1.210      0.226
    C2                 0.892      0.089     -1.218      0.223
    C3                 1.029      0.068      0.426      0.670
    C4                 1.095      0.095      1.002      0.316
    C5                 0.952      0.081     -0.593      0.553
    C6                 1.027      0.083      0.329      0.742
    C7                 1.188      0.090      2.086      0.037
    C8                 0.850      0.068     -2.209      0.027
    C9                 0.963      0.075     -0.494      0.622
    C10                1.140      0.092      1.529      0.126


STANDARDIZED MODEL RESULTS


STDYX Standardization

                                                    Two-Tailed
                    Estimate       S.E.  Est./S.E.    P-Value

 F3REL    BY
    REL_REJ            0.588      0.021     28.256      0.000
    REL_WARM           0.590      0.025     23.906      0.000

 F3REL      ON
    SEX                0.254      0.033      7.645      0.000
    AGE               -0.018      0.035     -0.524      0.600

 CAN        ON
    F3REL             -0.038      0.048     -0.796      0.426

 CAN        ON
    PRSCAN             0.154      0.032      4.742      0.000
    SEX                0.077      0.033      2.330      0.020
    AGE                0.118      0.031      3.823      0.000
    C1                -0.047      0.041     -1.157      0.247
    C2                -0.042      0.036     -1.151      0.250
    C3                 0.015      0.034      0.432      0.666
    C4                 0.034      0.033      1.050      0.294
    C5                -0.018      0.032     -0.579      0.563
    C6                 0.011      0.032      0.334      0.739
    C7                 0.070      0.031      2.280      0.023
    C8                -0.064      0.031     -2.042      0.041
    C9                -0.015      0.031     -0.484      0.628
    C10                0.052      0.032      1.636      0.102

 Intercepts
    REL_REJ           -0.135      0.031     -4.307      0.000
    REL_WARM          -0.193      0.032     -6.048      0.000

 Thresholds
    CAN$1             -0.134      0.043     -3.104      0.002

 Residual Variances
    REL_REJ            0.654      0.025     26.679      0.000
    REL_WARM           0.652      0.029     22.437      0.000
    F3REL              0.936      0.017     56.015      0.000


R-SQUARE

    Observed                                        Two-Tailed
    Variable        Estimate       S.E.  Est./S.E.    P-Value

    CAN                0.062      0.016      3.942      0.000
    REL_REJ            0.346      0.025     14.128      0.000
    REL_WARM           0.348      0.029     11.953      0.000

     Latent                                         Two-Tailed
    Variable        Estimate       S.E.  Est./S.E.    P-Value

    F3REL              0.064      0.017      3.823      0.000


QUALITY OF NUMERICAL RESULTS

     Condition Number for the Information Matrix              0.625E-02
       (ratio of smallest to largest eigenvalue)


CONFIDENCE INTERVALS OF MODEL RESULTS

                  Lower .5%  Lower 2.5%    Lower 5%    Estimate    Upper 5%  Upper 2.5%   Upper .5%

 F3REL    BY
    REL_REJ          0.491       0.506       0.515       0.557       0.599       0.608       0.623
    REL_WARM         0.491       0.506       0.515       0.557       0.599       0.608       0.623

 F3REL    ON
    SEX              0.337       0.382       0.405       0.524       0.644       0.667       0.712
    AGE             -0.112      -0.090      -0.078      -0.019       0.041       0.052       0.074

 CAN      ON
    F3REL           -0.296      -0.242      -0.214      -0.070       0.075       0.102       0.156

 CAN      ON
    PRSCAN           0.129       0.168       0.188       0.291       0.394       0.413       0.452
    SEX             -0.032       0.045       0.084       0.289       0.494       0.533       0.610
    AGE              0.071       0.107       0.125       0.222       0.318       0.337       0.373
    C1              -0.298      -0.249      -0.224      -0.092       0.039       0.064       0.114
    C2              -0.370      -0.309      -0.278      -0.114       0.049       0.081       0.142
    C3              -0.141      -0.101      -0.080       0.028       0.137       0.157       0.198
    C4              -0.133      -0.079      -0.052       0.091       0.234       0.261       0.315
    C5              -0.269      -0.216      -0.189      -0.049       0.091       0.118       0.170
    C6              -0.181      -0.131      -0.106       0.027       0.159       0.185       0.234
    C7              -0.023       0.024       0.047       0.172       0.297       0.321       0.367
    C8              -0.367      -0.318      -0.293      -0.162      -0.031      -0.006       0.043
    C9              -0.238      -0.190      -0.166      -0.038       0.090       0.115       0.163
    C10             -0.076      -0.026      -0.001       0.131       0.263       0.289       0.338

 Intercepts
    REL_REJ         -0.207      -0.189      -0.180      -0.132      -0.084      -0.075      -0.056
    REL_WARM        -0.265      -0.247      -0.237      -0.188      -0.139      -0.129      -0.111

 Thresholds
    CAN$1           -0.458      -0.408      -0.383      -0.251      -0.118      -0.093      -0.043

 Residual Variances
    REL_REJ          0.524       0.548       0.561       0.626       0.691       0.703       0.728
    REL_WARM         0.528       0.550       0.562       0.622       0.683       0.694       0.717
    F3REL            1.000       1.000       1.000       1.000       1.000       1.000       1.000


CONFIDENCE INTERVALS FOR THE LOGISTIC REGRESSION ODDS RATIO RESULTS

 CAN      ON
    F3REL            0.744       0.785       0.807       0.933       1.077       1.108       1.169

 CAN      ON
    PRSCAN           1.138       1.183       1.206       1.337       1.482       1.512       1.571
    SEX              0.968       1.046       1.087       1.335       1.639       1.704       1.840
    AGE              1.073       1.113       1.133       1.248       1.375       1.401       1.452
    C1               0.742       0.780       0.800       0.912       1.040       1.066       1.120
    C2               0.690       0.734       0.757       0.892       1.051       1.084       1.152
    C3               0.868       0.904       0.923       1.029       1.146       1.170       1.219
    C4               0.876       0.924       0.950       1.095       1.263       1.298       1.370
    C5               0.764       0.806       0.828       0.952       1.095       1.125       1.185
    C6               0.835       0.877       0.900       1.027       1.173       1.203       1.264
    C7               0.977       1.024       1.049       1.188       1.346       1.378       1.444
    C8               0.693       0.728       0.746       0.850       0.969       0.994       1.044
    C9               0.788       0.827       0.847       0.963       1.095       1.122       1.177
    C10              0.927       0.974       0.999       1.140       1.301       1.335       1.403


CONFIDENCE INTERVALS OF STANDARDIZED MODEL RESULTS


STDYX Standardization

                  Lower .5%  Lower 2.5%    Lower 5%    Estimate    Upper 5%  Upper 2.5%   Upper .5%

 F3REL    BY
    REL_REJ          0.535       0.548       0.554       0.588       0.623       0.629       0.642
    REL_WARM         0.526       0.541       0.549       0.590       0.630       0.638       0.653

 F3REL    ON
    SEX              0.168       0.189       0.199       0.254       0.308       0.318       0.339
    AGE             -0.108      -0.087      -0.076      -0.018       0.039       0.050       0.072

 CAN      ON
    F3REL           -0.163      -0.133      -0.118      -0.038       0.041       0.056       0.086

 CAN      ON
    PRSCAN           0.070       0.090       0.100       0.154       0.207       0.217       0.237
    SEX             -0.008       0.012       0.023       0.077       0.131       0.142       0.162
    AGE              0.039       0.058       0.067       0.118       0.169       0.179       0.198
    C1              -0.152      -0.127      -0.114      -0.047       0.020       0.033       0.058
    C2              -0.136      -0.113      -0.102      -0.042       0.018       0.029       0.052
    C3              -0.072      -0.051      -0.041       0.015       0.070       0.080       0.101
    C4              -0.050      -0.030      -0.020       0.034       0.088       0.099       0.119
    C5              -0.101      -0.081      -0.071      -0.018       0.034       0.044       0.064
    C6              -0.071      -0.052      -0.042       0.011       0.063       0.073       0.093
    C7              -0.009       0.010       0.019       0.070       0.120       0.129       0.148
    C8              -0.145      -0.126      -0.116      -0.064      -0.012      -0.003       0.017
    C9              -0.096      -0.077      -0.067      -0.015       0.036       0.046       0.066
    C10             -0.030      -0.010       0.000       0.052       0.104       0.114       0.134

 Intercepts
    REL_REJ         -0.215      -0.196      -0.186      -0.135      -0.083      -0.073      -0.054
    REL_WARM        -0.275      -0.255      -0.245      -0.193      -0.140      -0.130      -0.111

 Thresholds
    CAN$1           -0.245      -0.218      -0.205      -0.134      -0.063      -0.049      -0.023

 Residual Variances
    REL_REJ          0.591       0.606       0.613       0.654       0.694       0.702       0.717
    REL_WARM         0.578       0.595       0.605       0.652       0.700       0.709       0.727
    F3REL            0.893       0.903       0.909       0.936       0.964       0.969       0.979


     Beginning Time:  12:13:09
        Ending Time:  12:13:11
       Elapsed Time:  00:00:02



MUTHEN & MUTHEN
3463 Stoner Ave.
Los Angeles, CA  90066

Tel: (310) 391-9971
Fax: (310) 391-8971
Web: www.StatModel.com
Support: Support@StatModel.com

Copyright (c) 1998-2019 Muthen & Muthen
