Mplus VERSION 8.3
MUTHEN & MUTHEN
03/05/2020  10:42 AM

INPUT INSTRUCTIONS

    DATA:
         FILE IS \\CNAS.RU.NL\U642157\Documents\6 TRAILS\datasets\full.csv ;

    VARIABLE:
         NAMES ARE sex age C1 C2 C3 C4 C5 C6 C7 C8 C9 C10
           parknow pardisc parcont parsol rel_rej rel_warm
           parsmk parcpd paralc paraddep parcan
           prssmcpd prsalc prscan
           eversmk dailysmk cpd ftnd alc alcmonth audit can cupit1 cupit2 ;
         MISSING * ;
         USEVARIABLES alc alcmonth audit ;
         CATEGORICAL ARE alcmonth ;

      ANALYSIS: TYPE = EFA 1 1 ;

      OUTPUT:
          SAMPSTAT  modindices(4) ;




*** WARNING
  Data set contains cases with missing on all variables.
  These cases were not included in the analysis.
  Number of cases with missing on all variables:  377
   1 WARNING(S) FOUND IN THE INPUT INSTRUCTIONS




SUMMARY OF ANALYSIS

Number of groups                                                 1
Number of observations                                        1316

Number of dependent variables                                    3
Number of independent variables                                  0
Number of continuous latent variables                            0

Observed dependent variables

  Continuous
   ALC         AUDIT

  Binary and ordered categorical (ordinal)
   ALCMONTH


Estimator                                                    WLSMV
Rotation                                                    GEOMIN
Row standardization                                    CORRELATION
Type of rotation                                           OBLIQUE
Epsilon value                                               Varies
Maximum number of iterations                                  1000
Convergence criterion                                    0.500D-04
Maximum number of steepest descent iterations                   20
Maximum number of iterations for H1                           2000
Convergence criterion for H1                             0.100D-03
Optimization Specifications for the Exploratory Factor Analysis
Rotation Algorithm
  Number of random starts                                       30
  Maximum number of iterations                               10000
  Derivative convergence criterion                       0.100D-04
Link                                                        PROBIT

Input data file(s)
  \\CNAS.RU.NL\U642157\Documents\6 TRAILS\datasets\full.csv

Input data format  FREE


SUMMARY OF DATA

     Number of missing data patterns             4


COVARIANCE COVERAGE OF DATA

Minimum covariance coverage value   0.100


     PROPORTION OF DATA PRESENT


           Covariance Coverage
              ALC           ALCMONTH      AUDIT
              ________      ________      ________
 ALC            0.853
 ALCMONTH       0.853         1.000
 AUDIT          0.691         0.722         0.722


UNIVARIATE PROPORTIONS AND COUNTS FOR CATEGORICAL VARIABLES

    ALCMONTH
      Category 1    0.141          186.000
      Category 2    0.859         1130.000


SAMPLE STATISTICS


     ESTIMATED SAMPLE STATISTICS


           MEANS/INTERCEPTS/THRESHOLDS
              ALC           ALCMONTH      AUDIT
              ________      ________      ________
                0.038        -1.074         0.008


           CORRELATION MATRIX (WITH VARIANCES ON THE DIAGONAL)
              ALC           ALCMONTH      AUDIT
              ________      ________      ________
 ALC            1.026
 ALCMONTH       0.740
 AUDIT          0.413         0.953         1.036


UNIVARIATE SAMPLE STATISTICS


     UNIVARIATE HIGHER-ORDER MOMENT DESCRIPTIVE STATISTICS

         Variable/         Mean/     Skewness/   Minimum/ % with                Percentiles
        Sample Size      Variance    Kurtosis    Maximum  Min/Max      20%/60%    40%/80%    Median

     ALC                   0.038       1.565      -1.129    4.28%      -0.772     -0.416     -0.237
            1122.000       1.026       2.885       4.843    0.09%      -0.059      0.743
     AUDIT                 0.008       2.131      -0.722   41.16%      -0.722     -0.722     -0.281
             950.000       1.036       5.453       6.347    0.11%      -0.281      0.603


RESULTS FOR EXPLORATORY FACTOR ANALYSIS


           EIGENVALUES FOR SAMPLE CORRELATION MATRIX
                  1             2             3
              ________      ________      ________
                2.427         0.604        -0.030


EXPLORATORY FACTOR ANALYSIS WITH 1 FACTOR(S):


MODEL FIT INFORMATION

Number of Free Parameters                        5

Chi-Square Test of Model Fit

          Value                              0.000*
          Degrees of Freedom                     0
          P-Value                           0.0000
          Scaling Correction Factor         1.0000
            for WLSM

*   The chi-square value for MLM, MLMV, MLR, ULSMV, WLSM and WLSMV cannot be used
    for chi-square difference testing in the regular way.  MLM, MLR and WLSM
    chi-square difference testing is described on the Mplus website.  MLMV, WLSMV,
    and ULSMV difference testing is done using the DIFFTEST option.

RMSEA (Root Mean Square Error Of Approximation)

          Estimate                           0.000
          90 Percent C.I.                    1.065  1.117
          Probability RMSEA <= .05           0.000

CFI/TLI

          CFI                                1.000
          TLI                                1.000

Chi-Square Test of Model Fit for the Baseline Model

          Value                           4701.639
          Degrees of Freedom                     3
          P-Value                           0.0000

SRMR (Standardized Root Mean Square Residual)

          Value                              0.000



MINIMUM ROTATION FUNCTION VALUE       2.56103



           GEOMIN ROTATED LOADINGS (* significant at 5% level)
                  1
              ________
 ALC            0.566*
 ALCMONTH       1.307*
 AUDIT          0.729*


           GEOMIN FACTOR CORRELATIONS (* significant at 5% level)
                  1
              ________
      1         1.000


           ESTIMATED RESIDUAL VARIANCES
              ALC           ALCMONTH      AUDIT
              ________      ________      ________
                0.679        -0.708         0.468


           S.E. GEOMIN ROTATED LOADINGS
                  1
              ________
 ALC            0.017
 ALCMONTH       0.041
 AUDIT          0.021


           S.E. GEOMIN FACTOR CORRELATIONS
                  1
              ________
      1         0.000


           S.E. ESTIMATED RESIDUAL VARIANCES
              ALC           ALCMONTH      AUDIT
              ________      ________      ________
                0.020         0.107         0.031


           Est./S.E. GEOMIN ROTATED LOADINGS
                  1
              ________
 ALC           32.784
 ALCMONTH      31.834
 AUDIT         33.993


           Est./S.E. GEOMIN FACTOR CORRELATIONS
                  1
              ________
      1         0.000


           Est./S.E. ESTIMATED RESIDUAL VARIANCES
              ALC           ALCMONTH      AUDIT
              ________      ________      ________
               34.711        -6.598        14.960


MODIFICATION INDICES


     MODIFICATION INDICES FOR ANALYSIS WITH 1 FACTOR(S)



     MODIFICATION INDICES


           THETA
              ALC           ALCMONTH      AUDIT
              ________      ________      ________
 ALC            0.000
 ALCMONTH       0.000         0.000
 AUDIT        999.000         0.000         0.000


     EXPECTED PARAMETER CHANGE


           THETA
              ALC           ALCMONTH      AUDIT
              ________      ________      ________
 ALC            0.000
 ALCMONTH       0.000         0.000
 AUDIT          0.000         0.000         0.000


     Beginning Time:  10:42:34
        Ending Time:  10:42:35
       Elapsed Time:  00:00:01



MUTHEN & MUTHEN
3463 Stoner Ave.
Los Angeles, CA  90066

Tel: (310) 391-9971
Fax: (310) 391-8971
Web: www.StatModel.com
Support: Support@StatModel.com

Copyright (c) 1998-2019 Muthen & Muthen
