Mplus VERSION 8.3
MUTHEN & MUTHEN
03/05/2020  10:42 AM

INPUT INSTRUCTIONS

    DATA:
         FILE IS \\CNAS.RU.NL\U642157\Documents\6 TRAILS\datasets\full.csv ;
  	
    VARIABLE:
         NAMES ARE sex age C1 C2 C3 C4 C5 C6 C7 C8 C9 C10
           parknow pardisc parcont parsol rel_rej rel_warm
           parsmk parcpd paralc paraddep parcan
           prssmcpd prsalc prscan
           eversmk dailysmk cpd ftnd alc alcmonth audit can cupit1 cupit2 ;
         MISSING * ;
         USEVARIABLES parknow pardisc parcont parsol rel_rej rel_warm
         parsmk paraddep parcan ;
         CATEGORICAL ARE parsmk paraddep parcan ;

      !deleted parental alcohol use and parental cpd.
      !Alcohol use because it doesn't load on a factor, and cpd so that we
      !only have categorical indicators for parental substance use (and no
      !separation in the data due to the fact that only smoking parents (parsmk)
      !have data on cigarettes per day

      ANALYSIS: TYPE = EFA 1 4 ;

      OUTPUT:
          SAMPSTAT modindices(4);




*** WARNING
  Data set contains cases with missing on all variables.
  These cases were not included in the analysis.
  Number of cases with missing on all variables:  44
   1 WARNING(S) FOUND IN THE INPUT INSTRUCTIONS




SUMMARY OF ANALYSIS

Number of groups                                                 1
Number of observations                                        1649

Number of dependent variables                                    9
Number of independent variables                                  0
Number of continuous latent variables                            0

Observed dependent variables

  Continuous
   PARKNOW     PARDISC     PARCONT     PARSOL      REL_REJ     REL_WARM

  Binary and ordered categorical (ordinal)
   PARSMK      PARADDEP    PARCAN


Estimator                                                    WLSMV
Rotation                                                    GEOMIN
Row standardization                                    CORRELATION
Type of rotation                                           OBLIQUE
Epsilon value                                               Varies
Maximum number of iterations                                  1000
Convergence criterion                                    0.500D-04
Maximum number of steepest descent iterations                   20
Maximum number of iterations for H1                           2000
Convergence criterion for H1                             0.100D-03
Optimization Specifications for the Exploratory Factor Analysis
Rotation Algorithm
  Number of random starts                                       30
  Maximum number of iterations                               10000
  Derivative convergence criterion                       0.100D-04
Link                                                        PROBIT

Input data file(s)
  \\CNAS.RU.NL\U642157\Documents\6 TRAILS\datasets\full.csv

Input data format  FREE


SUMMARY OF DATA

     Number of missing data patterns            34


COVARIANCE COVERAGE OF DATA

Minimum covariance coverage value   0.100


     PROPORTION OF DATA PRESENT


           Covariance Coverage
              PARKNOW       PARDISC       PARCONT       PARSOL        REL_REJ
              ________      ________      ________      ________      ________
 PARKNOW        0.967
 PARDISC        0.921         0.951
 PARCONT        0.921         0.949         0.951
 PARSOL         0.921         0.951         0.949         0.951
 REL_REJ        0.961         0.947         0.947         0.947         0.994
 REL_WARM       0.962         0.947         0.947         0.947         0.994
 PARSMK         0.873         0.856         0.857         0.856         0.893
 PARADDEP       0.925         0.910         0.910         0.910         0.950
 PARCAN         0.809         0.790         0.789         0.790         0.814


           Covariance Coverage
              REL_WARM      PARSMK        PARADDEP      PARCAN
              ________      ________      ________      ________
 REL_WARM       0.995
 PARSMK         0.894         0.899
 PARADDEP       0.951         0.866         0.956
 PARCAN         0.815         0.774         0.797         0.819


UNIVARIATE PROPORTIONS AND COUNTS FOR CATEGORICAL VARIABLES

    PARSMK
      Category 1    0.505          749.000
      Category 2    0.495          733.000
    PARADDEP
      Category 1    0.930         1466.000
      Category 2    0.070          110.000
    PARCAN
      Category 1    0.956         1292.000
      Category 2    0.044           59.000


SAMPLE STATISTICS


     ESTIMATED SAMPLE STATISTICS


           MEANS/INTERCEPTS/THRESHOLDS
              PARKNOW       PARDISC       PARCONT       PARSOL        REL_REJ
              ________      ________      ________      ________      ________
               -0.056        -0.014         0.013        -0.008         0.020


           MEANS/INTERCEPTS/THRESHOLDS
              REL_WARM      PARSMK$1      PARADDEP      PARCAN$1
              ________      ________      ________      ________
               -0.036         0.014         1.477         1.710


           CORRELATION MATRIX (WITH VARIANCES ON THE DIAGONAL)
              PARKNOW       PARDISC       PARCONT       PARSOL        REL_REJ
              ________      ________      ________      ________      ________
 PARKNOW        0.958
 PARDISC        0.331         0.984
 PARCONT        0.237         0.309         1.005
 PARSOL         0.223         0.456         0.506         0.974
 REL_REJ        0.120         0.184         0.053         0.158         0.959
 REL_WARM       0.231         0.265         0.183         0.321         0.347
 PARSMK         0.237         0.150         0.171         0.184         0.048
 PARADDEP       0.151         0.040         0.156         0.155         0.003
 PARCAN         0.260         0.145         0.176         0.121         0.089


           CORRELATION MATRIX (WITH VARIANCES ON THE DIAGONAL)
              REL_WARM      PARSMK        PARADDEP      PARCAN
              ________      ________      ________      ________
 REL_WARM       0.952
 PARSMK         0.066
 PARADDEP      -0.003         0.472
 PARCAN         0.074         0.505         0.497


UNIVARIATE SAMPLE STATISTICS


     UNIVARIATE HIGHER-ORDER MOMENT DESCRIPTIVE STATISTICS

         Variable/         Mean/     Skewness/   Minimum/ % with                Percentiles
        Sample Size      Variance    Kurtosis    Maximum  Min/Max      20%/60%    40%/80%    Median

     PARKNOW              -0.056       1.540      -0.867   33.19%      -0.867     -0.674     -0.480
            1594.000       0.958       2.266       4.742    0.06%      -0.093      0.680
     PARDISC              -0.014       0.238      -2.035    1.79%      -0.956     -0.282     -0.012
            1568.000       0.984      -0.106       3.359    0.19%       0.257      0.797
     PARCONT               0.013       0.134      -1.901    2.55%      -0.843     -0.313      0.005
            1568.000       1.005      -0.581       2.334    1.28%       0.216      0.852
     PARSOL               -0.008      -0.003      -3.076    0.19%      -0.832     -0.271      0.010
            1568.000       0.974      -0.149       2.535    0.38%       0.291      0.852
     REL_REJ               0.020       1.270      -1.567    0.61%      -0.741     -0.374     -0.191
            1639.000       0.959       2.534       4.765    0.06%       0.085      0.635
     REL_WARM             -0.036       0.726      -1.589    0.85%      -0.929     -0.490     -0.215
            1640.000       0.952       0.158       4.017    0.06%       0.060      0.774


SUMMARY OF MODEL FIT INFORMATION


                   Number of                   Degrees of
     Model        Parameters      Chi-Square    Freedom     P-Value

     1-factor          15            394.367        27       0.0000
     2-factor          23            227.617        19       0.0000
     3-factor          30             55.896        12       0.0000
     4-factor          36              1.820         6       0.9355

                                               Degrees of
     Models Compared              Chi-Square    Freedom     P-Value

     1-factor against 2-factor       160.449         8       0.0000
     2-factor against 3-factor       150.007         7       0.0000
     3-factor against 4-factor        54.621         6       0.0000



RESULTS FOR EXPLORATORY FACTOR ANALYSIS


           EIGENVALUES FOR SAMPLE CORRELATION MATRIX
                  1             2             3             4             5
              ________      ________      ________      ________      ________
                2.748         1.662         1.084         0.831         0.656


           EIGENVALUES FOR SAMPLE CORRELATION MATRIX
                  6             7             8             9
              ________      ________      ________      ________
                0.609         0.512         0.497         0.401


EXPLORATORY FACTOR ANALYSIS WITH 1 FACTOR(S):


MODEL FIT INFORMATION

Number of Free Parameters                       15

Chi-Square Test of Model Fit

          Value                            394.367*
          Degrees of Freedom                    27
          P-Value                           0.0000

*   The chi-square value for MLM, MLMV, MLR, ULSMV, WLSM and WLSMV cannot be used
    for chi-square difference testing in the regular way.  MLM, MLR and WLSM
    chi-square difference testing is described on the Mplus website.  MLMV, WLSMV,
    and ULSMV difference testing is done using the DIFFTEST option.

RMSEA (Root Mean Square Error Of Approximation)

          Estimate                           0.091
          90 Percent C.I.                    0.083  0.099
          Probability RMSEA <= .05           0.000

CFI/TLI

          CFI                                0.757
          TLI                                0.676

Chi-Square Test of Model Fit for the Baseline Model

          Value                           1548.396
          Degrees of Freedom                    36
          P-Value                           0.0000

SRMR (Standardized Root Mean Square Residual)

          Value                              0.135



MINIMUM ROTATION FUNCTION VALUE       1.94383



           GEOMIN ROTATED LOADINGS (* significant at 5% level)
                  1
              ________
 PARKNOW        0.450*
 PARDISC        0.616*
 PARCONT        0.531*
 PARSOL         0.689*
 REL_REJ        0.298*
 REL_WARM       0.468*
 PARSMK         0.317*
 PARADDEP       0.258*
 PARCAN         0.360*


           GEOMIN FACTOR CORRELATIONS (* significant at 5% level)
                  1
              ________
      1         1.000


           ESTIMATED RESIDUAL VARIANCES
              PARKNOW       PARDISC       PARCONT       PARSOL        REL_REJ
              ________      ________      ________      ________      ________
                0.797         0.621         0.718         0.526         0.911


           ESTIMATED RESIDUAL VARIANCES
              REL_WARM      PARSMK        PARADDEP      PARCAN
              ________      ________      ________      ________
                0.781         0.899         0.934         0.870


           S.E. GEOMIN ROTATED LOADINGS
                  1
              ________
 PARKNOW        0.025
 PARDISC        0.023
 PARCONT        0.024
 PARSOL         0.020
 REL_REJ        0.027
 REL_WARM       0.024
 PARSMK         0.037
 PARADDEP       0.056
 PARCAN         0.069


           S.E. GEOMIN FACTOR CORRELATIONS
                  1
              ________
      1         0.000


           S.E. ESTIMATED RESIDUAL VARIANCES
              PARKNOW       PARDISC       PARCONT       PARSOL        REL_REJ
              ________      ________      ________      ________      ________
                0.022         0.028         0.025         0.027         0.016


           S.E. ESTIMATED RESIDUAL VARIANCES
              REL_WARM      PARSMK        PARADDEP      PARCAN
              ________      ________      ________      ________
                0.022         0.023         0.029         0.050


           Est./S.E. GEOMIN ROTATED LOADINGS
                  1
              ________
 PARKNOW       18.089
 PARDISC       27.078
 PARCONT       22.167
 PARSOL        34.642
 REL_REJ       11.061
 REL_WARM      19.874
 PARSMK         8.674
 PARADDEP       4.572
 PARCAN         5.223


           Est./S.E. GEOMIN FACTOR CORRELATIONS
                  1
              ________
      1         0.000


           Est./S.E. ESTIMATED RESIDUAL VARIANCES
              PARKNOW       PARDISC       PARCONT       PARSOL        REL_REJ
              ________      ________      ________      ________      ________
               35.598        22.152        28.233        19.192        56.856


           Est./S.E. ESTIMATED RESIDUAL VARIANCES
              REL_WARM      PARSMK        PARADDEP      PARCAN
              ________      ________      ________      ________
               35.354        38.706        32.167        17.545


EXPLORATORY FACTOR ANALYSIS WITH 2 FACTOR(S):


MODEL FIT INFORMATION

Number of Free Parameters                       23

Chi-Square Test of Model Fit

          Value                            227.617*
          Degrees of Freedom                    19
          P-Value                           0.0000

*   The chi-square value for MLM, MLMV, MLR, ULSMV, WLSM and WLSMV cannot be used
    for chi-square difference testing in the regular way.  MLM, MLR and WLSM
    chi-square difference testing is described on the Mplus website.  MLMV, WLSMV,
    and ULSMV difference testing is done using the DIFFTEST option.

RMSEA (Root Mean Square Error Of Approximation)

          Estimate                           0.082
          90 Percent C.I.                    0.072  0.091
          Probability RMSEA <= .05           0.000

CFI/TLI

          CFI                                0.862
          TLI                                0.739

Chi-Square Test of Model Fit for the Baseline Model

          Value                           1548.396
          Degrees of Freedom                    36
          P-Value                           0.0000

SRMR (Standardized Root Mean Square Residual)

          Value                              0.063



MINIMUM ROTATION FUNCTION VALUE       0.51987



           GEOMIN ROTATED LOADINGS (* significant at 5% level)
                  1             2
              ________      ________
 PARKNOW        0.378*        0.154*
 PARDISC        0.615*        0.001
 PARCONT        0.446*        0.158*
 PARSOL         0.655*        0.048
 REL_REJ        0.418*       -0.209*
 REL_WARM       0.631*       -0.251*
 PARSMK         0.044         0.601*
 PARADDEP      -0.094         0.700*
 PARCAN         0.017         0.679*


           GEOMIN FACTOR CORRELATIONS (* significant at 5% level)
                  1             2
              ________      ________
      1         1.000
      2         0.402*        1.000


           ESTIMATED RESIDUAL VARIANCES
              PARKNOW       PARDISC       PARCONT       PARSOL        REL_REJ
              ________      ________      ________      ________      ________
                0.787         0.622         0.720         0.543         0.851


           ESTIMATED RESIDUAL VARIANCES
              REL_WARM      PARSMK        PARADDEP      PARCAN
              ________      ________      ________      ________
                0.666         0.616         0.555         0.529


           S.E. GEOMIN ROTATED LOADINGS
                  1             2
              ________      ________
 PARKNOW        0.035         0.046
 PARDISC        0.023         0.005
 PARCONT        0.038         0.049
 PARSOL         0.031         0.051
 REL_REJ        0.039         0.047
 REL_WARM       0.043         0.057
 PARSMK         0.082         0.077
 PARADDEP       0.087         0.078
 PARCAN         0.037         0.088


           S.E. GEOMIN FACTOR CORRELATIONS
                  1             2
              ________      ________
      1         0.000
      2         0.091         0.000


           S.E. ESTIMATED RESIDUAL VARIANCES
              PARKNOW       PARDISC       PARCONT       PARSOL        REL_REJ
              ________      ________      ________      ________      ________
                0.024         0.028         0.025         0.027         0.023


           S.E. ESTIMATED RESIDUAL VARIANCES
              REL_WARM      PARSMK        PARADDEP      PARCAN
              ________      ________      ________      ________
                0.032         0.068         0.099         0.108


           Est./S.E. GEOMIN ROTATED LOADINGS
                  1             2
              ________      ________
 PARKNOW       10.794         3.375
 PARDISC       27.151         0.131
 PARCONT       11.694         3.235
 PARSOL        21.032         0.936
 REL_REJ       10.641        -4.428
 REL_WARM      14.584        -4.419
 PARSMK         0.536         7.778
 PARADDEP      -1.080         9.003
 PARCAN         0.454         7.685


           Est./S.E. GEOMIN FACTOR CORRELATIONS
                  1             2
              ________      ________
      1         0.000
      2         4.401         0.000


           Est./S.E. ESTIMATED RESIDUAL VARIANCES
              PARKNOW       PARDISC       PARCONT       PARSOL        REL_REJ
              ________      ________      ________      ________      ________
               32.243        22.544        28.248        20.467        37.342


           Est./S.E. ESTIMATED RESIDUAL VARIANCES
              REL_WARM      PARSMK        PARADDEP      PARCAN
              ________      ________      ________      ________
               20.520         9.071         5.592         4.880


           FACTOR STRUCTURE
                  1             2
              ________      ________
 PARKNOW        0.440         0.306
 PARDISC        0.615         0.247
 PARCONT        0.509         0.337
 PARSOL         0.674         0.311
 REL_REJ        0.335        -0.041
 REL_WARM       0.530         0.002
 PARSMK         0.285         0.618
 PARADDEP       0.187         0.662
 PARCAN         0.289         0.686


EXPLORATORY FACTOR ANALYSIS WITH 3 FACTOR(S):


MODEL FIT INFORMATION

Number of Free Parameters                       30

Chi-Square Test of Model Fit

          Value                             55.896*
          Degrees of Freedom                    12
          P-Value                           0.0000

*   The chi-square value for MLM, MLMV, MLR, ULSMV, WLSM and WLSMV cannot be used
    for chi-square difference testing in the regular way.  MLM, MLR and WLSM
    chi-square difference testing is described on the Mplus website.  MLMV, WLSMV,
    and ULSMV difference testing is done using the DIFFTEST option.

RMSEA (Root Mean Square Error Of Approximation)

          Estimate                           0.047
          90 Percent C.I.                    0.035  0.060
          Probability RMSEA <= .05           0.625

CFI/TLI

          CFI                                0.971
          TLI                                0.913

Chi-Square Test of Model Fit for the Baseline Model

          Value                           1548.396
          Degrees of Freedom                    36
          P-Value                           0.0000

SRMR (Standardized Root Mean Square Residual)

          Value                              0.027



MINIMUM ROTATION FUNCTION VALUE       0.18829



           GEOMIN ROTATED LOADINGS (* significant at 5% level)
                  1             2             3
              ________      ________      ________
 PARKNOW        0.240*        0.237*        0.155*
 PARDISC        0.507*        0.022         0.160*
 PARCONT        0.671*        0.003        -0.133*
 PARSOL         0.820*       -0.097         0.002
 REL_REJ       -0.007         0.038         0.521*
 REL_WARM       0.192*       -0.010         0.579*
 PARSMK         0.035         0.682*       -0.041
 PARADDEP       0.002         0.654*       -0.138
 PARCAN        -0.055         0.776*        0.025


           GEOMIN FACTOR CORRELATIONS (* significant at 5% level)
                  1             2             3
              ________      ________      ________
      1         1.000
      2         0.381*        1.000
      3         0.347*        0.095         1.000


           ESTIMATED RESIDUAL VARIANCES
              PARKNOW       PARDISC       PARCONT       PARSOL        REL_REJ
              ________      ________      ________      ________      ________
                0.786         0.651         0.593         0.377         0.726


           ESTIMATED RESIDUAL VARIANCES
              REL_WARM      PARSMK        PARADDEP      PARCAN
              ________      ________      ________      ________
                0.553         0.520         0.569         0.425


           S.E. GEOMIN ROTATED LOADINGS
                  1             2             3
              ________      ________      ________
 PARKNOW        0.050         0.044         0.060
 PARDISC        0.035         0.038         0.041
 PARCONT        0.038         0.010         0.049
 PARSOL         0.041         0.050         0.004
 REL_REJ        0.011         0.043         0.047
 REL_WARM       0.067         0.009         0.067
 PARSMK         0.109         0.093         0.126
 PARADDEP       0.017         0.070         0.153
 PARCAN         0.144         0.112         0.094


           S.E. GEOMIN FACTOR CORRELATIONS
                  1             2             3
              ________      ________      ________
      1         0.000
      2         0.167         0.000
      3         0.079         0.204         0.000


           S.E. ESTIMATED RESIDUAL VARIANCES
              PARKNOW       PARDISC       PARCONT       PARSOL        REL_REJ
              ________      ________      ________      ________      ________
                0.026         0.025         0.034         0.040         0.049


           S.E. ESTIMATED RESIDUAL VARIANCES
              REL_WARM      PARSMK        PARADDEP      PARCAN
              ________      ________      ________      ________
                0.058         0.089         0.096         0.122


           Est./S.E. GEOMIN ROTATED LOADINGS
                  1             2             3
              ________      ________      ________
 PARKNOW        4.799         5.390         2.601
 PARDISC       14.498         0.564         3.931
 PARCONT       17.632         0.306        -2.701
 PARSOL        19.825        -1.933         0.564
 REL_REJ       -0.608         0.883        11.147
 REL_WARM       2.877        -1.102         8.592
 PARSMK         0.322         7.323        -0.329
 PARADDEP       0.113         9.386        -0.906
 PARCAN        -0.384         6.904         0.264


           Est./S.E. GEOMIN FACTOR CORRELATIONS
                  1             2             3
              ________      ________      ________
      1         0.000
      2         2.279         0.000
      3         4.378         0.466         0.000


           Est./S.E. ESTIMATED RESIDUAL VARIANCES
              PARKNOW       PARDISC       PARCONT       PARSOL        REL_REJ
              ________      ________      ________      ________      ________
               30.640        26.554        17.285         9.308        14.941


           Est./S.E. ESTIMATED RESIDUAL VARIANCES
              REL_WARM      PARSMK        PARADDEP      PARCAN
              ________      ________      ________      ________
                9.505         5.849         5.919         3.481


           FACTOR STRUCTURE
                  1             2             3
              ________      ________      ________
 PARKNOW        0.384         0.343         0.261
 PARDISC        0.571         0.230         0.338
 PARCONT        0.626         0.246         0.100
 PARSOL         0.784         0.216         0.278
 REL_REJ        0.189         0.085         0.523
 REL_WARM       0.389         0.118         0.645
 PARSMK         0.281         0.692         0.036
 PARADDEP       0.203         0.642        -0.076
 PARCAN         0.249         0.757         0.079


EXPLORATORY FACTOR ANALYSIS WITH 4 FACTOR(S):


MODEL FIT INFORMATION

Number of Free Parameters                       36

Chi-Square Test of Model Fit

          Value                              1.820*
          Degrees of Freedom                     6
          P-Value                           0.9355

*   The chi-square value for MLM, MLMV, MLR, ULSMV, WLSM and WLSMV cannot be used
    for chi-square difference testing in the regular way.  MLM, MLR and WLSM
    chi-square difference testing is described on the Mplus website.  MLMV, WLSMV,
    and ULSMV difference testing is done using the DIFFTEST option.

RMSEA (Root Mean Square Error Of Approximation)

          Estimate                           0.000
          90 Percent C.I.                    0.000  0.008
          Probability RMSEA <= .05           1.000

CFI/TLI

          CFI                                1.000
          TLI                                1.017

Chi-Square Test of Model Fit for the Baseline Model

          Value                           1548.396
          Degrees of Freedom                    36
          P-Value                           0.0000

SRMR (Standardized Root Mean Square Residual)

          Value                              0.007



MINIMUM ROTATION FUNCTION VALUE       0.32186



           GEOMIN ROTATED LOADINGS (* significant at 5% level)
                  1             2             3             4
              ________      ________      ________      ________
 PARKNOW        0.615*       -0.002         0.142        -0.021
 PARDISC        0.384*        0.333*       -0.016         0.057
 PARCONT        0.171         0.455*        0.088        -0.070
 PARSOL        -0.024         0.986*        0.003         0.013
 REL_REJ       -0.010        -0.011         0.035         0.870*
 REL_WARM       0.238         0.197*       -0.055         0.310
 PARSMK         0.033         0.026         0.659*       -0.001
 PARADDEP      -0.163         0.045         0.745*       -0.019
 PARCAN         0.067        -0.064         0.727*        0.048


           GEOMIN FACTOR CORRELATIONS (* significant at 5% level)
                  1             2             3             4
              ________      ________      ________      ________
      1         1.000
      2         0.346*        1.000
      3         0.291*        0.227*        1.000
      4         0.250*        0.186         0.034         1.000


           ESTIMATED RESIDUAL VARIANCES
              PARKNOW       PARDISC       PARCONT       PARSOL        REL_REJ
              ________      ________      ________      ________      ________
                0.557         0.638         0.689         0.037         0.248


           ESTIMATED RESIDUAL VARIANCES
              REL_WARM      PARSMK        PARADDEP      PARCAN
              ________      ________      ________      ________
                0.727         0.542         0.476         0.454


           S.E. GEOMIN ROTATED LOADINGS
                  1             2             3             4
              ________      ________      ________      ________
 PARKNOW        0.138         0.029         0.112         0.016
 PARDISC        0.137         0.106         0.031         0.059
 PARCONT        0.094         0.107         0.049         0.036
 PARSOL         0.031         0.110         0.013         0.013
 REL_REJ        0.022         0.014         0.046         0.351
 REL_WARM       0.122         0.060         0.035         0.163
 PARSMK         0.046         0.040         0.077         0.034
 PARADDEP       0.098         0.039         0.097         0.039
 PARCAN         0.068         0.056         0.091         0.062


           S.E. GEOMIN FACTOR CORRELATIONS
                  1             2             3             4
              ________      ________      ________      ________
      1         0.000
      2         0.048         0.000
      3         0.086         0.053         0.000
      4         0.078         0.103         0.058         0.000


           S.E. ESTIMATED RESIDUAL VARIANCES
              PARKNOW       PARDISC       PARCONT       PARSOL        REL_REJ
              ________      ________      ________      ________      ________
                0.139         0.039         0.045         0.227         0.621


           S.E. ESTIMATED RESIDUAL VARIANCES
              REL_WARM      PARSMK        PARADDEP      PARCAN
              ________      ________      ________      ________
                0.079         0.088         0.128         0.115


           Est./S.E. GEOMIN ROTATED LOADINGS
                  1             2             3             4
              ________      ________      ________      ________
 PARKNOW        4.452        -0.079         1.270        -1.348
 PARDISC        2.812         3.141        -0.526         0.978
 PARCONT        1.825         4.242         1.778        -1.929
 PARSOL        -0.753         8.997         0.231         0.993
 REL_REJ       -0.480        -0.821         0.765         2.476
 REL_WARM       1.956         3.262        -1.561         1.900
 PARSMK         0.724         0.633         8.589        -0.030
 PARADDEP      -1.658         1.136         7.706        -0.482
 PARCAN         0.992        -1.140         8.016         0.763


           Est./S.E. GEOMIN FACTOR CORRELATIONS
                  1             2             3             4
              ________      ________      ________      ________
      1         0.000
      2         7.186         0.000
      3         3.369         4.291         0.000
      4         3.192         1.806         0.591         0.000


           Est./S.E. ESTIMATED RESIDUAL VARIANCES
              PARKNOW       PARDISC       PARCONT       PARSOL        REL_REJ
              ________      ________      ________      ________      ________
                4.010        16.489        15.420         0.163         0.400


           Est./S.E. ESTIMATED RESIDUAL VARIANCES
              REL_WARM      PARSMK        PARADDEP      PARCAN
              ________      ________      ________      ________
                9.221         6.152         3.723         3.940


           FACTOR STRUCTURE
                  1             2             3             4
              ________      ________      ________      ________
 PARKNOW        0.651         0.239         0.320         0.137
 PARDISC        0.509         0.473         0.173         0.215
 PARCONT        0.336         0.521         0.239         0.061
 PARSOL         0.322         0.981         0.221         0.191
 REL_REJ        0.213         0.155         0.059         0.867
 REL_WARM       0.368         0.325         0.070         0.404
 PARSMK         0.234         0.187         0.675         0.035
 PARADDEP       0.065         0.155         0.708        -0.026
 PARCAN         0.269         0.134         0.734         0.077


MODIFICATION INDICES


     MODIFICATION INDICES FOR ANALYSIS WITH 1 FACTOR(S)



     MODIFICATION INDICES


           THETA
              PARKNOW       PARDISC       PARCONT       PARSOL        REL_REJ
              ________      ________      ________      ________      ________
 PARKNOW        0.000
 PARDISC        8.423         0.000
 PARCONT        0.009         1.128         0.000
 PARSOL        30.794         4.276        54.123         0.000
 REL_REJ        0.722         0.002        27.379         6.910         0.000
 REL_WARM       1.460         1.652        13.359         0.006       126.720
 PARSMK        12.598         3.825         0.010         2.199         2.969
 PARADDEP       0.934         9.216         0.296         0.293         4.442
 PARCAN         5.054         3.054         0.132         7.940         0.149


           THETA
              REL_WARM      PARSMK        PARADDEP      PARCAN
              ________      ________      ________      ________
 REL_WARM       0.000
 PARSMK        10.517         0.000
 PARADDEP      10.413        63.324         0.000
 PARCAN         4.677        46.451        34.417         0.000


     EXPECTED PARAMETER CHANGE


           THETA
              PARKNOW       PARDISC       PARCONT       PARSOL        REL_REJ
              ________      ________      ________      ________      ________
 PARKNOW        0.000
 PARDISC        0.083         0.000
 PARCONT       -0.003        -0.033         0.000
 PARSOL        -0.161         0.074         0.256         0.000
 REL_REJ       -0.018         0.001        -0.132        -0.070         0.000
 REL_WARM       0.028        -0.037        -0.098        -0.002         0.251
 PARSMK         0.109        -0.064         0.003        -0.051        -0.050
 PARADDEP       0.040        -0.150         0.024        -0.029        -0.079
 PARCAN         0.112        -0.099        -0.019        -0.169        -0.019


           THETA
              REL_WARM      PARSMK        PARADDEP      PARCAN
              ________      ________      ________      ________
 REL_WARM       0.000
 PARSMK        -0.098         0.000
 PARADDEP      -0.141         0.412         0.000
 PARCAN        -0.109         0.415         0.423         0.000


     MODIFICATION INDICES FOR ANALYSIS WITH 2 FACTOR(S)



     MODIFICATION INDICES


           THETA
              PARKNOW       PARDISC       PARCONT       PARSOL        REL_REJ
              ________      ________      ________      ________      ________
 PARKNOW        0.000
 PARDISC       13.709         0.000
 PARCONT        0.202         0.071         0.000
 PARSOL        32.827         9.345        83.553         0.000
 REL_REJ        0.000         2.128        28.863        16.848         0.000
 REL_WARM       5.401        21.605        14.462         4.707       119.443
 PARSMK         3.564         2.516         9.677         3.929        10.825
 PARADDEP       0.652         6.051         1.375         0.001         7.152
 PARCAN         1.725         0.879         3.565         7.517         9.632


           THETA
              REL_WARM      PARSMK        PARADDEP      PARCAN
              ________      ________      ________      ________
 REL_WARM       0.000
 PARSMK         7.639         0.000
 PARADDEP       3.501         8.490         0.000
 PARCAN         4.447         6.752         1.340         0.000


     EXPECTED PARAMETER CHANGE


           THETA
              PARKNOW       PARDISC       PARCONT       PARSOL        REL_REJ
              ________      ________      ________      ________      ________
 PARKNOW        0.000
 PARDISC        0.093         0.000
 PARCONT       -0.011        -0.007         0.000
 PARSOL        -0.145         0.096         0.275         0.000
 REL_REJ        0.000        -0.036        -0.126        -0.105         0.000
 REL_WARM       0.054        -0.145        -0.101        -0.069         0.303
 PARSMK         0.066        -0.057        -0.115        -0.075         0.116
 PARADDEP      -0.035        -0.120        -0.054         0.002         0.117
 PARCAN         0.064        -0.050        -0.096        -0.155         0.158


           THETA
              REL_WARM      PARSMK        PARADDEP      PARCAN
              ________      ________      ________      ________
 REL_WARM       0.000
 PARSMK         0.111         0.000
 PARADDEP       0.099         0.253         0.000
 PARCAN         0.118         0.227         0.116         0.000


     MODIFICATION INDICES FOR ANALYSIS WITH 3 FACTOR(S)



     MODIFICATION INDICES


           THETA
              PARKNOW       PARDISC       PARCONT       PARSOL        REL_REJ
              ________      ________      ________      ________      ________
 PARKNOW        0.000
 PARDISC       32.757         0.000
 PARCONT        1.093        16.709         0.000
 PARSOL        31.091         2.272        20.427         0.000
 REL_REJ       11.115         0.081         0.289         1.289         0.000
 REL_WARM       1.363        15.113         0.873         1.782        23.025
 PARSMK         0.003         0.929         1.180         3.144         0.131
 PARADDEP       2.631         5.081         0.140         3.712         1.093
 PARCAN         0.103         0.108         0.488         0.138         0.553


           THETA
              REL_WARM      PARSMK        PARADDEP      PARCAN
              ________      ________      ________      ________
 REL_WARM       0.000
 PARSMK         0.026         0.000
 PARADDEP       0.170         2.817         0.000
 PARCAN         0.255         0.992         0.214         0.000


     EXPECTED PARAMETER CHANGE


           THETA
              PARKNOW       PARDISC       PARCONT       PARSOL        REL_REJ
              ________      ________      ________      ________      ________
 PARKNOW        0.000
 PARDISC        0.130         0.000
 PARCONT        0.026        -0.193         0.000
 PARSOL        -0.155         0.089         0.538         0.000
 REL_REJ       -0.093         0.009        -0.022         0.040         0.000
 REL_WARM       0.037        -0.136         0.036         0.047         0.722
 PARSMK         0.002        -0.034        -0.044         0.081         0.014
 PARADDEP      -0.067        -0.099         0.018         0.106         0.050
 PARCAN         0.016        -0.016         0.039        -0.024         0.041


           THETA
              REL_WARM      PARSMK        PARADDEP      PARCAN
              ________      ________      ________      ________
 REL_WARM       0.000
 PARSMK        -0.007         0.000
 PARADDEP       0.022         0.196         0.000
 PARCAN        -0.030        -0.134         0.055         0.000


     MODIFICATION INDICES FOR ANALYSIS WITH 4 FACTOR(S)



     MODIFICATION INDICES


           THETA
              PARKNOW       PARDISC       PARCONT       PARSOL        REL_REJ
              ________      ________      ________      ________      ________
 PARKNOW        0.000
 PARDISC        0.297         0.000
 PARCONT        0.118         0.728         0.000
 PARSOL         0.040         0.446         0.654         0.000
 REL_REJ        0.532         0.553         0.488         0.692         0.000
 REL_WARM       0.760         0.745         0.444         0.696         0.002
 PARSMK         0.031         0.258         0.489         0.136         0.075
 PARADDEP       0.848         1.091         0.254         0.030         0.126
 PARCAN         0.213         0.021         0.145         0.230         0.000


           THETA
              REL_WARM      PARSMK        PARADDEP      PARCAN
              ________      ________      ________      ________
 REL_WARM       0.000
 PARSMK         0.000         0.000
 PARADDEP       0.005         0.018         0.000
 PARCAN         0.000         0.572         0.429         0.000


     EXPECTED PARAMETER CHANGE


           THETA
              PARKNOW       PARDISC       PARCONT       PARSOL        REL_REJ
              ________      ________      ________      ________      ________
 PARKNOW        0.000
 PARDISC       -0.080         0.000
 PARCONT       -0.031         0.037         0.000
 PARSOL        -0.068        -0.090        -0.208         0.000
 REL_REJ       -0.114         0.087         0.109        -0.159         0.000
 REL_WARM       0.049        -0.043        -0.029         0.053        -0.067
 PARSMK        -0.011         0.020        -0.026         0.028        -0.027
 PARADDEP       0.089        -0.061         0.025         0.021         0.044
 PARCAN        -0.042         0.008         0.020        -0.053         0.003


           THETA
              REL_WARM      PARSMK        PARADDEP      PARCAN
              ________      ________      ________      ________
 REL_WARM       0.000
 PARSMK         0.000         0.000
 PARADDEP      -0.003        -0.029         0.000
 PARCAN         0.001         0.150        -0.136         0.000


     Beginning Time:  10:42:39
        Ending Time:  10:42:40
       Elapsed Time:  00:00:01



MUTHEN & MUTHEN
3463 Stoner Ave.
Los Angeles, CA  90066

Tel: (310) 391-9971
Fax: (310) 391-8971
Web: www.StatModel.com
Support: Support@StatModel.com

Copyright (c) 1998-2019 Muthen & Muthen
