Mplus VERSION 8.3
MUTHEN & MUTHEN
03/05/2020  11:54 AM

INPUT INSTRUCTIONS

    DATA:
          FILE IS \\CNAS.RU.NL\U642157\Documents\6 TRAILS\datasets\full.csv ;

    VARIABLE:
         NAMES ARE sex age C1 C2 C3 C4 C5 C6 C7 C8 C9 C10
         parknow pardisc parcont parsol rel_rej rel_warm
         parsmk parcpd paralc paraddep parcan
         prssmcpd prsalc prscan
         eversmk dailysmk cpd ftnd alc alcmonth audit can cupit1 cupit2 ;
         MISSING * ;
         USEVARIABLES sex age C1 C2 C3 C4 C5 C6 C7 C8 C9 C10
         rel_rej rel_warm
         prssmcpd
         cpd dailysmk ftnd ;
         CATEGORICAL ARE dailysmk ;

      ANALYSIS: estimator=MLR ;

      MODEL:
         !Latent factors
         F3rel BY rel_rej-rel_warm*(1) ;
         F3rel@1 ;
         Fsmk BY cpd dailysmk ftnd ;

         !Main effects
         Fsmk ON F3rel prssmcpd ;
         Fsmk ON sex age C1 C2 C3 C4 C5 C6 C7 C8 C9 C10  ;

         !rGE
         F3rel ON prssmcpd ;

         F3rel ON sex age ;

       OUTPUT:
         SAMPSTAT CINTERVAL STDYX ;




*** WARNING
  Data set contains cases with missing on x-variables.
  These cases were not included in the analysis.
  Number of cases with missing on x-variables:  44
*** WARNING
  Data set contains cases with missing on all variables except
  x-variables.  These cases were not included in the analysis.
  Number of cases with missing on all variables except x-variables:  4
   2 WARNING(S) FOUND IN THE INPUT INSTRUCTIONS




SUMMARY OF ANALYSIS

Number of groups                                                 1
Number of observations                                        1645

Number of dependent variables                                    5
Number of independent variables                                 13
Number of continuous latent variables                            2

Observed dependent variables

  Continuous
   REL_REJ     REL_WARM    CPD         FTND

  Binary and ordered categorical (ordinal)
   DAILYSMK

Observed independent variables
   SEX         AGE         C1          C2          C3          C4
   C5          C6          C7          C8          C9          C10
   PRSSMCPD

Continuous latent variables
   F3REL       FSMK


Estimator                                                      MLR
Information matrix                                        OBSERVED
Optimization Specifications for the Quasi-Newton Algorithm for
Continuous Outcomes
  Maximum number of iterations                                 100
  Convergence criterion                                  0.100D-05
Optimization Specifications for the EM Algorithm
  Maximum number of iterations                                 500
  Convergence criteria
    Loglikelihood change                                 0.100D-02
    Relative loglikelihood change                        0.100D-05
    Derivative                                           0.100D-02
Optimization Specifications for the M step of the EM Algorithm for
Categorical Latent variables
  Number of M step iterations                                    1
  M step convergence criterion                           0.100D-02
  Basis for M step termination                           ITERATION
Optimization Specifications for the M step of the EM Algorithm for
Censored, Binary or Ordered Categorical (Ordinal), Unordered
Categorical (Nominal) and Count Outcomes
  Number of M step iterations                                    1
  M step convergence criterion                           0.100D-02
  Basis for M step termination                           ITERATION
  Maximum value for logit thresholds                            15
  Minimum value for logit thresholds                           -15
  Minimum expected cell size for chi-square              0.100D-01
Maximum number of iterations for H1                           2000
Convergence criterion for H1                             0.100D-03
Optimization algorithm                                         EMA
Integration Specifications
  Type                                                    STANDARD
  Number of integration points                                  15
  Dimensions of numerical integration                            1
  Adaptive quadrature                                           ON
Link                                                         LOGIT
Cholesky                                                       OFF

Input data file(s)
  \\CNAS.RU.NL\U642157\Documents\6 TRAILS\datasets\full.csv
Input data format  FREE


SUMMARY OF DATA

     Number of missing data patterns             6
     Number of y missing data patterns           6
     Number of u missing data patterns           2


COVARIANCE COVERAGE OF DATA

Minimum covariance coverage value   0.100


     PROPORTION OF DATA PRESENT


           Covariance Coverage
              DAILYSMK      REL_REJ       REL_WARM      CPD           FTND
              ________      ________      ________      ________      ________
 DAILYSMK       0.799
 REL_REJ        0.796         0.996
 REL_WARM       0.796         0.996         0.997
 CPD            0.321         0.319         0.319         0.321
 FTND           0.799         0.796         0.796         0.321         0.799
 SEX            0.799         0.996         0.997         0.321         0.799
 AGE            0.799         0.996         0.997         0.321         0.799
 C1             0.799         0.996         0.997         0.321         0.799
 C2             0.799         0.996         0.997         0.321         0.799
 C3             0.799         0.996         0.997         0.321         0.799
 C4             0.799         0.996         0.997         0.321         0.799
 C5             0.799         0.996         0.997         0.321         0.799
 C6             0.799         0.996         0.997         0.321         0.799
 C7             0.799         0.996         0.997         0.321         0.799
 C8             0.799         0.996         0.997         0.321         0.799
 C9             0.799         0.996         0.997         0.321         0.799
 C10            0.799         0.996         0.997         0.321         0.799
 PRSSMCPD       0.799         0.996         0.997         0.321         0.799


           Covariance Coverage
              SEX           AGE           C1            C2            C3
              ________      ________      ________      ________      ________
 SEX            1.000
 AGE            1.000         1.000
 C1             1.000         1.000         1.000
 C2             1.000         1.000         1.000         1.000
 C3             1.000         1.000         1.000         1.000         1.000
 C4             1.000         1.000         1.000         1.000         1.000
 C5             1.000         1.000         1.000         1.000         1.000
 C6             1.000         1.000         1.000         1.000         1.000
 C7             1.000         1.000         1.000         1.000         1.000
 C8             1.000         1.000         1.000         1.000         1.000
 C9             1.000         1.000         1.000         1.000         1.000
 C10            1.000         1.000         1.000         1.000         1.000
 PRSSMCPD       1.000         1.000         1.000         1.000         1.000


           Covariance Coverage
              C4            C5            C6            C7            C8
              ________      ________      ________      ________      ________
 C4             1.000
 C5             1.000         1.000
 C6             1.000         1.000         1.000
 C7             1.000         1.000         1.000         1.000
 C8             1.000         1.000         1.000         1.000         1.000
 C9             1.000         1.000         1.000         1.000         1.000
 C10            1.000         1.000         1.000         1.000         1.000
 PRSSMCPD       1.000         1.000         1.000         1.000         1.000


           Covariance Coverage
              C9            C10           PRSSMCPD
              ________      ________      ________
 C9             1.000
 C10            1.000         1.000
 PRSSMCPD       1.000         1.000         1.000


     PROPORTION OF DATA PRESENT FOR U


           Covariance Coverage
              DAILYSMK
              ________
 DAILYSMK       0.799


     PROPORTION OF DATA PRESENT FOR Y


           Covariance Coverage
              REL_REJ       REL_WARM      CPD           FTND          SEX
              ________      ________      ________      ________      ________
 REL_REJ        0.996
 REL_WARM       0.996         0.997
 CPD            0.319         0.319         0.321
 FTND           0.796         0.796         0.321         0.799
 SEX            0.996         0.997         0.321         0.799         1.000
 AGE            0.996         0.997         0.321         0.799         1.000
 C1             0.996         0.997         0.321         0.799         1.000
 C2             0.996         0.997         0.321         0.799         1.000
 C3             0.996         0.997         0.321         0.799         1.000
 C4             0.996         0.997         0.321         0.799         1.000
 C5             0.996         0.997         0.321         0.799         1.000
 C6             0.996         0.997         0.321         0.799         1.000
 C7             0.996         0.997         0.321         0.799         1.000
 C8             0.996         0.997         0.321         0.799         1.000
 C9             0.996         0.997         0.321         0.799         1.000
 C10            0.996         0.997         0.321         0.799         1.000
 PRSSMCPD       0.996         0.997         0.321         0.799         1.000


           Covariance Coverage
              AGE           C1            C2            C3            C4
              ________      ________      ________      ________      ________
 AGE            1.000
 C1             1.000         1.000
 C2             1.000         1.000         1.000
 C3             1.000         1.000         1.000         1.000
 C4             1.000         1.000         1.000         1.000         1.000
 C5             1.000         1.000         1.000         1.000         1.000
 C6             1.000         1.000         1.000         1.000         1.000
 C7             1.000         1.000         1.000         1.000         1.000
 C8             1.000         1.000         1.000         1.000         1.000
 C9             1.000         1.000         1.000         1.000         1.000
 C10            1.000         1.000         1.000         1.000         1.000
 PRSSMCPD       1.000         1.000         1.000         1.000         1.000


           Covariance Coverage
              C5            C6            C7            C8            C9
              ________      ________      ________      ________      ________
 C5             1.000
 C6             1.000         1.000
 C7             1.000         1.000         1.000
 C8             1.000         1.000         1.000         1.000
 C9             1.000         1.000         1.000         1.000         1.000
 C10            1.000         1.000         1.000         1.000         1.000
 PRSSMCPD       1.000         1.000         1.000         1.000         1.000


           Covariance Coverage
              C10           PRSSMCPD
              ________      ________
 C10            1.000
 PRSSMCPD       1.000         1.000


UNIVARIATE PROPORTIONS AND COUNTS FOR CATEGORICAL VARIABLES

    DAILYSMK
      Category 1    0.758          997.000
      Category 2    0.242          318.000


SAMPLE STATISTICS


     ESTIMATED SAMPLE STATISTICS


           Means
              REL_REJ       REL_WARM      CPD           FTND          SEX
              ________      ________      ________      ________      ________
                0.020        -0.036        -0.414        -0.009         0.521


           Means
              AGE           C1            C2            C3            C4
              ________      ________      ________      ________      ________
                0.000        -0.008         0.021         0.015        -0.058


           Means
              C5            C6            C7            C8            C9
              ________      ________      ________      ________      ________
               -0.017         0.003        -0.024        -0.004         0.018


           Means
              C10           PRSSMCPD
              ________      ________
                0.028         0.013


           Covariances
              REL_REJ       REL_WARM      CPD           FTND          SEX
              ________      ________      ________      ________      ________
 REL_REJ        0.959
 REL_WARM       0.331         0.952
 CPD            0.092         0.064         0.818
 FTND           0.083         0.067         0.609         0.972
 SEX            0.076         0.070         0.006         0.009         0.250
 AGE            0.010        -0.009         0.052         0.109         0.038
 C1            -0.024        -0.028         0.016         0.013        -0.016
 C2            -0.028         0.019         0.028         0.015        -0.003
 C3             0.019        -0.018        -0.001         0.039        -0.020
 C4             0.009         0.014        -0.028        -0.004         0.002
 C5             0.015        -0.012        -0.044        -0.033        -0.007
 C6            -0.012        -0.028        -0.037         0.017         0.005
 C7            -0.001        -0.038        -0.010         0.016         0.006
 C8             0.022         0.040        -0.011        -0.019         0.001
 C9             0.032         0.028        -0.033        -0.008         0.012
 C10            0.032         0.010         0.022         0.006         0.000
 PRSSMCPD       0.076         0.035         0.234         0.155         0.004


           Covariances
              AGE           C1            C2            C3            C4
              ________      ________      ________      ________      ________
 AGE            0.998
 C1             0.048         0.915
 C2             0.023         0.223         0.472
 C3             0.035         0.078        -0.169         0.917
 C4            -0.014         0.041         0.000        -0.016         0.502
 C5             0.008        -0.002        -0.007        -0.027        -0.031
 C6             0.013        -0.003         0.054        -0.032        -0.010
 C7            -0.013        -0.011        -0.022        -0.058         0.036
 C8             0.022         0.007         0.036        -0.048        -0.044
 C9            -0.030        -0.011        -0.014        -0.037         0.012
 C10           -0.018         0.026        -0.014        -0.010         0.025
 PRSSMCPD      -0.011         0.011        -0.008         0.039         0.023


           Covariances
              C5            C6            C7            C8            C9
              ________      ________      ________      ________      ________
 C5             0.492
 C6            -0.083         0.550
 C7             0.023         0.016         0.573
 C8             0.031        -0.013        -0.026         0.551
 C9            -0.024         0.004         0.036        -0.014         0.568
 C10            0.010        -0.025         0.006         0.030         0.030
 PRSSMCPD      -0.031        -0.048        -0.027        -0.029         0.008


           Covariances
              C10           PRSSMCPD
              ________      ________
 C10            0.550
 PRSSMCPD       0.024         1.009


           Correlations
              REL_REJ       REL_WARM      CPD           FTND          SEX
              ________      ________      ________      ________      ________
 REL_REJ        1.000
 REL_WARM       0.347         1.000
 CPD            0.104         0.073         1.000
 FTND           0.086         0.069         0.683         1.000
 SEX            0.156         0.144         0.012         0.019         1.000
 AGE            0.010        -0.009         0.058         0.110         0.076
 C1            -0.025        -0.030         0.019         0.014        -0.033
 C2            -0.041         0.028         0.045         0.022        -0.008
 C3             0.020        -0.019        -0.001         0.042        -0.043
 C4             0.012         0.020        -0.043        -0.006         0.005
 C5             0.022        -0.018        -0.069        -0.048        -0.019
 C6            -0.017        -0.038        -0.055         0.024         0.013
 C7            -0.002        -0.051        -0.014         0.022         0.016
 C8             0.031         0.055        -0.017        -0.026         0.001
 C9             0.043         0.039        -0.048        -0.011         0.032
 C10            0.044         0.014         0.033         0.008         0.000
 PRSSMCPD       0.078         0.035         0.258         0.157         0.007


           Correlations
              AGE           C1            C2            C3            C4
              ________      ________      ________      ________      ________
 AGE            1.000
 C1             0.050         1.000
 C2             0.033         0.340         1.000
 C3             0.036         0.085        -0.257         1.000
 C4            -0.019         0.060         0.000        -0.023         1.000
 C5             0.012        -0.003        -0.014        -0.041        -0.062
 C6             0.017        -0.004         0.106        -0.045        -0.019
 C7            -0.018        -0.016        -0.043        -0.079         0.068
 C8             0.029         0.009         0.070        -0.068        -0.083
 C9            -0.039        -0.016        -0.027        -0.051         0.022
 C10           -0.025         0.036        -0.028        -0.014         0.048
 PRSSMCPD      -0.011         0.011        -0.011         0.041         0.032


           Correlations
              C5            C6            C7            C8            C9
              ________      ________      ________      ________      ________
 C5             1.000
 C6            -0.159         1.000
 C7             0.043         0.028         1.000
 C8             0.060        -0.024        -0.046         1.000
 C9            -0.045         0.007         0.062        -0.024         1.000
 C10            0.019        -0.045         0.010         0.054         0.053
 PRSSMCPD      -0.044        -0.064        -0.036        -0.039         0.011


           Correlations
              C10           PRSSMCPD
              ________      ________
 C10            1.000
 PRSSMCPD       0.032         1.000


     MAXIMUM LOG-LIKELIHOOD VALUE FOR THE UNRESTRICTED (H1) MODEL IS -31338.769


UNIVARIATE SAMPLE STATISTICS


     UNIVARIATE HIGHER-ORDER MOMENT DESCRIPTIVE STATISTICS

         Variable/         Mean/     Skewness/   Minimum/ % with                Percentiles
        Sample Size      Variance    Kurtosis    Maximum  Min/Max      20%/60%    40%/80%    Median

     REL_REJ               0.020       1.270      -1.567    0.61%      -0.741     -0.374     -0.191
            1639.000       0.959       2.534       4.765    0.06%       0.085      0.635
     REL_WARM             -0.036       0.726      -1.589    0.85%      -0.929     -0.490     -0.215
            1640.000       0.952       0.158       4.017    0.06%       0.060      0.774
     CPD                  -0.068       0.076      -1.337   28.60%      -1.337     -0.568      0.201
             528.000       1.017      -1.308       1.740    6.44%       0.201      0.971
     FTND                 -0.023       2.416      -0.469   77.34%      -0.469     -0.469     -0.469
            1315.000       0.971       5.428       5.452    0.08%      -0.469      0.123
     SEX                   0.521      -0.084       0.000   47.90%       0.000      0.000      1.000
            1645.000       0.250      -1.993       1.000   52.10%       1.000      1.000
     AGE                   0.000       0.388      -2.386    1.03%      -0.963     -0.963      0.461
            1645.000       0.998      -0.574       3.308    0.12%       0.461      0.461
     C1                   -0.008       4.668      -1.078    0.06%      -0.466     -0.274     -0.191
            1645.000       0.915      26.687       7.970    0.06%      -0.109      0.165
     C2                    0.021       2.872      -2.219    0.06%      -0.474     -0.148     -0.026
            1645.000       0.472      23.279       6.647    0.06%       0.129      0.471
     C3                    0.015       1.628      -5.903    0.06%      -0.550     -0.205     -0.054
            1645.000       0.917      14.246       7.023    0.06%       0.112      0.445
     C4                   -0.058       0.942      -2.124    0.06%      -0.641     -0.229     -0.060
            1645.000       0.502      10.408       8.131    0.06%       0.111      0.503
     C5                   -0.017       0.057      -2.454    0.06%      -0.591     -0.212     -0.023
            1645.000       0.492       0.117       2.382    0.06%       0.151      0.565
     C6                    0.003      -0.119      -4.142    0.06%      -0.601     -0.183     -0.004
            1645.000       0.550       0.843       2.916    0.06%       0.185      0.601
     C7                   -0.024      -0.197      -3.734    0.06%      -0.657     -0.211      0.012
            1645.000       0.573       0.440       2.063    0.06%       0.182      0.611
     C8                   -0.004      -0.183      -4.189    0.06%      -0.653     -0.171      0.006
            1645.000       0.551       0.517       2.570    0.06%       0.196      0.604
     C9                    0.018      -0.090      -2.592    0.06%      -0.620     -0.163      0.044
            1645.000       0.568       0.132       2.719    0.06%       0.204      0.651
     C10                   0.028       0.031      -3.362    0.06%      -0.604     -0.139      0.032
            1645.000       0.550       0.537       3.648    0.06%       0.212      0.646
     PRSSMCPD              0.013      -0.009      -2.975    0.06%      -0.858     -0.232      0.038
            1645.000       1.009      -0.062       3.144    0.06%       0.275      0.876

     WARNING: THE MODEL ESTIMATION HAS REACHED A SADDLE POINT OR A POINT WHERE THE
     OBSERVED AND THE EXPECTED INFORMATION MATRICES DO NOT MATCH.
     AN ADJUSTMENT TO THE ESTIMATION OF THE INFORMATION MATRIX HAS BEEN MADE.
     THE CONDITION NUMBER IS      -0.114D-04.
     THE PROBLEM MAY ALSO BE RESOLVED BY DECREASING THE VALUE OF THE
     MCONVERGENCE OR LOGCRITERION OPTIONS OR BY CHANGING THE STARTING VALUES
     OR BY INCREASING THE NUMBER OF INTEGRATION POINTS OR BY USING THE MLF ESTIMATOR.


THE MODEL ESTIMATION TERMINATED NORMALLY



MODEL FIT INFORMATION

Number of Free Parameters                       30

Loglikelihood

          H0 Value                       -7025.479
          H0 Scaling Correction Factor      1.1601
            for MLR

Information Criteria

          Akaike (AIC)                   14110.958
          Bayesian (BIC)                 14273.123
          Sample-Size Adjusted BIC       14177.818
            (n* = (n + 2) / 24)



MODEL RESULTS

                                                    Two-Tailed
                    Estimate       S.E.  Est./S.E.    P-Value

 F3REL    BY
    REL_REJ            0.554      0.026     21.437      0.000
    REL_WARM           0.554      0.026     21.437      0.000

 FSMK     BY
    CPD                1.000      0.000    999.000    999.000
    DAILYSMK          13.255      0.071    186.578      0.000
    FTND               1.100      0.060     18.349      0.000

 FSMK       ON
    F3REL              0.104      0.039      2.711      0.007

 FSMK       ON
    PRSSMCPD           0.157      0.024      6.657      0.000
    SEX               -0.052      0.053     -0.972      0.331
    AGE                0.094      0.024      3.944      0.000
    C1                -0.013      0.028     -0.456      0.649
    C2                 0.030      0.039      0.775      0.438
    C3                 0.028      0.028      1.000      0.317
    C4                -0.036      0.034     -1.036      0.300
    C5                -0.050      0.032     -1.567      0.117
    C6                 0.015      0.033      0.443      0.658
    C7                 0.033      0.030      1.102      0.271
    C8                -0.032      0.031     -1.024      0.306
    C9                -0.024      0.030     -0.803      0.422
    C10                0.008      0.031      0.275      0.783

 F3REL      ON
    PRSSMCPD           0.097      0.038      2.581      0.010
    SEX                0.530      0.073      7.251      0.000
    AGE               -0.018      0.036     -0.499      0.618

 Intercepts
    REL_REJ           -0.133      0.029     -4.568      0.000
    REL_WARM          -0.189      0.030     -6.324      0.000
    CPD               -0.521      0.049    -10.590      0.000
    FTND              -0.012      0.040     -0.288      0.773

 Thresholds
    DAILYSMK$1         4.027      0.741      5.434      0.000

 Residual Variances
    REL_REJ            0.624      0.039     15.860      0.000
    REL_WARM           0.625      0.037     17.115      0.000
    CPD                0.243      0.030      8.179      0.000
    FTND               0.248      0.028      9.005      0.000
    F3REL              1.000      0.000    999.000    999.000
    FSMK               0.548      0.039     14.036      0.000


STANDARDIZED MODEL RESULTS


STDYX Standardization

                                                    Two-Tailed
                    Estimate       S.E.  Est./S.E.    P-Value

 F3REL    BY
    REL_REJ            0.589      0.021     28.083      0.000
    REL_WARM           0.588      0.025     23.995      0.000

 FSMK     BY
    CPD                0.844      0.021     40.600      0.000
    DAILYSMK           0.985      0.001    999.670      0.000
    FTND               0.863      0.018     49.098      0.000

 FSMK       ON
    F3REL              0.140      0.052      2.717      0.007

 FSMK       ON
    PRSSMCPD           0.203      0.029      7.025      0.000
    SEX               -0.033      0.034     -0.968      0.333
    AGE                0.121      0.031      3.926      0.000
    C1                -0.016      0.034     -0.456      0.648
    C2                 0.027      0.034      0.777      0.437
    C3                 0.035      0.035      0.999      0.318
    C4                -0.033      0.031     -1.039      0.299
    C5                -0.045      0.029     -1.564      0.118
    C6                 0.014      0.032      0.443      0.658
    C7                 0.033      0.030      1.102      0.271
    C8                -0.030      0.030     -1.024      0.306
    C9                -0.024      0.029     -0.806      0.420
    C10                0.008      0.030      0.275      0.784

 F3REL      ON
    PRSSMCPD           0.094      0.036      2.602      0.009
    SEX                0.255      0.033      7.689      0.000
    AGE               -0.017      0.035     -0.499      0.618

 Intercepts
    REL_REJ           -0.136      0.031     -4.368      0.000
    REL_WARM          -0.194      0.032     -6.099      0.000
    CPD               -0.568      0.056    -10.194      0.000
    FTND              -0.012      0.041     -0.286      0.775

 Thresholds
    DAILYSMK$1         0.386      0.070      5.483      0.000

 Residual Variances
    REL_REJ            0.653      0.025     26.462      0.000
    REL_WARM           0.654      0.029     22.648      0.000
    CPD                0.288      0.035      8.224      0.000
    FTND               0.255      0.030      8.396      0.000
    F3REL              0.926      0.018     51.621      0.000
    FSMK               0.914      0.022     41.329      0.000


R-SQUARE

    Observed                                        Two-Tailed
    Variable        Estimate       S.E.  Est./S.E.    P-Value

    DAILYSMK           0.970      0.002    499.835      0.000
    REL_REJ            0.347      0.025     14.042      0.000
    REL_WARM           0.346      0.029     11.997      0.000
    CPD                0.712      0.035     20.300      0.000
    FTND               0.745      0.030     24.549      0.000

     Latent                                         Two-Tailed
    Variable        Estimate       S.E.  Est./S.E.    P-Value

    F3REL              0.074      0.018      4.113      0.000
    FSMK               0.086      0.022      3.902      0.000


QUALITY OF NUMERICAL RESULTS

     Condition Number for the Information Matrix             -0.114E-04
       (ratio of smallest to largest eigenvalue)


CONFIDENCE INTERVALS OF MODEL RESULTS

                  Lower .5%  Lower 2.5%    Lower 5%    Estimate    Upper 5%  Upper 2.5%   Upper .5%

 F3REL    BY
    REL_REJ          0.487       0.503       0.511       0.554       0.596       0.604       0.620
    REL_WARM         0.487       0.503       0.511       0.554       0.596       0.604       0.620

 FSMK     BY
    CPD              1.000       1.000       1.000       1.000       1.000       1.000       1.000
    DAILYSMK        13.072      13.116      13.138      13.255      13.372      13.395      13.438
    FTND             0.945       0.982       1.001       1.100       1.198       1.217       1.254

 FSMK     ON
    F3REL            0.005       0.029       0.041       0.104       0.168       0.180       0.204

 FSMK     ON
    PRSSMCPD         0.096       0.110       0.118       0.157       0.195       0.203       0.217
    SEX             -0.189      -0.156      -0.139      -0.052       0.036       0.052       0.085
    AGE              0.033       0.047       0.055       0.094       0.133       0.141       0.155
    C1              -0.084      -0.067      -0.058      -0.013       0.033       0.042       0.059
    C2              -0.070      -0.046      -0.034       0.030       0.094       0.106       0.130
    C3              -0.044      -0.027      -0.018       0.028       0.074       0.083       0.100
    C4              -0.124      -0.103      -0.092      -0.036       0.021       0.032       0.053
    C5              -0.132      -0.113      -0.103      -0.050       0.002       0.013       0.032
    C6              -0.071      -0.051      -0.040       0.015       0.070       0.080       0.101
    C7              -0.045      -0.026      -0.016       0.033       0.083       0.092       0.111
    C8              -0.112      -0.092      -0.083      -0.032       0.019       0.029       0.048
    C9              -0.103      -0.084      -0.074      -0.024       0.026       0.035       0.054
    C10             -0.071      -0.052      -0.042       0.008       0.059       0.069       0.088

 F3REL    ON
    PRSSMCPD         0.000       0.023       0.035       0.097       0.160       0.171       0.195
    SEX              0.342       0.387       0.410       0.530       0.650       0.673       0.718
    AGE             -0.111      -0.089      -0.078      -0.018       0.042       0.053       0.075

 Intercepts
    REL_REJ         -0.208      -0.190      -0.181      -0.133      -0.085      -0.076      -0.058
    REL_WARM        -0.267      -0.248      -0.239      -0.189      -0.140      -0.131      -0.112
    CPD             -0.648      -0.618      -0.602      -0.521      -0.440      -0.425      -0.395
    FTND            -0.115      -0.090      -0.078      -0.012       0.055       0.067       0.092

 Thresholds
    DAILYSMK$1       2.118       2.575       2.808       4.027       5.246       5.480       5.936

 Residual Variances
    REL_REJ          0.523       0.547       0.559       0.624       0.689       0.701       0.725
    REL_WARM         0.531       0.553       0.565       0.625       0.685       0.697       0.719
    CPD              0.166       0.185       0.194       0.243       0.292       0.301       0.319
    FTND             0.177       0.194       0.203       0.248       0.293       0.302       0.319
    F3REL            1.000       1.000       1.000       1.000       1.000       1.000       1.000
    FSMK             0.447       0.471       0.484       0.548       0.612       0.624       0.648


CONFIDENCE INTERVALS OF STANDARDIZED MODEL RESULTS


STDYX Standardization

                  Lower .5%  Lower 2.5%    Lower 5%    Estimate    Upper 5%  Upper 2.5%   Upper .5%

 F3REL    BY
    REL_REJ          0.535       0.548       0.554       0.589       0.623       0.630       0.643
    REL_WARM         0.525       0.540       0.548       0.588       0.629       0.637       0.652

 FSMK     BY
    CPD              0.790       0.803       0.809       0.844       0.878       0.884       0.897
    DAILYSMK         0.982       0.983       0.983       0.985       0.986       0.987       0.987
    FTND             0.818       0.829       0.834       0.863       0.892       0.898       0.909

 FSMK     ON
    F3REL            0.007       0.039       0.055       0.140       0.225       0.241       0.273

 FSMK     ON
    PRSSMCPD         0.129       0.146       0.156       0.203       0.251       0.260       0.278
    SEX             -0.122      -0.101      -0.090      -0.033       0.023       0.034       0.055
    AGE              0.042       0.061       0.070       0.121       0.172       0.182       0.201
    C1              -0.103      -0.082      -0.072      -0.016       0.041       0.051       0.072
    C2              -0.062      -0.041      -0.030       0.027       0.083       0.094       0.115
    C3              -0.055      -0.033      -0.022       0.035       0.092       0.103       0.124
    C4              -0.113      -0.094      -0.084      -0.033       0.019       0.029       0.048
    C5              -0.120      -0.102      -0.093      -0.045       0.002       0.011       0.029
    C6              -0.068      -0.049      -0.038       0.014       0.067       0.077       0.097
    C7              -0.044      -0.025      -0.016       0.033       0.081       0.090       0.109
    C8              -0.107      -0.089      -0.079      -0.030       0.018       0.028       0.046
    C9              -0.100      -0.081      -0.072      -0.024       0.025       0.034       0.052
    C10             -0.068      -0.050      -0.040       0.008       0.057       0.066       0.084

 F3REL    ON
    PRSSMCPD         0.001       0.023       0.035       0.094       0.154       0.165       0.187
    SEX              0.169       0.190       0.200       0.255       0.309       0.320       0.340
    AGE             -0.107      -0.086      -0.075      -0.017       0.040       0.051       0.072

 Intercepts
    REL_REJ         -0.217      -0.197      -0.188      -0.136      -0.085      -0.075      -0.056
    REL_WARM        -0.275      -0.256      -0.246      -0.194      -0.141      -0.131      -0.112
    CPD             -0.712      -0.677      -0.660      -0.568      -0.476      -0.459      -0.425
    FTND            -0.117      -0.092      -0.079      -0.012       0.056       0.069       0.094

 Thresholds
    DAILYSMK$1       0.205       0.248       0.270       0.386       0.502       0.525       0.568

 Residual Variances
    REL_REJ          0.590       0.605       0.613       0.653       0.694       0.702       0.717
    REL_WARM         0.579       0.597       0.606       0.654       0.701       0.710       0.728
    CPD              0.198       0.220       0.231       0.288       0.346       0.357       0.379
    FTND             0.177       0.195       0.205       0.255       0.305       0.314       0.333
    F3REL            0.880       0.891       0.897       0.926       0.956       0.961       0.972
    FSMK             0.857       0.870       0.877       0.914       0.950       0.957       0.971


     Beginning Time:  11:54:52
        Ending Time:  11:54:58
       Elapsed Time:  00:00:06



MUTHEN & MUTHEN
3463 Stoner Ave.
Los Angeles, CA  90066

Tel: (310) 391-9971
Fax: (310) 391-8971
Web: www.StatModel.com
Support: Support@StatModel.com

Copyright (c) 1998-2019 Muthen & Muthen
