Mplus VERSION 8.3
MUTHEN & MUTHEN
03/05/2020  12:50 PM

INPUT INSTRUCTIONS

    DATA:
          FILE IS \\CNAS.RU.NL\U642157\Documents\6 TRAILS\datasets\full.csv ;

    VARIABLE:
         NAMES ARE sex age C1 C2 C3 C4 C5 C6 C7 C8 C9 C10
         parknow pardisc parcont parsol rel_rej rel_warm
         parsmk parcpd paralc paraddep parcan
         prssmcpd prsalc prscan
         eversmk dailysmk cpd ftnd alc alcmonth audit can cupit1 cupit2 ;
         MISSING * ;
         USEVARIABLES sex age C1 C2 C3 C4 C5 C6 C7 C8 C9 C10
         parknow pardisc parcont parsol
         prssmcpd
         cpd dailysmk ftnd ;
         CATEGORICAL ARE dailysmk ;

      ANALYSIS: estimator=MLR  ;
          TYPE = RANDOM;
          ALGORITHM = INTEGRATION;

      MODEL:
         !Latent factors
         F1inv BY parknow pardisc parcont parsol ;
         fsmk BY cpd dailysmk ftnd ;

         !Latent factor interactions
         intinv | F1inv XWITH prssmcpd ;

         !Main effects
         fsmk ON F1inv prssmcpd ;
         fsmk ON sex age C1 C2 C3 C4 C5 C6 C7 C8 C9 C10 ;

         !GxE
         fsmk ON intinv ;

         !rGE
         F1inv ON prssmcpd ;

         F1inv ON sex age ;
         parknow WITH pardisc ;

       OUTPUT:
         SAMPSTAT CINTERVAL STDYX ;




*** WARNING
  Data set contains cases with missing on x-variables.
  These cases were not included in the analysis.
  Number of cases with missing on x-variables:  44
*** WARNING
  Data set contains cases with missing on all variables except
  x-variables.  These cases were not included in the analysis.
  Number of cases with missing on all variables except x-variables:  6
   2 WARNING(S) FOUND IN THE INPUT INSTRUCTIONS




SUMMARY OF ANALYSIS

Number of groups                                                 1
Number of observations                                        1643

Number of dependent variables                                    7
Number of independent variables                                 13
Number of continuous latent variables                            3

Observed dependent variables

  Continuous
   PARKNOW     PARDISC     PARCONT     PARSOL      CPD         FTND

  Binary and ordered categorical (ordinal)
   DAILYSMK

Observed independent variables
   SEX         AGE         C1          C2          C3          C4
   C5          C6          C7          C8          C9          C10
   PRSSMCPD

Continuous latent variables
   F1INV       FSMK        INTINV


Estimator                                                      MLR
Information matrix                                        OBSERVED
Optimization Specifications for the Quasi-Newton Algorithm for
Continuous Outcomes
  Maximum number of iterations                                 100
  Convergence criterion                                  0.100D-05
Optimization Specifications for the EM Algorithm
  Maximum number of iterations                                 500
  Convergence criteria
    Loglikelihood change                                 0.100D-02
    Relative loglikelihood change                        0.100D-05
    Derivative                                           0.100D-02
Optimization Specifications for the M step of the EM Algorithm for
Categorical Latent variables
  Number of M step iterations                                    1
  M step convergence criterion                           0.100D-02
  Basis for M step termination                           ITERATION
Optimization Specifications for the M step of the EM Algorithm for
Censored, Binary or Ordered Categorical (Ordinal), Unordered
Categorical (Nominal) and Count Outcomes
  Number of M step iterations                                    1
  M step convergence criterion                           0.100D-02
  Basis for M step termination                           ITERATION
  Maximum value for logit thresholds                            15
  Minimum value for logit thresholds                           -15
  Minimum expected cell size for chi-square              0.100D-01
Maximum number of iterations for H1                           2000
Convergence criterion for H1                             0.100D-03
Optimization algorithm                                         EMA
Integration Specifications
  Type                                                    STANDARD
  Number of integration points                                  15
  Dimensions of numerical integration                            2
  Adaptive quadrature                                           ON
Link                                                         LOGIT
Cholesky                                                       OFF

Input data file(s)
  \\CNAS.RU.NL\U642157\Documents\6 TRAILS\datasets\full.csv
Input data format  FREE


SUMMARY OF DATA

     Number of missing data patterns            13
     Number of y missing data patterns          13
     Number of u missing data patterns           2


COVARIANCE COVERAGE OF DATA

Minimum covariance coverage value   0.100


     PROPORTION OF DATA PRESENT


           Covariance Coverage
              DAILYSMK      PARKNOW       PARDISC       PARCONT       PARSOL
              ________      ________      ________      ________      ________
 DAILYSMK       0.800
 PARKNOW        0.779         0.970
 PARDISC        0.777         0.925         0.954
 PARCONT        0.777         0.925         0.953         0.954
 PARSOL         0.777         0.925         0.954         0.953         0.954
 CPD            0.321         0.315         0.310         0.311         0.310
 FTND           0.800         0.779         0.777         0.777         0.777
 SEX            0.800         0.970         0.954         0.954         0.954
 AGE            0.800         0.970         0.954         0.954         0.954
 C1             0.800         0.970         0.954         0.954         0.954
 C2             0.800         0.970         0.954         0.954         0.954
 C3             0.800         0.970         0.954         0.954         0.954
 C4             0.800         0.970         0.954         0.954         0.954
 C5             0.800         0.970         0.954         0.954         0.954
 C6             0.800         0.970         0.954         0.954         0.954
 C7             0.800         0.970         0.954         0.954         0.954
 C8             0.800         0.970         0.954         0.954         0.954
 C9             0.800         0.970         0.954         0.954         0.954
 C10            0.800         0.970         0.954         0.954         0.954
 PRSSMCPD       0.800         0.970         0.954         0.954         0.954


           Covariance Coverage
              CPD           FTND          SEX           AGE           C1
              ________      ________      ________      ________      ________
 CPD            0.321
 FTND           0.321         0.800
 SEX            0.321         0.800         1.000
 AGE            0.321         0.800         1.000         1.000
 C1             0.321         0.800         1.000         1.000         1.000
 C2             0.321         0.800         1.000         1.000         1.000
 C3             0.321         0.800         1.000         1.000         1.000
 C4             0.321         0.800         1.000         1.000         1.000
 C5             0.321         0.800         1.000         1.000         1.000
 C6             0.321         0.800         1.000         1.000         1.000
 C7             0.321         0.800         1.000         1.000         1.000
 C8             0.321         0.800         1.000         1.000         1.000
 C9             0.321         0.800         1.000         1.000         1.000
 C10            0.321         0.800         1.000         1.000         1.000
 PRSSMCPD       0.321         0.800         1.000         1.000         1.000


           Covariance Coverage
              C2            C3            C4            C5            C6
              ________      ________      ________      ________      ________
 C2             1.000
 C3             1.000         1.000
 C4             1.000         1.000         1.000
 C5             1.000         1.000         1.000         1.000
 C6             1.000         1.000         1.000         1.000         1.000
 C7             1.000         1.000         1.000         1.000         1.000
 C8             1.000         1.000         1.000         1.000         1.000
 C9             1.000         1.000         1.000         1.000         1.000
 C10            1.000         1.000         1.000         1.000         1.000
 PRSSMCPD       1.000         1.000         1.000         1.000         1.000


           Covariance Coverage
              C7            C8            C9            C10           PRSSMCPD
              ________      ________      ________      ________      ________
 C7             1.000
 C8             1.000         1.000
 C9             1.000         1.000         1.000
 C10            1.000         1.000         1.000         1.000
 PRSSMCPD       1.000         1.000         1.000         1.000         1.000


     PROPORTION OF DATA PRESENT FOR U


           Covariance Coverage
              DAILYSMK
              ________
 DAILYSMK       0.800


     PROPORTION OF DATA PRESENT FOR Y


           Covariance Coverage
              PARKNOW       PARDISC       PARCONT       PARSOL        CPD
              ________      ________      ________      ________      ________
 PARKNOW        0.970
 PARDISC        0.925         0.954
 PARCONT        0.925         0.953         0.954
 PARSOL         0.925         0.954         0.953         0.954
 CPD            0.315         0.310         0.311         0.310         0.321
 FTND           0.779         0.777         0.777         0.777         0.321
 SEX            0.970         0.954         0.954         0.954         0.321
 AGE            0.970         0.954         0.954         0.954         0.321
 C1             0.970         0.954         0.954         0.954         0.321
 C2             0.970         0.954         0.954         0.954         0.321
 C3             0.970         0.954         0.954         0.954         0.321
 C4             0.970         0.954         0.954         0.954         0.321
 C5             0.970         0.954         0.954         0.954         0.321
 C6             0.970         0.954         0.954         0.954         0.321
 C7             0.970         0.954         0.954         0.954         0.321
 C8             0.970         0.954         0.954         0.954         0.321
 C9             0.970         0.954         0.954         0.954         0.321
 C10            0.970         0.954         0.954         0.954         0.321
 PRSSMCPD       0.970         0.954         0.954         0.954         0.321


           Covariance Coverage
              FTND          SEX           AGE           C1            C2
              ________      ________      ________      ________      ________
 FTND           0.800
 SEX            0.800         1.000
 AGE            0.800         1.000         1.000
 C1             0.800         1.000         1.000         1.000
 C2             0.800         1.000         1.000         1.000         1.000
 C3             0.800         1.000         1.000         1.000         1.000
 C4             0.800         1.000         1.000         1.000         1.000
 C5             0.800         1.000         1.000         1.000         1.000
 C6             0.800         1.000         1.000         1.000         1.000
 C7             0.800         1.000         1.000         1.000         1.000
 C8             0.800         1.000         1.000         1.000         1.000
 C9             0.800         1.000         1.000         1.000         1.000
 C10            0.800         1.000         1.000         1.000         1.000
 PRSSMCPD       0.800         1.000         1.000         1.000         1.000


           Covariance Coverage
              C3            C4            C5            C6            C7
              ________      ________      ________      ________      ________
 C3             1.000
 C4             1.000         1.000
 C5             1.000         1.000         1.000
 C6             1.000         1.000         1.000         1.000
 C7             1.000         1.000         1.000         1.000         1.000
 C8             1.000         1.000         1.000         1.000         1.000
 C9             1.000         1.000         1.000         1.000         1.000
 C10            1.000         1.000         1.000         1.000         1.000
 PRSSMCPD       1.000         1.000         1.000         1.000         1.000


           Covariance Coverage
              C8            C9            C10           PRSSMCPD
              ________      ________      ________      ________
 C8             1.000
 C9             1.000         1.000
 C10            1.000         1.000         1.000
 PRSSMCPD       1.000         1.000         1.000         1.000


UNIVARIATE PROPORTIONS AND COUNTS FOR CATEGORICAL VARIABLES

    DAILYSMK
      Category 1    0.758          997.000
      Category 2    0.242          318.000


SAMPLE STATISTICS


     ESTIMATED SAMPLE STATISTICS


           Means
              PARKNOW       PARDISC       PARCONT       PARSOL        CPD
              ________      ________      ________      ________      ________
               -0.055        -0.007         0.020        -0.004        -0.410


           Means
              FTND          SEX           AGE           C1            C2
              ________      ________      ________      ________      ________
                0.005         0.520        -0.002        -0.008         0.022


           Means
              C3            C4            C5            C6            C7
              ________      ________      ________      ________      ________
                0.013        -0.057        -0.019         0.005        -0.025


           Means
              C8            C9            C10           PRSSMCPD
              ________      ________      ________      ________
               -0.003         0.017         0.029         0.013


           Covariances
              PARKNOW       PARDISC       PARCONT       PARSOL        CPD
              ________      ________      ________      ________      ________
 PARKNOW        0.957
 PARDISC        0.321         0.986
 PARCONT        0.233         0.308         1.006
 PARSOL         0.215         0.448         0.502         0.976
 CPD            0.180         0.167         0.107         0.109         0.828
 FTND           0.222         0.235         0.156         0.135         0.619
 SEX           -0.009         0.088         0.132         0.118         0.007
 AGE            0.078         0.057         0.125         0.023         0.053
 C1             0.009         0.024        -0.016        -0.010         0.019
 C2             0.008         0.018         0.015         0.017         0.033
 C3             0.038        -0.007        -0.041        -0.053        -0.004
 C4             0.039         0.026         0.017         0.017        -0.027
 C5            -0.006        -0.048        -0.011        -0.017        -0.047
 C6             0.025         0.013         0.015         0.019        -0.029
 C7             0.027        -0.007         0.009        -0.011        -0.013
 C8            -0.007         0.023         0.015         0.012        -0.011
 C9            -0.009        -0.018         0.017        -0.009        -0.035
 C10            0.012         0.000         0.003         0.007         0.021
 PRSSMCPD       0.145         0.112         0.065         0.091         0.242


           Covariances
              FTND          SEX           AGE           C1            C2
              ________      ________      ________      ________      ________
 FTND           0.981
 SEX            0.010         0.250
 AGE            0.107         0.037         0.997
 C1             0.015        -0.016         0.048         0.905
 C2             0.019        -0.002         0.023         0.230         0.476
 C3             0.039        -0.021         0.033         0.071        -0.171
 C4            -0.003         0.002        -0.013         0.039        -0.001
 C5            -0.038        -0.007         0.009        -0.009        -0.007
 C6             0.023         0.005         0.012         0.004         0.056
 C7             0.013         0.005        -0.015        -0.013        -0.023
 C8            -0.020         0.001         0.022         0.007         0.036
 C9            -0.011         0.011        -0.031        -0.012        -0.014
 C10            0.004         0.000        -0.020         0.026        -0.014
 PRSSMCPD       0.164         0.003        -0.013         0.013        -0.006


           Covariances
              C3            C4            C5            C6            C7
              ________      ________      ________      ________      ________
 C3             0.918
 C4            -0.014         0.502
 C5            -0.028        -0.031         0.490
 C6            -0.034        -0.010        -0.082         0.552
 C7            -0.058         0.038         0.023         0.015         0.573
 C8            -0.048        -0.044         0.030        -0.012        -0.026
 C9            -0.038         0.013        -0.024         0.004         0.035
 C10           -0.011         0.025         0.010        -0.025         0.005
 PRSSMCPD       0.035         0.023        -0.031        -0.046        -0.029


           Covariances
              C8            C9            C10           PRSSMCPD
              ________      ________      ________      ________
 C8             0.551
 C9            -0.014         0.567
 C10            0.031         0.029         0.550
 PRSSMCPD      -0.027         0.008         0.024         1.013


           Correlations
              PARKNOW       PARDISC       PARCONT       PARSOL        CPD
              ________      ________      ________      ________      ________
 PARKNOW        1.000
 PARDISC        0.331         1.000
 PARCONT        0.238         0.310         1.000
 PARSOL         0.223         0.457         0.507         1.000
 CPD            0.202         0.185         0.117         0.121         1.000
 FTND           0.229         0.239         0.157         0.138         0.687
 SEX           -0.018         0.178         0.263         0.239         0.016
 AGE            0.080         0.057         0.125         0.023         0.058
 C1             0.009         0.025        -0.017        -0.010         0.022
 C2             0.011         0.027         0.022         0.026         0.053
 C3             0.041        -0.008        -0.043        -0.056        -0.004
 C4             0.056         0.037         0.024         0.025        -0.042
 C5            -0.009        -0.070        -0.016        -0.024        -0.073
 C6             0.035         0.018         0.020         0.026        -0.043
 C7             0.037        -0.010         0.012        -0.015        -0.019
 C8            -0.009         0.032         0.020         0.016        -0.016
 C9            -0.013        -0.025         0.023        -0.012        -0.051
 C10            0.016         0.000         0.003         0.010         0.031
 PRSSMCPD       0.147         0.112         0.065         0.091         0.264


           Correlations
              FTND          SEX           AGE           C1            C2
              ________      ________      ________      ________      ________
 FTND           1.000
 SEX            0.020         1.000
 AGE            0.108         0.074         1.000
 C1             0.016        -0.034         0.051         1.000
 C2             0.028        -0.006         0.034         0.350         1.000
 C3             0.042        -0.044         0.034         0.078        -0.259
 C4            -0.004         0.005        -0.019         0.059        -0.001
 C5            -0.055        -0.021         0.014        -0.014        -0.014
 C6             0.032         0.014         0.016         0.006         0.109
 C7             0.017         0.014        -0.020        -0.018        -0.044
 C8            -0.027         0.001         0.030         0.010         0.071
 C9            -0.015         0.030        -0.041        -0.017        -0.028
 C10            0.005         0.000        -0.027         0.037        -0.028
 PRSSMCPD       0.164         0.006        -0.012         0.013        -0.008


           Correlations
              C3            C4            C5            C6            C7
              ________      ________      ________      ________      ________
 C3             1.000
 C4            -0.021         1.000
 C5            -0.041        -0.063         1.000
 C6            -0.048        -0.019        -0.158         1.000
 C7            -0.080         0.071         0.044         0.027         1.000
 C8            -0.068        -0.084         0.058        -0.022        -0.046
 C9            -0.053         0.024        -0.046         0.007         0.061
 C10           -0.016         0.049         0.020        -0.045         0.009
 PRSSMCPD       0.036         0.032        -0.044        -0.061        -0.038


           Correlations
              C8            C9            C10           PRSSMCPD
              ________      ________      ________      ________
 C8             1.000
 C9            -0.024         1.000
 C10            0.056         0.052         1.000
 PRSSMCPD      -0.037         0.011         0.032         1.000


     MAXIMUM LOG-LIKELIHOOD VALUE FOR THE UNRESTRICTED (H1) MODEL IS -35041.377


UNIVARIATE SAMPLE STATISTICS


     UNIVARIATE HIGHER-ORDER MOMENT DESCRIPTIVE STATISTICS

         Variable/         Mean/     Skewness/   Minimum/ % with                Percentiles
        Sample Size      Variance    Kurtosis    Maximum  Min/Max      20%/60%    40%/80%    Median

     PARKNOW              -0.056       1.540      -0.867   33.19%      -0.867     -0.674     -0.480
            1594.000       0.958       2.266       4.742    0.06%      -0.093      0.680
     PARDISC              -0.014       0.238      -2.035    1.79%      -0.956     -0.282     -0.012
            1568.000       0.984      -0.106       3.359    0.19%       0.257      0.797
     PARCONT               0.013       0.134      -1.901    2.55%      -0.843     -0.313      0.005
            1568.000       1.005      -0.581       2.334    1.28%       0.216      0.852
     PARSOL               -0.008      -0.003      -3.076    0.19%      -0.832     -0.271      0.010
            1568.000       0.974      -0.149       2.535    0.38%       0.291      0.852
     CPD                  -0.068       0.076      -1.337   28.60%      -1.337     -0.568      0.201
             528.000       1.017      -1.308       1.740    6.44%       0.201      0.971
     FTND                 -0.023       2.416      -0.469   77.34%      -0.469     -0.469     -0.469
            1315.000       0.971       5.428       5.452    0.08%      -0.469      0.123
     SEX                   0.520      -0.082       0.000   47.96%       0.000      0.000      1.000
            1643.000       0.250      -1.993       1.000   52.04%       1.000      1.000
     AGE                  -0.002       0.389      -2.386    1.03%      -0.963     -0.963      0.461
            1643.000       0.997      -0.571       3.308    0.12%       0.461      0.461
     C1                   -0.008       4.668      -1.078    0.06%      -0.465     -0.274     -0.191
            1643.000       0.905      26.830       7.970    0.06%      -0.109      0.166
     C2                    0.022       2.859      -2.219    0.06%      -0.474     -0.148     -0.025
            1643.000       0.476      22.966       6.647    0.06%       0.130      0.472
     C3                    0.013       1.629      -5.903    0.06%      -0.553     -0.207     -0.055
            1643.000       0.918      14.224       7.023    0.06%       0.106      0.443
     C4                   -0.057       0.941      -2.124    0.06%      -0.639     -0.227     -0.058
            1643.000       0.502      10.434       8.131    0.06%       0.115      0.503
     C5                   -0.019       0.059      -2.454    0.06%      -0.591     -0.213     -0.030
            1643.000       0.490       0.120       2.382    0.06%       0.150      0.562
     C6                    0.005      -0.118      -4.142    0.06%      -0.601     -0.183      0.001
            1643.000       0.552       0.839       2.916    0.06%       0.189      0.603
     C7                   -0.025      -0.193      -3.734    0.06%      -0.657     -0.212      0.011
            1643.000       0.573       0.440       2.063    0.06%       0.179      0.611
     C8                   -0.003      -0.185      -4.189    0.06%      -0.653     -0.171      0.009
            1643.000       0.551       0.518       2.570    0.06%       0.199      0.604
     C9                    0.017      -0.090      -2.592    0.06%      -0.618     -0.163      0.040
            1643.000       0.567       0.140       2.719    0.06%       0.202      0.651
     C10                   0.029       0.029      -3.362    0.06%      -0.601     -0.139      0.032
            1643.000       0.550       0.542       3.648    0.06%       0.213      0.645
     PRSSMCPD              0.013      -0.007      -2.975    0.06%      -0.858     -0.232      0.039
            1643.000       1.013      -0.071       3.144    0.06%       0.276      0.876


THE MODEL ESTIMATION TERMINATED NORMALLY



MODEL FIT INFORMATION

Number of Free Parameters                       39

Loglikelihood

          H0 Value                      -10844.068
          H0 Scaling Correction Factor      1.2023
            for MLR

Information Criteria

          Akaike (AIC)                   21766.136
          Bayesian (BIC)                 21976.902
          Sample-Size Adjusted BIC       21853.006
            (n* = (n + 2) / 24)



MODEL RESULTS

                                                    Two-Tailed
                    Estimate       S.E.  Est./S.E.    P-Value

 F1INV    BY
    PARKNOW            1.000      0.000    999.000    999.000
    PARDISC            1.802      0.189      9.518      0.000
    PARCONT            2.073      0.226      9.181      0.000
    PARSOL             2.428      0.299      8.132      0.000

 FSMK     BY
    CPD                1.000      0.000    999.000    999.000
    DAILYSMK          12.289      6.167      1.993      0.046
    FTND               1.094      0.058     18.727      0.000

 FSMK       ON
    F1INV              0.651      0.112      5.796      0.000
    INTINV             0.182      0.106      1.711      0.087

 FSMK       ON
    PRSSMCPD           0.126      0.023      5.467      0.000
    SEX               -0.112      0.052     -2.146      0.032
    AGE                0.076      0.023      3.254      0.001
    C1                -0.014      0.028     -0.494      0.621
    C2                 0.030      0.039      0.761      0.447
    C3                 0.036      0.029      1.259      0.208
    C4                -0.040      0.034     -1.179      0.239
    C5                -0.046      0.032     -1.451      0.147
    C6                 0.017      0.033      0.523      0.601
    C7                 0.024      0.030      0.791      0.429
    C8                -0.032      0.031     -1.031      0.302
    C9                -0.019      0.030     -0.612      0.540
    C10                0.007      0.030      0.235      0.814

 F1INV      ON
    PRSSMCPD           0.043      0.011      3.906      0.000
    SEX                0.198      0.024      8.248      0.000
    AGE                0.022      0.010      2.141      0.032

 PARKNOW  WITH
    PARDISC            0.147      0.026      5.574      0.000

 Intercepts
    PARKNOW           -0.158      0.025     -6.352      0.000
    PARDISC           -0.195      0.032     -6.132      0.000
    PARCONT           -0.197      0.033     -6.014      0.000
    PARSOL            -0.255      0.035     -7.348      0.000
    CPD               -0.536      0.044    -12.152      0.000
    FTND              -0.024      0.036     -0.666      0.505

 Thresholds
    DAILYSMK$1         3.986      1.573      2.535      0.011

 Residual Variances
    PARKNOW            0.861      0.047     18.487      0.000
    PARDISC            0.669      0.033     20.328      0.000
    PARCONT            0.585      0.031     18.881      0.000
    PARSOL             0.400      0.035     11.456      0.000
    CPD                0.240      0.029      8.284      0.000
    FTND               0.249      0.026      9.429      0.000
    F1INV              0.085      0.019      4.593      0.000
    FSMK               0.525      0.039     13.520      0.000


STANDARDIZED MODEL RESULTS


STDYX Standardization

                                                    Two-Tailed
                    Estimate       S.E.  Est./S.E.    P-Value

 F1INV    BY
    PARKNOW            0.319      0.032      9.836      0.000
    PARDISC            0.567      0.024     23.507      0.000
    PARCONT            0.646      0.023     27.746      0.000
    PARSOL             0.768      0.024     31.995      0.000

 FSMK     BY
    CPD                0.846      0.021     41.080      0.000
    DAILYSMK           0.983      0.017     58.825      0.000
    FTND               0.863      0.017     52.163      0.000

 FSMK       ON
    F1INV              0.261      0.045      5.844      0.000
    INTINV             0.073      0.044      1.683      0.092

 FSMK       ON
    PRSSMCPD           0.162      0.029      5.647      0.000
    SEX               -0.072      0.034     -2.142      0.032
    AGE                0.097      0.030      3.229      0.001
    C1                -0.017      0.034     -0.495      0.621
    C2                 0.026      0.034      0.764      0.445
    C3                 0.044      0.035      1.257      0.209
    C4                -0.036      0.031     -1.182      0.237
    C5                -0.041      0.029     -1.448      0.148
    C6                 0.017      0.032      0.523      0.601
    C7                 0.023      0.029      0.791      0.429
    C8                -0.030      0.029     -1.031      0.303
    C9                -0.018      0.029     -0.614      0.539
    C10                0.007      0.029      0.235      0.814

 F1INV      ON
    PRSSMCPD           0.138      0.028      4.868      0.000
    SEX                0.317      0.029     11.039      0.000
    AGE                0.072      0.031      2.345      0.019

 PARKNOW  WITH
    PARDISC            0.194      0.031      6.262      0.000

 Intercepts
    PARKNOW           -0.162      0.028     -5.767      0.000
    PARDISC           -0.197      0.032     -6.074      0.000
    PARCONT           -0.197      0.033     -6.039      0.000
    PARSOL            -0.258      0.034     -7.486      0.000
    CPD               -0.582      0.051    -11.529      0.000
    FTND              -0.024      0.037     -0.657      0.511

 Thresholds
    DAILYSMK$1         0.409      0.069      5.915      0.000

 Residual Variances
    PARKNOW            0.898      0.021     43.340      0.000
    PARDISC            0.678      0.027     24.790      0.000
    PARCONT            0.582      0.030     19.330      0.000
    PARSOL             0.410      0.037     11.128      0.000
    CPD                0.283      0.035      8.125      0.000
    FTND               0.255      0.029      8.944      0.000
    F1INV              0.872      0.019     44.905      0.000
    FSMK               0.864      0.032     27.422      0.000


R-SQUARE

    Observed                                        Two-Tailed
    Variable        Estimate       S.E.  Est./S.E.    P-Value

    DAILYSMK           0.965      0.033     29.412      0.000
    PARKNOW            0.102      0.021      4.918      0.000
    PARDISC            0.322      0.027     11.754      0.000
    PARCONT            0.418      0.030     13.873      0.000
    PARSOL             0.590      0.037     15.998      0.000
    CPD                0.717      0.035     20.540      0.000
    FTND               0.745      0.029     26.082      0.000

     Latent                                         Two-Tailed
    Variable        Estimate       S.E.  Est./S.E.    P-Value

    F1INV              0.128      0.019      6.619      0.000
    FSMK               0.136      0.032      4.311      0.000


QUALITY OF NUMERICAL RESULTS

     Condition Number for the Information Matrix              0.333E-04
       (ratio of smallest to largest eigenvalue)


CONFIDENCE INTERVALS OF MODEL RESULTS

                  Lower .5%  Lower 2.5%    Lower 5%    Estimate    Upper 5%  Upper 2.5%   Upper .5%

 F1INV    BY
    PARKNOW          1.000       1.000       1.000       1.000       1.000       1.000       1.000
    PARDISC          1.314       1.431       1.491       1.802       2.114       2.173       2.290
    PARCONT          1.492       1.631       1.702       2.073       2.445       2.516       2.655
    PARSOL           1.659       1.843       1.937       2.428       2.919       3.013       3.197

 FSMK     BY
    CPD              1.000       1.000       1.000       1.000       1.000       1.000       1.000
    DAILYSMK        -3.596       0.202       2.144      12.289      22.434      24.377      28.175
    FTND             0.943       0.979       0.998       1.094       1.190       1.208       1.244

 FSMK     ON
    F1INV            0.362       0.431       0.466       0.651       0.835       0.871       0.940
    INTINV          -0.092      -0.026       0.007       0.182       0.356       0.390       0.455

 FSMK     ON
    PRSSMCPD         0.067       0.081       0.088       0.126       0.164       0.171       0.185
    SEX             -0.247      -0.215      -0.198      -0.112      -0.026      -0.010       0.023
    AGE              0.016       0.030       0.037       0.076       0.114       0.122       0.136
    C1              -0.085      -0.068      -0.059      -0.014       0.032       0.041       0.058
    C2              -0.070      -0.047      -0.034       0.030       0.093       0.106       0.129
    C3              -0.038      -0.020      -0.011       0.036       0.083       0.092       0.110
    C4              -0.127      -0.106      -0.096      -0.040       0.016       0.027       0.047
    C5              -0.128      -0.108      -0.098      -0.046       0.006       0.016       0.036
    C6              -0.068      -0.048      -0.037       0.017       0.072       0.083       0.103
    C7              -0.053      -0.035      -0.025       0.024       0.073       0.082       0.101
    C8              -0.111      -0.092      -0.082      -0.032       0.019       0.029       0.047
    C9              -0.097      -0.078      -0.069      -0.019       0.031       0.041       0.060
    C10             -0.071      -0.053      -0.043       0.007       0.057       0.067       0.086

 F1INV    ON
    PRSSMCPD         0.015       0.021       0.025       0.043       0.061       0.064       0.071
    SEX              0.137       0.151       0.159       0.198       0.238       0.246       0.260
    AGE             -0.005       0.002       0.005       0.022       0.040       0.043       0.050

 PARKNOW  WITH
    PARDISC          0.079       0.095       0.104       0.147       0.190       0.199       0.215

 Intercepts
    PARKNOW         -0.222      -0.207      -0.199      -0.158      -0.117      -0.109      -0.094
    PARDISC         -0.277      -0.258      -0.248      -0.195      -0.143      -0.133      -0.113
    PARCONT         -0.282      -0.262      -0.251      -0.197      -0.143      -0.133      -0.113
    PARSOL          -0.344      -0.323      -0.312      -0.255      -0.198      -0.187      -0.165
    CPD             -0.650      -0.623      -0.609      -0.536      -0.464      -0.450      -0.422
    FTND            -0.117      -0.095      -0.084      -0.024       0.035       0.047       0.069

 Thresholds
    DAILYSMK$1      -0.064       0.904       1.399       3.986       6.573       7.069       8.037

 Residual Variances
    PARKNOW          0.741       0.769       0.784       0.861       0.937       0.952       0.981
    PARDISC          0.584       0.604       0.615       0.669       0.723       0.733       0.754
    PARCONT          0.505       0.524       0.534       0.585       0.636       0.646       0.665
    PARSOL           0.310       0.332       0.343       0.400       0.458       0.469       0.491
    CPD              0.165       0.183       0.192       0.240       0.288       0.297       0.315
    FTND             0.181       0.197       0.206       0.249       0.293       0.301       0.317
    F1INV            0.037       0.049       0.055       0.085       0.116       0.121       0.133
    FSMK             0.425       0.449       0.461       0.525       0.589       0.601       0.625


CONFIDENCE INTERVALS OF STANDARDIZED MODEL RESULTS


STDYX Standardization

                  Lower .5%  Lower 2.5%    Lower 5%    Estimate    Upper 5%  Upper 2.5%   Upper .5%

 F1INV    BY
    PARKNOW          0.236       0.256       0.266       0.319       0.373       0.383       0.403
    PARDISC          0.505       0.520       0.527       0.567       0.607       0.614       0.629
    PARCONT          0.586       0.601       0.608       0.646       0.685       0.692       0.706
    PARSOL           0.706       0.721       0.728       0.768       0.807       0.815       0.830

 FSMK     BY
    CPD              0.793       0.806       0.813       0.846       0.880       0.887       0.900
    DAILYSMK         0.940       0.950       0.955       0.983       1.010       1.015       1.026
    FTND             0.820       0.830       0.836       0.863       0.890       0.895       0.906

 FSMK     ON
    F1INV            0.146       0.173       0.188       0.261       0.334       0.349       0.376
    INTINV          -0.039      -0.012       0.002       0.073       0.145       0.159       0.186

 FSMK     ON
    PRSSMCPD         0.088       0.106       0.115       0.162       0.210       0.219       0.237
    SEX             -0.159      -0.138      -0.127      -0.072      -0.017      -0.006       0.015
    AGE              0.020       0.038       0.048       0.097       0.147       0.156       0.175
    C1              -0.104      -0.083      -0.072      -0.017       0.039       0.050       0.070
    C2              -0.062      -0.041      -0.030       0.026       0.082       0.093       0.114
    C3              -0.046      -0.025      -0.014       0.044       0.102       0.113       0.135
    C4              -0.116      -0.097      -0.087      -0.036       0.014       0.024       0.043
    C5              -0.115      -0.097      -0.088      -0.041       0.006       0.015       0.032
    C6              -0.065      -0.046      -0.036       0.017       0.069       0.079       0.098
    C7              -0.052      -0.034      -0.025       0.023       0.071       0.080       0.098
    C8              -0.105      -0.087      -0.078      -0.030       0.018       0.027       0.045
    C9              -0.093      -0.075      -0.066      -0.018       0.030       0.039       0.057
    C10             -0.068      -0.050      -0.041       0.007       0.055       0.064       0.082

 F1INV    ON
    PRSSMCPD         0.065       0.082       0.091       0.138       0.184       0.193       0.210
    SEX              0.243       0.261       0.270       0.317       0.365       0.374       0.391
    AGE             -0.007       0.012       0.021       0.072       0.122       0.132       0.151

 PARKNOW  WITH
    PARDISC          0.114       0.133       0.143       0.194       0.245       0.254       0.273

 Intercepts
    PARKNOW         -0.234      -0.217      -0.208      -0.162      -0.116      -0.107      -0.089
    PARDISC         -0.280      -0.260      -0.250      -0.197      -0.143      -0.133      -0.113
    PARCONT         -0.281      -0.261      -0.251      -0.197      -0.143      -0.133      -0.113
    PARSOL          -0.347      -0.325      -0.314      -0.258      -0.201      -0.190      -0.169
    CPD             -0.713      -0.681      -0.665      -0.582      -0.499      -0.483      -0.452
    FTND            -0.120      -0.097      -0.086      -0.024       0.037       0.049       0.071

 Thresholds
    DAILYSMK$1       0.231       0.273       0.295       0.409       0.523       0.545       0.587

 Residual Variances
    PARKNOW          0.845       0.857       0.864       0.898       0.932       0.939       0.951
    PARDISC          0.608       0.625       0.633       0.678       0.723       0.732       0.749
    PARCONT          0.505       0.523       0.533       0.582       0.632       0.641       0.660
    PARSOL           0.315       0.338       0.350       0.410       0.471       0.482       0.505
    CPD              0.194       0.215       0.226       0.283       0.341       0.352       0.373
    FTND             0.182       0.199       0.208       0.255       0.302       0.311       0.329
    F1INV            0.822       0.833       0.840       0.872       0.903       0.910       0.922
    FSMK             0.783       0.802       0.812       0.864       0.916       0.926       0.945


DIAGRAM INFORMATION

  Use View Diagram under the Diagram menu in the Mplus Editor to view the diagram.
  If running Mplus from the Mplus Diagrammer, the diagram opens automatically.

  Diagram output
    \\cnas.ru.nl\u642157\documents\6 trails\results\fsmk\fsmk_f1inv_4fulleffects.dgm

     Beginning Time:  12:50:58
        Ending Time:  12:52:29
       Elapsed Time:  00:01:31



MUTHEN & MUTHEN
3463 Stoner Ave.
Los Angeles, CA  90066

Tel: (310) 391-9971
Fax: (310) 391-8971
Web: www.StatModel.com
Support: Support@StatModel.com

Copyright (c) 1998-2019 Muthen & Muthen
