Mplus VERSION 8.3
MUTHEN & MUTHEN
03/05/2020  11:32 AM

INPUT INSTRUCTIONS

    DATA:
          FILE IS \\CNAS.RU.NL\U642157\Documents\6 TRAILS\datasets\full.csv ;

    VARIABLE:
         NAMES ARE sex age C1 C2 C3 C4 C5 C6 C7 C8 C9 C10
         parknow pardisc parcont parsol rel_rej rel_warm
         parsmk parcpd paralc paraddep parcan
         prssmcpd prsalc prscan
         eversmk dailysmk cpd ftnd alc alcmonth audit can cupit1 cupit2 ;
         MISSING * ;
         USEVARIABLES sex age C1 C2 C3 C4 C5 C6 C7 C8 C9 C10
         parknow pardisc parcont parsol
         prssmcpd
         cpd dailysmk ftnd;
         CATEGORICAL ARE dailysmk ;

      ANALYSIS: estimator=MLR ;


      MODEL:
         !Latent factors
         F1inv BY parknow pardisc parcont parsol ;
         Fsmk BY cpd dailysmk ftnd ;

         !Main effects
         Fsmk ON F1inv prssmcpd ;
         Fsmk ON sex age C1 C2 C3 C4 C5 C6 C7 C8 C9 C10 ;

         !rGE
         F1inv ON prssmcpd ;

         F1inv ON sex age ;
         parknow WITH pardisc ;

       OUTPUT:
         SAMPSTAT CINTERVAL stdyx ;




*** WARNING
  Data set contains cases with missing on x-variables.
  These cases were not included in the analysis.
  Number of cases with missing on x-variables:  44
*** WARNING
  Data set contains cases with missing on all variables except
  x-variables.  These cases were not included in the analysis.
  Number of cases with missing on all variables except x-variables:  6
   2 WARNING(S) FOUND IN THE INPUT INSTRUCTIONS




SUMMARY OF ANALYSIS

Number of groups                                                 1
Number of observations                                        1643

Number of dependent variables                                    7
Number of independent variables                                 13
Number of continuous latent variables                            2

Observed dependent variables

  Continuous
   PARKNOW     PARDISC     PARCONT     PARSOL      CPD         FTND

  Binary and ordered categorical (ordinal)
   DAILYSMK

Observed independent variables
   SEX         AGE         C1          C2          C3          C4
   C5          C6          C7          C8          C9          C10
   PRSSMCPD

Continuous latent variables
   F1INV       FSMK


Estimator                                                      MLR
Information matrix                                        OBSERVED
Optimization Specifications for the Quasi-Newton Algorithm for
Continuous Outcomes
  Maximum number of iterations                                 100
  Convergence criterion                                  0.100D-05
Optimization Specifications for the EM Algorithm
  Maximum number of iterations                                 500
  Convergence criteria
    Loglikelihood change                                 0.100D-02
    Relative loglikelihood change                        0.100D-05
    Derivative                                           0.100D-02
Optimization Specifications for the M step of the EM Algorithm for
Categorical Latent variables
  Number of M step iterations                                    1
  M step convergence criterion                           0.100D-02
  Basis for M step termination                           ITERATION
Optimization Specifications for the M step of the EM Algorithm for
Censored, Binary or Ordered Categorical (Ordinal), Unordered
Categorical (Nominal) and Count Outcomes
  Number of M step iterations                                    1
  M step convergence criterion                           0.100D-02
  Basis for M step termination                           ITERATION
  Maximum value for logit thresholds                            15
  Minimum value for logit thresholds                           -15
  Minimum expected cell size for chi-square              0.100D-01
Maximum number of iterations for H1                           2000
Convergence criterion for H1                             0.100D-03
Optimization algorithm                                         EMA
Integration Specifications
  Type                                                    STANDARD
  Number of integration points                                  15
  Dimensions of numerical integration                            1
  Adaptive quadrature                                           ON
Link                                                         LOGIT
Cholesky                                                       OFF

Input data file(s)
  \\CNAS.RU.NL\U642157\Documents\6 TRAILS\datasets\full.csv
Input data format  FREE


SUMMARY OF DATA

     Number of missing data patterns            13
     Number of y missing data patterns          13
     Number of u missing data patterns           2


COVARIANCE COVERAGE OF DATA

Minimum covariance coverage value   0.100


     PROPORTION OF DATA PRESENT


           Covariance Coverage
              DAILYSMK      PARKNOW       PARDISC       PARCONT       PARSOL
              ________      ________      ________      ________      ________
 DAILYSMK       0.800
 PARKNOW        0.779         0.970
 PARDISC        0.777         0.925         0.954
 PARCONT        0.777         0.925         0.953         0.954
 PARSOL         0.777         0.925         0.954         0.953         0.954
 CPD            0.321         0.315         0.310         0.311         0.310
 FTND           0.800         0.779         0.777         0.777         0.777
 SEX            0.800         0.970         0.954         0.954         0.954
 AGE            0.800         0.970         0.954         0.954         0.954
 C1             0.800         0.970         0.954         0.954         0.954
 C2             0.800         0.970         0.954         0.954         0.954
 C3             0.800         0.970         0.954         0.954         0.954
 C4             0.800         0.970         0.954         0.954         0.954
 C5             0.800         0.970         0.954         0.954         0.954
 C6             0.800         0.970         0.954         0.954         0.954
 C7             0.800         0.970         0.954         0.954         0.954
 C8             0.800         0.970         0.954         0.954         0.954
 C9             0.800         0.970         0.954         0.954         0.954
 C10            0.800         0.970         0.954         0.954         0.954
 PRSSMCPD       0.800         0.970         0.954         0.954         0.954


           Covariance Coverage
              CPD           FTND          SEX           AGE           C1
              ________      ________      ________      ________      ________
 CPD            0.321
 FTND           0.321         0.800
 SEX            0.321         0.800         1.000
 AGE            0.321         0.800         1.000         1.000
 C1             0.321         0.800         1.000         1.000         1.000
 C2             0.321         0.800         1.000         1.000         1.000
 C3             0.321         0.800         1.000         1.000         1.000
 C4             0.321         0.800         1.000         1.000         1.000
 C5             0.321         0.800         1.000         1.000         1.000
 C6             0.321         0.800         1.000         1.000         1.000
 C7             0.321         0.800         1.000         1.000         1.000
 C8             0.321         0.800         1.000         1.000         1.000
 C9             0.321         0.800         1.000         1.000         1.000
 C10            0.321         0.800         1.000         1.000         1.000
 PRSSMCPD       0.321         0.800         1.000         1.000         1.000


           Covariance Coverage
              C2            C3            C4            C5            C6
              ________      ________      ________      ________      ________
 C2             1.000
 C3             1.000         1.000
 C4             1.000         1.000         1.000
 C5             1.000         1.000         1.000         1.000
 C6             1.000         1.000         1.000         1.000         1.000
 C7             1.000         1.000         1.000         1.000         1.000
 C8             1.000         1.000         1.000         1.000         1.000
 C9             1.000         1.000         1.000         1.000         1.000
 C10            1.000         1.000         1.000         1.000         1.000
 PRSSMCPD       1.000         1.000         1.000         1.000         1.000


           Covariance Coverage
              C7            C8            C9            C10           PRSSMCPD
              ________      ________      ________      ________      ________
 C7             1.000
 C8             1.000         1.000
 C9             1.000         1.000         1.000
 C10            1.000         1.000         1.000         1.000
 PRSSMCPD       1.000         1.000         1.000         1.000         1.000


     PROPORTION OF DATA PRESENT FOR U


           Covariance Coverage
              DAILYSMK
              ________
 DAILYSMK       0.800


     PROPORTION OF DATA PRESENT FOR Y


           Covariance Coverage
              PARKNOW       PARDISC       PARCONT       PARSOL        CPD
              ________      ________      ________      ________      ________
 PARKNOW        0.970
 PARDISC        0.925         0.954
 PARCONT        0.925         0.953         0.954
 PARSOL         0.925         0.954         0.953         0.954
 CPD            0.315         0.310         0.311         0.310         0.321
 FTND           0.779         0.777         0.777         0.777         0.321
 SEX            0.970         0.954         0.954         0.954         0.321
 AGE            0.970         0.954         0.954         0.954         0.321
 C1             0.970         0.954         0.954         0.954         0.321
 C2             0.970         0.954         0.954         0.954         0.321
 C3             0.970         0.954         0.954         0.954         0.321
 C4             0.970         0.954         0.954         0.954         0.321
 C5             0.970         0.954         0.954         0.954         0.321
 C6             0.970         0.954         0.954         0.954         0.321
 C7             0.970         0.954         0.954         0.954         0.321
 C8             0.970         0.954         0.954         0.954         0.321
 C9             0.970         0.954         0.954         0.954         0.321
 C10            0.970         0.954         0.954         0.954         0.321
 PRSSMCPD       0.970         0.954         0.954         0.954         0.321


           Covariance Coverage
              FTND          SEX           AGE           C1            C2
              ________      ________      ________      ________      ________
 FTND           0.800
 SEX            0.800         1.000
 AGE            0.800         1.000         1.000
 C1             0.800         1.000         1.000         1.000
 C2             0.800         1.000         1.000         1.000         1.000
 C3             0.800         1.000         1.000         1.000         1.000
 C4             0.800         1.000         1.000         1.000         1.000
 C5             0.800         1.000         1.000         1.000         1.000
 C6             0.800         1.000         1.000         1.000         1.000
 C7             0.800         1.000         1.000         1.000         1.000
 C8             0.800         1.000         1.000         1.000         1.000
 C9             0.800         1.000         1.000         1.000         1.000
 C10            0.800         1.000         1.000         1.000         1.000
 PRSSMCPD       0.800         1.000         1.000         1.000         1.000


           Covariance Coverage
              C3            C4            C5            C6            C7
              ________      ________      ________      ________      ________
 C3             1.000
 C4             1.000         1.000
 C5             1.000         1.000         1.000
 C6             1.000         1.000         1.000         1.000
 C7             1.000         1.000         1.000         1.000         1.000
 C8             1.000         1.000         1.000         1.000         1.000
 C9             1.000         1.000         1.000         1.000         1.000
 C10            1.000         1.000         1.000         1.000         1.000
 PRSSMCPD       1.000         1.000         1.000         1.000         1.000


           Covariance Coverage
              C8            C9            C10           PRSSMCPD
              ________      ________      ________      ________
 C8             1.000
 C9             1.000         1.000
 C10            1.000         1.000         1.000
 PRSSMCPD       1.000         1.000         1.000         1.000


UNIVARIATE PROPORTIONS AND COUNTS FOR CATEGORICAL VARIABLES

    DAILYSMK
      Category 1    0.758          997.000
      Category 2    0.242          318.000


SAMPLE STATISTICS


     ESTIMATED SAMPLE STATISTICS


           Means
              PARKNOW       PARDISC       PARCONT       PARSOL        CPD
              ________      ________      ________      ________      ________
               -0.055        -0.007         0.020        -0.004        -0.410


           Means
              FTND          SEX           AGE           C1            C2
              ________      ________      ________      ________      ________
                0.005         0.520        -0.002        -0.008         0.022


           Means
              C3            C4            C5            C6            C7
              ________      ________      ________      ________      ________
                0.013        -0.057        -0.019         0.005        -0.025


           Means
              C8            C9            C10           PRSSMCPD
              ________      ________      ________      ________
               -0.003         0.017         0.029         0.013


           Covariances
              PARKNOW       PARDISC       PARCONT       PARSOL        CPD
              ________      ________      ________      ________      ________
 PARKNOW        0.957
 PARDISC        0.321         0.986
 PARCONT        0.233         0.308         1.006
 PARSOL         0.215         0.448         0.502         0.976
 CPD            0.180         0.167         0.107         0.109         0.828
 FTND           0.222         0.235         0.156         0.135         0.619
 SEX           -0.009         0.088         0.132         0.118         0.007
 AGE            0.078         0.057         0.125         0.023         0.053
 C1             0.009         0.024        -0.016        -0.010         0.019
 C2             0.008         0.018         0.015         0.017         0.033
 C3             0.038        -0.007        -0.041        -0.053        -0.004
 C4             0.039         0.026         0.017         0.017        -0.027
 C5            -0.006        -0.048        -0.011        -0.017        -0.047
 C6             0.025         0.013         0.015         0.019        -0.029
 C7             0.027        -0.007         0.009        -0.011        -0.013
 C8            -0.007         0.023         0.015         0.012        -0.011
 C9            -0.009        -0.018         0.017        -0.009        -0.035
 C10            0.012         0.000         0.003         0.007         0.021
 PRSSMCPD       0.145         0.112         0.065         0.091         0.242


           Covariances
              FTND          SEX           AGE           C1            C2
              ________      ________      ________      ________      ________
 FTND           0.981
 SEX            0.010         0.250
 AGE            0.107         0.037         0.997
 C1             0.015        -0.016         0.048         0.905
 C2             0.019        -0.002         0.023         0.230         0.476
 C3             0.039        -0.021         0.033         0.071        -0.171
 C4            -0.003         0.002        -0.013         0.039        -0.001
 C5            -0.038        -0.007         0.009        -0.009        -0.007
 C6             0.023         0.005         0.012         0.004         0.056
 C7             0.013         0.005        -0.015        -0.013        -0.023
 C8            -0.020         0.001         0.022         0.007         0.036
 C9            -0.011         0.011        -0.031        -0.012        -0.014
 C10            0.004         0.000        -0.020         0.026        -0.014
 PRSSMCPD       0.164         0.003        -0.013         0.013        -0.006


           Covariances
              C3            C4            C5            C6            C7
              ________      ________      ________      ________      ________
 C3             0.918
 C4            -0.014         0.502
 C5            -0.028        -0.031         0.490
 C6            -0.034        -0.010        -0.082         0.552
 C7            -0.058         0.038         0.023         0.015         0.573
 C8            -0.048        -0.044         0.030        -0.012        -0.026
 C9            -0.038         0.013        -0.024         0.004         0.035
 C10           -0.011         0.025         0.010        -0.025         0.005
 PRSSMCPD       0.035         0.023        -0.031        -0.046        -0.029


           Covariances
              C8            C9            C10           PRSSMCPD
              ________      ________      ________      ________
 C8             0.551
 C9            -0.014         0.567
 C10            0.031         0.029         0.550
 PRSSMCPD      -0.027         0.008         0.024         1.013


           Correlations
              PARKNOW       PARDISC       PARCONT       PARSOL        CPD
              ________      ________      ________      ________      ________
 PARKNOW        1.000
 PARDISC        0.331         1.000
 PARCONT        0.238         0.310         1.000
 PARSOL         0.223         0.457         0.507         1.000
 CPD            0.202         0.185         0.117         0.121         1.000
 FTND           0.229         0.239         0.157         0.138         0.687
 SEX           -0.018         0.178         0.263         0.239         0.016
 AGE            0.080         0.057         0.125         0.023         0.058
 C1             0.009         0.025        -0.017        -0.010         0.022
 C2             0.011         0.027         0.022         0.026         0.053
 C3             0.041        -0.008        -0.043        -0.056        -0.004
 C4             0.056         0.037         0.024         0.025        -0.042
 C5            -0.009        -0.070        -0.016        -0.024        -0.073
 C6             0.035         0.018         0.020         0.026        -0.043
 C7             0.037        -0.010         0.012        -0.015        -0.019
 C8            -0.009         0.032         0.020         0.016        -0.016
 C9            -0.013        -0.025         0.023        -0.012        -0.051
 C10            0.016         0.000         0.003         0.010         0.031
 PRSSMCPD       0.147         0.112         0.065         0.091         0.264


           Correlations
              FTND          SEX           AGE           C1            C2
              ________      ________      ________      ________      ________
 FTND           1.000
 SEX            0.020         1.000
 AGE            0.108         0.074         1.000
 C1             0.016        -0.034         0.051         1.000
 C2             0.028        -0.006         0.034         0.350         1.000
 C3             0.042        -0.044         0.034         0.078        -0.259
 C4            -0.004         0.005        -0.019         0.059        -0.001
 C5            -0.055        -0.021         0.014        -0.014        -0.014
 C6             0.032         0.014         0.016         0.006         0.109
 C7             0.017         0.014        -0.020        -0.018        -0.044
 C8            -0.027         0.001         0.030         0.010         0.071
 C9            -0.015         0.030        -0.041        -0.017        -0.028
 C10            0.005         0.000        -0.027         0.037        -0.028
 PRSSMCPD       0.164         0.006        -0.012         0.013        -0.008


           Correlations
              C3            C4            C5            C6            C7
              ________      ________      ________      ________      ________
 C3             1.000
 C4            -0.021         1.000
 C5            -0.041        -0.063         1.000
 C6            -0.048        -0.019        -0.158         1.000
 C7            -0.080         0.071         0.044         0.027         1.000
 C8            -0.068        -0.084         0.058        -0.022        -0.046
 C9            -0.053         0.024        -0.046         0.007         0.061
 C10           -0.016         0.049         0.020        -0.045         0.009
 PRSSMCPD       0.036         0.032        -0.044        -0.061        -0.038


           Correlations
              C8            C9            C10           PRSSMCPD
              ________      ________      ________      ________
 C8             1.000
 C9            -0.024         1.000
 C10            0.056         0.052         1.000
 PRSSMCPD      -0.037         0.011         0.032         1.000


     MAXIMUM LOG-LIKELIHOOD VALUE FOR THE UNRESTRICTED (H1) MODEL IS -35041.377


UNIVARIATE SAMPLE STATISTICS


     UNIVARIATE HIGHER-ORDER MOMENT DESCRIPTIVE STATISTICS

         Variable/         Mean/     Skewness/   Minimum/ % with                Percentiles
        Sample Size      Variance    Kurtosis    Maximum  Min/Max      20%/60%    40%/80%    Median

     PARKNOW              -0.056       1.540      -0.867   33.19%      -0.867     -0.674     -0.480
            1594.000       0.958       2.266       4.742    0.06%      -0.093      0.680
     PARDISC              -0.014       0.238      -2.035    1.79%      -0.956     -0.282     -0.012
            1568.000       0.984      -0.106       3.359    0.19%       0.257      0.797
     PARCONT               0.013       0.134      -1.901    2.55%      -0.843     -0.313      0.005
            1568.000       1.005      -0.581       2.334    1.28%       0.216      0.852
     PARSOL               -0.008      -0.003      -3.076    0.19%      -0.832     -0.271      0.010
            1568.000       0.974      -0.149       2.535    0.38%       0.291      0.852
     CPD                  -0.068       0.076      -1.337   28.60%      -1.337     -0.568      0.201
             528.000       1.017      -1.308       1.740    6.44%       0.201      0.971
     FTND                 -0.023       2.416      -0.469   77.34%      -0.469     -0.469     -0.469
            1315.000       0.971       5.428       5.452    0.08%      -0.469      0.123
     SEX                   0.520      -0.082       0.000   47.96%       0.000      0.000      1.000
            1643.000       0.250      -1.993       1.000   52.04%       1.000      1.000
     AGE                  -0.002       0.389      -2.386    1.03%      -0.963     -0.963      0.461
            1643.000       0.997      -0.571       3.308    0.12%       0.461      0.461
     C1                   -0.008       4.668      -1.078    0.06%      -0.465     -0.274     -0.191
            1643.000       0.905      26.830       7.970    0.06%      -0.109      0.166
     C2                    0.022       2.859      -2.219    0.06%      -0.474     -0.148     -0.025
            1643.000       0.476      22.966       6.647    0.06%       0.130      0.472
     C3                    0.013       1.629      -5.903    0.06%      -0.553     -0.207     -0.055
            1643.000       0.918      14.224       7.023    0.06%       0.106      0.443
     C4                   -0.057       0.941      -2.124    0.06%      -0.639     -0.227     -0.058
            1643.000       0.502      10.434       8.131    0.06%       0.115      0.503
     C5                   -0.019       0.059      -2.454    0.06%      -0.591     -0.213     -0.030
            1643.000       0.490       0.120       2.382    0.06%       0.150      0.562
     C6                    0.005      -0.118      -4.142    0.06%      -0.601     -0.183      0.001
            1643.000       0.552       0.839       2.916    0.06%       0.189      0.603
     C7                   -0.025      -0.193      -3.734    0.06%      -0.657     -0.212      0.011
            1643.000       0.573       0.440       2.063    0.06%       0.179      0.611
     C8                   -0.003      -0.185      -4.189    0.06%      -0.653     -0.171      0.009
            1643.000       0.551       0.518       2.570    0.06%       0.199      0.604
     C9                    0.017      -0.090      -2.592    0.06%      -0.618     -0.163      0.040
            1643.000       0.567       0.140       2.719    0.06%       0.202      0.651
     C10                   0.029       0.029      -3.362    0.06%      -0.601     -0.139      0.032
            1643.000       0.550       0.542       3.648    0.06%       0.213      0.645
     PRSSMCPD              0.013      -0.007      -2.975    0.06%      -0.858     -0.232      0.039
            1643.000       1.013      -0.071       3.144    0.06%       0.276      0.876


THE MODEL ESTIMATION TERMINATED NORMALLY



MODEL FIT INFORMATION

Number of Free Parameters                       38

Loglikelihood

          H0 Value                      -10846.312
          H0 Scaling Correction Factor      1.2665
            for MLR

Information Criteria

          Akaike (AIC)                   21768.624
          Bayesian (BIC)                 21973.987
          Sample-Size Adjusted BIC       21853.267
            (n* = (n + 2) / 24)



MODEL RESULTS

                                                    Two-Tailed
                    Estimate       S.E.  Est./S.E.    P-Value

 F1INV    BY
    PARKNOW            1.000      0.000    999.000    999.000
    PARDISC            1.810      0.190      9.510      0.000
    PARCONT            2.085      0.226      9.216      0.000
    PARSOL             2.455      0.299      8.207      0.000

 FSMK     BY
    CPD                1.000      0.000    999.000    999.000
    DAILYSMK          12.496     11.093      1.126      0.260
    FTND               1.097      0.111      9.884      0.000

 FSMK       ON
    F1INV              0.648      0.118      5.485      0.000

 FSMK       ON
    PRSSMCPD           0.143      0.028      5.162      0.000
    SEX               -0.121      0.073     -1.647      0.100
    AGE                0.078      0.023      3.347      0.001
    C1                -0.017      0.028     -0.613      0.540
    C2                 0.029      0.039      0.736      0.462
    C3                 0.035      0.028      1.235      0.217
    C4                -0.041      0.035     -1.179      0.239
    C5                -0.047      0.032     -1.476      0.140
    C6                 0.013      0.033      0.384      0.701
    C7                 0.027      0.030      0.893      0.372
    C8                -0.033      0.031     -1.059      0.290
    C9                -0.016      0.031     -0.538      0.591
    C10                0.006      0.031      0.210      0.834

 F1INV      ON
    PRSSMCPD           0.042      0.011      3.918      0.000
    SEX                0.197      0.024      8.108      0.000
    AGE                0.022      0.010      2.101      0.036

 PARKNOW  WITH
    PARDISC            0.149      0.026      5.669      0.000

 Intercepts
    PARKNOW           -0.157      0.025     -6.211      0.000
    PARDISC           -0.194      0.033     -5.922      0.000
    PARCONT           -0.197      0.034     -5.771      0.000
    PARSOL            -0.255      0.036     -7.081      0.000
    CPD               -0.522      0.093     -5.618      0.000
    FTND              -0.008      0.071     -0.117      0.907

 Thresholds
    DAILYSMK$1         3.812      1.379      2.765      0.006

 Residual Variances
    PARKNOW            0.862      0.046     18.535      0.000
    PARDISC            0.670      0.033     20.474      0.000
    PARCONT            0.586      0.031     18.889      0.000
    PARSOL             0.395      0.034     11.477      0.000
    CPD                0.242      0.049      4.971      0.000
    FTND               0.247      0.043      5.774      0.000
    F1INV              0.084      0.018      4.602      0.000
    FSMK               0.528      0.067      7.824      0.000


STANDARDIZED MODEL RESULTS


STDYX Standardization

                                                    Two-Tailed
                    Estimate       S.E.  Est./S.E.    P-Value

 F1INV    BY
    PARKNOW            0.317      0.032      9.865      0.000
    PARDISC            0.566      0.024     23.635      0.000
    PARCONT            0.646      0.023     27.651      0.000
    PARSOL             0.771      0.024     32.678      0.000

 FSMK     BY
    CPD                0.845      0.039     21.852      0.000
    DAILYSMK           0.983      0.028     35.663      0.000
    FTND               0.864      0.027     31.780      0.000

 FSMK       ON
    F1INV              0.258      0.044      5.909      0.000

 FSMK       ON
    PRSSMCPD           0.185      0.031      6.007      0.000
    SEX               -0.078      0.050     -1.545      0.122
    AGE                0.100      0.031      3.255      0.001
    C1                -0.021      0.034     -0.613      0.540
    C2                 0.026      0.035      0.744      0.457
    C3                 0.043      0.035      1.231      0.218
    C4                -0.038      0.031     -1.201      0.230
    C5                -0.043      0.029     -1.481      0.139
    C6                 0.012      0.032      0.385      0.700
    C7                 0.026      0.029      0.891      0.373
    C8                -0.031      0.029     -1.062      0.288
    C9                -0.016      0.029     -0.542      0.588
    C10                0.006      0.029      0.210      0.834

 F1INV      ON
    PRSSMCPD           0.137      0.028      4.864      0.000
    SEX                0.317      0.030     10.753      0.000
    AGE                0.070      0.030      2.292      0.022

 PARKNOW  WITH
    PARDISC            0.195      0.031      6.368      0.000

 Intercepts
    PARKNOW           -0.161      0.028     -5.655      0.000
    PARDISC           -0.196      0.033     -5.872      0.000
    PARCONT           -0.196      0.034     -5.805      0.000
    PARSOL            -0.258      0.036     -7.234      0.000
    CPD               -0.567      0.094     -6.002      0.000
    FTND              -0.008      0.072     -0.117      0.907

 Thresholds
    DAILYSMK$1         0.386      0.191      2.015      0.044

 Residual Variances
    PARKNOW            0.899      0.020     44.138      0.000
    PARDISC            0.680      0.027     25.120      0.000
    PARCONT            0.583      0.030     19.353      0.000
    PARSOL             0.405      0.036     11.124      0.000
    CPD                0.286      0.065      4.375      0.000
    FTND               0.254      0.047      5.399      0.000
    F1INV              0.872      0.020     43.742      0.000
    FSMK               0.872      0.026     33.176      0.000


R-SQUARE

    Observed                                        Two-Tailed
    Variable        Estimate       S.E.  Est./S.E.    P-Value

    DAILYSMK           0.966      0.054     17.831      0.000
    PARKNOW            0.101      0.020      4.933      0.000
    PARDISC            0.320      0.027     11.817      0.000
    PARCONT            0.417      0.030     13.825      0.000
    PARSOL             0.595      0.036     16.339      0.000
    CPD                0.714      0.065     10.926      0.000
    FTND               0.746      0.047     15.890      0.000

     Latent                                         Two-Tailed
    Variable        Estimate       S.E.  Est./S.E.    P-Value

    F1INV              0.128      0.020      6.417      0.000
    FSMK               0.128      0.026      4.857      0.000


QUALITY OF NUMERICAL RESULTS

     Condition Number for the Information Matrix              0.114E-04
       (ratio of smallest to largest eigenvalue)


CONFIDENCE INTERVALS OF MODEL RESULTS

                  Lower .5%  Lower 2.5%    Lower 5%    Estimate    Upper 5%  Upper 2.5%   Upper .5%

 F1INV    BY
    PARKNOW          1.000       1.000       1.000       1.000       1.000       1.000       1.000
    PARDISC          1.320       1.437       1.497       1.810       2.123       2.183       2.300
    PARCONT          1.502       1.641       1.713       2.085       2.457       2.528       2.667
    PARSOL           1.685       1.869       1.963       2.455       2.947       3.041       3.226

 FSMK     BY
    CPD              1.000       1.000       1.000       1.000       1.000       1.000       1.000
    DAILYSMK       -16.077      -9.246      -5.752      12.496      30.744      34.239      41.070
    FTND             0.811       0.879       0.914       1.097       1.279       1.314       1.383

 FSMK     ON
    F1INV            0.344       0.416       0.453       0.648       0.842       0.879       0.952

 FSMK     ON
    PRSSMCPD         0.071       0.088       0.097       0.143       0.188       0.197       0.214
    SEX             -0.310      -0.265      -0.241      -0.121       0.000       0.023       0.068
    AGE              0.018       0.032       0.040       0.078       0.116       0.123       0.138
    C1              -0.088      -0.071      -0.062      -0.017       0.028       0.037       0.054
    C2              -0.072      -0.048      -0.036       0.029       0.094       0.106       0.130
    C3              -0.038      -0.020      -0.012       0.035       0.081       0.090       0.107
    C4              -0.132      -0.110      -0.099      -0.041       0.016       0.027       0.049
    C5              -0.130      -0.110      -0.100      -0.047       0.005       0.016       0.035
    C6              -0.073      -0.052      -0.042       0.013       0.067       0.078       0.098
    C7              -0.050      -0.032      -0.022       0.027       0.075       0.085       0.103
    C8              -0.112      -0.093      -0.083      -0.033       0.018       0.028       0.047
    C9              -0.095      -0.076      -0.067      -0.016       0.034       0.044       0.062
    C10             -0.073      -0.054      -0.044       0.006       0.057       0.067       0.086

 F1INV    ON
    PRSSMCPD         0.014       0.021       0.024       0.042       0.060       0.063       0.070
    SEX              0.135       0.150       0.157       0.197       0.237       0.245       0.260
    AGE             -0.005       0.001       0.005       0.022       0.039       0.042       0.048

 PARKNOW  WITH
    PARDISC          0.081       0.097       0.105       0.149       0.192       0.200       0.216

 Intercepts
    PARKNOW         -0.222      -0.207      -0.199      -0.157      -0.116      -0.108      -0.092
    PARDISC         -0.279      -0.259      -0.249      -0.194      -0.140      -0.130      -0.110
    PARCONT         -0.284      -0.263      -0.253      -0.197      -0.141      -0.130      -0.109
    PARSOL          -0.348      -0.326      -0.315      -0.255      -0.196      -0.185      -0.162
    CPD             -0.761      -0.704      -0.674      -0.522      -0.369      -0.340      -0.282
    FTND            -0.191      -0.147      -0.125      -0.008       0.108       0.131       0.174

 Thresholds
    DAILYSMK$1       0.261       1.110       1.544       3.812       6.080       6.514       7.363

 Residual Variances
    PARKNOW          0.742       0.771       0.785       0.862       0.938       0.953       0.982
    PARDISC          0.586       0.606       0.617       0.670       0.724       0.735       0.755
    PARCONT          0.506       0.525       0.535       0.586       0.637       0.647       0.666
    PARSOL           0.307       0.328       0.339       0.395       0.452       0.463       0.484
    CPD              0.117       0.147       0.162       0.242       0.322       0.338       0.368
    FTND             0.137       0.163       0.177       0.247       0.318       0.331       0.358
    F1INV            0.037       0.048       0.054       0.084       0.114       0.120       0.131
    FSMK             0.354       0.395       0.417       0.528       0.639       0.660       0.701


CONFIDENCE INTERVALS OF STANDARDIZED MODEL RESULTS


STDYX Standardization

                  Lower .5%  Lower 2.5%    Lower 5%    Estimate    Upper 5%  Upper 2.5%   Upper .5%

 F1INV    BY
    PARKNOW          0.234       0.254       0.264       0.317       0.370       0.380       0.400
    PARDISC          0.504       0.519       0.526       0.566       0.605       0.613       0.627
    PARCONT          0.585       0.600       0.607       0.646       0.684       0.691       0.706
    PARSOL           0.711       0.725       0.732       0.771       0.810       0.818       0.832

 FSMK     BY
    CPD              0.745       0.769       0.781       0.845       0.909       0.921       0.945
    DAILYSMK         0.912       0.929       0.938       0.983       1.028       1.037       1.054
    FTND             0.794       0.811       0.819       0.864       0.909       0.917       0.934

 FSMK     ON
    F1INV            0.146       0.173       0.187       0.258       0.330       0.344       0.371

 FSMK     ON
    PRSSMCPD         0.105       0.124       0.134       0.185       0.235       0.245       0.264
    SEX             -0.207      -0.176      -0.160      -0.078       0.005       0.021       0.052
    AGE              0.021       0.040       0.049       0.100       0.150       0.160       0.179
    C1              -0.108      -0.087      -0.076      -0.021       0.035       0.045       0.066
    C2              -0.063      -0.042      -0.031       0.026       0.083       0.093       0.115
    C3              -0.047      -0.025      -0.014       0.043       0.100       0.111       0.133
    C4              -0.118      -0.099      -0.089      -0.038       0.014       0.024       0.043
    C5              -0.116      -0.099      -0.090      -0.043       0.005       0.014       0.031
    C6              -0.069      -0.050      -0.040       0.012       0.064       0.074       0.093
    C7              -0.049      -0.031      -0.022       0.026       0.074       0.083       0.100
    C8              -0.106      -0.088      -0.079      -0.031       0.017       0.026       0.044
    C9              -0.092      -0.074      -0.064      -0.016       0.032       0.042       0.060
    C10             -0.069      -0.051      -0.042       0.006       0.054       0.064       0.082

 F1INV    ON
    PRSSMCPD         0.064       0.082       0.091       0.137       0.183       0.192       0.209
    SEX              0.241       0.260       0.269       0.317       0.366       0.375       0.393
    AGE             -0.009       0.010       0.020       0.070       0.120       0.129       0.148

 PARKNOW  WITH
    PARDISC          0.116       0.135       0.145       0.195       0.246       0.256       0.274

 Intercepts
    PARKNOW         -0.234      -0.216      -0.207      -0.161      -0.114      -0.105      -0.087
    PARDISC         -0.282      -0.261      -0.251      -0.196      -0.141      -0.130      -0.110
    PARCONT         -0.283      -0.262      -0.252      -0.196      -0.141      -0.130      -0.109
    PARSOL          -0.350      -0.328      -0.317      -0.258      -0.200      -0.188      -0.166
    CPD             -0.810      -0.752      -0.722      -0.567      -0.411      -0.382      -0.324
    FTND            -0.194      -0.149      -0.127      -0.008       0.110       0.133       0.177

 Thresholds
    DAILYSMK$1      -0.107       0.011       0.071       0.386       0.700       0.761       0.878

 Residual Variances
    PARKNOW          0.847       0.860       0.866       0.899       0.933       0.939       0.952
    PARDISC          0.610       0.627       0.636       0.680       0.725       0.733       0.750
    PARCONT          0.506       0.524       0.534       0.583       0.633       0.642       0.661
    PARSOL           0.311       0.334       0.345       0.405       0.465       0.476       0.499
    CPD              0.118       0.158       0.178       0.286       0.393       0.414       0.454
    FTND             0.133       0.162       0.176       0.254       0.331       0.346       0.375
    F1INV            0.821       0.833       0.839       0.872       0.905       0.911       0.923
    FSMK             0.805       0.821       0.829       0.872       0.916       0.924       0.940


     Beginning Time:  11:32:43
        Ending Time:  11:32:51
       Elapsed Time:  00:00:08



MUTHEN & MUTHEN
3463 Stoner Ave.
Los Angeles, CA  90066

Tel: (310) 391-9971
Fax: (310) 391-8971
Web: www.StatModel.com
Support: Support@StatModel.com

Copyright (c) 1998-2019 Muthen & Muthen
