Mplus VERSION 8.3
MUTHEN & MUTHEN
03/05/2020  12:51 PM

INPUT INSTRUCTIONS

    DATA:
          FILE IS \\CNAS.RU.NL\U642157\Documents\6 TRAILS\datasets\full.csv ;

    VARIABLE:
         NAMES ARE sex age C1 C2 C3 C4 C5 C6 C7 C8 C9 C10
         parknow pardisc parcont parsol rel_rej rel_warm
         parsmk parcpd paralc paraddep parcan
         prssmcpd prsalc prscan
         eversmk dailysmk cpd ftnd alc alcmonth audit can cupit1 cupit2 ;
         MISSING * ;
         USEVARIABLES sex age C1 C2 C3 C4 C5 C6 C7 C8 C9 C10
         parknow pardisc parcont parsol
         prssmcpd
         cpd dailysmk ftnd ;
         CATEGORICAL ARE dailysmk ;

      ANALYSIS: estimator=MLR  ;
          TYPE = RANDOM;
          ALGORITHM = INTEGRATION;

      MODEL:
         !Latent factors
         F1inv BY parknow pardisc parcont parsol ;
         fsmk BY cpd dailysmk ftnd ;

         !Latent factor interactions
         intinv | F1inv XWITH prssmcpd ;

         !Main effects
         fsmk ON F1inv prssmcpd ;
         fsmk ON sex age C1 C2 C3 C4 C5 C6 C7 C8 C9 C10 ;

         !GxE
         fsmk ON intinv ;

         F1inv ON sex age ;
         parknow WITH pardisc ;

       OUTPUT:
         SAMPSTAT CINTERVAL STDYX ;




*** WARNING
  Data set contains cases with missing on x-variables.
  These cases were not included in the analysis.
  Number of cases with missing on x-variables:  44
*** WARNING
  Data set contains cases with missing on all variables except
  x-variables.  These cases were not included in the analysis.
  Number of cases with missing on all variables except x-variables:  6
   2 WARNING(S) FOUND IN THE INPUT INSTRUCTIONS




SUMMARY OF ANALYSIS

Number of groups                                                 1
Number of observations                                        1643

Number of dependent variables                                    7
Number of independent variables                                 13
Number of continuous latent variables                            3

Observed dependent variables

  Continuous
   PARKNOW     PARDISC     PARCONT     PARSOL      CPD         FTND

  Binary and ordered categorical (ordinal)
   DAILYSMK

Observed independent variables
   SEX         AGE         C1          C2          C3          C4
   C5          C6          C7          C8          C9          C10
   PRSSMCPD

Continuous latent variables
   F1INV       FSMK        INTINV


Estimator                                                      MLR
Information matrix                                        OBSERVED
Optimization Specifications for the Quasi-Newton Algorithm for
Continuous Outcomes
  Maximum number of iterations                                 100
  Convergence criterion                                  0.100D-05
Optimization Specifications for the EM Algorithm
  Maximum number of iterations                                 500
  Convergence criteria
    Loglikelihood change                                 0.100D-02
    Relative loglikelihood change                        0.100D-05
    Derivative                                           0.100D-02
Optimization Specifications for the M step of the EM Algorithm for
Categorical Latent variables
  Number of M step iterations                                    1
  M step convergence criterion                           0.100D-02
  Basis for M step termination                           ITERATION
Optimization Specifications for the M step of the EM Algorithm for
Censored, Binary or Ordered Categorical (Ordinal), Unordered
Categorical (Nominal) and Count Outcomes
  Number of M step iterations                                    1
  M step convergence criterion                           0.100D-02
  Basis for M step termination                           ITERATION
  Maximum value for logit thresholds                            15
  Minimum value for logit thresholds                           -15
  Minimum expected cell size for chi-square              0.100D-01
Maximum number of iterations for H1                           2000
Convergence criterion for H1                             0.100D-03
Optimization algorithm                                         EMA
Integration Specifications
  Type                                                    STANDARD
  Number of integration points                                  15
  Dimensions of numerical integration                            2
  Adaptive quadrature                                           ON
Link                                                         LOGIT
Cholesky                                                       OFF

Input data file(s)
  \\CNAS.RU.NL\U642157\Documents\6 TRAILS\datasets\full.csv
Input data format  FREE


SUMMARY OF DATA

     Number of missing data patterns            13
     Number of y missing data patterns          13
     Number of u missing data patterns           2


COVARIANCE COVERAGE OF DATA

Minimum covariance coverage value   0.100


     PROPORTION OF DATA PRESENT


           Covariance Coverage
              DAILYSMK      PARKNOW       PARDISC       PARCONT       PARSOL
              ________      ________      ________      ________      ________
 DAILYSMK       0.800
 PARKNOW        0.779         0.970
 PARDISC        0.777         0.925         0.954
 PARCONT        0.777         0.925         0.953         0.954
 PARSOL         0.777         0.925         0.954         0.953         0.954
 CPD            0.321         0.315         0.310         0.311         0.310
 FTND           0.800         0.779         0.777         0.777         0.777
 SEX            0.800         0.970         0.954         0.954         0.954
 AGE            0.800         0.970         0.954         0.954         0.954
 C1             0.800         0.970         0.954         0.954         0.954
 C2             0.800         0.970         0.954         0.954         0.954
 C3             0.800         0.970         0.954         0.954         0.954
 C4             0.800         0.970         0.954         0.954         0.954
 C5             0.800         0.970         0.954         0.954         0.954
 C6             0.800         0.970         0.954         0.954         0.954
 C7             0.800         0.970         0.954         0.954         0.954
 C8             0.800         0.970         0.954         0.954         0.954
 C9             0.800         0.970         0.954         0.954         0.954
 C10            0.800         0.970         0.954         0.954         0.954
 PRSSMCPD       0.800         0.970         0.954         0.954         0.954


           Covariance Coverage
              CPD           FTND          SEX           AGE           C1
              ________      ________      ________      ________      ________
 CPD            0.321
 FTND           0.321         0.800
 SEX            0.321         0.800         1.000
 AGE            0.321         0.800         1.000         1.000
 C1             0.321         0.800         1.000         1.000         1.000
 C2             0.321         0.800         1.000         1.000         1.000
 C3             0.321         0.800         1.000         1.000         1.000
 C4             0.321         0.800         1.000         1.000         1.000
 C5             0.321         0.800         1.000         1.000         1.000
 C6             0.321         0.800         1.000         1.000         1.000
 C7             0.321         0.800         1.000         1.000         1.000
 C8             0.321         0.800         1.000         1.000         1.000
 C9             0.321         0.800         1.000         1.000         1.000
 C10            0.321         0.800         1.000         1.000         1.000
 PRSSMCPD       0.321         0.800         1.000         1.000         1.000


           Covariance Coverage
              C2            C3            C4            C5            C6
              ________      ________      ________      ________      ________
 C2             1.000
 C3             1.000         1.000
 C4             1.000         1.000         1.000
 C5             1.000         1.000         1.000         1.000
 C6             1.000         1.000         1.000         1.000         1.000
 C7             1.000         1.000         1.000         1.000         1.000
 C8             1.000         1.000         1.000         1.000         1.000
 C9             1.000         1.000         1.000         1.000         1.000
 C10            1.000         1.000         1.000         1.000         1.000
 PRSSMCPD       1.000         1.000         1.000         1.000         1.000


           Covariance Coverage
              C7            C8            C9            C10           PRSSMCPD
              ________      ________      ________      ________      ________
 C7             1.000
 C8             1.000         1.000
 C9             1.000         1.000         1.000
 C10            1.000         1.000         1.000         1.000
 PRSSMCPD       1.000         1.000         1.000         1.000         1.000


     PROPORTION OF DATA PRESENT FOR U


           Covariance Coverage
              DAILYSMK
              ________
 DAILYSMK       0.800


     PROPORTION OF DATA PRESENT FOR Y


           Covariance Coverage
              PARKNOW       PARDISC       PARCONT       PARSOL        CPD
              ________      ________      ________      ________      ________
 PARKNOW        0.970
 PARDISC        0.925         0.954
 PARCONT        0.925         0.953         0.954
 PARSOL         0.925         0.954         0.953         0.954
 CPD            0.315         0.310         0.311         0.310         0.321
 FTND           0.779         0.777         0.777         0.777         0.321
 SEX            0.970         0.954         0.954         0.954         0.321
 AGE            0.970         0.954         0.954         0.954         0.321
 C1             0.970         0.954         0.954         0.954         0.321
 C2             0.970         0.954         0.954         0.954         0.321
 C3             0.970         0.954         0.954         0.954         0.321
 C4             0.970         0.954         0.954         0.954         0.321
 C5             0.970         0.954         0.954         0.954         0.321
 C6             0.970         0.954         0.954         0.954         0.321
 C7             0.970         0.954         0.954         0.954         0.321
 C8             0.970         0.954         0.954         0.954         0.321
 C9             0.970         0.954         0.954         0.954         0.321
 C10            0.970         0.954         0.954         0.954         0.321
 PRSSMCPD       0.970         0.954         0.954         0.954         0.321


           Covariance Coverage
              FTND          SEX           AGE           C1            C2
              ________      ________      ________      ________      ________
 FTND           0.800
 SEX            0.800         1.000
 AGE            0.800         1.000         1.000
 C1             0.800         1.000         1.000         1.000
 C2             0.800         1.000         1.000         1.000         1.000
 C3             0.800         1.000         1.000         1.000         1.000
 C4             0.800         1.000         1.000         1.000         1.000
 C5             0.800         1.000         1.000         1.000         1.000
 C6             0.800         1.000         1.000         1.000         1.000
 C7             0.800         1.000         1.000         1.000         1.000
 C8             0.800         1.000         1.000         1.000         1.000
 C9             0.800         1.000         1.000         1.000         1.000
 C10            0.800         1.000         1.000         1.000         1.000
 PRSSMCPD       0.800         1.000         1.000         1.000         1.000


           Covariance Coverage
              C3            C4            C5            C6            C7
              ________      ________      ________      ________      ________
 C3             1.000
 C4             1.000         1.000
 C5             1.000         1.000         1.000
 C6             1.000         1.000         1.000         1.000
 C7             1.000         1.000         1.000         1.000         1.000
 C8             1.000         1.000         1.000         1.000         1.000
 C9             1.000         1.000         1.000         1.000         1.000
 C10            1.000         1.000         1.000         1.000         1.000
 PRSSMCPD       1.000         1.000         1.000         1.000         1.000


           Covariance Coverage
              C8            C9            C10           PRSSMCPD
              ________      ________      ________      ________
 C8             1.000
 C9             1.000         1.000
 C10            1.000         1.000         1.000
 PRSSMCPD       1.000         1.000         1.000         1.000


UNIVARIATE PROPORTIONS AND COUNTS FOR CATEGORICAL VARIABLES

    DAILYSMK
      Category 1    0.758          997.000
      Category 2    0.242          318.000


SAMPLE STATISTICS


     ESTIMATED SAMPLE STATISTICS


           Means
              PARKNOW       PARDISC       PARCONT       PARSOL        CPD
              ________      ________      ________      ________      ________
               -0.055        -0.007         0.020        -0.004        -0.410


           Means
              FTND          SEX           AGE           C1            C2
              ________      ________      ________      ________      ________
                0.005         0.520        -0.002        -0.008         0.022


           Means
              C3            C4            C5            C6            C7
              ________      ________      ________      ________      ________
                0.013        -0.057        -0.019         0.005        -0.025


           Means
              C8            C9            C10           PRSSMCPD
              ________      ________      ________      ________
               -0.003         0.017         0.029         0.013


           Covariances
              PARKNOW       PARDISC       PARCONT       PARSOL        CPD
              ________      ________      ________      ________      ________
 PARKNOW        0.957
 PARDISC        0.321         0.986
 PARCONT        0.233         0.308         1.006
 PARSOL         0.215         0.448         0.502         0.976
 CPD            0.180         0.167         0.107         0.109         0.828
 FTND           0.222         0.235         0.156         0.135         0.619
 SEX           -0.009         0.088         0.132         0.118         0.007
 AGE            0.078         0.057         0.125         0.023         0.053
 C1             0.009         0.024        -0.016        -0.010         0.019
 C2             0.008         0.018         0.015         0.017         0.033
 C3             0.038        -0.007        -0.041        -0.053        -0.004
 C4             0.039         0.026         0.017         0.017        -0.027
 C5            -0.006        -0.048        -0.011        -0.017        -0.047
 C6             0.025         0.013         0.015         0.019        -0.029
 C7             0.027        -0.007         0.009        -0.011        -0.013
 C8            -0.007         0.023         0.015         0.012        -0.011
 C9            -0.009        -0.018         0.017        -0.009        -0.035
 C10            0.012         0.000         0.003         0.007         0.021
 PRSSMCPD       0.145         0.112         0.065         0.091         0.242


           Covariances
              FTND          SEX           AGE           C1            C2
              ________      ________      ________      ________      ________
 FTND           0.981
 SEX            0.010         0.250
 AGE            0.107         0.037         0.997
 C1             0.015        -0.016         0.048         0.905
 C2             0.019        -0.002         0.023         0.230         0.476
 C3             0.039        -0.021         0.033         0.071        -0.171
 C4            -0.003         0.002        -0.013         0.039        -0.001
 C5            -0.038        -0.007         0.009        -0.009        -0.007
 C6             0.023         0.005         0.012         0.004         0.056
 C7             0.013         0.005        -0.015        -0.013        -0.023
 C8            -0.020         0.001         0.022         0.007         0.036
 C9            -0.011         0.011        -0.031        -0.012        -0.014
 C10            0.004         0.000        -0.020         0.026        -0.014
 PRSSMCPD       0.164         0.003        -0.013         0.013        -0.006


           Covariances
              C3            C4            C5            C6            C7
              ________      ________      ________      ________      ________
 C3             0.918
 C4            -0.014         0.502
 C5            -0.028        -0.031         0.490
 C6            -0.034        -0.010        -0.082         0.552
 C7            -0.058         0.038         0.023         0.015         0.573
 C8            -0.048        -0.044         0.030        -0.012        -0.026
 C9            -0.038         0.013        -0.024         0.004         0.035
 C10           -0.011         0.025         0.010        -0.025         0.005
 PRSSMCPD       0.035         0.023        -0.031        -0.046        -0.029


           Covariances
              C8            C9            C10           PRSSMCPD
              ________      ________      ________      ________
 C8             0.551
 C9            -0.014         0.567
 C10            0.031         0.029         0.550
 PRSSMCPD      -0.027         0.008         0.024         1.013


           Correlations
              PARKNOW       PARDISC       PARCONT       PARSOL        CPD
              ________      ________      ________      ________      ________
 PARKNOW        1.000
 PARDISC        0.331         1.000
 PARCONT        0.238         0.310         1.000
 PARSOL         0.223         0.457         0.507         1.000
 CPD            0.202         0.185         0.117         0.121         1.000
 FTND           0.229         0.239         0.157         0.138         0.687
 SEX           -0.018         0.178         0.263         0.239         0.016
 AGE            0.080         0.057         0.125         0.023         0.058
 C1             0.009         0.025        -0.017        -0.010         0.022
 C2             0.011         0.027         0.022         0.026         0.053
 C3             0.041        -0.008        -0.043        -0.056        -0.004
 C4             0.056         0.037         0.024         0.025        -0.042
 C5            -0.009        -0.070        -0.016        -0.024        -0.073
 C6             0.035         0.018         0.020         0.026        -0.043
 C7             0.037        -0.010         0.012        -0.015        -0.019
 C8            -0.009         0.032         0.020         0.016        -0.016
 C9            -0.013        -0.025         0.023        -0.012        -0.051
 C10            0.016         0.000         0.003         0.010         0.031
 PRSSMCPD       0.147         0.112         0.065         0.091         0.264


           Correlations
              FTND          SEX           AGE           C1            C2
              ________      ________      ________      ________      ________
 FTND           1.000
 SEX            0.020         1.000
 AGE            0.108         0.074         1.000
 C1             0.016        -0.034         0.051         1.000
 C2             0.028        -0.006         0.034         0.350         1.000
 C3             0.042        -0.044         0.034         0.078        -0.259
 C4            -0.004         0.005        -0.019         0.059        -0.001
 C5            -0.055        -0.021         0.014        -0.014        -0.014
 C6             0.032         0.014         0.016         0.006         0.109
 C7             0.017         0.014        -0.020        -0.018        -0.044
 C8            -0.027         0.001         0.030         0.010         0.071
 C9            -0.015         0.030        -0.041        -0.017        -0.028
 C10            0.005         0.000        -0.027         0.037        -0.028
 PRSSMCPD       0.164         0.006        -0.012         0.013        -0.008


           Correlations
              C3            C4            C5            C6            C7
              ________      ________      ________      ________      ________
 C3             1.000
 C4            -0.021         1.000
 C5            -0.041        -0.063         1.000
 C6            -0.048        -0.019        -0.158         1.000
 C7            -0.080         0.071         0.044         0.027         1.000
 C8            -0.068        -0.084         0.058        -0.022        -0.046
 C9            -0.053         0.024        -0.046         0.007         0.061
 C10           -0.016         0.049         0.020        -0.045         0.009
 PRSSMCPD       0.036         0.032        -0.044        -0.061        -0.038


           Correlations
              C8            C9            C10           PRSSMCPD
              ________      ________      ________      ________
 C8             1.000
 C9            -0.024         1.000
 C10            0.056         0.052         1.000
 PRSSMCPD      -0.037         0.011         0.032         1.000


     MAXIMUM LOG-LIKELIHOOD VALUE FOR THE UNRESTRICTED (H1) MODEL IS -35041.377


UNIVARIATE SAMPLE STATISTICS


     UNIVARIATE HIGHER-ORDER MOMENT DESCRIPTIVE STATISTICS

         Variable/         Mean/     Skewness/   Minimum/ % with                Percentiles
        Sample Size      Variance    Kurtosis    Maximum  Min/Max      20%/60%    40%/80%    Median

     PARKNOW              -0.056       1.540      -0.867   33.19%      -0.867     -0.674     -0.480
            1594.000       0.958       2.266       4.742    0.06%      -0.093      0.680
     PARDISC              -0.014       0.238      -2.035    1.79%      -0.956     -0.282     -0.012
            1568.000       0.984      -0.106       3.359    0.19%       0.257      0.797
     PARCONT               0.013       0.134      -1.901    2.55%      -0.843     -0.313      0.005
            1568.000       1.005      -0.581       2.334    1.28%       0.216      0.852
     PARSOL               -0.008      -0.003      -3.076    0.19%      -0.832     -0.271      0.010
            1568.000       0.974      -0.149       2.535    0.38%       0.291      0.852
     CPD                  -0.068       0.076      -1.337   28.60%      -1.337     -0.568      0.201
             528.000       1.017      -1.308       1.740    6.44%       0.201      0.971
     FTND                 -0.023       2.416      -0.469   77.34%      -0.469     -0.469     -0.469
            1315.000       0.971       5.428       5.452    0.08%      -0.469      0.123
     SEX                   0.520      -0.082       0.000   47.96%       0.000      0.000      1.000
            1643.000       0.250      -1.993       1.000   52.04%       1.000      1.000
     AGE                  -0.002       0.389      -2.386    1.03%      -0.963     -0.963      0.461
            1643.000       0.997      -0.571       3.308    0.12%       0.461      0.461
     C1                   -0.008       4.668      -1.078    0.06%      -0.465     -0.274     -0.191
            1643.000       0.905      26.830       7.970    0.06%      -0.109      0.166
     C2                    0.022       2.859      -2.219    0.06%      -0.474     -0.148     -0.025
            1643.000       0.476      22.966       6.647    0.06%       0.130      0.472
     C3                    0.013       1.629      -5.903    0.06%      -0.553     -0.207     -0.055
            1643.000       0.918      14.224       7.023    0.06%       0.106      0.443
     C4                   -0.057       0.941      -2.124    0.06%      -0.639     -0.227     -0.058
            1643.000       0.502      10.434       8.131    0.06%       0.115      0.503
     C5                   -0.019       0.059      -2.454    0.06%      -0.591     -0.213     -0.030
            1643.000       0.490       0.120       2.382    0.06%       0.150      0.562
     C6                    0.005      -0.118      -4.142    0.06%      -0.601     -0.183      0.001
            1643.000       0.552       0.839       2.916    0.06%       0.189      0.603
     C7                   -0.025      -0.193      -3.734    0.06%      -0.657     -0.212      0.011
            1643.000       0.573       0.440       2.063    0.06%       0.179      0.611
     C8                   -0.003      -0.185      -4.189    0.06%      -0.653     -0.171      0.009
            1643.000       0.551       0.518       2.570    0.06%       0.199      0.604
     C9                    0.017      -0.090      -2.592    0.06%      -0.618     -0.163      0.040
            1643.000       0.567       0.140       2.719    0.06%       0.202      0.651
     C10                   0.029       0.029      -3.362    0.06%      -0.601     -0.139      0.032
            1643.000       0.550       0.542       3.648    0.06%       0.213      0.645
     PRSSMCPD              0.013      -0.007      -2.975    0.06%      -0.858     -0.232      0.039
            1643.000       1.013      -0.071       3.144    0.06%       0.276      0.876


THE MODEL ESTIMATION TERMINATED NORMALLY



MODEL FIT INFORMATION

Number of Free Parameters                       38

Loglikelihood

          H0 Value                      -10855.865
          H0 Scaling Correction Factor      1.2068
            for MLR

Information Criteria

          Akaike (AIC)                   21787.730
          Bayesian (BIC)                 21993.092
          Sample-Size Adjusted BIC       21872.373
            (n* = (n + 2) / 24)



MODEL RESULTS

                                                    Two-Tailed
                    Estimate       S.E.  Est./S.E.    P-Value

 F1INV    BY
    PARKNOW            1.000      0.000    999.000    999.000
    PARDISC            1.840      0.195      9.422      0.000
    PARCONT            2.135      0.231      9.233      0.000
    PARSOL             2.515      0.309      8.143      0.000

 FSMK     BY
    CPD                1.000      0.000    999.000    999.000
    DAILYSMK          12.303      6.181      1.990      0.047
    FTND               1.094      0.059     18.688      0.000

 FSMK       ON
    F1INV              0.657      0.115      5.695      0.000
    INTINV             0.183      0.110      1.664      0.096

 FSMK       ON
    PRSSMCPD           0.135      0.023      5.943      0.000
    SEX               -0.110      0.052     -2.100      0.036
    AGE                0.076      0.023      3.274      0.001
    C1                -0.014      0.028     -0.495      0.621
    C2                 0.029      0.039      0.759      0.448
    C3                 0.036      0.029      1.253      0.210
    C4                -0.040      0.034     -1.178      0.239
    C5                -0.046      0.032     -1.450      0.147
    C6                 0.018      0.033      0.525      0.599
    C7                 0.024      0.030      0.793      0.428
    C8                -0.032      0.031     -1.035      0.301
    C9                -0.019      0.030     -0.617      0.537
    C10                0.007      0.031      0.246      0.806

 F1INV      ON
    SEX                0.194      0.024      8.140      0.000
    AGE                0.021      0.010      2.050      0.040

 PARKNOW  WITH
    PARDISC            0.153      0.026      5.837      0.000

 Intercepts
    PARKNOW           -0.155      0.025     -6.195      0.000
    PARDISC           -0.194      0.032     -6.058      0.000
    PARCONT           -0.198      0.033     -5.985      0.000
    PARSOL            -0.257      0.035     -7.363      0.000
    CPD               -0.534      0.044    -12.088      0.000
    FTND              -0.021      0.036     -0.593      0.553

 Thresholds
    DAILYSMK$1         3.962      1.562      2.536      0.011

 Residual Variances
    PARKNOW            0.866      0.047     18.524      0.000
    PARDISC            0.674      0.033     20.516      0.000
    PARCONT            0.584      0.031     18.669      0.000
    PARSOL             0.393      0.036     10.980      0.000
    CPD                0.240      0.029      8.273      0.000
    FTND               0.249      0.026      9.427      0.000
    F1INV              0.082      0.018      4.522      0.000
    FSMK               0.526      0.039     13.540      0.000


STANDARDIZED MODEL RESULTS


STDYX Standardization

                                                    Two-Tailed
                    Estimate       S.E.  Est./S.E.    P-Value

 F1INV    BY
    PARKNOW            0.310      0.032      9.736      0.000
    PARDISC            0.563      0.024     23.393      0.000
    PARCONT            0.647      0.024     27.483      0.000
    PARSOL             0.773      0.024     31.716      0.000

 FSMK     BY
    CPD                0.845      0.021     40.790      0.000
    DAILYSMK           0.982      0.017     58.305      0.000
    FTND               0.862      0.017     51.731      0.000

 FSMK       ON
    F1INV              0.257      0.045      5.737      0.000
    INTINV             0.072      0.044      1.638      0.102

 FSMK       ON
    PRSSMCPD           0.175      0.028      6.176      0.000
    SEX               -0.071      0.034     -2.094      0.036
    AGE                0.098      0.030      3.248      0.001
    C1                -0.017      0.034     -0.495      0.621
    C2                 0.026      0.034      0.761      0.447
    C3                 0.044      0.035      1.251      0.211
    C4                -0.037      0.031     -1.182      0.237
    C5                -0.042      0.029     -1.448      0.148
    C6                 0.017      0.032      0.526      0.599
    C7                 0.023      0.029      0.792      0.428
    C8                -0.030      0.029     -1.035      0.301
    C9                -0.018      0.029     -0.618      0.536
    C10                0.007      0.029      0.246      0.806

 F1INV      ON
    SEX                0.319      0.029     11.022      0.000
    AGE                0.070      0.031      2.236      0.025

 PARKNOW  WITH
    PARDISC            0.201      0.030      6.588      0.000

 Intercepts
    PARKNOW           -0.159      0.028     -5.631      0.000
    PARDISC           -0.195      0.033     -6.001      0.000
    PARCONT           -0.197      0.033     -6.008      0.000
    PARSOL            -0.260      0.035     -7.498      0.000
    CPD               -0.582      0.051    -11.463      0.000
    FTND              -0.022      0.037     -0.585      0.559

 Thresholds
    DAILYSMK$1         0.408      0.070      5.855      0.000

 Residual Variances
    PARKNOW            0.904      0.020     45.687      0.000
    PARDISC            0.683      0.027     25.245      0.000
    PARCONT            0.581      0.030     19.080      0.000
    PARSOL             0.402      0.038     10.680      0.000
    CPD                0.285      0.035      8.148      0.000
    FTND               0.257      0.029      8.966      0.000
    F1INV              0.890      0.019     47.664      0.000
    FSMK               0.875      0.029     29.865      0.000


R-SQUARE

    Observed                                        Two-Tailed
    Variable        Estimate       S.E.  Est./S.E.    P-Value

    DAILYSMK           0.965      0.033     29.153      0.000
    PARKNOW            0.096      0.020      4.868      0.000
    PARDISC            0.317      0.027     11.697      0.000
    PARCONT            0.419      0.030     13.741      0.000
    PARSOL             0.598      0.038     15.858      0.000
    CPD                0.715      0.035     20.395      0.000
    FTND               0.743      0.029     25.866      0.000

     Latent                                         Two-Tailed
    Variable        Estimate       S.E.  Est./S.E.    P-Value

    F1INV              0.110      0.019      5.875      0.000
    FSMK               0.125      0.029      4.277      0.000


QUALITY OF NUMERICAL RESULTS

     Condition Number for the Information Matrix              0.303E-04
       (ratio of smallest to largest eigenvalue)


CONFIDENCE INTERVALS OF MODEL RESULTS

                  Lower .5%  Lower 2.5%    Lower 5%    Estimate    Upper 5%  Upper 2.5%   Upper .5%

 F1INV    BY
    PARKNOW          1.000       1.000       1.000       1.000       1.000       1.000       1.000
    PARDISC          1.337       1.457       1.518       1.840       2.161       2.222       2.343
    PARCONT          1.540       1.682       1.755       2.135       2.516       2.589       2.731
    PARSOL           1.719       1.909       2.007       2.515       3.022       3.120       3.310

 FSMK     BY
    CPD              1.000       1.000       1.000       1.000       1.000       1.000       1.000
    DAILYSMK        -3.619       0.188       2.135      12.303      22.472      24.419      28.226
    FTND             0.943       0.979       0.997       1.094       1.190       1.208       1.244

 FSMK     ON
    F1INV            0.360       0.431       0.467       0.657       0.846       0.883       0.954
    INTINV          -0.100      -0.033       0.002       0.183       0.364       0.398       0.466

 FSMK     ON
    PRSSMCPD         0.076       0.090       0.098       0.135       0.172       0.180       0.193
    SEX             -0.245      -0.213      -0.196      -0.110      -0.024      -0.007       0.025
    AGE              0.016       0.031       0.038       0.076       0.115       0.122       0.136
    C1              -0.085      -0.068      -0.059      -0.014       0.032       0.041       0.058
    C2              -0.071      -0.047      -0.034       0.029       0.093       0.105       0.129
    C3              -0.038      -0.020      -0.011       0.036       0.083       0.092       0.110
    C4              -0.127      -0.107      -0.096      -0.040       0.016       0.027       0.047
    C5              -0.128      -0.108      -0.098      -0.046       0.006       0.016       0.036
    C6              -0.068      -0.048      -0.037       0.018       0.072       0.083       0.103
    C7              -0.053      -0.035      -0.025       0.024       0.073       0.082       0.101
    C8              -0.111      -0.092      -0.082      -0.032       0.019       0.028       0.047
    C9              -0.097      -0.078      -0.069      -0.019       0.031       0.041       0.059
    C10             -0.071      -0.052      -0.043       0.007       0.058       0.067       0.086

 F1INV    ON
    SEX              0.132       0.147       0.155       0.194       0.233       0.240       0.255
    AGE             -0.005       0.001       0.004       0.021       0.038       0.041       0.048

 PARKNOW  WITH
    PARDISC          0.086       0.102       0.110       0.153       0.197       0.205       0.221

 Intercepts
    PARKNOW         -0.220      -0.204      -0.196      -0.155      -0.114      -0.106      -0.091
    PARDISC         -0.276      -0.257      -0.247      -0.194      -0.141      -0.131      -0.112
    PARCONT         -0.283      -0.263      -0.252      -0.198      -0.143      -0.133      -0.113
    PARSOL          -0.346      -0.325      -0.314      -0.257      -0.199      -0.188      -0.167
    CPD             -0.647      -0.620      -0.606      -0.534      -0.461      -0.447      -0.420
    FTND            -0.115      -0.092      -0.081      -0.021       0.038       0.050       0.072

 Thresholds
    DAILYSMK$1      -0.062       0.900       1.392       3.962       6.532       7.024       7.986

 Residual Variances
    PARKNOW          0.746       0.774       0.789       0.866       0.943       0.958       0.986
    PARDISC          0.589       0.610       0.620       0.674       0.728       0.738       0.759
    PARCONT          0.504       0.523       0.533       0.584       0.636       0.646       0.665
    PARSOL           0.301       0.323       0.334       0.393       0.452       0.463       0.485
    CPD              0.165       0.183       0.192       0.240       0.288       0.297       0.315
    FTND             0.181       0.197       0.206       0.249       0.293       0.301       0.317
    F1INV            0.035       0.047       0.052       0.082       0.112       0.118       0.129
    FSMK             0.426       0.450       0.462       0.526       0.590       0.602       0.626


CONFIDENCE INTERVALS OF STANDARDIZED MODEL RESULTS


STDYX Standardization

                  Lower .5%  Lower 2.5%    Lower 5%    Estimate    Upper 5%  Upper 2.5%   Upper .5%

 F1INV    BY
    PARKNOW          0.228       0.248       0.258       0.310       0.363       0.373       0.392
    PARDISC          0.501       0.516       0.523       0.563       0.602       0.610       0.625
    PARCONT          0.586       0.601       0.608       0.647       0.686       0.693       0.708
    PARSOL           0.710       0.725       0.733       0.773       0.813       0.821       0.836

 FSMK     BY
    CPD              0.792       0.805       0.811       0.845       0.879       0.886       0.899
    DAILYSMK         0.939       0.949       0.955       0.982       1.010       1.015       1.026
    FTND             0.819       0.829       0.834       0.862       0.889       0.894       0.905

 FSMK     ON
    F1INV            0.142       0.169       0.183       0.257       0.331       0.345       0.373
    INTINV          -0.041      -0.014       0.000       0.072       0.145       0.158       0.186

 FSMK     ON
    PRSSMCPD         0.102       0.120       0.129       0.175       0.222       0.231       0.248
    SEX             -0.158      -0.137      -0.127      -0.071      -0.015      -0.005       0.016
    AGE              0.020       0.039       0.048       0.098       0.148       0.158       0.176
    C1              -0.104      -0.083      -0.073      -0.017       0.039       0.050       0.071
    C2              -0.062      -0.041      -0.030       0.026       0.083       0.094       0.115
    C3              -0.047      -0.025      -0.014       0.044       0.103       0.114       0.136
    C4              -0.116      -0.097      -0.087      -0.037       0.014       0.024       0.043
    C5              -0.116      -0.098      -0.089      -0.042       0.006       0.015       0.032
    C6              -0.065      -0.046      -0.036       0.017       0.069       0.079       0.099
    C7              -0.052      -0.034      -0.025       0.023       0.071       0.080       0.098
    C8              -0.106      -0.088      -0.079      -0.030       0.018       0.027       0.045
    C9              -0.094      -0.076      -0.067      -0.018       0.030       0.039       0.058
    C10             -0.068      -0.050      -0.041       0.007       0.055       0.064       0.082

 F1INV    ON
    SEX              0.244       0.262       0.271       0.319       0.366       0.375       0.393
    AGE             -0.011       0.009       0.018       0.070       0.121       0.131       0.150

 PARKNOW  WITH
    PARDISC          0.122       0.141       0.151       0.201       0.251       0.260       0.279

 Intercepts
    PARKNOW         -0.231      -0.214      -0.205      -0.159      -0.112      -0.103      -0.086
    PARDISC         -0.279      -0.259      -0.249      -0.195      -0.142      -0.132      -0.111
    PARCONT         -0.282      -0.262      -0.251      -0.197      -0.143      -0.133      -0.113
    PARSOL          -0.349      -0.328      -0.317      -0.260      -0.203      -0.192      -0.170
    CPD             -0.713      -0.681      -0.665      -0.582      -0.498      -0.482      -0.451
    FTND            -0.118      -0.095      -0.083      -0.022       0.040       0.051       0.074

 Thresholds
    DAILYSMK$1       0.229       0.271       0.293       0.408       0.523       0.545       0.588

 Residual Variances
    PARKNOW          0.853       0.865       0.871       0.904       0.936       0.942       0.955
    PARDISC          0.614       0.630       0.639       0.683       0.728       0.736       0.753
    PARCONT          0.503       0.522       0.531       0.581       0.631       0.641       0.660
    PARSOL           0.305       0.329       0.340       0.402       0.464       0.476       0.499
    CPD              0.195       0.217       0.228       0.285       0.343       0.354       0.376
    FTND             0.183       0.201       0.210       0.257       0.305       0.314       0.331
    F1INV            0.842       0.854       0.860       0.890       0.921       0.927       0.938
    FSMK             0.799       0.817       0.827       0.875       0.923       0.932       0.950


DIAGRAM INFORMATION

  Use View Diagram under the Diagram menu in the Mplus Editor to view the diagram.
  If running Mplus from the Mplus Diagrammer, the diagram opens automatically.

  Diagram output
    \\cnas.ru.nl\u642157\documents\6 trails\results\fsmk\fsmk_f1inv_2interactioneffects.dgm

     Beginning Time:  12:51:22
        Ending Time:  12:52:52
       Elapsed Time:  00:01:30



MUTHEN & MUTHEN
3463 Stoner Ave.
Los Angeles, CA  90066

Tel: (310) 391-9971
Fax: (310) 391-8971
Web: www.StatModel.com
Support: Support@StatModel.com

Copyright (c) 1998-2019 Muthen & Muthen
