Mplus VERSION 8.3
MUTHEN & MUTHEN
03/05/2020  11:54 AM

INPUT INSTRUCTIONS

    DATA:
          FILE IS \\CNAS.RU.NL\U642157\Documents\6 TRAILS\datasets\full.csv ;

    VARIABLE:
         NAMES ARE sex age C1 C2 C3 C4 C5 C6 C7 C8 C9 C10
         parknow pardisc parcont parsol rel_rej rel_warm
         parsmk parcpd paralc paraddep parcan
         prssmcpd prsalc prscan
         eversmk dailysmk cpd ftnd alc alcmonth audit can cupit1 cupit2 ;
         MISSING * ;
         USEVARIABLES sex age C1 C2 C3 C4 C5 C6 C7 C8 C9 C10
         rel_rej rel_warm
         prssmcpd
         cpd dailysmk ftnd ;
         CATEGORICAL ARE dailysmk ;

      ANALYSIS: estimator=MLR  ;
          TYPE = RANDOM ;
          ALGORITHM = INTEGRATION ;

      MODEL:
         !Latent factors
         F3rel BY rel_rej-rel_warm*(1) ;
         F3rel@1 ;
         Fsmk BY cpd dailysmk ftnd ;

         !Latent factor interactions
         intrel | F3rel XWITH prssmcpd ;

         !Main effects
         Fsmk ON F3rel prssmcpd ;
         Fsmk ON sex age C1 C2 C3 C4 C5 C6 C7 C8 C9 C10  ;

         !GxE
         Fsmk ON intrel ;

         !rGE
         F3rel ON prssmcpd ;

         F3rel ON sex age ;

       OUTPUT:
         SAMPSTAT CINTERVAL stdyx ;




*** WARNING
  Data set contains cases with missing on x-variables.
  These cases were not included in the analysis.
  Number of cases with missing on x-variables:  44
*** WARNING
  Data set contains cases with missing on all variables except
  x-variables.  These cases were not included in the analysis.
  Number of cases with missing on all variables except x-variables:  4
   2 WARNING(S) FOUND IN THE INPUT INSTRUCTIONS




SUMMARY OF ANALYSIS

Number of groups                                                 1
Number of observations                                        1645

Number of dependent variables                                    5
Number of independent variables                                 13
Number of continuous latent variables                            3

Observed dependent variables

  Continuous
   REL_REJ     REL_WARM    CPD         FTND

  Binary and ordered categorical (ordinal)
   DAILYSMK

Observed independent variables
   SEX         AGE         C1          C2          C3          C4
   C5          C6          C7          C8          C9          C10
   PRSSMCPD

Continuous latent variables
   F3REL       FSMK        INTREL


Estimator                                                      MLR
Information matrix                                        OBSERVED
Optimization Specifications for the Quasi-Newton Algorithm for
Continuous Outcomes
  Maximum number of iterations                                 100
  Convergence criterion                                  0.100D-05
Optimization Specifications for the EM Algorithm
  Maximum number of iterations                                 500
  Convergence criteria
    Loglikelihood change                                 0.100D-02
    Relative loglikelihood change                        0.100D-05
    Derivative                                           0.100D-02
Optimization Specifications for the M step of the EM Algorithm for
Categorical Latent variables
  Number of M step iterations                                    1
  M step convergence criterion                           0.100D-02
  Basis for M step termination                           ITERATION
Optimization Specifications for the M step of the EM Algorithm for
Censored, Binary or Ordered Categorical (Ordinal), Unordered
Categorical (Nominal) and Count Outcomes
  Number of M step iterations                                    1
  M step convergence criterion                           0.100D-02
  Basis for M step termination                           ITERATION
  Maximum value for logit thresholds                            15
  Minimum value for logit thresholds                           -15
  Minimum expected cell size for chi-square              0.100D-01
Maximum number of iterations for H1                           2000
Convergence criterion for H1                             0.100D-03
Optimization algorithm                                         EMA
Integration Specifications
  Type                                                    STANDARD
  Number of integration points                                  15
  Dimensions of numerical integration                            2
  Adaptive quadrature                                           ON
Link                                                         LOGIT
Cholesky                                                       OFF

Input data file(s)
  \\CNAS.RU.NL\U642157\Documents\6 TRAILS\datasets\full.csv
Input data format  FREE


SUMMARY OF DATA

     Number of missing data patterns             6
     Number of y missing data patterns           6
     Number of u missing data patterns           2


COVARIANCE COVERAGE OF DATA

Minimum covariance coverage value   0.100


     PROPORTION OF DATA PRESENT


           Covariance Coverage
              DAILYSMK      REL_REJ       REL_WARM      CPD           FTND
              ________      ________      ________      ________      ________
 DAILYSMK       0.799
 REL_REJ        0.796         0.996
 REL_WARM       0.796         0.996         0.997
 CPD            0.321         0.319         0.319         0.321
 FTND           0.799         0.796         0.796         0.321         0.799
 SEX            0.799         0.996         0.997         0.321         0.799
 AGE            0.799         0.996         0.997         0.321         0.799
 C1             0.799         0.996         0.997         0.321         0.799
 C2             0.799         0.996         0.997         0.321         0.799
 C3             0.799         0.996         0.997         0.321         0.799
 C4             0.799         0.996         0.997         0.321         0.799
 C5             0.799         0.996         0.997         0.321         0.799
 C6             0.799         0.996         0.997         0.321         0.799
 C7             0.799         0.996         0.997         0.321         0.799
 C8             0.799         0.996         0.997         0.321         0.799
 C9             0.799         0.996         0.997         0.321         0.799
 C10            0.799         0.996         0.997         0.321         0.799
 PRSSMCPD       0.799         0.996         0.997         0.321         0.799


           Covariance Coverage
              SEX           AGE           C1            C2            C3
              ________      ________      ________      ________      ________
 SEX            1.000
 AGE            1.000         1.000
 C1             1.000         1.000         1.000
 C2             1.000         1.000         1.000         1.000
 C3             1.000         1.000         1.000         1.000         1.000
 C4             1.000         1.000         1.000         1.000         1.000
 C5             1.000         1.000         1.000         1.000         1.000
 C6             1.000         1.000         1.000         1.000         1.000
 C7             1.000         1.000         1.000         1.000         1.000
 C8             1.000         1.000         1.000         1.000         1.000
 C9             1.000         1.000         1.000         1.000         1.000
 C10            1.000         1.000         1.000         1.000         1.000
 PRSSMCPD       1.000         1.000         1.000         1.000         1.000


           Covariance Coverage
              C4            C5            C6            C7            C8
              ________      ________      ________      ________      ________
 C4             1.000
 C5             1.000         1.000
 C6             1.000         1.000         1.000
 C7             1.000         1.000         1.000         1.000
 C8             1.000         1.000         1.000         1.000         1.000
 C9             1.000         1.000         1.000         1.000         1.000
 C10            1.000         1.000         1.000         1.000         1.000
 PRSSMCPD       1.000         1.000         1.000         1.000         1.000


           Covariance Coverage
              C9            C10           PRSSMCPD
              ________      ________      ________
 C9             1.000
 C10            1.000         1.000
 PRSSMCPD       1.000         1.000         1.000


     PROPORTION OF DATA PRESENT FOR U


           Covariance Coverage
              DAILYSMK
              ________
 DAILYSMK       0.799


     PROPORTION OF DATA PRESENT FOR Y


           Covariance Coverage
              REL_REJ       REL_WARM      CPD           FTND          SEX
              ________      ________      ________      ________      ________
 REL_REJ        0.996
 REL_WARM       0.996         0.997
 CPD            0.319         0.319         0.321
 FTND           0.796         0.796         0.321         0.799
 SEX            0.996         0.997         0.321         0.799         1.000
 AGE            0.996         0.997         0.321         0.799         1.000
 C1             0.996         0.997         0.321         0.799         1.000
 C2             0.996         0.997         0.321         0.799         1.000
 C3             0.996         0.997         0.321         0.799         1.000
 C4             0.996         0.997         0.321         0.799         1.000
 C5             0.996         0.997         0.321         0.799         1.000
 C6             0.996         0.997         0.321         0.799         1.000
 C7             0.996         0.997         0.321         0.799         1.000
 C8             0.996         0.997         0.321         0.799         1.000
 C9             0.996         0.997         0.321         0.799         1.000
 C10            0.996         0.997         0.321         0.799         1.000
 PRSSMCPD       0.996         0.997         0.321         0.799         1.000


           Covariance Coverage
              AGE           C1            C2            C3            C4
              ________      ________      ________      ________      ________
 AGE            1.000
 C1             1.000         1.000
 C2             1.000         1.000         1.000
 C3             1.000         1.000         1.000         1.000
 C4             1.000         1.000         1.000         1.000         1.000
 C5             1.000         1.000         1.000         1.000         1.000
 C6             1.000         1.000         1.000         1.000         1.000
 C7             1.000         1.000         1.000         1.000         1.000
 C8             1.000         1.000         1.000         1.000         1.000
 C9             1.000         1.000         1.000         1.000         1.000
 C10            1.000         1.000         1.000         1.000         1.000
 PRSSMCPD       1.000         1.000         1.000         1.000         1.000


           Covariance Coverage
              C5            C6            C7            C8            C9
              ________      ________      ________      ________      ________
 C5             1.000
 C6             1.000         1.000
 C7             1.000         1.000         1.000
 C8             1.000         1.000         1.000         1.000
 C9             1.000         1.000         1.000         1.000         1.000
 C10            1.000         1.000         1.000         1.000         1.000
 PRSSMCPD       1.000         1.000         1.000         1.000         1.000


           Covariance Coverage
              C10           PRSSMCPD
              ________      ________
 C10            1.000
 PRSSMCPD       1.000         1.000


UNIVARIATE PROPORTIONS AND COUNTS FOR CATEGORICAL VARIABLES

    DAILYSMK
      Category 1    0.758          997.000
      Category 2    0.242          318.000


SAMPLE STATISTICS


     ESTIMATED SAMPLE STATISTICS


           Means
              REL_REJ       REL_WARM      CPD           FTND          SEX
              ________      ________      ________      ________      ________
                0.020        -0.036        -0.414        -0.009         0.521


           Means
              AGE           C1            C2            C3            C4
              ________      ________      ________      ________      ________
                0.000        -0.008         0.021         0.015        -0.058


           Means
              C5            C6            C7            C8            C9
              ________      ________      ________      ________      ________
               -0.017         0.003        -0.024        -0.004         0.018


           Means
              C10           PRSSMCPD
              ________      ________
                0.028         0.013


           Covariances
              REL_REJ       REL_WARM      CPD           FTND          SEX
              ________      ________      ________      ________      ________
 REL_REJ        0.959
 REL_WARM       0.331         0.952
 CPD            0.092         0.064         0.818
 FTND           0.083         0.067         0.609         0.972
 SEX            0.076         0.070         0.006         0.009         0.250
 AGE            0.010        -0.009         0.052         0.109         0.038
 C1            -0.024        -0.028         0.016         0.013        -0.016
 C2            -0.028         0.019         0.028         0.015        -0.003
 C3             0.019        -0.018        -0.001         0.039        -0.020
 C4             0.009         0.014        -0.028        -0.004         0.002
 C5             0.015        -0.012        -0.044        -0.033        -0.007
 C6            -0.012        -0.028        -0.037         0.017         0.005
 C7            -0.001        -0.038        -0.010         0.016         0.006
 C8             0.022         0.040        -0.011        -0.019         0.001
 C9             0.032         0.028        -0.033        -0.008         0.012
 C10            0.032         0.010         0.022         0.006         0.000
 PRSSMCPD       0.076         0.035         0.234         0.155         0.004


           Covariances
              AGE           C1            C2            C3            C4
              ________      ________      ________      ________      ________
 AGE            0.998
 C1             0.048         0.915
 C2             0.023         0.223         0.472
 C3             0.035         0.078        -0.169         0.917
 C4            -0.014         0.041         0.000        -0.016         0.502
 C5             0.008        -0.002        -0.007        -0.027        -0.031
 C6             0.013        -0.003         0.054        -0.032        -0.010
 C7            -0.013        -0.011        -0.022        -0.058         0.036
 C8             0.022         0.007         0.036        -0.048        -0.044
 C9            -0.030        -0.011        -0.014        -0.037         0.012
 C10           -0.018         0.026        -0.014        -0.010         0.025
 PRSSMCPD      -0.011         0.011        -0.008         0.039         0.023


           Covariances
              C5            C6            C7            C8            C9
              ________      ________      ________      ________      ________
 C5             0.492
 C6            -0.083         0.550
 C7             0.023         0.016         0.573
 C8             0.031        -0.013        -0.026         0.551
 C9            -0.024         0.004         0.036        -0.014         0.568
 C10            0.010        -0.025         0.006         0.030         0.030
 PRSSMCPD      -0.031        -0.048        -0.027        -0.029         0.008


           Covariances
              C10           PRSSMCPD
              ________      ________
 C10            0.550
 PRSSMCPD       0.024         1.009


           Correlations
              REL_REJ       REL_WARM      CPD           FTND          SEX
              ________      ________      ________      ________      ________
 REL_REJ        1.000
 REL_WARM       0.347         1.000
 CPD            0.104         0.073         1.000
 FTND           0.086         0.069         0.683         1.000
 SEX            0.156         0.144         0.012         0.019         1.000
 AGE            0.010        -0.009         0.058         0.110         0.076
 C1            -0.025        -0.030         0.019         0.014        -0.033
 C2            -0.041         0.028         0.045         0.022        -0.008
 C3             0.020        -0.019        -0.001         0.042        -0.043
 C4             0.012         0.020        -0.043        -0.006         0.005
 C5             0.022        -0.018        -0.069        -0.048        -0.019
 C6            -0.017        -0.038        -0.055         0.024         0.013
 C7            -0.002        -0.051        -0.014         0.022         0.016
 C8             0.031         0.055        -0.017        -0.026         0.001
 C9             0.043         0.039        -0.048        -0.011         0.032
 C10            0.044         0.014         0.033         0.008         0.000
 PRSSMCPD       0.078         0.035         0.258         0.157         0.007


           Correlations
              AGE           C1            C2            C3            C4
              ________      ________      ________      ________      ________
 AGE            1.000
 C1             0.050         1.000
 C2             0.033         0.340         1.000
 C3             0.036         0.085        -0.257         1.000
 C4            -0.019         0.060         0.000        -0.023         1.000
 C5             0.012        -0.003        -0.014        -0.041        -0.062
 C6             0.017        -0.004         0.106        -0.045        -0.019
 C7            -0.018        -0.016        -0.043        -0.079         0.068
 C8             0.029         0.009         0.070        -0.068        -0.083
 C9            -0.039        -0.016        -0.027        -0.051         0.022
 C10           -0.025         0.036        -0.028        -0.014         0.048
 PRSSMCPD      -0.011         0.011        -0.011         0.041         0.032


           Correlations
              C5            C6            C7            C8            C9
              ________      ________      ________      ________      ________
 C5             1.000
 C6            -0.159         1.000
 C7             0.043         0.028         1.000
 C8             0.060        -0.024        -0.046         1.000
 C9            -0.045         0.007         0.062        -0.024         1.000
 C10            0.019        -0.045         0.010         0.054         0.053
 PRSSMCPD      -0.044        -0.064        -0.036        -0.039         0.011


           Correlations
              C10           PRSSMCPD
              ________      ________
 C10            1.000
 PRSSMCPD       0.032         1.000


     MAXIMUM LOG-LIKELIHOOD VALUE FOR THE UNRESTRICTED (H1) MODEL IS -31338.769


UNIVARIATE SAMPLE STATISTICS


     UNIVARIATE HIGHER-ORDER MOMENT DESCRIPTIVE STATISTICS

         Variable/         Mean/     Skewness/   Minimum/ % with                Percentiles
        Sample Size      Variance    Kurtosis    Maximum  Min/Max      20%/60%    40%/80%    Median

     REL_REJ               0.020       1.270      -1.567    0.61%      -0.741     -0.374     -0.191
            1639.000       0.959       2.534       4.765    0.06%       0.085      0.635
     REL_WARM             -0.036       0.726      -1.589    0.85%      -0.929     -0.490     -0.215
            1640.000       0.952       0.158       4.017    0.06%       0.060      0.774
     CPD                  -0.068       0.076      -1.337   28.60%      -1.337     -0.568      0.201
             528.000       1.017      -1.308       1.740    6.44%       0.201      0.971
     FTND                 -0.023       2.416      -0.469   77.34%      -0.469     -0.469     -0.469
            1315.000       0.971       5.428       5.452    0.08%      -0.469      0.123
     SEX                   0.521      -0.084       0.000   47.90%       0.000      0.000      1.000
            1645.000       0.250      -1.993       1.000   52.10%       1.000      1.000
     AGE                   0.000       0.388      -2.386    1.03%      -0.963     -0.963      0.461
            1645.000       0.998      -0.574       3.308    0.12%       0.461      0.461
     C1                   -0.008       4.668      -1.078    0.06%      -0.466     -0.274     -0.191
            1645.000       0.915      26.687       7.970    0.06%      -0.109      0.165
     C2                    0.021       2.872      -2.219    0.06%      -0.474     -0.148     -0.026
            1645.000       0.472      23.279       6.647    0.06%       0.129      0.471
     C3                    0.015       1.628      -5.903    0.06%      -0.550     -0.205     -0.054
            1645.000       0.917      14.246       7.023    0.06%       0.112      0.445
     C4                   -0.058       0.942      -2.124    0.06%      -0.641     -0.229     -0.060
            1645.000       0.502      10.408       8.131    0.06%       0.111      0.503
     C5                   -0.017       0.057      -2.454    0.06%      -0.591     -0.212     -0.023
            1645.000       0.492       0.117       2.382    0.06%       0.151      0.565
     C6                    0.003      -0.119      -4.142    0.06%      -0.601     -0.183     -0.004
            1645.000       0.550       0.843       2.916    0.06%       0.185      0.601
     C7                   -0.024      -0.197      -3.734    0.06%      -0.657     -0.211      0.012
            1645.000       0.573       0.440       2.063    0.06%       0.182      0.611
     C8                   -0.004      -0.183      -4.189    0.06%      -0.653     -0.171      0.006
            1645.000       0.551       0.517       2.570    0.06%       0.196      0.604
     C9                    0.018      -0.090      -2.592    0.06%      -0.620     -0.163      0.044
            1645.000       0.568       0.132       2.719    0.06%       0.204      0.651
     C10                   0.028       0.031      -3.362    0.06%      -0.604     -0.139      0.032
            1645.000       0.550       0.537       3.648    0.06%       0.212      0.646
     PRSSMCPD              0.013      -0.009      -2.975    0.06%      -0.858     -0.232      0.038
            1645.000       1.009      -0.062       3.144    0.06%       0.275      0.876


THE MODEL ESTIMATION TERMINATED NORMALLY



MODEL FIT INFORMATION

Number of Free Parameters                       31

Loglikelihood

          H0 Value                       -7022.346
          H0 Scaling Correction Factor      1.2489
            for MLR

Information Criteria

          Akaike (AIC)                   14106.692
          Bayesian (BIC)                 14274.263
          Sample-Size Adjusted BIC       14175.781
            (n* = (n + 2) / 24)



MODEL RESULTS

                                                    Two-Tailed
                    Estimate       S.E.  Est./S.E.    P-Value

 F3REL    BY
    REL_REJ            0.553      0.026     21.469      0.000
    REL_WARM           0.553      0.026     21.469      0.000

 FSMK     BY
    CPD                1.000      0.000    999.000    999.000
    DAILYSMK          13.317      6.680      1.994      0.046
    FTND               1.097      0.064     17.094      0.000

 FSMK       ON
    F3REL              0.122      0.043      2.852      0.004
    INTREL             0.071      0.037      1.898      0.058

 FSMK       ON
    PRSSMCPD           0.136      0.023      5.898      0.000
    SEX               -0.047      0.054     -0.877      0.380
    AGE                0.092      0.024      3.849      0.000
    C1                -0.009      0.028     -0.313      0.754
    C2                 0.029      0.039      0.747      0.455
    C3                 0.030      0.028      1.056      0.291
    C4                -0.037      0.034     -1.067      0.286
    C5                -0.051      0.032     -1.617      0.106
    C6                 0.016      0.033      0.471      0.638
    C7                 0.030      0.030      1.005      0.315
    C8                -0.029      0.031     -0.949      0.343
    C9                -0.029      0.031     -0.933      0.351
    C10                0.007      0.031      0.223      0.823

 F3REL      ON
    PRSSMCPD           0.098      0.038      2.596      0.009
    SEX                0.521      0.074      7.082      0.000
    AGE               -0.013      0.037     -0.346      0.729

 Intercepts
    REL_REJ           -0.131      0.029     -4.449      0.000
    REL_WARM          -0.187      0.030     -6.191      0.000
    CPD               -0.536      0.050    -10.682      0.000
    FTND              -0.028      0.041     -0.687      0.492

 Thresholds
    DAILYSMK$1         4.298      1.516      2.836      0.005

 Residual Variances
    REL_REJ            0.625      0.040     15.786      0.000
    REL_WARM           0.627      0.037     17.148      0.000
    CPD                0.242      0.030      8.121      0.000
    FTND               0.250      0.028      8.963      0.000
    F3REL              1.000      0.000    999.000    999.000
    FSMK               0.539      0.044     12.242      0.000


STANDARDIZED MODEL RESULTS


STDYX Standardization

                                                    Two-Tailed
                    Estimate       S.E.  Est./S.E.    P-Value

 F3REL    BY
    REL_REJ            0.588      0.021     27.741      0.000
    REL_WARM           0.587      0.025     23.910      0.000

 FSMK     BY
    CPD                0.845      0.022     39.194      0.000
    DAILYSMK           0.985      0.014     68.620      0.000
    FTND               0.862      0.018     48.623      0.000

 FSMK       ON
    F3REL              0.163      0.057      2.846      0.004
    INTREL             0.095      0.050      1.906      0.057

 FSMK       ON
    PRSSMCPD           0.177      0.028      6.228      0.000
    SEX               -0.030      0.035     -0.871      0.384
    AGE                0.118      0.031      3.818      0.000
    C1                -0.011      0.034     -0.313      0.754
    C2                 0.026      0.034      0.750      0.453
    C3                 0.037      0.035      1.054      0.292
    C4                -0.033      0.031     -1.071      0.284
    C5                -0.047      0.029     -1.616      0.106
    C6                 0.015      0.032      0.471      0.638
    C7                 0.030      0.029      1.005      0.315
    C8                -0.028      0.030     -0.948      0.343
    C9                -0.028      0.030     -0.937      0.349
    C10                0.007      0.029      0.223      0.823

 F3REL      ON
    PRSSMCPD           0.095      0.036      2.615      0.009
    SEX                0.251      0.033      7.491      0.000
    AGE               -0.012      0.035     -0.347      0.729

 Intercepts
    REL_REJ           -0.134      0.031     -4.259      0.000
    REL_WARM          -0.191      0.032     -5.974      0.000
    CPD               -0.584      0.056    -10.441      0.000
    FTND              -0.029      0.042     -0.677      0.498

 Thresholds
    DAILYSMK$1         0.410      0.086      4.772      0.000

 Residual Variances
    REL_REJ            0.654      0.025     26.261      0.000
    REL_WARM           0.655      0.029     22.710      0.000
    CPD                0.287      0.036      7.872      0.000
    FTND               0.257      0.031      8.399      0.000
    F3REL              0.928      0.018     52.439      0.000
    FSMK               0.897      0.033     27.375      0.000


R-SQUARE

    Observed                                        Two-Tailed
    Variable        Estimate       S.E.  Est./S.E.    P-Value

    DAILYSMK           0.970      0.028     34.310      0.000
    REL_REJ            0.346      0.025     13.871      0.000
    REL_WARM           0.345      0.029     11.955      0.000
    CPD                0.713      0.036     19.597      0.000
    FTND               0.743      0.031     24.311      0.000

     Latent                                         Two-Tailed
    Variable        Estimate       S.E.  Est./S.E.    P-Value

    F3REL              0.072      0.018      4.065      0.000
    FSMK               0.103      0.033      3.137      0.002


QUALITY OF NUMERICAL RESULTS

     Condition Number for the Information Matrix              0.115E-03
       (ratio of smallest to largest eigenvalue)


CONFIDENCE INTERVALS OF MODEL RESULTS

                  Lower .5%  Lower 2.5%    Lower 5%    Estimate    Upper 5%  Upper 2.5%   Upper .5%

 F3REL    BY
    REL_REJ          0.487       0.503       0.511       0.553       0.596       0.604       0.620
    REL_WARM         0.487       0.503       0.511       0.553       0.596       0.604       0.620

 FSMK     BY
    CPD              1.000       1.000       1.000       1.000       1.000       1.000       1.000
    DAILYSMK        -3.890       0.224       2.328      13.317      24.306      26.410      30.524
    FTND             0.932       0.972       0.992       1.097       1.203       1.223       1.263

 FSMK     ON
    F3REL            0.012       0.038       0.052       0.122       0.192       0.206       0.232
    INTREL          -0.025      -0.002       0.009       0.071       0.132       0.144       0.167

 FSMK     ON
    PRSSMCPD         0.077       0.091       0.098       0.136       0.174       0.182       0.196
    SEX             -0.186      -0.153      -0.136      -0.047       0.041       0.058       0.091
    AGE              0.030       0.045       0.053       0.092       0.131       0.138       0.153
    C1              -0.080      -0.063      -0.054      -0.009       0.037       0.046       0.063
    C2              -0.071      -0.047      -0.035       0.029       0.093       0.105       0.129
    C3              -0.043      -0.025      -0.017       0.030       0.076       0.085       0.102
    C4              -0.125      -0.104      -0.093      -0.037       0.020       0.031       0.052
    C5              -0.133      -0.114      -0.104      -0.051       0.001       0.011       0.030
    C6              -0.070      -0.050      -0.039       0.016       0.071       0.081       0.102
    C7              -0.047      -0.029      -0.019       0.030       0.080       0.090       0.108
    C8              -0.109      -0.090      -0.080      -0.029       0.022       0.031       0.050
    C9              -0.108      -0.089      -0.079      -0.029       0.022       0.032       0.050
    C10             -0.072      -0.053      -0.043       0.007       0.057       0.067       0.085

 F3REL    ON
    PRSSMCPD         0.001       0.024       0.036       0.098       0.160       0.172       0.195
    SEX              0.332       0.377       0.400       0.521       0.642       0.666       0.711
    AGE             -0.107      -0.084      -0.073      -0.013       0.048       0.059       0.082

 Intercepts
    REL_REJ         -0.207      -0.188      -0.179      -0.131      -0.082      -0.073      -0.055
    REL_WARM        -0.265      -0.246      -0.237      -0.187      -0.137      -0.128      -0.109
    CPD             -0.665      -0.634      -0.618      -0.536      -0.453      -0.438      -0.407
    FTND            -0.134      -0.108      -0.096      -0.028       0.039       0.052       0.077

 Thresholds
    DAILYSMK$1       0.394       1.327       1.805       4.298       6.792       7.269       8.203

 Residual Variances
    REL_REJ          0.523       0.547       0.560       0.625       0.690       0.702       0.727
    REL_WARM         0.533       0.555       0.567       0.627       0.687       0.698       0.721
    CPD              0.165       0.183       0.193       0.242       0.290       0.300       0.318
    FTND             0.178       0.195       0.204       0.250       0.296       0.305       0.322
    F3REL            1.000       1.000       1.000       1.000       1.000       1.000       1.000
    FSMK             0.426       0.453       0.467       0.539       0.612       0.626       0.653


CONFIDENCE INTERVALS OF STANDARDIZED MODEL RESULTS


STDYX Standardization

                  Lower .5%  Lower 2.5%    Lower 5%    Estimate    Upper 5%  Upper 2.5%   Upper .5%

 F3REL    BY
    REL_REJ          0.533       0.546       0.553       0.588       0.623       0.629       0.642
    REL_WARM         0.524       0.539       0.547       0.587       0.628       0.635       0.651

 FSMK     BY
    CPD              0.789       0.802       0.809       0.845       0.880       0.887       0.900
    DAILYSMK         0.948       0.957       0.961       0.985       1.009       1.013       1.022
    FTND             0.816       0.827       0.833       0.862       0.891       0.897       0.908

 FSMK     ON
    F3REL            0.016       0.051       0.069       0.163       0.258       0.276       0.311
    INTREL          -0.033      -0.003       0.013       0.095       0.178       0.193       0.224

 FSMK     ON
    PRSSMCPD         0.104       0.121       0.130       0.177       0.223       0.232       0.250
    SEX             -0.120      -0.099      -0.088      -0.030       0.027       0.038       0.060
    AGE              0.038       0.058       0.067       0.118       0.169       0.179       0.198
    C1              -0.099      -0.078      -0.067      -0.011       0.046       0.056       0.077
    C2              -0.063      -0.042      -0.031       0.026       0.082       0.093       0.114
    C3              -0.053      -0.031      -0.021       0.037       0.094       0.105       0.126
    C4              -0.114      -0.095      -0.085      -0.033       0.018       0.028       0.047
    C5              -0.121      -0.103      -0.094      -0.047       0.001       0.010       0.028
    C6              -0.067      -0.048      -0.038       0.015       0.068       0.078       0.097
    C7              -0.046      -0.028      -0.019       0.030       0.078       0.087       0.106
    C8              -0.104      -0.086      -0.077      -0.028       0.021       0.030       0.048
    C9              -0.104      -0.086      -0.077      -0.028       0.021       0.030       0.049
    C10             -0.069      -0.051      -0.042       0.007       0.055       0.064       0.082

 F3REL    ON
    PRSSMCPD         0.001       0.024       0.035       0.095       0.154       0.165       0.188
    SEX              0.165       0.185       0.196       0.251       0.306       0.316       0.337
    AGE             -0.103      -0.081      -0.070      -0.012       0.046       0.057       0.079

 Intercepts
    REL_REJ         -0.215      -0.196      -0.186      -0.134      -0.082      -0.072      -0.053
    REL_WARM        -0.274      -0.254      -0.244      -0.191      -0.139      -0.128      -0.109
    CPD             -0.728      -0.693      -0.676      -0.584      -0.492      -0.474      -0.440
    FTND            -0.137      -0.111      -0.098      -0.029       0.041       0.054       0.080

 Thresholds
    DAILYSMK$1       0.189       0.242       0.269       0.410       0.551       0.578       0.631

 Residual Variances
    REL_REJ          0.590       0.606       0.613       0.654       0.695       0.703       0.719
    REL_WARM         0.581       0.599       0.608       0.655       0.703       0.712       0.729
    CPD              0.193       0.215       0.227       0.287       0.346       0.358       0.380
    FTND             0.178       0.197       0.206       0.257       0.307       0.317       0.336
    F3REL            0.882       0.893       0.899       0.928       0.957       0.963       0.974
    FSMK             0.813       0.833       0.843       0.897       0.951       0.961       0.982


     Beginning Time:  11:54:59
        Ending Time:  11:56:22
       Elapsed Time:  00:01:23



MUTHEN & MUTHEN
3463 Stoner Ave.
Los Angeles, CA  90066

Tel: (310) 391-9971
Fax: (310) 391-8971
Web: www.StatModel.com
Support: Support@StatModel.com

Copyright (c) 1998-2019 Muthen & Muthen
