Mplus VERSION 8.3
MUTHEN & MUTHEN
03/05/2020  11:46 AM

INPUT INSTRUCTIONS

    DATA:
          FILE IS \\CNAS.RU.NL\U642157\Documents\6 TRAILS\datasets\full.csv ;

    VARIABLE:
         NAMES ARE sex age C1 C2 C3 C4 C5 C6 C7 C8 C9 C10
         parknow pardisc parcont parsol rel_rej rel_warm
         parsmk parcpd paralc paraddep parcan
         prssmcpd prsalc prscan
         eversmk dailysmk cpd ftnd alc alcmonth audit can cupit1 cupit2 ;
         MISSING * ;
         USEVARIABLES sex age C1 C2 C3 C4 C5 C6 C7 C8 C9 C10
         parsmk paraddep parcan
         prssmcpd
         cpd dailysmk ftnd ;
         CATEGORICAL ARE parsmk paraddep parcan dailysmk ;

              !In order to get CFI, TLI and RMSEA for this model:
      ANALYSIS: estimator=WLSMV ;

      MODEL:
         !Latent factors
         F2sub BY parsmk paraddep parcan ;
         Fsmk BY cpd dailysmk ftnd ;

         !Main effects
         Fsmk ON F2sub prssmcpd ;
         Fsmk ON sex age C1 C2 C3 C4 C5 C6 C7 C8 C9 C10 ;

         F2sub ON sex age ;

         !rGE
         F2sub ON prssmcpd ;

       OUTPUT:
         SAMPSTAT CINTERVAL stdyx ;




*** WARNING
  Data set contains cases with missing on x-variables.
  These cases were not included in the analysis.
  Number of cases with missing on x-variables:  44
*** WARNING
  Data set contains cases with missing on all variables except
  x-variables.  These cases were not included in the analysis.
  Number of cases with missing on all variables except x-variables:  5
   2 WARNING(S) FOUND IN THE INPUT INSTRUCTIONS




SUMMARY OF ANALYSIS

Number of groups                                                 1
Number of observations                                        1644

Number of dependent variables                                    6
Number of independent variables                                 13
Number of continuous latent variables                            2

Observed dependent variables

  Continuous
   CPD         FTND

  Binary and ordered categorical (ordinal)
   PARSMK      PARADDEP    PARCAN      DAILYSMK

Observed independent variables
   SEX         AGE         C1          C2          C3          C4
   C5          C6          C7          C8          C9          C10
   PRSSMCPD

Continuous latent variables
   F2SUB       FSMK


Estimator                                                    WLSMV
Maximum number of iterations                                  1000
Convergence criterion                                    0.500D-04
Maximum number of steepest descent iterations                   20
Maximum number of iterations for H1                           2000
Convergence criterion for H1                             0.100D-03
Parameterization                                             DELTA
Link                                                        PROBIT

Input data file(s)
  \\CNAS.RU.NL\U642157\Documents\6 TRAILS\datasets\full.csv

Input data format  FREE


SUMMARY OF DATA

     Number of missing data patterns            21


COVARIANCE COVERAGE OF DATA

Minimum covariance coverage value   0.100


     PROPORTION OF DATA PRESENT


           Covariance Coverage
              PARSMK        PARADDEP      PARCAN        CPD           DAILYSMK
              ________      ________      ________      ________      ________
 PARSMK         0.901
 PARADDEP       0.869         0.959
 PARCAN         0.776         0.799         0.822
 CPD            0.291         0.310         0.268         0.321
 DAILYSMK       0.725         0.769         0.679         0.321         0.800
 FTND           0.725         0.769         0.679         0.321         0.800


           Covariance Coverage
              FTND
              ________
 FTND           0.800


UNIVARIATE PROPORTIONS AND COUNTS FOR CATEGORICAL VARIABLES

    PARSMK
      Category 1    0.505          749.000
      Category 2    0.495          733.000
    PARADDEP
      Category 1    0.930         1466.000
      Category 2    0.070          110.000
    PARCAN
      Category 1    0.956         1292.000
      Category 2    0.044           59.000
    DAILYSMK
      Category 1    0.758          997.000
      Category 2    0.242          318.000


SAMPLE STATISTICS


     ESTIMATED SAMPLE STATISTICS


           MEANS/INTERCEPTS/THRESHOLDS
              PARSMK$1      PARADDEP      PARCAN$1      CPD           DAILYSMK
              ________      ________      ________      ________      ________
                0.013         1.494         1.708        -0.086         0.738


           MEANS/INTERCEPTS/THRESHOLDS
              FTND
              ________
               -0.027


           SLOPES
              SEX           AGE           C1            C2            C3
              ________      ________      ________      ________      ________
 PARSMK        -0.008         0.063         0.035         0.028        -0.036
 PARADDEP      -0.023         0.076         0.068        -0.010         0.088
 PARCAN        -0.097         0.098         0.035         0.000        -0.041
 CPD           -0.037         0.076         0.041         0.115        -0.002
 DAILYSMK       0.016         0.139        -0.041        -0.017         0.038
 FTND           0.018         0.108        -0.007         0.046         0.041


           SLOPES
              C4            C5            C6            C7            C8
              ________      ________      ________      ________      ________
 PARSMK        -0.003        -0.116        -0.001         0.010        -0.001
 PARADDEP       0.039        -0.034        -0.026         0.120         0.073
 PARCAN        -0.014         0.025         0.110         0.195        -0.123
 CPD           -0.082        -0.185        -0.140         0.036        -0.010
 DAILYSMK      -0.078        -0.072         0.020         0.030        -0.044
 FTND          -0.022        -0.056         0.031         0.044        -0.026


           SLOPES
              C9            C10           PRSSMCPD
              ________      ________      ________
 PARSMK        -0.047         0.008         0.180
 PARADDEP       0.059         0.024         0.119
 PARCAN        -0.041         0.033         0.115
 CPD           -0.064         0.089         0.206
 DAILYSMK      -0.017         0.000         0.290
 FTND          -0.013         0.013         0.155


           CORRELATION MATRIX (WITH VARIANCES ON THE DIAGONAL)
              PARSMK        PARADDEP      PARCAN        CPD           DAILYSMK
              ________      ________      ________      ________      ________
 PARSMK
 PARADDEP       0.457
 PARCAN         0.503         0.500
 CPD            0.238         0.083         0.029         0.929
 DAILYSMK       0.273         0.053         0.195         0.677
 FTND           0.230         0.073         0.122         0.562         0.775


           CORRELATION MATRIX (WITH VARIANCES ON THE DIAGONAL)
              FTND
              ________
 FTND           0.929


UNIVARIATE SAMPLE STATISTICS


     UNIVARIATE HIGHER-ORDER MOMENT DESCRIPTIVE STATISTICS

         Variable/         Mean/     Skewness/   Minimum/ % with                Percentiles
        Sample Size      Variance    Kurtosis    Maximum  Min/Max      20%/60%    40%/80%    Median

     CPD                  -0.068       0.076      -1.337   28.60%      -1.337     -0.568      0.201
             528.000       1.017      -1.308       1.740    6.44%       0.201      0.971
     FTND                 -0.023       2.416      -0.469   77.34%      -0.469     -0.469     -0.469
            1315.000       0.971       5.428       5.452    0.08%      -0.469      0.123
     SEX                   0.521      -0.083       0.000   47.93%       0.000      0.000      1.000
            1644.000       0.250      -1.993       1.000   52.07%       1.000      1.000
     AGE                  -0.001       0.395      -2.386    0.97%      -0.963     -0.963      0.461
            1644.000       0.994      -0.577       3.308    0.12%       0.461      0.461
     C1                   -0.006       4.637      -1.078    0.06%      -0.466     -0.275     -0.192
            1644.000       0.923      26.282       7.970    0.06%      -0.109      0.165
     C2                    0.021       2.870      -2.219    0.06%      -0.473     -0.148     -0.026
            1644.000       0.475      23.072       6.647    0.06%       0.128      0.471
     C3                    0.015       1.623      -5.903    0.06%      -0.552     -0.205     -0.053
            1644.000       0.919      14.188       7.023    0.06%       0.106      0.446
     C4                   -0.059       0.951      -2.124    0.06%      -0.642     -0.229     -0.061
            1644.000       0.500      10.499       8.131    0.06%       0.109      0.502
     C5                   -0.017       0.058      -2.454    0.06%      -0.590     -0.211     -0.025
            1644.000       0.492       0.121       2.382    0.06%       0.150      0.565
     C6                    0.004      -0.120      -4.142    0.06%      -0.601     -0.180      0.002
            1644.000       0.551       0.837       2.916    0.06%       0.189      0.603
     C7                   -0.022      -0.202      -3.734    0.06%      -0.653     -0.210      0.016
            1644.000       0.573       0.446       2.063    0.06%       0.183      0.611
     C8                   -0.004      -0.184      -4.189    0.06%      -0.653     -0.170      0.004
            1644.000       0.550       0.526       2.570    0.06%       0.196      0.603
     C9                    0.018      -0.092      -2.592    0.06%      -0.620     -0.162      0.043
            1644.000       0.568       0.136       2.719    0.06%       0.203      0.651
     C10                   0.028       0.031      -3.362    0.06%      -0.604     -0.139      0.032
            1644.000       0.551       0.535       3.648    0.06%       0.212      0.646
     PRSSMCPD              0.012      -0.013      -2.975    0.06%      -0.858     -0.231      0.038
            1644.000       1.009      -0.072       3.144    0.06%       0.275      0.876


THE MODEL ESTIMATION TERMINATED NORMALLY



MODEL FIT INFORMATION

Number of Free Parameters                       31

Chi-Square Test of Model Fit

          Value                             78.620*
          Degrees of Freedom                    70
          P-Value                           0.2247

*   The chi-square value for MLM, MLMV, MLR, ULSMV, WLSM and WLSMV cannot be used
    for chi-square difference testing in the regular way.  MLM, MLR and WLSM
    chi-square difference testing is described on the Mplus website.  MLMV, WLSMV,
    and ULSMV difference testing is done using the DIFFTEST option.

RMSEA (Root Mean Square Error Of Approximation)

          Estimate                           0.009
          90 Percent C.I.                    0.000  0.017
          Probability RMSEA <= .05           1.000

CFI/TLI

          CFI                                0.992
          TLI                                0.990

Chi-Square Test of Model Fit for the Baseline Model

          Value                           1229.392
          Degrees of Freedom                    93
          P-Value                           0.0000

SRMR (Standardized Root Mean Square Residual)

          Value                              0.040

Optimum Function Value for Weighted Least-Squares Estimator

          Value                     0.18091944D-01



MODEL RESULTS

                                                    Two-Tailed
                    Estimate       S.E.  Est./S.E.    P-Value

 F2SUB    BY
    PARSMK             1.000      0.000    999.000    999.000
    PARADDEP           0.641      0.116      5.513      0.000
    PARCAN             0.732      0.135      5.409      0.000

 FSMK     BY
    CPD                1.000      0.000    999.000    999.000
    DAILYSMK           1.445      0.088     16.349      0.000
    FTND               1.087      0.080     13.656      0.000

 FSMK     ON
    F2SUB              0.238      0.056      4.285      0.000

 FSMK     ON
    PRSSMCPD           0.132      0.028      4.633      0.000
    SEX                0.011      0.051      0.224      0.823
    AGE                0.076      0.025      3.025      0.002
    C1                -0.007      0.034     -0.219      0.827
    C2                 0.034      0.041      0.829      0.407
    C3                 0.029      0.030      0.964      0.335
    C4                -0.044      0.037     -1.185      0.236
    C5                -0.072      0.039     -1.826      0.068
    C6                -0.002      0.034     -0.054      0.957
    C7                 0.032      0.033      0.969      0.332
    C8                -0.024      0.035     -0.707      0.480
    C9                -0.020      0.035     -0.572      0.567
    C10                0.020      0.035      0.567      0.571

 F2SUB    ON
    SEX               -0.023      0.063     -0.369      0.712
    AGE                0.078      0.032      2.390      0.017
    PRSSMCPD           0.179      0.033      5.474      0.000

 Intercepts
    CPD               -0.086      0.064     -1.351      0.177
    FTND              -0.027      0.061     -0.437      0.662

 Thresholds
    PARSMK$1           0.013      0.048      0.276      0.783
    PARADDEP$1         1.494      0.071     21.193      0.000
    PARCAN$1           1.708      0.098     17.374      0.000
    DAILYSMK$1         0.738      0.056     13.288      0.000

 Residual Variances
    CPD                0.457      0.048      9.473      0.000
    FTND               0.371      0.028     13.225      0.000
    F2SUB              0.744      0.142      5.225      0.000
    FSMK               0.430      0.054      7.921      0.000


STANDARDIZED MODEL RESULTS


STDYX Standardization

                                                    Two-Tailed
                    Estimate       S.E.  Est./S.E.    P-Value

 F2SUB    BY
    PARSMK             0.868      0.079     10.944      0.000
    PARADDEP           0.562      0.065      8.671      0.000
    PARCAN             0.641      0.077      8.336      0.000

 FSMK     BY
    CPD                0.729      0.020     37.263      0.000
    DAILYSMK           0.993      0.024     42.056      0.000
    FTND               0.789      0.019     41.182      0.000

 FSMK     ON
    F2SUB              0.293      0.049      5.949      0.000

 FSMK     ON
    PRSSMCPD           0.184      0.037      4.940      0.000
    SEX                0.008      0.035      0.224      0.823
    AGE                0.106      0.034      3.103      0.002
    C1                -0.010      0.045     -0.219      0.827
    C2                 0.033      0.039      0.833      0.405
    C3                 0.038      0.040      0.966      0.334
    C4                -0.043      0.037     -1.186      0.236
    C5                -0.070      0.038     -1.857      0.063
    C6                -0.002      0.035     -0.054      0.957
    C7                 0.034      0.035      0.969      0.332
    C8                -0.025      0.036     -0.709      0.479
    C9                -0.021      0.036     -0.573      0.566
    C10                0.021      0.036      0.567      0.570

 F2SUB    ON
    SEX               -0.013      0.036     -0.370      0.712
    AGE                0.088      0.036      2.406      0.016
    PRSSMCPD           0.203      0.038      5.290      0.000

 Intercepts
    CPD               -0.087      0.064     -1.357      0.175
    FTND              -0.027      0.061     -0.441      0.659

 Thresholds
    PARSMK$1           0.013      0.047      0.276      0.783
    PARADDEP$1         1.483      0.070     21.117      0.000
    PARCAN$1           1.691      0.097     17.364      0.000
    DAILYSMK$1         0.706      0.052     13.544      0.000

 Residual Variances
    CPD                0.469      0.029     16.431      0.000
    FTND               0.378      0.030     12.499      0.000
    F2SUB              0.952      0.017     55.934      0.000
    FSMK               0.831      0.032     25.840      0.000


R-SQUARE

    Observed                                        Two-Tailed   Residual
    Variable        Estimate       S.E.  Est./S.E.    P-Value    Variance

    PARSMK             0.753      0.138      5.472      0.000      0.256
    PARADDEP           0.316      0.073      4.336      0.000      0.694
    PARCAN             0.410      0.098      4.168      0.000      0.602
    CPD                0.531      0.029     18.632      0.000
    DAILYSMK           0.987      0.047     21.028      0.000      0.014
    FTND               0.622      0.030     20.591      0.000

     Latent                                         Two-Tailed
    Variable        Estimate       S.E.  Est./S.E.    P-Value

    F2SUB              0.048      0.017      2.844      0.004
    FSMK               0.169      0.032      5.262      0.000


QUALITY OF NUMERICAL RESULTS

     Condition Number for the Information Matrix              0.317E-02
       (ratio of smallest to largest eigenvalue)


CONFIDENCE INTERVALS OF MODEL RESULTS

                  Lower .5%  Lower 2.5%    Lower 5%    Estimate    Upper 5%  Upper 2.5%   Upper .5%

 F2SUB    BY
    PARSMK           1.000       1.000       1.000       1.000       1.000       1.000       1.000
    PARADDEP         0.342       0.413       0.450       0.641       0.832       0.869       0.941
    PARCAN           0.383       0.467       0.509       0.732       0.954       0.997       1.080

 FSMK     BY
    CPD              1.000       1.000       1.000       1.000       1.000       1.000       1.000
    DAILYSMK         1.217       1.271       1.299       1.445       1.590       1.618       1.672
    FTND             0.882       0.931       0.956       1.087       1.218       1.243       1.292

 FSMK     ON
    F2SUB            0.095       0.129       0.147       0.238       0.330       0.347       0.382

 FSMK     ON
    PRSSMCPD         0.059       0.076       0.085       0.132       0.179       0.188       0.205
    SEX             -0.119      -0.088      -0.072       0.011       0.095       0.111       0.142
    AGE              0.011       0.027       0.035       0.076       0.118       0.125       0.141
    C1              -0.094      -0.073      -0.063      -0.007       0.048       0.059       0.079
    C2              -0.072      -0.047      -0.034       0.034       0.102       0.115       0.141
    C3              -0.048      -0.030      -0.020       0.029       0.078       0.087       0.105
    C4              -0.140      -0.117      -0.105      -0.044       0.017       0.029       0.052
    C5              -0.173      -0.149      -0.136      -0.072      -0.007       0.005       0.029
    C6              -0.089      -0.068      -0.057      -0.002       0.054       0.064       0.085
    C7              -0.053      -0.033      -0.022       0.032       0.087       0.097       0.118
    C8              -0.114      -0.092      -0.081      -0.024       0.032       0.043       0.065
    C9              -0.109      -0.088      -0.077      -0.020       0.037       0.048       0.069
    C10             -0.071      -0.049      -0.038       0.020       0.078       0.089       0.110

 F2SUB    ON
    SEX             -0.186      -0.147      -0.127      -0.023       0.081       0.101       0.140
    AGE             -0.006       0.014       0.024       0.078       0.131       0.141       0.161
    PRSSMCPD         0.095       0.115       0.125       0.179       0.233       0.243       0.263

 Intercepts
    CPD             -0.250      -0.211      -0.191      -0.086       0.019       0.039       0.078
    FTND            -0.184      -0.147      -0.127      -0.027       0.074       0.093       0.131

 Thresholds
    PARSMK$1        -0.109      -0.080      -0.065       0.013       0.091       0.106       0.136
    PARADDEP         1.313       1.356       1.378       1.494       1.610       1.632       1.676
    PARCAN$1         1.455       1.515       1.546       1.708       1.870       1.901       1.961
    DAILYSMK         0.595       0.629       0.647       0.738       0.830       0.847       0.881

 Residual Variances
    CPD              0.332       0.362       0.377       0.457       0.536       0.551       0.581
    FTND             0.299       0.316       0.325       0.371       0.417       0.426       0.444
    F2SUB            0.377       0.465       0.510       0.744       0.978       1.023       1.111
    FSMK             0.290       0.324       0.341       0.430       0.519       0.537       0.570


CONFIDENCE INTERVALS OF STANDARDIZED MODEL RESULTS


STDYX Standardization

                  Lower .5%  Lower 2.5%    Lower 5%    Estimate    Upper 5%  Upper 2.5%   Upper .5%

 F2SUB    BY
    PARSMK           0.664       0.713       0.738       0.868       0.998       1.023       1.072
    PARADDEP         0.395       0.435       0.456       0.562       0.669       0.690       0.730
    PARCAN           0.443       0.490       0.514       0.641       0.767       0.791       0.839

 FSMK     BY
    CPD              0.679       0.691       0.697       0.729       0.761       0.767       0.779
    DAILYSMK         0.933       0.947       0.955       0.993       1.032       1.040       1.054
    FTND             0.740       0.751       0.757       0.789       0.820       0.826       0.838

 FSMK     ON
    F2SUB            0.166       0.196       0.212       0.293       0.374       0.389       0.420

 FSMK     ON
    PRSSMCPD         0.088       0.111       0.123       0.184       0.245       0.257       0.280
    SEX             -0.083      -0.061      -0.050       0.008       0.066       0.077       0.098
    AGE              0.018       0.039       0.050       0.106       0.162       0.172       0.193
    C1              -0.126      -0.098      -0.084      -0.010       0.064       0.078       0.106
    C2              -0.069      -0.044      -0.032       0.033       0.098       0.110       0.134
    C3              -0.064      -0.039      -0.027       0.038       0.103       0.116       0.140
    C4              -0.138      -0.115      -0.104      -0.043       0.017       0.028       0.051
    C5              -0.167      -0.144      -0.132      -0.070      -0.008       0.004       0.027
    C6              -0.092      -0.070      -0.059      -0.002       0.055       0.066       0.088
    C7              -0.056      -0.035      -0.024       0.034       0.091       0.102       0.124
    C8              -0.117      -0.095      -0.084      -0.025       0.033       0.045       0.066
    C9              -0.114      -0.092      -0.080      -0.021       0.039       0.050       0.073
    C10             -0.073      -0.050      -0.039       0.021       0.080       0.092       0.114

 F2SUB    ON
    SEX             -0.105      -0.083      -0.072      -0.013       0.046       0.057       0.079
    AGE             -0.006       0.016       0.028       0.088       0.147       0.159       0.181
    PRSSMCPD         0.104       0.128       0.140       0.203       0.266       0.279       0.302

 Intercepts
    CPD             -0.253      -0.213      -0.193      -0.087       0.019       0.039       0.078
    FTND            -0.185      -0.147      -0.128      -0.027       0.074       0.093       0.131

 Thresholds
    PARSMK$1        -0.107      -0.079      -0.064       0.013       0.090       0.104       0.133
    PARADDEP         1.302       1.345       1.367       1.483       1.598       1.620       1.664
    PARCAN$1         1.440       1.500       1.531       1.691       1.851       1.882       1.942
    DAILYSMK         0.572       0.604       0.620       0.706       0.791       0.808       0.840

 Residual Variances
    CPD              0.395       0.413       0.422       0.469       0.516       0.525       0.542
    FTND             0.300       0.318       0.328       0.378       0.427       0.437       0.456
    F2SUB            0.908       0.918       0.924       0.952       0.980       0.985       0.995
    FSMK             0.748       0.768       0.778       0.831       0.884       0.894       0.914


     Beginning Time:  11:46:39
        Ending Time:  11:46:40
       Elapsed Time:  00:00:01



MUTHEN & MUTHEN
3463 Stoner Ave.
Los Angeles, CA  90066

Tel: (310) 391-9971
Fax: (310) 391-8971
Web: www.StatModel.com
Support: Support@StatModel.com

Copyright (c) 1998-2019 Muthen & Muthen
