Mplus VERSION 8.3
MUTHEN & MUTHEN
03/05/2020  11:43 AM

INPUT INSTRUCTIONS

    DATA:
          FILE IS \\CNAS.RU.NL\U642157\Documents\6 TRAILS\datasets\full.csv ;

    VARIABLE:
         NAMES ARE sex age C1 C2 C3 C4 C5 C6 C7 C8 C9 C10
         parknow pardisc parcont parsol rel_rej rel_warm
         parsmk parcpd paralc paraddep parcan
         prssmcpd prsalc prscan
         eversmk dailysmk cpd ftnd alc alcmonth audit can cupit1 cupit2 ;
         MISSING * ;
         USEVARIABLES sex age C1 C2 C3 C4 C5 C6 C7 C8 C9 C10
         parsmk paraddep parcan
         prssmcpd
         cpd dailysmk ftnd ;
         CATEGORICAL ARE parsmk paraddep parcan dailysmk ;

      ANALYSIS: estimator=MLR ;


      MODEL:
         !Latent factors
         F2sub BY parsmk paraddep parcan ;
         Fsmk BY cpd dailysmk ftnd ;

         !Main effects
         Fsmk ON F2sub prssmcpd ;
         Fsmk ON sex age C1 C2 C3 C4 C5 C6 C7 C8 C9 C10 ;

         F2sub ON sex age ;

         !rGE
         F2sub ON prssmcpd ;

       OUTPUT:
         SAMPSTAT CINTERVAL stdyx ;




*** WARNING
  Data set contains cases with missing on x-variables.
  These cases were not included in the analysis.
  Number of cases with missing on x-variables:  44
*** WARNING
  Data set contains cases with missing on all variables except
  x-variables.  These cases were not included in the analysis.
  Number of cases with missing on all variables except x-variables:  5
   2 WARNING(S) FOUND IN THE INPUT INSTRUCTIONS




SUMMARY OF ANALYSIS

Number of groups                                                 1
Number of observations                                        1644

Number of dependent variables                                    6
Number of independent variables                                 13
Number of continuous latent variables                            2

Observed dependent variables

  Continuous
   CPD         FTND

  Binary and ordered categorical (ordinal)
   PARSMK      PARADDEP    PARCAN      DAILYSMK

Observed independent variables
   SEX         AGE         C1          C2          C3          C4
   C5          C6          C7          C8          C9          C10
   PRSSMCPD

Continuous latent variables
   F2SUB       FSMK


Estimator                                                      MLR
Information matrix                                        OBSERVED
Optimization Specifications for the Quasi-Newton Algorithm for
Continuous Outcomes
  Maximum number of iterations                                 100
  Convergence criterion                                  0.100D-05
Optimization Specifications for the EM Algorithm
  Maximum number of iterations                                 500
  Convergence criteria
    Loglikelihood change                                 0.100D-02
    Relative loglikelihood change                        0.100D-05
    Derivative                                           0.100D-02
Optimization Specifications for the M step of the EM Algorithm for
Categorical Latent variables
  Number of M step iterations                                    1
  M step convergence criterion                           0.100D-02
  Basis for M step termination                           ITERATION
Optimization Specifications for the M step of the EM Algorithm for
Censored, Binary or Ordered Categorical (Ordinal), Unordered
Categorical (Nominal) and Count Outcomes
  Number of M step iterations                                    1
  M step convergence criterion                           0.100D-02
  Basis for M step termination                           ITERATION
  Maximum value for logit thresholds                            15
  Minimum value for logit thresholds                           -15
  Minimum expected cell size for chi-square              0.100D-01
Maximum number of iterations for H1                           2000
Convergence criterion for H1                             0.100D-03
Optimization algorithm                                         EMA
Integration Specifications
  Type                                                    STANDARD
  Number of integration points                                  15
  Dimensions of numerical integration                            2
  Adaptive quadrature                                           ON
Link                                                         LOGIT
Cholesky                                                       OFF

Input data file(s)
  \\CNAS.RU.NL\U642157\Documents\6 TRAILS\datasets\full.csv
Input data format  FREE


SUMMARY OF DATA

     Number of missing data patterns            21
     Number of y missing data patterns           3
     Number of u missing data patterns          14


COVARIANCE COVERAGE OF DATA

Minimum covariance coverage value   0.100


     PROPORTION OF DATA PRESENT


           Covariance Coverage
              PARSMK        PARADDEP      PARCAN        DAILYSMK      CPD
              ________      ________      ________      ________      ________
 PARSMK         0.901
 PARADDEP       0.869         0.959
 PARCAN         0.776         0.799         0.822
 DAILYSMK       0.725         0.769         0.679         0.800
 CPD            0.291         0.310         0.268         0.321         0.321
 FTND           0.725         0.769         0.679         0.800         0.321
 SEX            0.901         0.959         0.822         0.800         0.321
 AGE            0.901         0.959         0.822         0.800         0.321
 C1             0.901         0.959         0.822         0.800         0.321
 C2             0.901         0.959         0.822         0.800         0.321
 C3             0.901         0.959         0.822         0.800         0.321
 C4             0.901         0.959         0.822         0.800         0.321
 C5             0.901         0.959         0.822         0.800         0.321
 C6             0.901         0.959         0.822         0.800         0.321
 C7             0.901         0.959         0.822         0.800         0.321
 C8             0.901         0.959         0.822         0.800         0.321
 C9             0.901         0.959         0.822         0.800         0.321
 C10            0.901         0.959         0.822         0.800         0.321
 PRSSMCPD       0.901         0.959         0.822         0.800         0.321


           Covariance Coverage
              FTND          SEX           AGE           C1            C2
              ________      ________      ________      ________      ________
 FTND           0.800
 SEX            0.800         1.000
 AGE            0.800         1.000         1.000
 C1             0.800         1.000         1.000         1.000
 C2             0.800         1.000         1.000         1.000         1.000
 C3             0.800         1.000         1.000         1.000         1.000
 C4             0.800         1.000         1.000         1.000         1.000
 C5             0.800         1.000         1.000         1.000         1.000
 C6             0.800         1.000         1.000         1.000         1.000
 C7             0.800         1.000         1.000         1.000         1.000
 C8             0.800         1.000         1.000         1.000         1.000
 C9             0.800         1.000         1.000         1.000         1.000
 C10            0.800         1.000         1.000         1.000         1.000
 PRSSMCPD       0.800         1.000         1.000         1.000         1.000


           Covariance Coverage
              C3            C4            C5            C6            C7
              ________      ________      ________      ________      ________
 C3             1.000
 C4             1.000         1.000
 C5             1.000         1.000         1.000
 C6             1.000         1.000         1.000         1.000
 C7             1.000         1.000         1.000         1.000         1.000
 C8             1.000         1.000         1.000         1.000         1.000
 C9             1.000         1.000         1.000         1.000         1.000
 C10            1.000         1.000         1.000         1.000         1.000
 PRSSMCPD       1.000         1.000         1.000         1.000         1.000


           Covariance Coverage
              C8            C9            C10           PRSSMCPD
              ________      ________      ________      ________
 C8             1.000
 C9             1.000         1.000
 C10            1.000         1.000         1.000
 PRSSMCPD       1.000         1.000         1.000         1.000


     PROPORTION OF DATA PRESENT FOR U


           Covariance Coverage
              PARSMK        PARADDEP      PARCAN        DAILYSMK
              ________      ________      ________      ________
 PARSMK         0.901
 PARADDEP       0.869         0.959
 PARCAN         0.776         0.799         0.822
 DAILYSMK       0.725         0.769         0.679         0.800


     PROPORTION OF DATA PRESENT FOR Y


           Covariance Coverage
              CPD           FTND          SEX           AGE           C1
              ________      ________      ________      ________      ________
 CPD            0.321
 FTND           0.321         0.800
 SEX            0.321         0.800         1.000
 AGE            0.321         0.800         1.000         1.000
 C1             0.321         0.800         1.000         1.000         1.000
 C2             0.321         0.800         1.000         1.000         1.000
 C3             0.321         0.800         1.000         1.000         1.000
 C4             0.321         0.800         1.000         1.000         1.000
 C5             0.321         0.800         1.000         1.000         1.000
 C6             0.321         0.800         1.000         1.000         1.000
 C7             0.321         0.800         1.000         1.000         1.000
 C8             0.321         0.800         1.000         1.000         1.000
 C9             0.321         0.800         1.000         1.000         1.000
 C10            0.321         0.800         1.000         1.000         1.000
 PRSSMCPD       0.321         0.800         1.000         1.000         1.000


           Covariance Coverage
              C2            C3            C4            C5            C6
              ________      ________      ________      ________      ________
 C2             1.000
 C3             1.000         1.000
 C4             1.000         1.000         1.000
 C5             1.000         1.000         1.000         1.000
 C6             1.000         1.000         1.000         1.000         1.000
 C7             1.000         1.000         1.000         1.000         1.000
 C8             1.000         1.000         1.000         1.000         1.000
 C9             1.000         1.000         1.000         1.000         1.000
 C10            1.000         1.000         1.000         1.000         1.000
 PRSSMCPD       1.000         1.000         1.000         1.000         1.000


           Covariance Coverage
              C7            C8            C9            C10           PRSSMCPD
              ________      ________      ________      ________      ________
 C7             1.000
 C8             1.000         1.000
 C9             1.000         1.000         1.000
 C10            1.000         1.000         1.000         1.000
 PRSSMCPD       1.000         1.000         1.000         1.000         1.000


UNIVARIATE PROPORTIONS AND COUNTS FOR CATEGORICAL VARIABLES

    PARSMK
      Category 1    0.505          749.000
      Category 2    0.495          733.000
    PARADDEP
      Category 1    0.930         1466.000
      Category 2    0.070          110.000
    PARCAN
      Category 1    0.956         1292.000
      Category 2    0.044           59.000
    DAILYSMK
      Category 1    0.758          997.000
      Category 2    0.242          318.000


SAMPLE STATISTICS


     ESTIMATED SAMPLE STATISTICS


           Means
              CPD           FTND          SEX           AGE           C1
              ________      ________      ________      ________      ________
               -0.418        -0.012         0.521        -0.001        -0.006


           Means
              C2            C3            C4            C5            C6
              ________      ________      ________      ________      ________
                0.021         0.015        -0.059        -0.017         0.004


           Means
              C7            C8            C9            C10           PRSSMCPD
              ________      ________      ________      ________      ________
               -0.022        -0.004         0.018         0.028         0.012


           Covariances
              CPD           FTND          SEX           AGE           C1
              ________      ________      ________      ________      ________
 CPD            0.819
 FTND           0.609         0.971
 SEX            0.005         0.008         0.250
 AGE            0.051         0.107         0.035         0.994
 C1             0.019         0.014        -0.014         0.051         0.923
 C2             0.029         0.014        -0.003         0.021         0.229
 C3            -0.003         0.038        -0.021         0.033         0.075
 C4            -0.031        -0.007         0.001        -0.018         0.039
 C5            -0.044        -0.034        -0.007         0.007        -0.003
 C6            -0.034         0.018         0.004         0.013         0.001
 C7            -0.011         0.015         0.006        -0.015        -0.012
 C8            -0.009        -0.018         0.001         0.024         0.007
 C9            -0.032        -0.007         0.012        -0.027        -0.012
 C10            0.023         0.005         0.000        -0.018         0.027
 PRSSMCPD       0.234         0.156         0.001        -0.016         0.016


           Covariances
              C2            C3            C4            C5            C6
              ________      ________      ________      ________      ________
 C2             0.475
 C3            -0.172         0.919
 C4            -0.001        -0.015         0.500
 C5            -0.007        -0.027        -0.031         0.492
 C6             0.056        -0.034        -0.011        -0.083         0.551
 C7            -0.023        -0.058         0.039         0.022         0.016
 C8             0.037        -0.048        -0.043         0.031        -0.012
 C9            -0.014        -0.037         0.012        -0.024         0.005
 C10           -0.013        -0.010         0.025         0.010        -0.024
 PRSSMCPD      -0.007         0.036         0.019        -0.032        -0.045


           Covariances
              C7            C8            C9            C10           PRSSMCPD
              ________      ________      ________      ________      ________
 C7             0.573
 C8            -0.025         0.550
 C9             0.035        -0.014         0.568
 C10            0.006         0.030         0.029         0.551
 PRSSMCPD      -0.027        -0.027         0.009         0.025         1.009


           Correlations
              CPD           FTND          SEX           AGE           C1
              ________      ________      ________      ________      ________
 CPD            1.000
 FTND           0.683         1.000
 SEX            0.010         0.017         1.000
 AGE            0.057         0.109         0.070         1.000
 C1             0.022         0.015        -0.030         0.053         1.000
 C2             0.047         0.021        -0.008         0.031         0.346
 C3            -0.004         0.040        -0.043         0.034         0.082
 C4            -0.049        -0.010         0.002        -0.025         0.058
 C5            -0.069        -0.050        -0.020         0.011        -0.004
 C6            -0.050         0.025         0.012         0.017         0.001
 C7            -0.017         0.020         0.017        -0.020        -0.017
 C8            -0.014        -0.025         0.003         0.032         0.009
 C9            -0.047        -0.010         0.032        -0.036        -0.016
 C10            0.034         0.007         0.001        -0.024         0.037
 PRSSMCPD       0.258         0.157         0.003        -0.016         0.017


           Correlations
              C2            C3            C4            C5            C6
              ________      ________      ________      ________      ________
 C2             1.000
 C3            -0.260         1.000
 C4            -0.002        -0.022         1.000
 C5            -0.015        -0.041        -0.063         1.000
 C6             0.109        -0.048        -0.022        -0.160         1.000
 C7            -0.044        -0.079         0.072         0.042         0.028
 C8             0.071        -0.068        -0.082         0.060        -0.023
 C9            -0.026        -0.051         0.022        -0.045         0.009
 C10           -0.026        -0.014         0.048         0.018        -0.043
 PRSSMCPD      -0.010         0.037         0.027        -0.045        -0.061


           Correlations
              C7            C8            C9            C10           PRSSMCPD
              ________      ________      ________      ________      ________
 C7             1.000
 C8            -0.045         1.000
 C9             0.061        -0.026         1.000
 C10            0.010         0.054         0.052         1.000
 PRSSMCPD      -0.036        -0.037         0.012         0.034         1.000


     MAXIMUM LOG-LIKELIHOOD VALUE FOR THE UNRESTRICTED (H1) MODEL IS -26908.262


UNIVARIATE SAMPLE STATISTICS


     UNIVARIATE HIGHER-ORDER MOMENT DESCRIPTIVE STATISTICS

         Variable/         Mean/     Skewness/   Minimum/ % with                Percentiles
        Sample Size      Variance    Kurtosis    Maximum  Min/Max      20%/60%    40%/80%    Median

     CPD                  -0.068       0.076      -1.337   28.60%      -1.337     -0.568      0.201
             528.000       1.017      -1.308       1.740    6.44%       0.201      0.971
     FTND                 -0.023       2.416      -0.469   77.34%      -0.469     -0.469     -0.469
            1315.000       0.971       5.428       5.452    0.08%      -0.469      0.123
     SEX                   0.521      -0.083       0.000   47.93%       0.000      0.000      1.000
            1644.000       0.250      -1.993       1.000   52.07%       1.000      1.000
     AGE                  -0.001       0.395      -2.386    0.97%      -0.963     -0.963      0.461
            1644.000       0.994      -0.577       3.308    0.12%       0.461      0.461
     C1                   -0.006       4.637      -1.078    0.06%      -0.466     -0.275     -0.192
            1644.000       0.923      26.282       7.970    0.06%      -0.109      0.165
     C2                    0.021       2.870      -2.219    0.06%      -0.473     -0.148     -0.026
            1644.000       0.475      23.072       6.647    0.06%       0.128      0.471
     C3                    0.015       1.623      -5.903    0.06%      -0.552     -0.205     -0.053
            1644.000       0.919      14.188       7.023    0.06%       0.106      0.446
     C4                   -0.059       0.951      -2.124    0.06%      -0.642     -0.229     -0.061
            1644.000       0.500      10.499       8.131    0.06%       0.109      0.502
     C5                   -0.017       0.058      -2.454    0.06%      -0.590     -0.211     -0.025
            1644.000       0.492       0.121       2.382    0.06%       0.150      0.565
     C6                    0.004      -0.120      -4.142    0.06%      -0.601     -0.180      0.002
            1644.000       0.551       0.837       2.916    0.06%       0.189      0.603
     C7                   -0.022      -0.202      -3.734    0.06%      -0.653     -0.210      0.016
            1644.000       0.573       0.446       2.063    0.06%       0.183      0.611
     C8                   -0.004      -0.184      -4.189    0.06%      -0.653     -0.170      0.004
            1644.000       0.550       0.526       2.570    0.06%       0.196      0.603
     C9                    0.018      -0.092      -2.592    0.06%      -0.620     -0.162      0.043
            1644.000       0.568       0.136       2.719    0.06%       0.203      0.651
     C10                   0.028       0.031      -3.362    0.06%      -0.604     -0.139      0.032
            1644.000       0.551       0.535       3.648    0.06%       0.212      0.646
     PRSSMCPD              0.012      -0.013      -2.975    0.06%      -0.858     -0.231      0.038
            1644.000       1.009      -0.072       3.144    0.06%       0.275      0.876


THE MODEL ESTIMATION TERMINATED NORMALLY



MODEL FIT INFORMATION

Number of Free Parameters                       31

Loglikelihood

          H0 Value                       -4162.975
          H0 Scaling Correction Factor      1.1667
            for MLR

Information Criteria

          Akaike (AIC)                    8387.950
          Bayesian (BIC)                  8555.502
          Sample-Size Adjusted BIC        8457.020
            (n* = (n + 2) / 24)



MODEL RESULTS

                                                    Two-Tailed
                    Estimate       S.E.  Est./S.E.    P-Value

 F2SUB    BY
    PARSMK             1.000      0.000    999.000    999.000
    PARADDEP           0.600      0.200      3.000      0.003
    PARCAN             0.765      0.271      2.819      0.005

 FSMK     BY
    CPD                1.000      0.000    999.000    999.000
    DAILYSMK          14.701     11.169      1.316      0.188
    FTND               1.095      0.056     19.586      0.000

 FSMK       ON
    F2SUB              0.088      0.023      3.763      0.000

 FSMK       ON
    PRSSMCPD           0.125      0.025      4.903      0.000
    SEX                0.028      0.046      0.606      0.545
    AGE                0.074      0.024      3.043      0.002
    C1                -0.020      0.028     -0.700      0.484
    C2                 0.029      0.039      0.739      0.460
    C3                 0.030      0.028      1.073      0.283
    C4                -0.037      0.034     -1.102      0.270
    C5                -0.042      0.032     -1.296      0.195
    C6                 0.011      0.033      0.326      0.745
    C7                 0.023      0.030      0.782      0.434
    C8                -0.025      0.031     -0.799      0.424
    C9                -0.017      0.030     -0.561      0.575
    C10                0.007      0.031      0.241      0.810

 F2SUB      ON
    SEX               -0.064      0.179     -0.359      0.719
    AGE                0.204      0.096      2.126      0.033
    PRSSMCPD           0.510      0.129      3.935      0.000

 Intercepts
    CPD               -0.530      0.043    -12.358      0.000
    FTND              -0.018      0.036     -0.504      0.614

 Thresholds
    PARSMK$1          -0.010      0.136     -0.075      0.940
    PARADDEP$1         3.365      0.265     12.680      0.000
    PARCAN$1           4.290      0.461      9.296      0.000
    DAILYSMK$1         4.610      3.003      1.535      0.125

 Residual Variances
    CPD                0.244      0.028      8.643      0.000
    FTND               0.253      0.025     10.065      0.000
    F2SUB              5.666      2.629      2.155      0.031
    FSMK               0.516      0.037     14.042      0.000


STANDARDIZED MODEL RESULTS


STDYX Standardization

                                                    Two-Tailed
                    Estimate       S.E.  Est./S.E.    P-Value

 F2SUB    BY
    PARSMK             0.803      0.066     12.252      0.000
    PARADDEP           0.628      0.066      9.576      0.000
    PARCAN             0.717      0.071     10.098      0.000

 FSMK     BY
    CPD                0.843      0.020     42.178      0.000
    DAILYSMK           0.988      0.018     53.952      0.000
    FTND               0.860      0.016     54.385      0.000

 FSMK       ON
    F2SUB              0.276      0.043      6.468      0.000

 FSMK       ON
    PRSSMCPD           0.161      0.032      5.078      0.000
    SEX                0.018      0.030      0.607      0.544
    AGE                0.095      0.031      3.038      0.002
    C1                -0.024      0.035     -0.701      0.483
    C2                 0.026      0.034      0.741      0.459
    C3                 0.037      0.034      1.070      0.285
    C4                -0.034      0.031     -1.106      0.269
    C5                -0.038      0.029     -1.295      0.195
    C6                 0.010      0.032      0.326      0.745
    C7                 0.023      0.029      0.781      0.435
    C8                -0.024      0.030     -0.799      0.425
    C9                -0.016      0.029     -0.562      0.574
    C10                0.007      0.030      0.241      0.810

 F2SUB      ON
    SEX               -0.013      0.036     -0.361      0.718
    AGE                0.083      0.037      2.242      0.025
    PRSSMCPD           0.210      0.036      5.784      0.000

 Intercepts
    CPD               -0.576      0.050    -11.590      0.000
    FTND              -0.018      0.037     -0.498      0.618

 Thresholds
    PARSMK$1          -0.003      0.045     -0.075      0.940
    PARADDEP$1         1.443      0.056     25.669      0.000
    PARCAN$1           1.648      0.070     23.380      0.000
    DAILYSMK$1         0.400      0.066      6.078      0.000

 Residual Variances
    CPD                0.289      0.034      8.583      0.000
    FTND               0.260      0.027      9.545      0.000
    F2SUB              0.950      0.016     57.744      0.000
    FSMK               0.860      0.026     32.856      0.000


R-SQUARE

    Observed                                        Two-Tailed
    Variable        Estimate       S.E.  Est./S.E.    P-Value

    PARSMK             0.645      0.105      6.126      0.000
    PARADDEP           0.395      0.082      4.788      0.000
    PARCAN             0.515      0.102      5.049      0.000
    DAILYSMK           0.975      0.036     26.976      0.000
    CPD                0.711      0.034     21.089      0.000
    FTND               0.740      0.027     27.193      0.000

     Latent                                         Two-Tailed
    Variable        Estimate       S.E.  Est./S.E.    P-Value

    F2SUB              0.050      0.016      3.055      0.002
    FSMK               0.140      0.026      5.366      0.000


QUALITY OF NUMERICAL RESULTS

     Condition Number for the Information Matrix              0.354E-04
       (ratio of smallest to largest eigenvalue)


CONFIDENCE INTERVALS OF MODEL RESULTS

                  Lower .5%  Lower 2.5%    Lower 5%    Estimate    Upper 5%  Upper 2.5%   Upper .5%

 F2SUB    BY
    PARSMK           1.000       1.000       1.000       1.000       1.000       1.000       1.000
    PARADDEP         0.085       0.208       0.271       0.600       0.929       0.992       1.115
    PARCAN           0.066       0.233       0.318       0.765       1.211       1.296       1.463

 FSMK     BY
    CPD              1.000       1.000       1.000       1.000       1.000       1.000       1.000
    DAILYSMK       -14.067      -7.190      -3.672      14.701      33.074      36.592      43.469
    FTND             0.951       0.985       1.003       1.095       1.187       1.205       1.239

 FSMK     ON
    F2SUB            0.028       0.042       0.049       0.088       0.126       0.133       0.148

 FSMK     ON
    PRSSMCPD         0.059       0.075       0.083       0.125       0.166       0.174       0.190
    SEX             -0.091      -0.063      -0.048       0.028       0.104       0.119       0.147
    AGE              0.011       0.026       0.034       0.074       0.114       0.122       0.137
    C1              -0.092      -0.075      -0.066      -0.020       0.026       0.035       0.053
    C2              -0.071      -0.048      -0.035       0.029       0.093       0.105       0.129
    C3              -0.042      -0.025      -0.016       0.030       0.076       0.084       0.101
    C4              -0.124      -0.103      -0.093      -0.037       0.018       0.029       0.050
    C5              -0.125      -0.105      -0.095      -0.042       0.011       0.021       0.041
    C6              -0.075      -0.055      -0.044       0.011       0.066       0.076       0.097
    C7              -0.054      -0.035      -0.026       0.023       0.073       0.082       0.100
    C8              -0.104      -0.085      -0.076      -0.025       0.026       0.036       0.055
    C9              -0.093      -0.075      -0.066      -0.017       0.032       0.042       0.060
    C10             -0.072      -0.053      -0.044       0.007       0.059       0.068       0.087

 F2SUB    ON
    SEX             -0.524      -0.414      -0.358      -0.064       0.230       0.286       0.396
    AGE             -0.043       0.016       0.046       0.204       0.361       0.391       0.450
    PRSSMCPD         0.176       0.256       0.297       0.510       0.723       0.763       0.843

 Intercepts
    CPD             -0.640      -0.614      -0.600      -0.530      -0.459      -0.446      -0.419
    FTND            -0.110      -0.088      -0.077      -0.018       0.041       0.052       0.074

 Thresholds
    PARSMK$1        -0.360      -0.276      -0.233      -0.010       0.213       0.256       0.339
    PARADDEP$1       2.681       2.845       2.928       3.365       3.802       3.885       4.049
    PARCAN$1         3.101       3.385       3.531       4.290       5.049       5.194       5.478
    DAILYSMK$1      -3.124      -1.275      -0.329       4.610       9.550      10.496      12.345

 Residual Variances
    CPD              0.172       0.189       0.198       0.244       0.291       0.300       0.317
    FTND             0.188       0.203       0.211       0.253       0.294       0.302       0.317
    F2SUB           -1.106       0.513       1.341       5.666       9.991      10.819      12.439
    FSMK             0.421       0.444       0.456       0.516       0.577       0.588       0.611


CONFIDENCE INTERVALS OF STANDARDIZED MODEL RESULTS


STDYX Standardization

                  Lower .5%  Lower 2.5%    Lower 5%    Estimate    Upper 5%  Upper 2.5%   Upper .5%

 F2SUB    BY
    PARSMK           0.634       0.674       0.695       0.803       0.911       0.931       0.972
    PARADDEP         0.459       0.500       0.520       0.628       0.736       0.757       0.797
    PARCAN           0.534       0.578       0.600       0.717       0.834       0.857       0.900

 FSMK     BY
    CPD              0.792       0.804       0.810       0.843       0.876       0.882       0.895
    DAILYSMK         0.940       0.952       0.957       0.988       1.018       1.023       1.035
    FTND             0.820       0.829       0.834       0.860       0.886       0.891       0.901

 FSMK     ON
    F2SUB            0.166       0.193       0.206       0.276       0.347       0.360       0.387

 FSMK     ON
    PRSSMCPD         0.080       0.099       0.109       0.161       0.214       0.224       0.243
    SEX             -0.059      -0.040      -0.031       0.018       0.067       0.077       0.095
    AGE              0.014       0.034       0.044       0.095       0.147       0.157       0.176
    C1              -0.114      -0.092      -0.081      -0.024       0.033       0.044       0.065
    C2              -0.063      -0.042      -0.031       0.026       0.082       0.093       0.114
    C3              -0.052      -0.031      -0.020       0.037       0.094       0.104       0.126
    C4              -0.113      -0.094      -0.084      -0.034       0.017       0.026       0.045
    C5              -0.113      -0.095      -0.086      -0.038       0.010       0.019       0.037
    C6              -0.072      -0.052      -0.042       0.010       0.063       0.073       0.093
    C7              -0.052      -0.034      -0.025       0.023       0.071       0.080       0.098
    C8              -0.100      -0.082      -0.072      -0.024       0.025       0.034       0.053
    C9              -0.091      -0.073      -0.064      -0.016       0.031       0.040       0.058
    C10             -0.069      -0.051      -0.042       0.007       0.056       0.065       0.084

 F2SUB    ON
    SEX             -0.107      -0.084      -0.073      -0.013       0.047       0.058       0.081
    AGE             -0.012       0.010       0.022       0.083       0.144       0.156       0.179
    PRSSMCPD         0.116       0.139       0.150       0.210       0.269       0.281       0.303

 Intercepts
    CPD             -0.704      -0.674      -0.658      -0.576      -0.495      -0.479      -0.448
    FTND            -0.113      -0.090      -0.079      -0.018       0.042       0.054       0.076

 Thresholds
    PARSMK$1        -0.118      -0.091      -0.077      -0.003       0.070       0.084       0.111
    PARADDEP$1       1.298       1.333       1.351       1.443       1.536       1.553       1.588
    PARCAN$1         1.466       1.510       1.532       1.648       1.764       1.786       1.829
    DAILYSMK$1       0.230       0.271       0.292       0.400       0.508       0.529       0.569

 Residual Variances
    CPD              0.202       0.223       0.234       0.289       0.345       0.355       0.376
    FTND             0.190       0.206       0.215       0.260       0.305       0.313       0.330
    F2SUB            0.907       0.918       0.923       0.950       0.977       0.982       0.992
    FSMK             0.792       0.808       0.817       0.860       0.903       0.911       0.927


     Beginning Time:  11:43:42
        Ending Time:  11:46:38
       Elapsed Time:  00:02:56



MUTHEN & MUTHEN
3463 Stoner Ave.
Los Angeles, CA  90066

Tel: (310) 391-9971
Fax: (310) 391-8971
Web: www.StatModel.com
Support: Support@StatModel.com

Copyright (c) 1998-2019 Muthen & Muthen
